jul 1991 
nov 1991 
dec 1991 
jan 1993 
mar 1993 
apr 1993 
may 1993 
jun 1993 
jul 1993 
aug 1993 
sep 1993 
oct 1993 
nov 1993 
dec 1993 
jan 1994 
feb 1994 
mar 1994 
apr 1994 
may 1994 
jun 1994 
jul 1994 
aug 1994 
sep 1994 
oct 1994 
nov 1994 
dec 1994 
jan 1995 
feb 1995 
mar 1995 
apr 1995 
may 1995 
jun 1995 
jul 1995 
aug 1995 
sep 1995 
oct 1995 
nov 1995 
dec 1995 
jan 1996 
feb 1996 
mar 1996 
apr 1996 
may 1996 
jun 1996 
jul 1996 
aug 1996 
sep 1996 
oct 1996 
nov 1996 
dec 1996 
jan 1997 
feb 1997 
mar 1997 
apr 1997 
may 1997 
jun 1997 
jul 1997 
aug 1997 
sep 1997 
oct 1997 
nov 1997 
dec 1997 
jan 1998 
feb 1998 
mar 1998 
apr 1998 
may 1998 
jun 1998 
jul 1998 
oct 1998 
nov 1998 
dec 1998 
jan 1999 
mar 1999 
apr 1999 
may 1999 
jun 1999 
jul 1999 
aug 1999 
sep 1999 
oct 1999 
nov 1999 
dec 1999 
