USACE reported inflows to Lake Sonoma for 1990-2015 
Number of missing months: 83 (see error.out for list) 
30
30
13
12
14
21
1405
632
294
150
101
840
2204
1053
405
251
181
131
106
99
77
60
80
50
49
45
50
37
46
125
135
195
102
621
406
296
239
159
150
149
116
118
69
68
69
76
873
605
408
305
222
213
172
163
121
107
100
96
86
76
168
128
209
150
111
98
100
79
118
90
79
80
87
89
83
91
60
71
70
61
42
55
34
54
54
24
33
44
34
43
40
53
34
25
33
25
32
33
32
42
22
40
7
14
20
19
0
16
19
3
27
16
17
21
9
39
13
17
2
27
10
29
27
9
-9
22
-29
-13
-3
11
2
5
17
-6
-1
-2
15
7
30
78
0
158
61
39
17
110
1332
370
144
274
235
164
127
95
67
92
49
96
81
33
14
44
25
31
21
38
45
24
61
77
44
-33
36
18
26
31
14
3
43
21
32
15
-33
9
17
-8
22
29
-25
46
52
-9
26
-19
-11
1
-2
16
-9
17
9
-10
-4
28
-27
-1
-9
1
-1
5
12
2
24
2
10
0
43
8
3
26
1
18
3
14
10
13
-1
-6
18
-10
6
-5
26
9
6
-9
-13
5
16
23
8
11
7
8
3
4
0
1
13
5
-2
-6
-7
-5
9
-18
2
3
-5
0
-6
-7
6
-23
7
6
-15
-1
-5
-9
13
-4
-8
-4
3
-8
-10
9
-4
1
-8
0
-19
5
-9
1
-5
-3
-4
-12
20
-10
-13
-1
-1
-11
4
-3
15
-13
14
-15
4
49
12
14
14
1
-3
15
2
15
0
9
3
3
0
3
10
-10
10
-18
14
0
7
-3
-15
-10
-10
-10
-5
-15
11
-5
-5
-12
-6
-6
-17
3
-7
3
-15
35
12
-16
4
3
37
15
6
-13
13
-4
-14
-7
-8
-7
2
-5
-10
-2
-6
-15
5
-6
0
2
1
-6
12
58
2
26
26
13
29
14
14
33
9
15
14
8
1
27
-19
16
5
7
13
4
13
6
6
8
20
536
103
216
156
60
32
24
15
25
24
25
20
15
16
10
28
26
17
-9
11
21
11
22
6
1
94
72
423
1931
5111
6162
1238
526
311
231
158
259
154
1909
1244
653
423
339
1111
923
677
1066
764
500
2241
2294
2816
2353
1287
812
598
418
358
292
257
218
192
165
146
129
151
105
93
112
100
93
81
73
103
89
60
65
109
84
57
45
70
54
54
70
69
60
32
51
34
52
51
51
38
36
38
37
46
20
28
53
55
26
48
2
12
42
33
28
39
45
37
16
35
20
13
-5
37
42
22
29
26
49
2
24
35
15
12
35
29
-16
13
43
11
8
6
18
0
18
16
-11
25
13
15
-6
7
57
33
35
-9999
-9999
-9999
-9999
-9999
-9999
-9999
-9999
-9999
-9999
-9999
-9999
-9999
-9999
-9999
-9999
-9999
-9999
-9999
-9999
-9999
-9999
-9999
-9999
-9999
-9999
-9999
-9999
-9999
-9999
-9999
13
2
10
-7
9
2
25
29
26
-4
21
8
21
-8
14
5
19
3
13
5
8
13
14
2
13
-9
12
10
18
19
11
22
8
-1
15
-1
9
3
-9
5
1
1
2
11
1
1
12
9
3
2
4
5
3
11
34
-27
-6
11
12
14
-27
18
29
10
-23
-16
27
-1
12
33
21
7
-30
25
-5
-1
0
-20
25
33
11
-31
-7
-10
-6
100
84
-26
13
1
8
3
-9999
-9999
-9999
-9999
-9999
-9999
-9999
-9999
-9999
-9999
-9999
-9999
-9999
-9999
-9999
-9999
-9999
-9999
-9999
-9999
-9999
-9999
-9999
-9999
-9999
-9999
-9999
-9999
-9999
-9999
-9999
-9999
-9999
-9999
-9999
-9999
-9999
-9999
-9999
-9999
-9999
-9999
-9999
-9999
-9999
-9999
-9999
-9999
-9999
-9999
-9999
-9999
-9999
-9999
-9999
-9999
-9999
-9999
-9999
-9999
-9999
49
29
28
311
567
348
406
166
99
89
70
48
41
32
41
19
41
40
8
29
18
5
18
18
32
33
30
102
41
31
62
126
74
53
41
38
19
48
48
182
1860
1697
4388
1566
2628
1667
1270
806
1264
2569
1769
1319
893
632
480
306
303
263
307
193
536
419
250
291
1034
567
433
361
298
262
205
185
183
472
2486
1681
699
997
528
446
350
367
292
260
239
214
179
168
137
201
151
132
129
112
109
111
87
115
82
177
86
105
326
194
130
103
129
123
124
110
98
84
67
99
78
60
64
68
73
60
66
66
89
52
52
24
20
45
83
52
18
12
14
28
11
40
34
46
22
33
31
29
19
14
26
24
28
9
40
14
4
42
34
19
36
93
-22
15
14
29
40
8
-23
15
8
11
50
28
-35
-77
65
30
3
25
7
22
6
35
9
9
126
46
66
68
-23
13
42
21
68
52
22
-58
-19
55
15
16
3
16
6
39
43
0
14
14
42
-7
1
16
66
-37
3
9
23
13
14
9
13
9
6
14
13
8
18
8
8
7
17
14
6
7
10
9
11
18
13
13
6
18
8
57
3
17
15
77
-15
6
11
39
45
30
41
30
-61
16
16
47
20
-53
7
-12
9
37
14
8
-1
20
27
16
43
21
80
11
-25
33
36
24
45
22
37
54
17
25
33
25
21
-13
26
-15
17
48
-5
0
48
89
39
29
36
9
28
34
-5
50
215
85
72
58
45
10
14
35
-8
12
8
-4
13
9
5
13
2
-7
25
8
18
5
9
38
29
4
0
31
19
37
29
-5
20
4
188
112
17
23
993
244
1986
1510
3047
1011
445
281
174
139
114
126
76
63
87
85
64
39
52
49
25
37
516
711
503
5268
-9999
-9999
-9999
-9999
-9999
-9999
-9999
-9999
-9999
-9999
-9999
-9999
-9999
-9999
-9999
-9999
-9999
-9999
-9999
-9999
-9999
-9999
-9999
-9999
-9999
-9999
-9999
-9999
-9999
-9999
-9999
250
204
254
336
242
190
294
431
245
838
857
543
410
342
320
270
1687
3256
4947
2877
1324
1304
2548
1533
993
665
496
283
-9999
-9999
-9999
-9999
-9999
-9999
-9999
-9999
-9999
-9999
-9999
-9999
-9999
-9999
-9999
-9999
-9999
-9999
-9999
-9999
-9999
-9999
-9999
-9999
-9999
-9999
-9999
-9999
-9999
-9999
-9999
-9999
-9999
-9999
-9999
-9999
-9999
-9999
-9999
-9999
-9999
-9999
-9999
-9999
-9999
-9999
-9999
-9999
-9999
-9999
-9999
-9999
-9999
-9999
-9999
-9999
-9999
-9999
-9999
-9999
-9999
-9999
-9999
-9999
-9999
-9999
-9999
-9999
-9999
-9999
-9999
-9999
-9999
-9999
-9999
-9999
-9999
-9999
-9999
-9999
-9999
-9999
-9999
-9999
-9999
-9999
-9999
-9999
-9999
-9999
-9999
-9999
-9999
-9999
-9999
-9999
-9999
-9999
-9999
-9999
-9999
-9999
-9999
-9999
-9999
-9999
-9999
-9999
-9999
-9999
-9999
-9999
-9999
-9999
-9999
-9999
-9999
-9999
-9999
-9999
-9999
-9999
-9999
-9999
-9999
-9999
-9999
-9999
-9999
-9999
-9999
-9999
-9999
-9999
-9999
-9999
-9999
-9999
-9999
-9999
-9999
-9999
-9999
-9999
-9999
-9999
-9999
-9999
-9999
-9999
-9999
-9999
-9999
-9999
-9999
-9999
-9999
-9999
-9999
-9999
-9999
-9999
-9999
-9999
-9999
-9999
-9999
-9999
-9999
-9999
-9999
-9999
-9999
-9999
-9999
-9999
-9999
-9999
-9999
-9999
-9999
-9999
-9999
-9999
-9999
-9999
-9999
-9999
-9999
-9999
-9999
-9999
-9999
-9999
-9999
-9999
-9999
-9999
-9999
-9999
-9999
-9999
-9999
-9999
-9999
-9999
-9999
-9999
-9999
-9999
-9999
-9999
-9999
-9999
-9999
-9999
-9999
-9999
-9999
-9999
-9999
-9999
-9999
-9999
-9999
-9999
-9999
-9999
-9999
-9999
-9999
-9999
-9999
-9999
-9999
-9999
-9999
-9999
-9999
-9999
-9999
-9999
-9999
-9999
-9999
-9999
-9999
-9999
-9999
-9999
-9999
-9999
-9999
-9999
-9999
-9999
-9999
-9999
-9999
-9999
-9999
-9999
-9999
-9999
-9999
-9999
-9999
-9999
-9999
-9999
-9999
-9999
-9999
-9999
-9999
-9999
-9999
-9999
-9999
-9999
-9999
-9999
-9999
-9999
-9999
-9999
-9999
-9999
-9999
-9999
-9999
-9999
-9999
-9999
-9999
-9999
-9999
-9999
-9999
-9999
-9999
-9999
-9999
-9999
-9999
-9999
-9999
-9999
-9999
-9999
-9999
-9999
-9999
-9999
-9999
-9999
-9999
-9999
-9999
-9999
-9999
-9999
-9999
-9999
-9999
-9999
-9999
-9999
-9999
-9999
-9999
-9999
-9999
-9999
-9999
-9999
-9999
-9999
-9999
-9999
-9999
-9999
-9999
-9999
-9999
-9999
-9999
-9999
-9999
-9999
-9999
-9999
-9999
-9999
-9999
-9999
-9999
-9999
-9999
-9999
-9999
-9999
-9999
-9999
-9999
-9999
-9999
-9999
-9999
-9999
-9999
-9999
-9999
-9999
-9999
-9999
-9999
-9999
-9999
-9999
-9999
-9999
-9999
-9999
-9999
-9999
-9999
-9999
-9999
-9999
-9999
-9999
-9999
-9999
-9999
-9999
-9999
-9999
-9999
-9999
-9999
-9999
-9999
-9999
-9999
-9999
-9999
-9999
-9999
-9999
-9999
-9999
-9999
-9999
-9999
-9999
-9999
-9999
-9999
-9999
-9999
-9999
-9999
-9999
-9999
-9999
-9999
-9999
-9999
-9999
-9999
-9999
-9999
-9999
-9999
-9999
-9999
-9999
-9999
-9999
-9999
-9999
-9999
-9999
-9999
-9999
-9999
-9999
-9999
-9999
-9999
-9999
-9999
-9999
-9999
-9999
-9999
-9999
-9999
-9999
-9999
-9999
-9999
-9999
-9999
-9999
-9999
-9999
-9999
-9999
-9999
-9999
-9999
-9999
-9999
-9999
-9999
-9999
-9999
-9999
-9999
-9999
-9999
-9999
-9999
-9999
-9999
-9999
-9999
-9999
-9999
-9999
-9999
-9999
-9999
-9999
-9999
-9999
-9999
-9999
-9999
-9999
-9999
-9999
-9999
-9999
-9999
-9999
-9999
-9999
-9999
-9999
-9999
-9999
-9999
-9999
-9999
-9999
-9999
-9999
-9999
-9999
-9999
-9999
-9999
-9999
-9999
-9999
-9999
-9999
-9999
-9999
-9999
-9999
-9999
-9999
-9999
-9999
-9999
-9999
-9999
-9999
-9999
-9999
-9999
-9999
-9999
-9999
-9999
-9999
-9999
-9999
-9999
-9999
-9999
-9999
-9999
-9999
-9999
-9999
-9999
-9999
-9999
-9999
-9999
-9999
-9999
-9999
-9999
-9999
-9999
-9999
-9999
-9999
-9999
-9999
-9999
-9999
-9999
-9999
-9999
-9999
-9999
-9999
-9999
-9999
-9999
-9999
-9999
-9999
-9999
-9999
-9999
-9999
-9999
-9999
-9999
-9999
-9999
-9999
-9999
-9999
-9999
-9999
-9999
-9999
-9999
-9999
-9999
-9999
-9999
-9999
-9999
-9999
-9999
-9999
-9999
-9999
-9999
-9999
-9999
-9999
-9999
-9999
-9999
-9999
-9999
-9999
-9999
-9999
-9999
-9999
-9999
-9999
-9999
-9999
-9999
-9999
-9999
-9999
-9999
-9999
-9999
-9999
-9999
-9999
-9999
-9999
-9999
-9999
-9999
-9999
-9999
-9999
-9999
-9999
-9999
-9999
-9999
-9999
-9999
-9999
-9999
-9999
-9999
-9999
-9999
-9999
-9999
-9999
-9999
-9999
-9999
-9999
-9999
-9999
-9999
-9999
-9999
-9999
-9999
-9999
-9999
-9999
-9999
-9999
-9999
-9999
-9999
-9999
-9999
-9999
-9999
-9999
-9999
-9999
-9999
-9999
-9999
-9999
-9999
-9999
-9999
-9999
-9999
-9999
-9999
-9999
-9999
-9999
-9999
-9999
-9999
-9999
-9999
-9999
-9999
-9999
-9999
-9999
-9999
-9999
-9999
-9999
-9999
-9999
-9999
-9999
-9999
-9999
-9999
-9999
-9999
-9999
-9999
-9999
-9999
-9999
-9999
-9999
-9999
-9999
-9999
-9999
-9999
-9999
-9999
-9999
-9999
-9999
-9999
-9999
-9999
-9999
-9999
-9999
-9999
-9999
-9999
-9999
-9999
-9999
-9999
-9999
-9999
-9999
-9999
-9999
-9999
-9999
-9999
-9999
-9999
-9999
-9999
-9999
-9999
-9999
-9999
-9999
-9999
-9999
-9999
-9999
-9999
-9999
-9999
-9999
-9999
-9999
-9999
-9999
-9999
-9999
-9999
-9999
-9999
-9999
-9999
-9999
-9999
-9999
-9999
-9999
-9999
-9999
-9999
-9999
-9999
-9999
-9999
-9999
-9999
-9999
-9999
-9999
-9999
-9999
-9999
-9999
-9999
-9999
-9999
-9999
-9999
-9999
-9999
-9999
-9999
-9999
-9999
-9999
-9999
-9999
-9999
-9999
-9999
-9999
-9999
-9999
-9999
-9999
-9999
-9999
-9999
-9999
-9999
-9999
-9999
-9999
-9999
-9999
-9999
-9999
-9999
-9999
-9999
-9999
-9999
-9999
-9999
-9999
-9999
-9999
-9999
-9999
-9999
-9999
-9999
-9999
-9999
-9999
-9999
-9999
-9999
-9999
-9999
-9999
-9999
-9999
-9999
-9999
-9999
-9999
-9999
-9999
-9999
-9999
-9999
-9999
-9999
-9999
-9999
-9999
-9999
-9999
-9999
-9999
-9999
-9999
-9999
-9999
-9999
-9999
-9999
-9999
-9999
-9999
-9999
-9999
-9999
-9999
-9999
-9999
-9999
-9999
-9999
-9999
-9999
-9999
-9999
-9999
-9999
-9999
-9999
-9999
-9999
-9999
-9999
-9999
-9999
-9999
-9999
-9999
-9999
-9999
-9999
-9999
-9999
-9999
-9999
-9999
-9999
-9999
-9999
-9999
-9999
-9999
-9999
-9999
-9999
-9999
-9999
-9999
-9999
-9999
-9999
-9999
-9999
-9999
-9999
-9999
-9999
-9999
-9999
-9999
-9999
-9999
-9999
-9999
-9999
-9999
-9999
-9999
-9999
-9999
-9999
-9999
-9999
-9999
-9999
-9999
-9999
-9999
-9999
-9999
-9999
-9999
-9999
-9999
-9999
-9999
-9999
-9999
-9999
-9999
-9999
-9999
-9999
-9999
-9999
-9999
-9999
-9999
-9999
-9999
-9999
-9999
-9999
-9999
-9999
-9999
-9999
-9999
-9999
-9999
-9999
-9999
-9999
-9999
-9999
-9999
-9999
-9999
-9999
-9999
-9999
-9999
-9999
-9999
-9999
-9999
-9999
-9999
-9999
-9999
-9999
-9999
-9999
-9999
-9999
-9999
-9999
-9999
-9999
-9999
-9999
-9999
-9999
-9999
-9999
-9999
-9999
-9999
-9999
-9999
-9999
-9999
-9999
-9999
-9999
-9999
-9999
-9999
-9999
-9999
-9999
-9999
-9999
-9999
-9999
-9999
-9999
-9999
-9999
-9999
-9999
-9999
-9999
-9999
-9999
-9999
-9999
-9999
-9999
-9999
-9999
-9999
-9999
-9999
-9999
-9999
-9999
-9999
-9999
-9999
-9999
-9999
-9999
-9999
-9999
-9999
-9999
-9999
-9999
-9999
-9999
-9999
-9999
-9999
-9999
-9999
-9999
-9999
-9999
-9999
-9999
-9999
-9999
-9999
-9999
-9999
-9999
-9999
-9999
-9999
-9999
-9999
-9999
-9999
-9999
-9999
-9999
-9999
-9999
-9999
-9999
-9999
-9999
-9999
-9999
-9999
-9999
-9999
-9999
-9999
-9999
-9999
-9999
-9999
-9999
-9999
-9999
-9999
-9999
-9999
-9999
-9999
-9999
-9999
-9999
-9999
-9999
-9999
-9999
-9999
-9999
-9999
-9999
-9999
-9999
-9999
-9999
-9999
-9999
-9999
-9999
-9999
-9999
-9999
-9999
-9999
-9999
-9999
-9999
-9999
-9999
-9999
-9999
-9999
-9999
-9999
-9999
-9999
-9999
-9999
-9999
-9999
-9999
-9999
-9999
-9999
-9999
-9999
-9999
-9999
-9999
-9999
-9999
-9999
-9999
-9999
-9999
-9999
-9999
-9999
-9999
-9999
-9999
-9999
-9999
-9999
-9999
-9999
-9999
-9999
-9999
-9999
-9999
-9999
-9999
-9999
-9999
-9999
-9999
-9999
-9999
-9999
-9999
-9999
-9999
-9999
-9999
-9999
-9999
-9999
-9999
-9999
-9999
-9999
-9999
-9999
-9999
-9999
-9999
-9999
-9999
-9999
-9999
-9999
-9999
-9999
-9999
-9999
-9999
-9999
-9999
-9999
-9999
-9999
-9999
-9999
-9999
-9999
-9999
-9999
-9999
-9999
-9999
-9999
-9999
-9999
-9999
-9999
-9999
-9999
-9999
-9999
-9999
-9999
-9999
-9999
-9999
-9999
-9999
-9999
-9999
-9999
-9999
-9999
-9999
-9999
-9999
-9999
-9999
-9999
-9999
-9999
-9999
-9999
-9999
-9999
-9999
-9999
-9999
-9999
-9999
-9999
-9999
-9999
-9999
-9999
-9999
-9999
-9999
-9999
-9999
-9999
-9999
-9999
-9999
-9999
-9999
-9999
-9999
-9999
-9999
-9999
-9999
-9999
-9999
-9999
-9999
-9999
-9999
-9999
-9999
-9999
-9999
-9999
-9999
-9999
-9999
-9999
-9999
-9999
-9999
-9999
-9999
-9999
-9999
-9999
-9999
-9999
-9999
-9999
-9999
-9999
-9999
-9999
-9999
-9999
-9999
-9999
-9999
-9999
-9999
-9999
-9999
-9999
-9999
-9999
-9999
-9999
-9999
-9999
-9999
-9999
-9999
-9999
-9999
-9999
-9999
-9999
-9999
-9999
-9999
-9999
-9999
-9999
-9999
-9999
-9999
-9999
-9999
-9999
-9999
-9999
-9999
-9999
-9999
-9999
-9999
-9999
-9999
-9999
-9999
-9999
-9999
-9999
-9999
-9999
-9999
-9999
-9999
-9999
-9999
-9999
-9999
-9999
-9999
-9999
-9999
-9999
-9999
-9999
-9999
-9999
-9999
-9999
-9999
-9999
-9999
-9999
-9999
-9999
-9999
-9999
-9999
-9999
-9999
-9999
-9999
-9999
-9999
-9999
-9999
-9999
-9999
-9999
-9999
-9999
-9999
-9999
-9999
-9999
-9999
-9999
-9999
-9999
-9999
-9999
-9999
-9999
-9999
-9999
-9999
-9999
-9999
-9999
-9999
-9999
-9999
-9999
-9999
-9999
-9999
-9999
-9999
-9999
-9999
-9999
-9999
-9999
-9999
-9999
-9999
-9999
-9999
-9999
-9999
-9999
-9999
-9999
-9999
-9999
-9999
-9999
-9999
-9999
-9999
-9999
-9999
-9999
-9999
-9999
-9999
-9999
-9999
-9999
-9999
-9999
-9999
-9999
-9999
-9999
-9999
-9999
-9999
-9999
-9999
-9999
-9999
-9999
-9999
-9999
-9999
-9999
-9999
-9999
-9999
-9999
-9999
-9999
-9999
-9999
-9999
-9999
-9999
-9999
-9999
-9999
-9999
-9999
-9999
-9999
-9999
-9999
-9999
-9999
-9999
-9999
-9999
-9999
-9999
-9999
-9999
-9999
-9999
-9999
-9999
-9999
-9999
-9999
-9999
-9999
-9999
-9999
-9999
-9999
-9999
-9999
-9999
-9999
-9999
-9999
-9999
-9999
-9999
-9999
-9999
-9999
-9999
-9999
-9999
-9999
-9999
-9999
-9999
-9999
-9999
-9999
-9999
-9999
-9999
-9999
-9999
-9999
-9999
-9999
-9999
-9999
-9999
-9999
-9999
-9999
-9999
-9999
-9999
-9999
-9999
-9999
-9999
-9999
-9999
-9999
-9999
-9999
-9999
-9999
-9999
-9999
-9999
-9999
-9999
-9999
-9999
-9999
-9999
-9999
-9999
-9999
-9999
-9999
-9999
-9999
-9999
-9999
-9999
-9999
-9999
-9999
-9999
-9999
-9999
-9999
-9999
-9999
-9999
-9999
-9999
-9999
-9999
-9999
-9999
-9999
-9999
-9999
-9999
-9999
-9999
-9999
-9999
-9999
-9999
-9999
-9999
-9999
-9999
-9999
-9999
-9999
-9999
-9999
-9999
-9999
-9999
-9999
-9999
-9999
-9999
-9999
-9999
-9999
-9999
-9999
-9999
-9999
-9999
-9999
-9999
-9999
-9999
-9999
-9999
-9999
-9999
-9999
-9999
-9999
-9999
-9999
-9999
-9999
-9999
-9999
-9999
-9999
-9999
-9999
-9999
-9999
-9999
-9999
-9999
-9999
-9999
-9999
-9999
-9999
-9999
-9999
-9999
-9999
-9999
-9999
-9999
-9999
-9999
-9999
-9999
-9999
-9999
-9999
-9999
-9999
-9999
-9999
-9999
-9999
-9999
-9999
-9999
-9999
-9999
-9999
-9999
-9999
-9999
-9999
-9999
-9999
-9999
-9999
-9999
-9999
-9999
-9999
-9999
-9999
-9999
-9999
-9999
-9999
-9999
-9999
-9999
-9999
-9999
-9999
-9999
-9999
-9999
-9999
-9999
-9999
-9999
-9999
-9999
-9999
-9999
-9999
-9999
-9999
-9999
-9999
-9999
-9999
-9999
-9999
-9999
-9999
-9999
-9999
-9999
-9999
-9999
-9999
-9999
-9999
-9999
-9999
-9999
-9999
-9999
-9999
-9999
-9999
-9999
-9999
-9999
-9999
-9999
-9999
-9999
-9999
-9999
-9999
-9999
-9999
-9999
-9999
-9999
-9999
-9999
-9999
-9999
-9999
-9999
-9999
-9999
-9999
-9999
-9999
-9999
-9999
-9999
-9999
-9999
-9999
-9999
-9999
-9999
-9999
-9999
-9999
-9999
-9999
-9999
-9999
-9999
-9999
-9999
-9999
-9999
-9999
-9999
-9999
-9999
-9999
-9999
-9999
-9999
-9999
-9999
-9999
-9999
-9999
-9999
-9999
-9999
-9999
-9999
-9999
-9999
-9999
-9999
-9999
-9999
-9999
-9999
-9999
-9999
-9999
-9999
-9999
-9999
-9999
-9999
-9999
-9999
-9999
-9999
-9999
-9999
-9999
-9999
-9999
-9999
-9999
-9999
-9999
-9999
-9999
-9999
-9999
-9999
-9999
-9999
-9999
-9999
-9999
-9999
-9999
-9999
-9999
-9999
-9999
-9999
-9999
-9999
-9999
-9999
-9999
-9999
-9999
-9999
-9999
-9999
-9999
-9999
-9999
-9999
-9999
-9999
-9999
-9999
-9999
-9999
-9999
-9999
-9999
-9999
-9999
-9999
-9999
-9999
-9999
-9999
-9999
-9999
-9999
-9999
-9999
-9999
-9999
-9999
-9999
-9999
-9999
-9999
-9999
-9999
-9999
-9999
-9999
-9999
-9999
-9999
10
44
45
-1
-13
35
-48
9
11
24
11
2
-2
-16
23
-14
-1
-30
7
2
11
12
10
-27
-10
6
37
-11
-19
1
12
-10
6
22
-14
11
8
-5
12
-18
18
4
1
10
-8
-9
19
12
0
37
-8
-10
-2
11
-12
9
14
2
38
32
-34
-9999
-9999
-9999
-9999
-9999
-9999
-9999
-9999
-9999
-9999
-9999
-9999
-9999
-9999
-9999
-9999
-9999
-9999
-9999
-9999
-9999
-9999
-9999
-9999
-9999
-9999
-9999
-9999
-9999
-9999
-9999
-9999
-9999
-9999
-9999
-9999
-9999
-9999
-9999
-9999
-9999
-9999
-9999
-9999
-9999
-9999
-9999
-9999
-9999
-9999
-9999
-9999
-9999
-9999
-9999
-9999
-9999
-9999
-9999
-9999
-9999
-9999
-9999
-9999
-9999
-9999
-9999
-9999
-9999
-9999
-9999
-9999
-9999
-9999
-9999
-9999
-9999
-9999
-9999
-9999
-9999
-9999
-9999
-9999
-9999
-9999
-9999
-9999
-9999
-9999
-9999
-9999
-9999
-9999
-9999
-9999
-9999
-9999
-9999
-9999
-9999
-9999
-9999
-9999
-9999
-9999
-9999
-9999
-9999
-9999
-9999
-9999
-9999
-9999
-9999
-9999
-9999
-9999
-9999
-9999
-9999
-9999
-9999
162
123
122
117
88
2418
4292
2383
5055
1370
493
269
186
119
42
2252
2199
1676
909
1073
1278
1007
855
1285
1671
907
617
1345
-9999
-9999
-9999
-9999
-9999
-9999
-9999
-9999
-9999
-9999
-9999
-9999
-9999
-9999
-9999
-9999
-9999
-9999
-9999
-9999
-9999
-9999
-9999
-9999
-9999
-9999
-9999
-9999
-9999
-9999
-9999
-9999
-9999
-9999
-9999
-9999
-9999
-9999
-9999
-9999
-9999
-9999
-9999
-9999
-9999
-9999
-9999
-9999
-9999
-9999
-9999
-9999
-9999
-9999
-9999
-9999
-9999
-9999
-9999
-9999
-9999
-9999
-9999
-9999
-9999
-9999
-9999
-9999
-9999
-9999
-9999
-9999
-9999
-9999
-9999
-9999
-9999
-9999
-9999
-9999
-9999
-9999
-9999
-9999
-9999
-9999
-9999
-9999
-9999
-9999
-9999
-9999
-9999
-9999
-9999
-9999
-9999
-9999
-9999
-9999
-9999
-9999
-9999
-9999
-9999
-9999
-9999
-9999
-9999
-9999
-9999
-9999
-9999
-9999
-9999
-9999
-9999
-9999
-9999
-9999
-9999
-9999
-9999
-9999
-9999
-9999
-9999
-9999
-9999
-9999
-9999
-9999
-9999
-9999
-9999
-9999
-9999
-9999
-9999
-9999
-9999
-9999
-9999
-9999
-9999
-9999
-9999
-9999
-9999
-9999
-9999
-9999
-9999
-9999
-9999
-9999
-9999
-9999
-9999
-9999
-9999
-9999
-9999
-9999
-9999
-9999
-9999
-9999
-9999
-9999
-9999
-9999
-9999
-9999
-9999
-9999
-9999
-9999
-9999
-9999
-9999
-9999
-9999
-9999
-9999
-9999
-9999
-9999
-9999
-9999
-9999
-9999
-9999
-9999
-9999
-9999
-9999
-9999
-9999
-9999
-9999
-9999
-9999
-9999
-9999
-9999
-9999
-9999
-9999
-9999
-9999
-9999
-9999
-9999
-9999
-9999
-9999
-9999
-9999
-9999
-9999
-9999
-9999
-9999
-9999
-9999
-9999
-9999
-9999
-9999
-9999
-9999
-9999
-9999
-9999
-9999
-9999
-9999
-9999
-9999
-9999
-9999
-9999
-9999
-9999
-9999
-9999
-9999
-9999
-9999
-9999
-9999
-9999
-9999
-9999
-9999
-9999
-9999
-9999
-9999
-9999
-9999
-9999
-9999
-9999
-9999
-9999
-9999
-9999
-9999
-9999
-9999
-9999
-9999
-9999
-9999
-9999
-9999
-9999
-9999
-9999
-9999
-9999
-9999
-9999
-9999
-9999
-9999
-9999
-9999
-9999
-9999
-9999
-9999
-9999
-9999
-9999
-9999
-9999
-9999
-9999
-9999
-9999
-9999
-9999
-9999
26
2
25
35
43
22
28
26
19
73
541
143
294
540
589
1539
452
843
595
607
647
2932
1377
809
560
443
647
1542
1689
4672
5268
1960
-NR-
-NR-
-NR-
-NR-
-NR-
-NR-
-NR-
-NR-
-NR-
-NR-
-NR-
-NR-
-NR-
-NR-
-NR-
-NR-
-NR-
-NR-
-NR-
-NR-
-NR-
-NR-
-NR-
-NR-
115
109
88
100
99
84
80
88
98
47
90
87
128
115
64
765
1023
304
221
204
183
148
124
107
117
106
99
110
116
107
114
102
93
54
68
24
145
71
68
49
62
26
46
171
113
65
49
62
43
42
54
79
3
72
5
14
47
21
22
11
23
27
10
21
17
34
27
31
26
42
3
25
29
66
27
6
19
13
6
15
42
3
1
11
11
14
0
13
2
12
1
1
2
2
3
11
12
11
11
5
8
2
0
0
1
3
9
13
19
6
1
5
17
8
8
3
11
4
7
9
16
39
6
3
6
8
7
7
3
6
1
4
3
3
1
1
8
5
7
0
1
1
8
5
0
7
1
4
4
3
1
4
6
9
27
9
8
21
16
11
4
8
5
25
17
9
7
14
27
1
17
20
6
5
3
2
6
11
2
11
10
6
5
3
54.0
28
0.06
0.00
33.0
148.0
245000
10
438.31
212716
-312
0
149.0
19
0.13
0.00
98.0
221.0
245000
23
437.01
209850
-23
6
91.0
6
0.00
0.00
3
4
2
5
4
3
8
3
1
3
2
1
0
2
1
2
0
2
1
1
2
2
1
1
1
0
0
2
0
0
12
12
12
0
0
11
13
1
11
12
33
15
33
68
49
17
34
13
12
0
10
22
14
15
12
14
16
11
2
12
2
0
24
10
12
12
1
57
118
78
685
919
309
140
93
52
46
38
33
45
20
33
20
496
497
1265
897
371
206
184
125
101
74
85.0
8
0.06
0.00
94.0
508.0
245000
10
435.34
207601
874
323
85.0
7
0.00
0.60
444.0
10562.0
245000
23
448.18
242832
2394
839
243.0
424
415
348
4298
2137
1116
772
541
405
318
257
251
270
218
192
158
155
142
141
115
127
110
100
179
161
107
99
108
87
71
77
63
48
44
68
44
71
64
59
60
61
43
32
56
43
37
47
72
49
47
115
59
67
39
59
33
33
46
39
31
43
29
18
62
42
28
41
29
44
4
29
0
19
24
17
32
24
22
30
2
41
16
10
15
7
4
11
29
0
28
17
12
42
-24
-2
19
-13
27
28
10
2
4
1
-17
30
19
19
3
-3
23
14
26
10
-15
29
-10
-12
-9
105
33
27
5
12
8
5
8
4
9
7
7
5
7
7
14
2
10
23
9
34
37
19
6
7
10
9
9
12
8
11
25
4
10
11
1
9
11
13
3
3
6
3
3
11
8
5
8
9
10
10
4
2
12
8
11
3
8
8
4
12
9
11
3
1
2
16
9
7
9
12
8
10
11
6
6
12
1
3
1
10
1
9
2
1
3
5
5
1
4
1
1
9
7
5
8
1
1
1
1
2
1
1
1
1
1
1
1
1
1
1
1
1
1
1
1
1
1
1
1
1
1
1
1
1
1
1
2
1
2
2
2
2
1
2
6
87
137
468
109
95
50
50
54
14
73
61
609
419
105
1337
349
177
106
1269
1280
428
2951
2068
1149
564
787
831
492
379
270
200
182
144
396
914
349
400
1113
571
562
1452
1119
1466
980
658
595
491
557
1034
1180
1761
1745
2727
5891
1980
1401
2692
2992
1845
1506
1242
1038
675
411
358
325
276
256
212
188
176
175
160
146
149
120
120
227
120
160
105
106
95
106
107
94
94
80
79
225
152
105
100
96
103
106
75
101
180
167
100
310
376
261
221
235
182
170
143
156
130
122
110
103
90
127
207
212
147
196
397
230
182
216
173
143
130
141
128
114
100
100
269
552
275
234
207
194
182
150
177
126
140
136
97
75
78
68
55
57
70
58
45
51
51
32
23
37
49
33
36
9
39
26
22
21
10
2
9
14
27
26
1
1
4
4
11
10
4
7
9
7
6
6
18
39
16
41
26
22
48
166
53
35
37
36
36
22
27
47
42
26
24
31
39
17
22
39
16
14
5
13
10
13
21
26
20
13
16
4
19
19
7
12
14
16
13
27
11
28
4
29
9
10
5
21
7
9
25
21
8
14
1
22
4
13
13
11
13
3
10
14
5
8
12
12
4
13
14
1
11
16
8
16
8
9
12
7
7
2
3
3
13
17
19
15
4
13
2
3
13
1
13
8
5
14
1
9
2
4
7
11
10
0
3
1
1
1
1
1
2
1
1
1
1
1
2
1
1
1
1
1
2
1
1
1
1
1
2
1
1
1
1
1
2
1
1
1
1
1
1
1
1
1
2
2
2
1
1
1
1
1
1
1
1
1
1
1
1
1
1
2
1
1
1
1
1
1
1
1
1
1
365
226
96
117
38
36
18
18
2
1
1
2
1
2
1
2
1
2
1
2
1
2
1
2
1
1
1
1
1
10
2
2
35
46
2
70
2804
6557
4811
6916
1223
581
1391
3544
2297
1048
710
418
371
730
2340
3856
2936
2872
4191
1927
1323
919
698
597
575
459
284
386
460
406
1978
3860
1958
1278
1019
837
636
418
418
408
1340
1027
722
581
500
413
428
389
268
264
228
197
198
175
160
161
135
132
117
104
113
193
218
113
520
781
344
273
285
209
199
186
158
171
157
139
128
130
117
91
111
99
100
80
88
75
74
75
74
75
246
888
2691
850
695
830
787
546
300
261
269
217
184
222
162
177
133
147
121
113
135
113
235
105
118
102
108
105
88
75
791
831
508
516
582
414
323
284
240
251
267
274
939
1022
841
798
1678
2456
1631
1219
1026
743
623
519
363
340
261
250
222
200
222
176
184
155
143
129
126
126
126
110
106
93
102
88
107
60
82
50
89
72
79
47
98
12
65
34
49
51
49
33
48
39
52
25
26
36
39
14
30
15
2
2
18
18
9
26
16
1
45
44
8
12
8
4
11
12
8
8
17
11
1
3
17
20
1
16
16
4
10
6
8
10
2
10
2
3
2
2
3
4
5
1
1
1
2
5
5
3
3
2
9
8
2
4
6
3
3
2
1
2
4
3
2
3
2
2
2
2
1
1
1
2
9
7
17
14
8
16
17
24
10
24
21
5
12
9
6
12
10
5
4
8
2
2
6
6
5
5
5
6
5
4
2
2
2
2
2
2
2
2
2
2
3
2
2
2
2
2
2
2
2
2
3
2
2
2
2
2
2
2
2
2
2
1
1
4
2
1
1
12
145
90
19
4
3
1
6
10
1
1
1
1
3
3
2
1
1
2
1
1
1
40
103
467
209
70
83
162
1074
327
130
448
1042
604
438
943
1929
469
286
189
128
287
634
462
282
846
3934
1134
600
385
360
5214
1643
864
3770
1710
1251
947
780
523
467
592
1289
984
705
553
565
623
431
304
274
257
217
224
220
186
183
210
133
181
326
234
204
225
184
179
1640
1345
948
674
495
444
351
350
351
328
260
256
216
282
4139
9430
4446
1877
1494
1412
1180
982
1217
5200
3030
2383
2082
1779
1735
1494
1063
647
447
404
341
319
320
296
299
228
195
209
191
181
158
144
154
141
154
132
147
114
284
159
161
111
114
98
101
85
91
60
98
82
79
82
85
69
49
56
70
57
84
74
81
88
70
163
127
107
123
70
66
81
89
98
67
71
33
66
42
59
70
22
51
63
48
63
30
34
45
49
42
29
60
16
61
29
50
46
29
29
40
41
35
31
50
35
30
60
25
16
44
30
20
24
22
13
23
38
15
40
17
44
18
20
19
39
15
45
21
19
23
42
4
16
10
19
24
24
18
27
22
18
32
11
23
18
11
36
15
38
3
40
31
18
18
27
34
16
36
9
27
17
32
31
16
18
15
15
31
14
35
11
36
37
23
25
15
23
35
27
15
25
38
30
29
32
5
22
19
30
2
51
17
27
38
37
47
4
16
35
2
4
3
5
5
4
3
2
2
1
2
2
3
2
3
8
5
3
5
5
4
2
3
5
4
9
14
10
13
8
2
104.0
18
0.09
0.00
91.0
141.0
245000
10
433.71
201873
-232
9
130.0
5
0.03
2.56
109.0
466.0
245000
23
432.82
199934
0
25
104.0
9
0.07
0.00
8
107.0
9
0.03
0.00
122.0
314.0
245000
10
431.56
197049
-182
13
114.0
4
0.03
0.00
124.0
361.0
245000
23
430.38
194237
-203
103
111.0
4
0.02
1
110.0
3
0.00
0.00
162.0
3348.0
245000
10
433.81
202337
-24
77
111.0
4
0.02
0.00
99.0
602.0
245000
23
433.12
200510
1201
2387
112.0
5
0.03
0.55
979
113.0
2
0.01
0.08
265.0
4695.0
245000
10
445.55
232316
943
434
121.0
3
0.01
0.02
242.0
1943.0
245000
23
447.28
235487
1235
676
120.0
12
0.02
0.00
369
122.0
8
0.03
0.00
240.0
1576.0
245000
10
451.27
245570
-27
123
123.0
6
0.01
0.73
269.0
3350.0
245000
23
452.99
249368
-880
1349
1477.0
1071
1722.0
6
0.06
0.00
661.0
3086.0
245000
10
451.41
246046
132
152
124.0
12
0.06
2.15
413.0
4759.0
245000
23
454.53
252101
-2279
1688
1980.0
19
0.14
0.00
460
509.0
27
0.09
0.00
490.0
2999.0
245000
10
452.50
248275
-266
306
541.0
33
0.23
0.00
300.0
1484.0
245000
23
450.82
244251
-184
103
202.0
18
0.12
94
201.0
18
0.01
0.05
291.0
1071.0
245000
10
450.12
242465
-157
104
169.0
36
0.08
0.76
1145.0
9101.0
245000
23
451.79
246549
-451
202
188.0
35
0.23
0.00
118
188.0
49
0.32
0.00
182.0
726.0
245000
10
450.61
243672
-158
70
135.0
3
0.01
0.08
138.0
656.0
245000
23
449.86
241706
-183
41
128.0
42
0.28
44
115.0
43
0.27
0.00
113.0
378.0
245000
10
448.52
238194
-233
23
114.0
46
0.28
0.00
105.0
260.0
245000
23
447.37
235255
-359
17
113.0
41
0.24
0.00
6
113.0
42
0.25
0.00
161.0
174.0
245000
10
445.60
230665
-253
7
116.0
33
0.24
0.00
163.0
198.0
245000
23
444.31
227438
-276
24
117.0
43
0.25
0.00
-4
116.0
33
0.20
0.00
164.0
173.0
245000
10
442.54
222977
-248
-5
104.0
32
0.14
0.00
118.0
168.0
245000
23
441.25
219847
-270
-9
100.0
29
0.16
-6
105.0
29
0.12
0.00
153.0
164.0
245000
10
439.54
215656
-218
-20
105.0
24
0.12
0.00
155.0
166.0
245000
23
438.27
212620
-144
-8
106.0
9
0.05
0.00
1
105.0
2
0.05
0.07
178.0
322.0
245000
10
437.11
209850
-237
2
113.0
9
0.03
0.00
183.0
255.0
245000
23
435.83
207058
-212
-4
110.0
6
0.01
1533
109.0
5
0.03
0.00
167.0
621.0
245000
10
436.58
208641
-213
28
109.0
2
0.01
3.40
802.0
10884.0
245000
23
445.52
231934
3193
4655
120.0
6
0.01
2.09
5613
123.0
13
0.04
0.00
2835.0
12765.0
245000
10
463.18
271833
-5983
1005
3157.0
7
0.06
0.16
942.0
7018.0
245000
23
452.29
248062
-346
314
447.0
11
0.02
0.09
986
1134.0
19
0.04
0.00
439.0
3470.0
245000
10
453.15
250571
-80
202
245.0
5
0.01
0.05
359.0
1043.0
245000
23
452.34
248142
239
4733
245.0
1675
2525.0
6
0.05
3.35
1804.0
28118.0
245000
10
457.66
258038
-4157
1707
3047.0
3
0.07
0.00
1399.0
5561.0
245000
23
451.33
247185
957
726
546.0
6
0.03
1.00
2092
1764.0
6
0.03
0.01
3527.0
12493.0
245000
10
453.28
266017
3249
1596
2580.0
11
0.16
0.00
3238.0
8264.0
245000
23
451.24
245358
-185
300
181.0
34
0.23
205
169.0
27
0.14
0.00
273.0
1578.0
245000
10
451.03
244831
-106
102
159.0
39
0.24
0.00
249.0
974.0
245000
23
450.25
242806
-131
77
112.0
37
0.25
0.00
48
111.0
42
0.27
0.00
152.0
507.0
245000
10
449.34
240375
-130
42
111.0
58
0.38
0.00
151.0
327.0
245000
23
448.45
237987
-181
9
125.0
42
0.26
16
111.0
41
0.25
0.00
196.0
247.0
245000
10
446.87
233923
-255
0
103.0
51
0.32
0.00
145.0
168.0
245000
23
445.66
230817
-253
-14
104.0
44
0.30
0.00
-15
105.0
39
0.21
0.00
145.0
158.0
245000
10
443.85
226236
-250
-4
105.0
37
0.24
0.00
149.0
163.0
245000
23
442.56
223051
-248
-4
106.0
34
0.22
0.00
-14
94.0
32
0.18
0.00
132.0
146.0
245000
10
440.97
219210
-196
9
92.0
27
0.19
0.00
136.0
150.0
245000
23
439.79
216334
-266
-16
97.0
12
0.07
6
99.0
15
0.02
0.17
134.0
195.0
245000
10
438.40
212908
-216
-6
97.0
19
0.11
0.00
136.0
159.0
245000
23
437.30
210326
-190
-5
95.0
11
0.02
0.03
-9
97.0
6
0.04
0.00
138.0
245.0
245000
10
435.87
206870
-24
50
117.0
2
0.03
0.00
183.0
311.0
245000
23
434.71
204151
0
47
115.0
4
0.03
0
115.0
4
0.02
0.00
156.0
309.0
245000
10
434.02
203382
116
121
116.0
4
0.03
0.00
125.0
586.0
245000
23
434.37
203475
4551
1322
169.0
4
0.01
0.00
120
99.0
2
0.01
0.00
79.0
775.0
245000
10
437.35
210564
-119
51
86.0
11
0.04
0.00
84.0
414.0
245000
23
436.77
209091
-119
40
86.0
6
0.03
0.00
28
85.0
4
0.04
0.00
80.0
400.0
245000
10
444.45
230513
1548
538
85.0
12
0.10
0.00
112.0
1336.0
245000
23
449.00
241941
2415
1286
488.0
657
701.0
9
0.06
0.00
457.0
1980.0
245000
10
451.25
245490
-79
137
95.0
18
0.12
0.00
84.0
684.0
245000
23
451.03
244857
79
17
100.0
18
0.14
0.00
43
84.0
21
0.08
0.00
71.0
384.0
245000
10
450.35
243094
-157
86
84.0
32
0.17
0.00
75.0
382.0
245000
23
450.08
242360
-105
34
85.0
26
0.26
13
86.0
18
0.21
0.00
72.0
321.0
245000
10
449.24
240115
-156
-3
85.0
41
0.27
0.00
69.0
175.0
245000
23
448.37
237806
-207
25
86.0
26
0.22
0.00
14
116.0
31
0.22
0.00
75.0
104.0
245000
10
446.99
234230
-256
14
111.0
47
0.31
0.00
114.0
106.0
245000
23
445.56
230564
-329
29
119.0
45
0.30
1
130.0
53
0.33
0.00
118.0
115.0
245000
10
443.57
225587
-250
4
95.0
48
0.18
0.00
74.0
130.0
245000
23
442.34
222507
-248
5
97.0
39
0.25
0.00
7
97.0
40
0.24
0.00
78.0
100.0
245000
10
440.60
218281
-268
5
97.0
50
0.25
0.00
79.0
97.0
245000
23
439.28
215027
-290
4
108.0
44
0.26
0.00
23
108.0
46
0.25
0.00
96.0
114.0
245000
10
437.36
210445
-214
0
97.0
23
0.15
0.00
80.0
118.0
245000
23
436.14
207577
-189
-7
98.0
24
0.14
0
97.0
27
0.14
0.00
85.0
137.0
245000
10
434.60
204128
-210
-2
97.0
7
0.04
0.08
84.0
0.0
245000
23
433.69
201804
-186
-5
97.0
13
0.02
0.01
17
112.0
9
0.05
0.00
122.0
189.0
245000
10
432.01
197939
-229
-8
113.0
7
0.04
0.07
128.0
181.0
245000
23
430.69
194960
-226
2
112.0
11
0.05
-10
112.0
3
0.02
0.01
123.0
449.0
245000
10
429.66
192527
-157
3
115.0
5
0.06
0.95
151.0
3252.0
245000
23
430.60
194802
-204
43
103.0
2
0.01
0.04
40
97.0
2
0.04
0.42
313.0
6716.0
245000
10
442.76
224490
473
289
86.0
7
0.04
0.00
126.0
926.0
245000
23
443.80
232138
11376
2398
301.0
5
0.04
1.22
1468
159.0
3
0.05
0.00
2067.0
4264.0
245000
10
451.28
245570
52
200
169.0
6
0.04
0.00
170.0
1191.0
245000
23
454.20
255886
1306
587
1786.0
9
305
986.0
12
0.09
0.00
179.0
1245.0
245000
10
451.99
247398
-54
135
171.0
13
0.10
0.00
152.0
687.0
245000
23
451.35
245622
-184
58
129.0
12
0.08
0.01
32
129.0
19
0.15
0.00
148.0
426.0
245000
10
450.11
242386
-157
9
85.0
25
0.19
0.00
107.0
284.0
245000
23
449.29
240271
-182
4
76.0
29
0.22
23
97.0
31
0.20
0.00
89.0
240.0
245000
10
448.16
237315
-155
18
86.0
46
0.34
0.00
81.0
171.0
245000
23
447.26
234973
-179
17
85.0
23
0.24
0.00
27
85.0
44
0.28
0.00
87.0
125.0
245000
10
445.92
231452
-356
-3
131.0
38
0.35
0.00
150.0
102.0
245000
23
444.40
227564
-226
-10
128.0
24
0.23
-6
127.0
48
0.30
0.00
159.0
105.0
245000
10
442.43
222680
-297
-20
122.0
35
0.24
0.00
143.0
114.0
245000
23
440.95
219039
-269
-41
108.0
45
0.26
0.00
-1
108.0
53
0.17
0.00
151.0
118.0
245000
10
438.88
214038
-289
-9
116.0
41
0.20
0.00
135.0
114.0
245000
23
437.42
210517
-262
3
112.0
37
0.23
0.00
-4
119.0
40
0.22
0.00
116.0
143.0
245000
10
435.36
205718
-234
-6
104.0
12
0.05
0.00
116.0
168.0
245000
23
434.23
203033
-232
-2
102.0
14
0.09
-23
95.0
9
0.07
0.00
124.0
162.0
245000
10
432.62
199359
-275
17
102.0
27
0.12
0.00
78.0
120.0
245000
23
431.34
196389
-273
-7
113.0
11
0.05
0.00
319
112.0
4
0.03
0.01
110.0
398.0
245000
10
430.08
193583
-247
12
111.0
5
0.05
0.01
105.0
225.0
245000
23
428.77
190627
-245
9
109.0
2
0.01
-1
109.0
3
0.01
0.00
114.0
207.0
245000
10
427.03
186842
-330
36
110.0
2
0.03
0.59
122.0
324.0
245000
23
426.55
186930
44
68
110.0
2
0.01
0.00
34
110.0
3
0.02
0.12
126.0
528.0
245000
10
426.00
184521
-218
10
114.0
6
0.05
0.00
120.0
337.0
245000
23
424.87
182111
-194
20
91.0
4
0.05
0.00
10
94.0
6
0.05
0.77
80.0
531.0
245000
10
423.99
180474
559
345
97.0
1
0.01
0.00
143.0
3343.0
245000
23
436.42
209850
1215
429
76.0
1000
78.0
4
0.03
0.00
232.0
4001.0
245000
10
444.38
227991
100
117
77.0
4
0.05
0.00
90.0
1097.0
245000
23
444.88
229124
-26
87
77.0
17
0.13
0.00
33
77.0
16
0.12
0.00
74.0
500.0
245000
10
444.47
227966
-76
-14
77.0
17
0.17
0.00
77.0
386.0
245000
23
443.82
226286
-175
11
77.0
17
0.07
91
77.0
1
0.06
0.09
134.0
1648.0
245000
10
444.22
227338
-125
26
77.0
30
0.30
0.00
103.0
325.0
245000
23
443.52
225512
-125
-29
85.0
21
0.10
0.00
4
84.0
18
0.08
0.00
121.0
220.0
245000
10
442.13
222037
-222
4
109.0
15
0.10
0.00
108.0
170.0
245000
23
440.97
219137
-245
33
116.0
35
0.24
-4
116.0
34
0.22
0.00
123.0
152.0
245000
10
439.27
215027
-217
9
116.0
28
0.18
0.00
117.0
80.0
245000
23
437.89
211662
-263
-11
123.0
24
0.12
0.00
-7
103.0
19
0.13
0.00
93.0
62.0
245000
10
436.12
207530
-236
-6
103.0
29
0.18
0.00
126.0
66.0
245000
23
434.77
204314
-233
20
100.0
24
0.27
0.00
6
102.0
30
0.20
0.00
110.0
75.0
245000
10
432.91
199957
-184
-9
102.0
18
0.15
0.00
94.0
84.0
245000
23
431.61
197049
-228
-22
104.0
23
0.16
-8
102.0
25
0.14
0.00
104.0
105.0
245000
10
429.84
193066
675
108
104.0
9
0.05
0.05
116.0
295.0
245000
23
429.39
192146
-90
59
102.0
14
0.06
0.00
65
107.0
14
0.08
0.45
131.0
253.0
245000
10
427.93
188872
-1150
29
135.0
5
0.02
0.00
113.0
225.0
245000
23
426.42
185460
-197
18
116.0
19
0.11
14
117.0
2
0.02
0.00
111.0
263.0
245000
10
424.77
182306
130
75
117.0
2
0.01
0.03
117.0
546.0
245000
23
425.13
182717
-130
62
115.0
2
0.01
0.04
372
104.0
3
0.01
0.00
90.0
448.0
245000
10
424.93
184390
1661
301
86.0
1
0.01
4.19
1461.0
27841.0
245000
23
446.10
243804
5884
1325
1988.0
2
0.02
0.00
388
228.0
5
0.01
0.20
2076.0
8984.0
245000
10
451.46
246204
265
334
258.0
8
0.04
0.01
152.0
1849.0
245000
23
452.16
248222
2564
1053
246.0
576
1998.0
4
0.04
0.00
400.0
4139.0
245000
10
452.72
251242
859
511
567.0
12
0.07
0.00
590.0
2041.0
245000
23
452.17
247982
-80
188
248.0
3
0.10
0.82
499
250.0
14
0.01
0.04
1362.0
5750.0
245000
10
454.07
259434
1842
1043
2013.0
18
0.15
0.00
1561.0
3437.0
245000
23
452.65
249261
-107
626
242.0
21
0.21
273
244.0
37
0.27
0.00
221.0
1278.0
245000
10
452.68
249154
-240
137
243.0
26
0.01
0.00
215.0
935.0
245000
23
451.54
246204
-185
273
240.0
39
0.28
0.00
128
242.0
55
0.21
0.00
152.0
718.0
245000
10
450.32
242963
-183
64
110.0
46
0.29
0.00
103.0
386.0
245000
23
449.43
240610
-157
48
104.0
42
0.37
16
116.0
53
0.30
0.00
106.0
250.0
245000
10
448.03
236928
-232
33
113.0
41
0.25
0.00
107.0
206.0
245000
23
446.86
233898
-256
12
114.0
33
0.22
0.00
5
114.0
38
0.21
0.00
116.0
180.0
245000
10
445.16
229578
-227
5
114.0
31
0.19
0.00
125.0
123.0
245000
23
443.98
226561
-200
21
103.0
34
0.21
0.00
12
104.0
35
0.18
0.00
118.0
133.0
245000
10
442.33
222482
-223
-1
100.0
20
0.05
0.00
91.0
187.0
245000
23
441.20
219749
-221
31
106.0
30
0.13
1
105.0
15
0.09
0.00
133.0
164.0
245000
10
439.64
215874
-218
-2
99.0
13
0.07
0.05
138.0
481.0
245000
23
439.51
215850
-146
18
107.0
2
0.01
0.00
54
122.0
6
0.03
0.00
153.0
950.0
245000
10
439.41
215390
-194
53
121.0
15
0.03
0.00
131.0
498.0
245000
23
439.09
214737
-96
258
123.0
2
0.04
77
122.0
7
0.02
1.51
385.0
5259.0
245000
10
442.27
222803
99
498
118.0
2
0.01
0.88
476.0
12112.0
245000
23
451.21
247318
1650
740
516.0
6
0.03
0.37
857
1007.0
2
0.03
0.00
1989.0
3938.0
245000
10
452.13
247902
320
252
164.0
4
0.04
0.00
488.0
2148.0
245000
23
451.47
246019
-159
113
163.0
5
0.02
0.00
106
154.0
3
0.04
0.00
156.0
905.0
245000
10
450.63
243725
-184
302
160.0
2
0.01
0.19
332.0
6988.0
245000
23
454.76
253152
-1185
339
1013.0
386
1015.0
6
0.04
0.50
296.0
5062.0
245000
10
451.93
247637
984
641
787.0
5
0.01
1.00
2848.0
28656.0
245000
23
461.23
278396
6407
2020
2074.0
13
0.13
0.00
810
1984.0
20
0.12
0.00
1791.0
4402.0
245000
10
451.75
246761
-80
181
181.0
16
0.14
0.08
105.0
1305.0
245000
23
451.45
246046
-133
73
126.0
30
0.20
49
135.0
32
0.24
0.00
175.0
739.0
245000
10
450.38
243042
-210
31
56.0
1
0.01
0.00
178.0
813.0
245000
23
449.53
240975
-209
68
125.0
33
0.16
0.07
53
85.0
9
0.03
0.21
122.0
835.0
245000
10
449.14
239907
-156
59
100.0
39
0.25
0.00
111.0
340.0
245000
23
448.33
237703
-181
15
102.0
28
0.23
34
101.0
56
0.31
0.00
104.0
217.0
245000
10
447.05
234486
-230
3
103.0
25
0.19
0.00
104.0
189.0
245000
23
445.99
231731
-229
11
103.0
34
0.21
0.00
11
95.0
38
0.20
0.00
89.0
132.0
245000
10
444.50
227941
-227
0
96.0
34
0.21
0.00
87.0
121.0
245000
23
443.41
225212
-199
8
92.0
39
0.15
0.00
13
94.0
27
0.15
0.00
85.0
165.0
245000
10
441.88
221396
-271
16
103.0
30
0.17
0.00
98.0
129.0
245000
23
440.74
218623
-195
18
104.0
25
0.06
1
105.0
2
0.03
0.45
103.0
298.0
245000
10
439.58
215922
-169
16
96.0
15
0.07
0.00
99.0
445.0
245000
23
438.53
213292
-216
16
94.0
9
0.06
0.00
-28
111.0
6
0.05
0.52
122.0
372.0
245000
10
436.94
209447
-238
9
112.0
6
0.04
0.00
127.0
402.0
245000
23
436.17
207719
-166
18
110.0
6
0.03
6
108.0
13
0.06
0.00
128.0
316.0
245000
10
434.69
204151
-257
-22
131.0
5
0.03
0.00
168.0
349.0
245000
23
433.06
200348
-207
-3
111.0
2
0.01
0.00
7
112.0
3
0.02
0.01
90.0
258.0
245000
10
431.46
196730
-205
-6
83.0
5
0.04
0.00
92.0
538.0
245000
23
435.40
206235
70
96
106.0
6
0.05
0.00
36
103.0
5
0.05
0.00
135.0
510.0
245000
10
434.90
204805
70
113
108.0
11
0.07
0.00
134.0
426.0
245000
23
434.35
203429
-140
9
95.0
7
159
86.0
9
0.07
0.00
99.0
419.0
245000
10
434.15
203033
2428
1064
80.0
1
0.01
0.00
165.0
3065.0
245000
23
439.04
214979
145
5088
82.0
3
0.08
0.93
945
81.0
10
0.08
0.00
116.0
2144.0
245000
10
449.77
242701
1734
442
85.0
16
0.13
0.00
102.0
-NR-
245000
23
451.92
247424
-26
95
85.0
34
0.20
85
82.0
3
0.19
0.00
100.0
569.0
245000
10
451.66
246496
-80
26
78.0
27
0.21
0.00
93.0
329.0
245000
23
451.01
244725
-184
24
74.0
33
0.23
0.00
-1
80.0
49
0.13
0.00
98.0
218.0
245000
10
449.77
241471
-209
21
89.0
48
0.31
0.00
104.0
139.0
245000
23
448.71
238686
-207
4
86.0
39
0.25
6
90.0
50
0.29
0.00
96.0
107.0
245000
10
447.28
234922
-256
3
101.0
33
0.08
0.07
109.0
133.0
245000
23
446.04
231782
-254
5
100.0
37
0.25
0.00
7
101.0
31
0.17
0.05
106.0
101.0
245000
10
444.31
227438
-251
-9
102.0
37
0.22
0.00
108.0
113.0
245000
23
443.05
224267
-249
9
104.0
37
0.21
0.00
5
102.0
29
0.16
0.00
102.0
126.0
245000
10
441.30
219945
-245
2
103.0
20
0.13
0.00
110.0
119.0
245000
23
440.07
217063
-316
5
101.0
19
0.12
20
105.0
28
0.07
0.00
104.0
136.0
245000
10
438.49
213124
-192
9
101.0
17
0.11
0.00
134.0
197.0
245000
23
437.16
209922
-262
11
153.0
9
0.05
0.42
36
152.0
9
0.05
0.00
146.0
267.0
245000
10
435.04
204899
-281
24
134.0
2
0.01
0.01
144.0
535.0
245000
23
434.80
204385
-281
4
134.0
2
0.01
2024
126.0
4
0.00
0.33
285.0
5725.0
245000
10
449.96
242177
-52
84
137.0
0
0.03
0.00
189.0
1942.0
245000
23
461.86
277132
2301
908
2239.0
2
0.01
0.00
569
2773.0
2
0.01
0.57
288.0
2968.0
245000
10
454.44
253638
-459
189
285.0
2
0.02
0.00
206.0
1175.0
245000
23
453.42
251215
-161
40
159.0
5
0.04
0.01
53
157.0
5
0.03
0.00
187.0
780.0
245000
10
452.05
247398
-213
21
152.0
6
0.06
0.01
187.0
664.0
245000
23
450.82
244146
-264
19
155.0
27
156.0
10
0.04
1.14
216.0
1209.0
245000
10
449.80
241497
-235
63
162.0
12
0.10
0.00
178.0
605.0
245000
23
448.63
238427
-285
32
159.0
13
0.05
0.45
46
32
34
223
96
59
85
62
41
41
55
32
21
10
9
-3
24
26
28
29
17
18
-7
28
5
22
37
48
1
1
????
2
15
28
3
2
8
4
-6
25
13
23
13
13
4
-12
-12
0
-10
17
5
4
-23
-9
-1
-13
-1
5
26
3
4
5
9
-14
7
4
5
7
35
-11
-4
-4
21
-13
-13
3
-2
-1
-1
-21
15
-14
1
1
-25
13
59
13
22
12
14
4
????
-3
-12
-4
19
-26
-3
-14
-16
4
-7
-6
4
-12
0
-2
-17
1
0
12
-12
-1
-6
-7
-4
-23
-10
-12
-11
-15
-24
13
-33
-19
-22
-10
-9
-14
-13
-14
-13
-12
-10
2
-5
-2
-13
-26
-5
-2
2
10
-3
-5
-4
-6
-16
-6
-6
-17
7
-3
-28
-8
-6
-5
-16
-16
9
-14
-4
52
-21
-4
-55
-7
-6
-6
-7
-28
-4
-28
-27
34
-31
26
1
-35
-52
-30
-42
-1
11
????
-0
-36
-28
-4
-16
-5
-4
-7
-30
-19
-9
-19
-19
-7
-15
-18
-7
-8
-19
-9
-10
-9
-10
-18
8
-2
28
-45
-9
-18
-9
-9
-3
-41
-20
-29
-10
2
-10
-21
-11
-22
-10
-9
-11
-12
3
-10
1
64
33
-27
10
-6
4
-6
4
16
-6
-5
16
????
-5
5
5
-7
-7
25
4
5
-26
16
-5
12
9
-12
19
12
4
46
-38
12
0
-19
12
3
11
12
12
2
3
2
12
2
13
2
23
-7
2
1
19
8
9
17
18
10
10
12
-2
4
-0
-11
-10
1
2
-9
-19
3
6
-24
-3
12
4
-16
-11
55
-4
-13
32
58
168
1930
1462
421
146
84
73
33
62
54
23
33
24
24
26
15
25
15
-6
553
752
1149
????
????
????
551
280
1528
1246
689
691
383
255
216
168
117
110
87
72
75
63
53
42
42
42
42
19
42
31
70
136
92
147
1278
387
867
931
684
431
398
257
214
170
136
113
113
90
79
69
60
76
67
36
34
45
36
41
11
-1
28
60
7
41
32
24
46
????
1
22
10
17
8
20
-10
3
32
-12
12
13
4
27
4
5
3
-8
2
13
4
-2
12
15
-18
-15
-6
-20
4
-22
4
3
-9
2
6
-8
3
-5
10
-22
-13
-17
-15
-5
-18
-15
-14
-15
-14
-6
-14
-21
-21
13
-28
-17
-9
-8
-17
-5
-25
????
-16
-8
-7
-11
-9
-10
2
-7
2
-0
-6
-6
17
-12
-6
6
-4
9
-2
-0
-5
8
9
17
12
-9
1
-0
11
17
-5
-4
-5
-16
-9
-6
-4
-4
7
-25
-6
-4
-9
6
-17
-6
5
3
13
0
-10
2
2
1
1
-13
1
1
1
9
3
2
-7
-9
1
-9
0
-1
-8
-6
-10
1
-18
1
-18
-10
-11
-8
3
17
4
2
3
24
5
14
22
4
24
-5
10
25
????
-2
-6
8
9
9
7
8
18
-15
9
9
1
-8
14
26
10
4
24
7
16
-9
-11
6
-2
53
-11
-1
-1
-1
8
34
-20
2
-20
-1
-4
2
2
2
11
-7
-0
-8
55
-8
-8
-8
11
-17
46
54
10
83
11
1
1
1
20
54
55
72
????
82
216
2093
504
812
677
241
231
212
711
10152
1986
764
463
854
1454
1565
1038
1857
1123
853
600
456
366
278
233
188
176
154
121
121
97
86
85
86
86
71
70
70
58
69
58
58
35
47
27
109
43
68
50
52
19
37
57
24
44
34
32
44
45
33
23
10
44
34
22
42
4757
2754
2302
2117
1085
690
509
400
303
267
217
191
179
168
156
133
108
109
84
95
96
95
69
????
????
????
71
70
71
46
71
59
57
45
71
60
24
61
51
62
37
60
50
51
27
38
30
86
51
38
52
40
27
30
29
30
5
28
-32
29
28
50
37
281
27
51
51
27
3
27
-10
41
18
17
29
29
28
50
5
17
41
42
18
33
7
21
23
????
2
16
15
15
4
14
-12
-12
11
35
12
-36
11
10
14
1
13
13
1
12
13
6
9
8
6
-4
9
8
21
-3
6
7
12
11
2
4
6
8
32
9
-14
2
14
1
0
-10
1
2
-8
-9
1
0
-10
-6
3
-20
3
0
2
13
-22
????
-16
0
-11
-8
2
2
3
-9
12
3
1
-10
3
-8
-7
15
-7
-8
14
-6
3
-8
3
-19
3
4
-17
7
-16
5
-6
4
-2
-3
-12
-4
-8
4
-2
1
-10
-22
17
-2
-20
2
4
13
-10
-3
5
8
-2
-2
11
-1
12
1
-0
10
-1
1
11
-24
13
-20
-9
3
3
3
3
-9
14
-33
21
3
-11
37
23
7
7
7
-4
-10
24
-4
-30
-1
-14
-24
-15
-4
????
-1
6
-34
-20
-12
-11
-1
-1
-1
-11
-0
-0
-10
-11
-10
0
8
-12
-22
10
-9
-10
-10
-11
0
-9
-20
-10
-13
-5
-16
17
24
-28
-38
0
-12
-13
18
17
-2
-12
9
-11
-1
30
-29
3
3
-6
14
-7
4
-7
24
-6
3
-26
-210
5
-299
????
-15
511
88
20
-21
141
37
29
72
349
167
45
501
127
66
24
34
573
310
279
1803
1661
397
323
198
137
119
111
70
91
62
