Parameter stats for aggregated subbasin 22 
gwflow_coef 
min: 0.140000 
mean: 0.140000 
max: 0.140000 

gwsink_coef 
min: 0.000000 
mean: 0.000000 
max: 0.000000 

ssr2gw_rate 
min: 0.000000 
mean: 0.000375 
max: 0.004175 

slowcoef_lin 
min: 0.000000 
mean: 0.001755 
max: 0.012483 

slowcoef_sq 
min: 0.025000 
mean: 0.025000 
max: 0.025000 

smidx_coef 
min: 0.001000 
mean: 0.001000 
max: 0.001000 

carea_max 
min: 0.908611 
mean: 0.998730 
max: 1.000000 

sat_threshold 
min: 0.000000 
mean: 35.509887 
max: 64.800000 

soil_moist_max 
min: 0.000000 
mean: 5.342846 
max: 9.720000 

soil_rechr_max_frac 
min: 0.000000 
mean: 0.462542 
max: 0.666670 

pref_flow_den 
min: 0.000000 
mean: 0.000000 
max: 0.000000 

rain_adj 
min: 0.503911 
mean: 1.172218 
max: 3.296060 

Parameter stats for entire study area 
gwflow_coef 
min: 0.014000 
mean: 0.125174 
max: 0.140000 

gwsink_coef 
min: 0.000000 
mean: 0.000000 
max: 0.000000 

ssr2gw_rate 
min: 0.000000 
mean: 1.145436 
max: 125.959000 

slowcoef_lin 
min: 0.000000 
mean: 0.001601 
max: 0.018743 

slowcoef_sq 
min: 0.025000 
mean: 0.035680 
max: 0.100000 

smidx_coef 
min: 0.001000 
mean: 0.002059 
max: 0.010000 

carea_max 
min: 0.207167 
mean: 0.990456 
max: 1.000000 

sat_threshold 
min: 0.000000 
mean: 28.420449 
max: 64.800000 

soil_moist_max 
min: 0.000000 
mean: 5.116255 
max: 12.960000 

soil_rechr_max_frac 
min: 0.000000 
mean: 0.665075 
max: 1.000000 

pref_flow_den 
min: 0.000000 
mean: 0.031910 
max: 0.150000 

rain_adj 
min: 0.384262 
mean: 1.115907 
max: 4.835050 

NSE by gage: 
1 
0.74 
0.20 
-0.03 
0.65 
0.75 
0.58 
0.86 
0.70 
0.88 
0.75 
0.80 
0.77 
0.72 
0.80 
0.58 
0.70 
0.76 
0.61 
0.67 
0.58 
0.79 
0.74 
0.84 
0.66 
-1.11 
0.13 
0.69 
2 
0.36 
-46.43 
-1.09 
0.63 
0.81 
-0.68 
0.49 
0.56 
0.76 
0.55 
0.75 
0.74 
0.57 
0.74 
0.62 
0.66 
0.24 
-0.39 
0.60 
0.55 
-0.24 
0.70 
0.71 
0.77 
0.31 
0.52 
0.52 
3 
-0.15 
-1.13 
-0.98 
-1.24 
-0.13 
-1.16 
-0.10 
-0.25 
-0.07 
-0.11 
-0.37 
-0.32 
-1.59 
-2.50 
-0.46 
-0.19 
-0.44 
-0.10 
-3.28 
-1.18 
-2.48 
-0.34 
-0.03 
-0.26 
-0.32 
-0.29 
-0.17 
5 
0.57 
-6.96 
-1.77 
0.48 
0.55 
-2.70 
0.71 
0.35 
0.64 
0.80 
0.53 
0.64 
0.25 
0.76 
0.51 
0.70 
0.61 
0.60 
-0.88 
0.22 
-0.03 
0.51 
0.75 
0.35 
0.30 
-3.11 
0.40 
6 
0.62 
-6.43 
0.85 
0.73 
0.69 
0.37 
0.67 
0.61 
0.67 
0.58 
0.65 
0.72 
0.00 
0.34 
-0.04 
0.44 
0.49 
0.75 
0.76 
0.64 
0.84 
0.52 
0.77 
0.70 
-0.47 
-0.16 
0.57 
13 
0.66 
-3.44 
0.75 
-0.54 
0.81 
-0.28 
0.73 
0.80 
0.77 
0.78 
0.72 
0.83 
0.50 
0.76 
0.69 
0.63 
-0.83 
0.67 
0.59 
0.23 
0.86 
0.57 
0.83 
0.36 
0.47 
0.49 
0.60 
16 
-15.24 
-173.05 
-29.06 
-192.80 
-48.28 
-477.83 
-380.11 
-186.72 
-303.60 
-56.52 
-124.04 
-3.97 
-208.81 
-20.18 
-6.31 
-53.41 
-101.13 
-91.21 
-8804.73 
-114.29 
-64.49 
-571.84 
-11.61 
-540.87 
-17.98 
-11.86 
-13.19 
18 
0.09 
0.16 
0.18 
0.26 
0.03 
0.40 
-0.07 
0.02 
0.08 
0.07 
0.15 
0.18 
0.24 
0.11 
0.01 
0.06 
0.11 
-0.01 
0.14 
0.13 
0.29 
0.04 
0.05 
0.16 
-0.02 
0.23 
-3.80 
22 
0.66 
0.30 
0.67 
0.39 
0.82 
nan 
nan 
nan 
nan 
-0.69 
0.43 
0.74 
0.40 
0.71 
0.43 
0.68 
0.88 
0.93 
0.43 
0.73 
-0.18 
0.79 
0.82 
0.51 
0.00 
0.12 
0.25 
