177.91890522580644
132.36655071428572
80.03652132258063
53.195528766666676
115.07488267741934
54.74739626666666
44.44738925806451
39.92954345161291
39.3577047
39.12668770967742
36.79197539999999
39.39608080645162
31.505913483870966
86.13535064285716
548.7636347419354
103.68144306666667
86.12518032258065
74.21410996666665
65.1823683548387
56.17419803225806
49.84947216666668
53.28502096774193
52.00176280000001
74.15127793548386
83.96120541935485
325.6018664482758
177.56452399999998
118.53510646666668
90.57601167741934
83.78241946666667
73.96017835483872
63.226969935483865
57.175378099999996
62.05333883870968
55.38159896666666
334.8413113225807
555.7781335483872
369.78208046428574
216.91939690322582
186.32813960000001
163.81869177419352
140.74621903333335
116.88887603225807
105.02681061290323
94.58423756666666
97.31876877419356
100.31805233333334
204.74556000000004
171.7431959677419
289.15327246428575
132.81375387096776
128.1962034
106.99812803225807
88.60536389999999
77.72064841935482
68.84286883870968
62.15721526666667
59.35682603225807
155.33589806666666
178.19003087096772
948.5024051935484
208.11113574999996
744.5157475161291
252.3368066333333
212.6549439032258
173.82426016666668
150.46843064516128
134.22816948387097
120.0070798666667
107.3215419032258
96.32880283333334
363.98574883870975
230.68287977419354
433.18672524137935
235.86247712903227
195.89007619999998
166.23488712903227
132.74949993333334
114.1367818064516
100.97759416129031
90.71572323333335
88.15355380645161
123.01414353333332
587.8036725806453
614.7988806774193
197.5417363928572
174.25013364516133
145.7877706666667
127.00937283870968
112.94265930000002
95.12268367741936
92.3640051935484
78.47660590000002
77.26717829032256
228.42659706666666
180.73652548387093
355.07312925806445
1009.3846729285714
313.42886787096774
275.1708193
268.1082151935484
194.29038316666666
168.3758158709677
149.42711667741938
133.42826413333333
125.23981645161292
226.65137656666667
147.9522309032258
165.82720483870966
453.2815092857143
271.84783116129034
218.43390476666667
158.95854077419355
139.04130103333333
121.52379496774194
107.22086396774193
96.18458023333332
90.71696774193549
120.7157112
86.87966254838709
167.29769554838714
425.0904585862069
212.14200461290324
179.43419266666666
142.19756929032255
118.84771440000002
102.1670181612903
90.13273477419354
82.36477726666666
90.22132896774194
79.10753130000002
70.33465629032258
159.71869116129034
261.5449488928571
205.32518790322584
124.64770089999999
100.7187757419355
89.59300633333336
77.91229464516128
67.68228287096774
60.64066796666666
58.652596741935476
191.12681206666667
329.5627751290322
253.19594445161295
159.60039314285717
147.94183329032256
116.3083389
105.50926419354839
88.26174119999999
77.9932487096774
69.33626129032258
61.70011596666666
54.83997806451613
90.84080523333333
774.9722642903226
223.27786687096776
176.36461435714287
173.87524348387097
216.6798908333333
148.29385067741939
115.03770340000001
101.31892780645161
89.61930077419353
79.79578616666667
70.79515512903225
100.55707603333332
405.58465006451615
219.13535948387099
480.36992775862075
163.7243894516129
139.22346639999995
117.11481509677418
103.15479753333334
91.58794706451611
81.45380054838712
73.27130856666666
97.38695141935483
88.1089554333333
369.90387851612905
248.5146916774194
203.67903642857138
220.91111409677418
166.82439449999998
168.78771448387099
120.73772253333333
99.55827651612903
87.98516893548384
78.50596943333333
74.32693551612904
92.86312253333334
822.9967935161291
368.71224461290313
266.83840975000004
377.9586010645161
395.78533746666665
209.30900051612903
179.35861836666663
157.11894970967745
138.6238070967742
123.10013263333332
112.16123258064516
121.49807953333332
223.58231206451612
115.46466309677417
301.4958203214286
142.12163654838707
133.9833923333333
106.32928812903225
90.03125600000001
79.960385
69.85400054838709
62.11655163333334
67.84442983870969
52.57544573333333
95.50662274193552
456.99158958064515
151.1370222413793
94.4490284516129
79.0088548666667
66.97185780645161
58.00075786666667
50.80724538709678
44.62143696774192
39.42051239999999
43.30855045161291
67.5589279
55.91366409677419
40.083831677419354
244.5786404642857
198.39164609677417
78.69226236666667
116.20319267741935
58.18849869999999
50.87448361290322
44.89375261290323
40.19517033333333
66.87685803225807
45.73459746666666
83.32856258064517
541.9758982258064
252.01826571428575
181.60141780645162
258.35487836666664
149.49278651612903
113.32462286666667
98.78041412903225
88.35071812903229
79.53043393333333
160.20806706451611
125.94277226666667
324.04353232258063
172.55834835483876
262.81750082142855
442.74326422580646
205.48664666666667
183.99100832258068
169.38019860000003
135.2652824516129
118.40967458064517
105.54141309999999
115.63575703225808
105.82530866666667
80.10147948387096
158.91233787096772
100.35400731034483
224.33912780645164
123.00766836666665
88.14768532258066
75.82535523333333
66.21725874193548
58.15811961290322
51.29670266666666
56.657756225806445
328.23189906666664
489.9368330967741
148.41770622580646
118.70019542857143
114.28687225806452
97.72844276666665
77.64437525806451
73.73406103333333
61.51749841935484
53.76465532258065
49.570773133333326
42.945435032258075
42.281264533333335
36.26540506451614
30.48356387096774
391.72887378571437
135.97483841935482
116.98547046666664
65.25728693548386
55.516721366666665
48.613361677419356
42.86276054838709
42.39840923333334
41.400034806451615
66.1163161
709.6516242258065
107.28946458064515
306.90868660714284
99.73150583870968
101.00987936666665
77.75357196774193
65.79496479999999
59.544206064516125
51.31848477419355
49.441162333333324
41.71763187096774
51.483393233333324
237.4659056451613
171.1554700967742
136.79844132142856
79.89607906451613
57.17116726666666
164.70560019354835
66.15739463333334
54.519047580645164
49.29974512903227
49.42664443333333
46.428887032258054
43.28665833333332
46.04314422580645
39.844424354838715
92.90017739285715
559.7549658709676
128.46564113333332
107.77836696774193
93.10974223333334
82.84782464516128
73.10114406451615
66.03636850000001
75.16488761290324
75.4201095
109.03062329032258
134.51579083870968
385.20196282758616
217.40056996774192
158.4446801666667
125.31542761290324
115.02854273333335
102.85150929032255
90.0303049032258
81.90377443333334
97.41850574193549
86.45376553333335
502.0892259677419
646.0108489677419
404.76612250000005
255.18925264516128
223.41574506666666
199.9828944516129
184.31557456666664
150.53178412903225
136.9751418064516
125.36396693333333
121.10932661290323
124.77818413333333
245.3544335806452
185.33419200000003
364.5530319285714
165.61030258064517
158.65379156666668
132.7274828064516
111.04544293333335
99.22879441935484
88.99248696774194
80.22449056666665
77.6316102580645
169.82405400000002
194.2583356451613
1191.3468242903227
259.62895007142856
877.6879809032258
267.3706342
237.7340788387097
196.29306706666665
175.97196812903232
159.75973661290323
146.06190846666667
133.7611207096774
122.7652575
375.232371967742
285.3581937741936
366.0787603793102
253.74369854838716
213.01005320000002
181.81410190322586
150.2074459333333
134.60034409677422
121.38820896774195
110.18157206666665
105.75069093548386
114.96134513333331
445.0819431612903
456.0462775806451
185.5748241785714
164.40522212903227
139.86207086666667
125.37044680645161
112.90667809999998
98.76951496774193
96.42345574193546
83.29458949999999
80.53710574193548
241.9161744333333
173.51619683870962
292.4667411935484
988.5810568214287
285.4664070322581
252.97448666666662
311.23492890322586
202.83183753333333
178.7832955483871
162.21163816129038
148.4496798
141.74182922580644
238.3247492
159.80603303225806
159.74233106451612
349.0600316785714
262.9032300967741
216.70174586666664
167.03857806451614
149.5098114666667
133.2518362903226
121.0651353548387
108.70219186666667
101.8838683870968
117.85377309999998
96.46642203225805
150.00230712903226
297.1277211379311
185.78666670967743
172.88825036666668
140.97878019354835
119.64372533333332
104.19247658064518
93.86767329032259
85.79539983333335
87.090764
79.99558323333333
72.25768064516129
126.57906825806451
207.35807760714283
198.14205929032255
116.50419189999998
96.97477293548387
86.18920223333333
76.85577087096775
68.5561439032258
62.4837366
58.97818541935484
138.57583926666666
230.90437932258067
185.7094734516129
137.18610028571428
120.8707727419355
101.85757383333335
94.4641280967742
81.27927350000002
73.36569458064517
66.63251774193547
60.57325823333333
54.938750967741946
73.91077580000001
446.93805812903224
156.28787329032258
142.4234512857143
131.91181261290325
189.8407066666667
122.40551251612902
100.5591974
91.27562793548388
83.6057882580645
76.68801413333334
69.74300141935483
87.9054252
283.1801214516129
152.84887577419354
412.7869208620689
154.3609058064516
131.2031414
114.70070735483874
102.45331943333333
92.68551809677417
84.102045516129
76.7295305
95.27901951612904
80.96505313333333
239.36898358064514
219.9855846451613
164.3019097857143
152.21709364516127
134.11516786666667
124.79376796774196
98.65772979999998
84.61140474193547
76.63402332258065
69.81814236666666
65.55053774193549
84.43149016666666
814.728656483871
431.96490548387095
208.07991214285715
334.0493895806452
410.70832656666664
200.35283741935484
174.55830856666665
156.57794696774195
141.606185
129.29466223333333
119.22326745161291
124.26583736666664
194.3252889032258
121.68365961290321
224.70679271428574
134.8534774516129
125.57525123333335
106.61933541935483
91.94853330000001
83.2059796129032
73.96883441935482
66.8603513
69.27937380645162
55.901961400000005
92.65028987096775
568.2829878064516
213.32219896551726
125.59460451612902
106.20784760000001
92.73977245161288
82.39020983333332
74.1115695483871
66.99057493548388
61.21696553333333
61.44666693548387
83.91429769999999
73.88205977419355
58.69128790322582
314.1531053571428
208.38843429032255
105.97457119999999
100.20202548387098
78.95204790000001
70.43503241935483
63.40396416129032
57.58598910000001
79.07783638709677
56.68433430000001
70.57235790322578
486.57630399999994
186.13301889285717
155.4251039677419
207.5836961666667
122.00909829032257
102.29480050000001
90.51519325806454
82.1233649032258
75.10722200000001
109.51904248387096
94.35228360000002
208.89076780645166
144.83373945161293
181.23601585714286
374.5155359032258
177.6801926333333
162.6417401935484
152.48062543333333
122.68535800000001
110.23092803225805
100.58540363333333
105.02628358064516
103.32461900000001
80.93122309677419
117.44803422580644
98.52736065517242
221.9443179032258
132.34681736666667
97.97978477419352
86.35223296666666
76.80053890322581
68.88116483870968
62.11683936666667
62.505517999999995
229.5720755
358.27555877419354
133.1702806129032
109.87317510714287
106.2886492580645
92.45198086666669
76.04578032258063
70.23486933333335
63.03707287096774
56.521830838709676
53.10247546666667
47.317840032258054
45.4501321
40.54483064516129
34.65547580645161
166.5766668571429
90.40059383870967
78.85069093333333
50.66700006451613
44.2407981
39.67341948387096
35.77321129032258
34.36505003333333
33.89569093548386
45.06668293333334
543.6665981290323
87.78359487096776
267.7777586785714
86.05085938709679
85.55344416666668
71.73458829032259
59.661433633333324
57.07818554838709
49.19867493548387
47.06144530000001
42.07329932258064
50.4987338
249.71213932258064
13.490731193548386
10.110542214285717
6.556136129032257
4.263930566666667
8.713207290322583
4.2365083
3.366694193548387
3.0922830645161286
3.3670854666666665
3.670359451612902
3.549149833333333
3.95953141935484
2.9291310322580646
6.777919250000002
42.9424449032258
11.168526566666666
9.221521580645161
7.969063066666667
7.133062774193549
6.160634580645162
5.604155
5.473187032258065
5.248237433333334
5.527647032258064
6.580685870967743
26.823473896551725
17.686048612903225
11.408356066666666
9.17756277419355
8.8286412
7.867731838709678
6.773452580645162
6.3589699999999985
6.228194225806452
5.7070080333333335
23.229672548387093
51.7473325483871
31.65068653571429
18.779477516129035
16.992785366666663
15.501855516129032
13.1671648
10.946232258064517
10.141434677419353
9.416985733333336
9.208443419354838
9.670741166666666
17.207905387096773
16.72988835483871
25.835984035714286
13.853012806451614
14.0301824
12.031108419354839
10.016681666666669
8.922251677419354
8.09384193548387
7.616205866666666
7.121957967741935
14.680984833333332
16.635390709677417
54.02697116129033
19.232381964285715
69.85455441935484
26.319640166666666
22.085323193548387
18.419586733333333
16.23481158064516
14.958646548387096
13.750403433333332
12.742394806451614
11.751125900000002
37.40157522580645
18.652916290322576
33.38759255172414
23.326302387096774
20.10799133333334
17.608035935483866
15.085571533333335
12.84732370967742
11.61756580645161
10.833451966666667
11.015343451612905
15.6876859
73.83398906451613
62.59314229032258
22.589840285714292
20.47804583870968
17.092807800000003
15.435389161290322
14.255498233333336
12.270796129032256
12.853422903225805
10.996108333333332
10.974844193548389
25.14126633333333
19.860540354838705
38.451452612903225
80.0685057142857
33.62980919354839
29.905652633333325
29.13150680645162
21.999498433333333
19.568284129032254
17.955226903225807
16.648633733333334
16.246852903225808
31.185955899999996
20.771528548387096
21.574235258064515
48.57488235714286
31.902423193548394
26.948668033333334
20.875884354838707
18.743462466666667
16.927514645161292
15.488349709677419
14.483119499999999
13.947504290322582
18.128673566666667
14.183717322580645
22.439335903225807
43.92256168965517
25.397140935483872
21.807178033333336
18.244593838709676
15.829158233333333
13.924668419354836
12.676725322580646
11.9940239
13.722986419354838
11.881089166666667
11.190098999999998
20.25492551612903
29.91738825
25.330365709677416
15.780868833333336
13.118024322580647
11.76518166666667
10.566587612903225
9.47887387096774
8.749350466666666
8.431634483870967
23.84680553333333
32.52724838709677
21.282269516129034
17.001227821428568
15.506606161290323
12.854600999999999
11.767348193548386
10.2169097
9.338455096774192
8.614458290322581
7.970882133333334
7.372501032258065
12.1749177
88.12006222580646
23.333878838709673
19.529996250000003
20.87203038709677
28.254304233333336
17.871855903225807
14.7244119
13.358275903225806
12.232391806451613
11.35773903333333
10.551451516129031
14.6849554
38.761692032258054
20.884822387096776
41.57947506896552
17.659362129032257
15.919733899999999
13.703625129032257
12.449946933333333
11.426141290322583
10.538616838709679
9.889165366666669
13.044059548387096
10.6394809
31.751101774193547
28.489513870967745
21.023050107142858
24.221668193548386
19.45439906666667
18.7502735483871
14.748918766666668
12.107878225806452
10.986577483870969
10.139110466666667
9.78929687096774
13.330812533333336
70.72483232258065
30.30737861290323
27.804139464285715
36.96415070967742
40.03854560000001
24.128654548387097
21.1120081
18.9924524516129
17.3306375483871
15.994939933333333
15.065577193548389
16.678256866666665
28.26723329032258
15.737526516129032
34.878284964285704
18.455423612903225
17.632492066666668
14.712336774193547
12.906621900000001
11.860932032258063
10.736479580645161
9.868888966666667
10.748312096774194
8.766864566666667
15.359233096774192
53.367742322580646
21.246533172413788
14.82216206451613
12.827039233333334
11.235054419354842
10.115407433333333
9.232855483870967
8.471180806451612
7.822375300000001
8.277745419354838
11.439558833333331
10.073256483870967
8.045458741935484
28.34507892857143
17.23110970967742
11.762912100000003
12.03111748387097
8.9518583
8.06294129032258
7.3301199677419335
6.717681766666667
9.382795096774194
7.153902466666665
8.661475967741934
36.4768046451613
20.063446571428575
17.708190645161288
21.42557176666667
13.62884893548387
11.12170696666667
9.780419258064516
8.922245322580645
8.223349866666666
16.761041032258063
13.737139800000001
28.795010677419352
16.17694451612903
23.213071785714284
37.69131841935483
19.784651699999998
17.606080645161292
16.825545766666668
13.71672941935484
12.399699677419356
11.473279466666668
13.40287093548387
12.070248300000001
9.934155967741937
16.30540796774194
11.942618068965519
27.437037290322586
15.739129266666664
11.824902838709678
10.415608266666668
9.355015999999997
8.487889451612903
7.7505247666666675
8.029001387096773
32.246403
46.404738741935475
16.613658322580644
13.738017928571427
13.116810741935483
11.460356766666669
9.528569322580648
8.674934166666667
7.93211035483871
7.265022322580646
6.749470466666667
6.203804548387096
5.8103174
5.317649999999999
4.9788399354838715
33.36513035714286
17.513576419354838
14.027691933333331
8.270810870967741
7.135716266666667
6.358240741935483
5.741841870967742
5.8335033
5.83642435483871
8.7068524
59.93270999999999
12.450671774193548
39.86189074999999
11.528012580645159
12.025436433333335
9.364832838709676
8.113652466666666
7.623720161290323
6.800056354838711
6.765093399999999
5.947695548387096
7.305658600000001
31.697357774193545
297.57095574193545
210.2485084642857
118.78131396774191
74.8177491
148.02705683870968
71.20754626666665
57.55579
52.211270161290315
55.083639766666664
56.867978516129035
53.35054623333333
60.71659687096774
45.0377765483871
139.16787035714287
945.3521354516129
184.1037296
150.30428545161288
164.28070296666664
117.73436729032258
103.71627380645162
91.29997556666666
95.78312548387098
96.28780823333332
147.58960461290323
163.26726799999997
656.7021048965518
332.9114997096774
208.64138033333336
163.51896680645163
158.96914953333334
140.03053364516126
120.83975519354837
107.70415849999999
119.34446400000002
98.89805480000001
596.906163483871
935.812715516129
708.7622851785713
353.00974709677416
306.5939961
274.78046351612903
234.4189960666667
191.99999435483875
177.75832025806451
158.87047013333336
159.66778916129033
162.13892363333332
339.5042817419355
316.4651231612903
505.23260189285713
218.41730441935482
220.9074639
180.33338283870967
147.19156743333338
128.54954338709678
114.63401187096774
104.7590369
98.24684032258065
311.7656219666667
303.8895250645161
1585.0345915483872
328.2646524642857
1413.9744979354837
442.3436383333333
372.6848135806451
299.85739120000005
257.44889593548385
235.9578125806451
209.24774553333333
188.50100967741935
170.80287049999998
828.4506304193548
504.91404061290325
872.606500275862
411.9559843225806
352.737847
294.2163885806451
237.85920243333334
202.16511129032256
179.91814090322583
164.5993932
165.78130696774195
268.5976115
1330.9982881935484
1275.1213232580644
355.46944689285715
322.73279306451616
261.29530869999996
231.5323829032258
207.3041007
173.97170051612906
175.59310574193552
148.67391953333333
149.69623458064518
520.2676797333334
327.59448406451617
774.1360418709676
1937.453123678571
622.3050807096774
512.5472635666666
507.79139467741925
355.9679580666667
311.91928077419357
280.1231070967742
253.19558826666665
244.02991622580646
574.1375186999999
311.7943266129032
358.7157128709677
982.9458894642858
556.3333147419355
417.4991345000001
308.2337752258064
269.9469346
238.3547838064516
213.62507038709674
192.80741740000002
182.6239048064516
264.4979831
192.98048158064515
371.3303386129032
929.6041126896553
410.8167922903225
348.2335763666666
278.87210545161287
235.36337083333333
202.5077955483871
180.63788916129033
167.1998949
199.15322096774196
171.6102833
154.9679811612903
360.1957207419355
595.6941391071429
434.6404253548387
244.15141376666674
197.74558448387097
177.13583486666667
155.2144935483871
136.36247238709677
123.35398443333335
119.97633648387097
549.8506875333334
713.4619446774194
468.63399841935484
314.5523802142857
289.580265967742
224.0298514
203.36971303225806
172.3266498333333
153.92109796774196
138.43742738709676
124.96042449999999
111.7640488387097
235.34642790000004
1644.9367708709676
442.34868399999993
350.7980771785714
360.4055755161291
509.97629329999995
280.96436903225805
226.86419153333333
201.61203900000004
180.13561606451617
162.81946593333333
146.64699938709677
217.0014821333333
839.4114798387095
414.5723471290323
1002.7798045172412
310.94723648387094
267.21774303333336
226.0151650967742
200.4881839
179.618508516129
161.28741967741934
146.69663933333334
214.54988270967743
206.8843277
690.0550819354839
501.46122574193544
378.0231881428571
420.1979651935484
320.81145186666674
320.0922092258064
229.34504083333334
186.27962890322578
166.9090410967742
150.26984550000003
145.09407412903226
208.86316133333332
1421.7457129999998
503.0021912258064
558.6467030714286
832.0966146129032
798.1735837333333
398.014885483871
343.2354901333333
303.2534464838709
270.68977138709676
243.47725029999998
223.8377259354839
246.43911356666666
466.5768661290323
225.85329990322577
723.8548012857143
277.3338500645161
262.1769864666667
207.36206561290322
176.03717576666662
156.7840717096774
138.35552767741933
123.6002305
142.95985083870966
106.32946703333333
267.48267145161293
1037.364865451613
370.3382952068966
225.10540903225805
189.88418803333334
162.5582839032258
143.08059636666667
127.62166874193548
114.12524590322582
102.81708556666666
108.76428738709674
176.7297380666667
159.3658094516129
110.13623112903227
584.8474421071428
292.1162611290322
177.41239003333334
186.9829954516129
131.57674413333336
116.8931024516129
104.48412593548387
93.8471308
135.19932112903226
106.7619243
206.94813248387095
940.289541032258
441.19067178571424
318.4288460967741
474.3992492000001
240.98802177419356
191.71079790000005
167.18207790322583
150.47940683870968
136.24672599999997
276.64514645161285
248.03525146666664
595.8515973225806
308.15700561290316
465.92322603571426
803.8121536774195
353.0428399
315.7486288064517
291.2448792
233.5187150967742
206.77026309677422
186.30434633333334
216.9224882903226
203.71138783333333
150.7328602903226
358.6181978064516
199.11338251724138
528.6707376451612
258.9603810666667
179.91402151612903
154.95977366666668
136.64483
121.37857612903224
108.35621073333334
115.57967206451613
675.9572632333334
970.377428612903
255.34340341935481
207.33732685714284
207.3430888709678
171.77026956666668
136.57537325806453
126.02323286666669
109.40808287096775
96.56650025806451
88.24430786666667
78.24015129032259
74.39320473333333
64.60338196774194
57.445124193548395
749.4316543214286
308.3580420645161
210.87415469999996
122.99802061290323
105.15159020000002
92.68431148387097
82.6461242903226
83.78181143333333
82.80387058064517
145.42229509999999
1228.6400261290323
189.4947788387097
665.5595043928572
178.02223132258067
186.88389180000001
138.31938780645163
119.8751453
108.36033096774193
95.43598796774192
93.91884459999999
78.98155051612903
98.76517303333333
493.0808059677421
300.97709741935483
204.54014374999997
112.54843306451612
77.8372986
159.04171345161288
78.78259486666664
65.42572870967741
57.63643045161289
53.36016366666667
50.927470612903214
49.93919073333334
54.457381999999996
48.16179032258065
154.25319142857145
736.6858182258067
169.33950673333337
140.9395874193548
261.74133493333335
120.38051425806452
110.96944212903225
93.53118403333333
100.92951916129033
101.41010503333334
144.70143893548385
165.12841103225813
512.0280930689656
283.9376100967742
200.72517280000002
157.0300178064516
159.54690173333333
151.89856693548384
125.22980612903226
102.62575243333332
132.531078
100.77219066666665
494.22424922580643
880.739392
540.782871642857
353.5565724838709
296.9704150666667
258.45615683870966
245.55040009999993
204.74436354838713
191.47565687096773
164.85109293333335
207.74316248387098
182.1990045666667
324.11200648387097
243.42895861290322
390.9490659642858
204.16548167741936
196.28150553333336
164.4658193548387
135.61583676666666
120.37240083870971
106.95763561290323
95.07207480000001
95.87119080645162
286.6691915666667
281.12032787096774
1442.8572876451613
339.3261175714285
1084.6932793225808
403.9531928999999
339.23872629032263
300.6772720333333
255.21360641935476
234.74713929032262
197.6840457333333
177.7052841612903
163.9589886
694.4621730967742
558.1918885806451
851.829366965517
413.95483170967736
358.74134669999995
307.1487858387096
238.54009200000002
210.55838867741934
187.8645263870968
172.6737918666667
171.27282335483872
223.60807779999996
834.386529129032
1129.6094682258067
345.0326809642857
312.7033317096774
261.50212093333334
233.47945916129027
204.82146299999997
175.77555903225803
167.91128564516126
146.673913
142.1280653548387
441.50909373333326
301.1392949032258
666.6148815806453
1709.0313758214286
524.151375483871
482.3507195666667
464.42688080645166
342.8128251666666
300.1647988709678
268.52641619354836
241.64218873333326
227.2129014193548
420.27047696666665
276.6428832903226
326.80858619354836
890.0706356785713
480.51523009677425
371.2376262666666
287.72041632258066
253.03719903333334
223.39257896774194
198.47686348387097
177.19368129999995
160.9102424193549
194.7870558333333
159.3292552580645
290.1524121935484
790.6573106896552
361.39917864516127
298.0558800666667
243.5524344516129
203.49477363333335
179.14524919354838
159.18921532258065
145.95997936666666
163.47085203225805
141.50749140000002
131.59337638709678
268.8090325483871
404.4645245714286
292.006847483871
206.53505663333328
171.5811699677419
153.54162226666668
134.7267318709677
118.63778677419353
106.29711936666669
106.33207496774192
541.1909999333334
718.6228857741936
458.50751619354844
316.44886975000003
299.58110354838715
231.54749873333333
212.54253396774192
178.8111781333333
158.78331519354842
142.49198506451614
129.29916916666667
114.48913058064514
176.89506500000005
1181.599382419355
397.6427581612903
305.3064786785714
297.54480780645156
319.37791243333334
239.58028841935482
192.78743756666665
171.75327477419356
153.4151921612903
137.61267063333335
123.02918474193548
156.0349569
727.4878593870967
373.17237309677427
832.6339936551724
294.97811512903223
248.3634377
210.27093390322577
185.4454349333333
164.96010170967745
147.1336278064516
131.82319873333333
158.09917029032258
144.03573070000002
557.6081347096774
347.03948961290325
302.80990596428575
390.6746487419355
284.2292033333333
348.95527764516135
209.90577116666665
179.97846116129034
162.25907706451613
144.0254848666667
140.6554224516129
166.77435950000003
1093.643309129032
425.50237258064516
450.17978503571425
630.1683688387096
616.4751634666666
347.296933483871
300.87702189999993
265.6706498709678
236.41071622580645
211.76281603333334
195.4660848709677
213.60983649999997
360.90590909677417
198.94214058064517
506.3663451071429
232.5674161290323
225.32310083333337
179.24976680645162
152.88203443333336
135.82625938709677
120.04971667741937
106.68561536666668
126.83823780645162
94.14745873333335
268.8505866451613
867.577145516129
362.50484144827584
209.931432483871
179.86102843333336
155.47660787096777
136.8919453
121.90804706451613
108.75974993548385
97.32407273333332
97.19073322580644
147.76838423333336
135.78312758064516
97.83370961290319
478.75563578571433
250.12579674193546
159.27947086666663
164.40887761290324
119.36625783333335
105.8633459032258
94.41113077419355
84.85244180000002
152.60715058064514
90.73211836666664
146.31648558064515
740.6158238709677
404.40544878571427
315.56025700000004
359.2965139666667
240.34039529032256
194.22743763333332
169.44593909677414
152.01904722580645
137.0465353666667
195.8695497741936
179.5692585333333
474.5491020000001
256.4037054516129
420.4008755
650.7247687741934
322.8123183999999
297.892932483871
258.5058520666667
214.9924102580645
189.20404206451613
169.52276179999998
181.6396874516129
177.29061086666667
132.61632987096777
425.58036048387095
194.26451434482757
477.6357222903226
254.14677206666664
184.72206383870966
159.942384
141.02506341935484
124.92158451612903
111.15282289999999
116.72094393548389
486.98642293333336
678.6623179032258
248.11901377419355
207.03094371428574
196.5299141935484
178.84679153333335
139.53002058064519
128.07260453333336
111.90164151612905
99.10962461290322
90.08509653333333
79.89546570967741
73.84153093333335
67.49043822580646
56.501671032258066
926.5414913928571
218.37233945161293
202.20085926666664
121.95044132258063
104.897184
92.74634109677422
82.67290574193548
78.04613453333333
75.84195261290324
120.14390326666667
1083.328803967742
192.24864796774196
407.6874059285715
167.02854916129033
160.97740960000002
130.54906625806453
115.63355386666669
103.17788267741936
91.99296693548386
87.19828516666666
74.69672506451613
83.56478859999999
384.1819426774194
725.1567854516129
571.9500804642857
284.1359868387097
194.3523646333333
442.4858785483871
205.15299009999998
168.75375587096775
151.23157919354838
138.96060640000002
139.3956275806452
130.4923767666667
156.1111596774194
137.70838993548386
319.4902042857143
1489.7745034516129
362.9336767
306.89214190322576
260.7602438
227.6682782580645
197.78309287096772
176.44855263333335
241.74814648387095
297.73291076666663
420.5649009032258
476.6013205806452
1306.3923130344826
687.3405102903226
498.06716033333333
386.57961574193547
351.4311298333334
310.29166016129034
268.3560581612903
241.03820853333335
338.95431325806453
279.88144830000005
1568.0717007096773
2241.2163828709677
1300.9624611785716
823.3536599677418
733.1150525666667
648.361405548387
542.4034317666666
450.6161904193548
403.9650209032259
363.705645
346.9720772258064
353.8013491
851.8612984516129
659.7041023225806
1130.685903035714
513.4865924516129
504.2836296666666
419.5260971612903
340.66835929999996
299.0267163225806
265.26554548387094
236.05604876666666
226.93584419354838
671.9858840666667
680.4196941290325
3649.8734494516134
848.4959588928573
2275.6068204838707
1024.9205444
868.5609464838709
697.8844661666667
616.3546643548387
546.4135258387097
490.89569416666666
442.8209556129033
410.4158453666666
2055.4737297096776
1813.1488981290322
2064.6694096551723
1079.2376586774192
865.4481448666667
751.8504241290323
593.3360902333334
525.1142108387097
468.0133066451613
423.98520429999996
410.9723347741935
559.5050103666666
2215.9728481612906
2197.786717032259
829.9562811071429
743.4933650645162
631.759495
550.5204510967741
484.7479988333333
412.1128812258064
403.61871716129036
344.8547496333333
369.98728670967745
996.1923790333335
746.969926935484
2151.4407017741937
4017.2372059642853
1349.369011967742
1163.2677915333336
1108.156567
841.4869109666668
738.0099602258065
659.3768804838711
592.3884674000001
572.7903281290323
1089.2870509666666
794.8918494193549
878.6655667096774
2753.5357108571425
1201.187658387097
968.2188630333333
726.9448175806452
635.9999503666668
563.4830019677421
500.7902693225806
448.053478
427.85441125806454
642.2883814
498.9629033225806
886.1479936451614
1912.3626067931036
917.1437667741935
761.2315012666667
633.8638090322581
529.1647105999999
461.9470320645162
410.29805796774195
370.52214603333334
438.9066095483871
368.6638680666667
360.2789783870968
679.3817451290323
1063.0453754642858
718.5011939999999
504.9235948333332
413.384278967742
370.30850203333335
324.312226483871
283.2112497096774
253.5958040666667
260.47460354838705
1160.6410868
1597.3648503548386
1173.9090991290323
908.6570910714287
673.9945807096773
527.9896372999999
474.91134216129035
402.7429825333333
357.8430318709677
319.98595500000005
286.25131796666665
256.2351087419355
446.26426166666664
3040.8191839032256
1051.4956464193551
751.3460488214286
801.9346307419356
1009.9496673333334
609.1007256451613
495.77534760000003
440.1706678387097
392.81081309677415
354.8377664666667
316.1738890645161
459.69554396666666
2059.988621516129
918.5334218064517
2371.2788402413794
782.6246903225806
668.5920686333334
558.3040515483871
489.8590163666667
435.7041778387096
388.62077825806443
350.0057581333333
463.12477445161295
366.34250860000003
1729.188474419355
961.2933604516128
780.6000898928571
1055.6399581290323
800.2082910333334
901.000327483871
582.1878508666665
465.918727
412.7011987096773
368.82594659999995
359.70935954838706
550.5532091333333
3249.519733741936
1249.464808064516
1328.2135899642856
1575.9248467096775
1603.4062344666668
873.386377548387
757.9510571333333
669.4621868709678
596.1347687096774
533.9744663333333
486.5325158709678
621.6743138333334
1127.0513060967744
556.5166366451613
1495.5700962142855
618.9993870967743
591.0584030666668
473.5733722580645
401.32428916666674
357.7086492258065
314.61241122580645
279.19418706666664
355.54536025806453
257.3941797333334
812.133494032258
2058.2728215806455
1142.00832162069
532.5723555806452
450.0678087333333
384.4125723225806
337.1617079
299.1915362258065
266.16425348387094
240.4883424666667
261.89255229032256
322.29617190000005
353.53108693548387
266.07352561290327
991.2914443928572
611.401334483871
385.25429113333337
443.99014183870963
291.05116083333337
257.2241085483871
228.40600996774194
206.1891981
300.13516906451616
235.04028813333335
349.8479360967742
1680.0167987419356
847.7898646785715
733.2120981935485
1069.5379588666665
571.2006613870967
458.7198356333333
396.2718045806452
353.73546867741936
321.5163756666667
987.0071808709678
583.3295987666665
1391.259210548387
693.6036354516128
1128.057609857143
1598.5655460967741
798.4049936333333
723.9572671612902
635.6031967666667
525.9710731290322
464.37084100000004
415.74546146666665
505.82559312903226
472.7669706666666
345.7407100645161
1139.721779967742
517.7203647241379
1126.2012002258066
649.6151107666666
470.09651329032266
400.78687320000006
350.96979999999996
310.9797019032258
275.9857233
286.15615790322585
1245.1209453333333
2155.0306857741934
587.9878739032258
491.9673604642857
474.69574835483866
443.27558573333334
333.46200216129023
326.7161701333333
268.9358763548387
236.47449541935484
222.02220476666665
193.94685145161293
195.82641103333333
165.44675225806455
137.76030054838708
1534.3481683928571
628.0316262258065
420.9801395333334
263.36320748387095
224.8913149333333
199.50586732258066
176.98998058064512
171.78428956666664
180.8851045483871
330.12902629999996
2136.9099428709674
408.6913328387097
1203.50269975
373.5746799354838
365.9703616
292.8644591935484
251.72397200000003
225.2987793548387
200.09405422580647
191.73395050000002
163.86564070967745
200.7967593333333
1448.7883186774197
518.0100826129033
410.9840862857143
182.29372503225807
115.90524823333334
288.0395453225806
115.19745466666666
95.34199922580645
85.75977083870967
78.72120373333334
78.84892816129033
75.86236883333333
89.07415638709676
77.05305012903227
339.15127753571426
1899.877524935484
249.22406199999995
207.1037043870968
206.29917820000003
162.23552325806452
142.20558790322582
127.73314833333333
144.67391693548387
177.69482456666665
351.51781083870964
309.4124958064516
1330.1586542413795
543.7429505161291
339.8578478333333
255.38667606451614
233.7737795666667
211.3734725483871
183.27646074193547
164.6164928
216.88429851612904
165.69729763333333
968.3222708709678
1738.6668953548387
1174.4604387142858
549.9967202903226
468.80152539999995
391.778300967742
347.49877019999997
288.996284
259.94580748387096
234.43698630000003
238.41291348387097
247.33483589999997
685.6765456774194
482.1428881290322
1035.4939175357142
335.6620376129032
321.8185902666666
266.2830878064516
219.1868153666667
194.79880158064515
174.16822841935482
156.10952613333336
156.26699399999998
621.8664854000001
614.9407359677418
3630.1972193225806
548.0972102857143
2391.7711211612905
636.4598980666667
539.5000460000001
445.3244083666667
394.2627883870968
354.3416552903226
319.55901606666663
288.71300599999995
269.46334593333336
1369.568061935484
1006.1942713225807
2177.7368373103445
674.6727654193548
532.9308369666667
451.4062047096774
355.00120976666665
316.29418225806455
283.80796016129034
256.54943423333333
258.82326567741933
384.90825469999993
1734.0674883548386
2241.036680741935
515.6308422142856
493.22381116129026
397.14650566666666
344.5871196774193
310.6319005666667
267.4498177419355
258.3888831935484
222.59081883333334
228.86463606451616
908.3999862000001
569.3618265806451
1568.5382096774192
4178.934622607143
900.0477594193549
805.9108846666666
835.458530516129
569.6106312666667
503.20213161290326
453.17311238709675
409.7071981
399.7329948387097
960.8026233
493.65156654838705
649.6820608064515
2274.837790821429
914.7504049032257
690.5215367999999
474.5013083870968
419.805561
374.0463176774194
334.40986148387094
300.4516238
286.0823045806452
511.1640607
328.02065619354835
789.0522373870967
1934.9179326896551
742.0997819677419
561.0765040333333
458.56895577419357
384.6631334333333
339.8964439032258
304.49057025806457
275.85860379999997
324.33132377419355
264.2913748666667
250.67368732258063
673.4714529354839
1012.3623676428571
602.2490123548387
380.9537820666667
315.5836378709678
281.9194045
250.46521677419358
222.3243868387097
200.69199986666666
231.67137961290325
1065.0340609333334
1449.4275088387099
927.4895143225808
569.3634621785715
504.2911231935484
362.6537906
338.3047143548387
285.3935624666667
255.3754125806452
229.85781432258065
206.70649886666666
185.67537164516128
321.0962943
2553.3883198709677
924.0203451612904
561.5379748928572
641.9854126451613
603.7489648999999
407.4894491290322
329.97332303333326
296.2492870967742
266.4972055483871
240.44335310000002
216.58462767741935
279.19468113333335
2059.2984413225804
774.5119332580643
2377.9676553448276
537.2254953548387
452.84702289999996
375.25375377419357
332.72449329999995
298.1197954193548
267.69214516129034
241.120949
327.7292943225807
286.09958616666665
1490.8000377096776
773.649290032258
680.5183730714285
884.796686935484
534.9586871333333
852.6044275806453
408.1789124666667
336.975145483871
301.5606540967741
271.5825716666667
265.74563793548384
321.0654648666667
2616.337212870968
983.5477382258064
1130.888159642857
1500.5454618387093
1352.3279383666666
604.2257296774194
528.0449041333333
469.7075167096774
420.9295268709677
379.15628200000003
349.03200032258064
390.4519158666667
818.3700041612904
357.10079112903225
1577.3155443214284
422.5081671612903
422.6157107
326.08113429032255
280.30887386666666
251.18139193548387
222.92156870967744
199.39284560000002
324.344198
190.42406023333334
900.6863131935485
2057.8401532903226
771.3688764137933
383.7920434516129
329.7574252333334
288.5926928064516
256.9185404666666
230.73701958064515
207.3632362580645
187.96898613333332
198.9780169032258
384.2506586333333
298.73638574193546
204.81559425806452
1329.2562975
584.7135528387097
315.05477803333326
331.5462787741935
237.4883332
212.176401483871
190.24750277419358
172.9389994
319.6423856451613
189.04198343333331
323.32490141935483
1812.552019387097
900.8803567142858
610.954434483871
853.4620647
428.3799772580645
351.31405643333335
309.28540938709676
278.277502516129
252.5775031333333
598.1960629032258
440.2916580333333
1198.6780247419354
513.3583726451612
942.8952216071428
1455.2472687741933
575.1432973333334
535.5580524193549
463.4414753666666
389.1061020967742
344.6871750645161
309.9095738333333
375.8606419677419
389.2439253
252.88965622580642
1075.9175073870965
458.4520461724138
1194.9148961290323
524.6037922666667
358.5062416774194
309.1807616666666
274.104021451613
245.1172495806452
219.45608236666664
228.58712961290323
1181.5934707000001
1817.3945280645162
441.6855018064516
362.9599433928571
357.71742996774196
375.4415767666667
256.23601203225803
256.0509254333333
211.0204930645161
187.71391493548387
169.77078506666666
150.99964751612902
151.3526762
132.556132
108.56000748387095
1658.411033357143
484.85605280645166
334.9066762666667
187.47177777419353
163.0067646
146.54861612903227
131.30108167741935
122.78055853333335
121.97847403225803
186.41870153333335
2341.618183806452
281.0182389354839
1212.288729357143
258.516571
253.46222763333336
204.67771529032257
180.84928013333334
163.53512225806452
146.01728141935484
137.19847456666668
120.0108576451613
138.30686733333334
766.9223787096773
217.12473345161294
144.45061714285714
74.41909716129032
49.00253736666667
111.55330770967743
47.624193766666664
38.178533032258066
33.47489183870968
30.71769173333333
30.082484354838712
28.951347066666663
32.26625029032258
33.048837516129026
88.59959596428571
463.6082956129032
90.16831276666667
71.42296661290324
61.51403746666668
52.90602203225806
45.30402309677419
40.01382796666667
68.96410258064516
66.36555986666666
103.48163138709677
94.21879812903225
351.5788014827586
170.41482900000003
113.13611686666667
82.60833477419355
74.3888022
64.94719038709678
55.278725806451604
48.924047699999996
66.37671416129032
51.292490900000004
368.2754165483871
533.6967909032259
336.1549531428571
195.051268
152.8136481
134.71789312903226
113.8063984
92.27047793548387
80.3121814516129
71.16326716666666
69.92363103225807
78.39845436666667
173.8050447419355
156.2607550645161
275.6745831428571
108.87708632258065
108.162463
85.8902185483871
69.37239946666668
59.782157612903234
52.441485870967746
46.2705549
47.94708751612904
173.05847203333332
170.61927103225804
745.7434478387096
161.84022675
445.154377483871
191.30875873333332
162.55055248387094
122.67842876666666
101.69886364516128
90.10103977419354
80.5405313
71.68191438709678
67.33472793333334
470.92537403225805
331.7461994193548
522.7175692068965
219.03325422580644
180.37156776666666
159.86876038709676
116.96611566666667
101.86388229032258
89.82899903225807
80.12073693333332
76.77245235483872
132.05349993333334
648.2039294516129
708.3528744193547
180.36642896428572
161.21449058064516
135.35254233333333
112.61267232258066
99.41057216666667
83.9930799032258
84.26416874193549
69.49615523333333
80.01250803225805
255.12934340000004
172.25679809677422
551.4713785483871
1196.0114657142856
308.07749806451613
255.42893100000003
232.65798880645158
178.6505313333333
155.0798743870968
137.76559858064513
122.92629936666664
121.96044870967742
257.8853678
160.22413158064515
192.11194177419355
701.6567108214285
267.1113192580645
215.92912170000005
152.45423
132.89988839999998
116.53742719354838
102.82320393548386
91.28729290000001
86.38453387096774
111.224333
82.53353190322582
165.071166
544.623429275862
207.82812941935487
161.10875723333334
136.41272806451613
112.46797703333331
93.5952301935484
83.07813841935484
75.32543603333335
87.99290832258065
70.76834576666666
68.79187180645162
155.04431845161287
262.50643125
187.88582058064515
105.85337006666666
86.58953583870966
76.92653486666666
66.32315193548388
57.46510603225806
51.03446973333333
55.608750225806446
255.48959096666664
417.8315575483871
300.3863821290323
187.7063703928571
155.96714699999998
113.89364016666664
100.90738674193548
86.10224026666668
76.54300193548387
68.1496146451613
59.320256666666666
53.48113532258065
78.47493486666666
633.6682148064515
276.4020363225806
161.76772410714287
167.08901622580646
176.25349153333337
121.79429706451614
98.82974340000001
86.02610283870969
75.92528722580644
67.7371974
60.34645248387097
86.10125829999998
416.2456386774194
207.89807209677423
673.4455127931035
169.64447474193548
141.62629
121.1304730967742
106.4266188
89.42591122580646
78.69359216129031
70.05942763333334
89.76751803225807
84.2576572
342.7689399032258
229.5440669354839
182.25518060714285
229.44540729032258
153.83582923333333
151.5746541612903
109.90420093333334
89.51461412903225
78.8254752580645
69.9129196
69.87028158064516
96.33179643333334
780.0179165806451
279.6407926129033
312.9399900357143
393.84400648387094
342.98399913333327
193.40713683870965
164.58649566666668
143.80104690322582
126.96242822580646
112.82785823333336
103.36441083870969
128.88773063333335
226.72036029032256
113.7787043548387
382.34411671428575
133.85997422580647
127.55337643333333
107.0590206129032
89.35639829999998
74.43879019354839
64.902675
57.128533899999994
72.60054329032258
49.87331040000001
188.29772241935487
459.91990312903226
245.48073679310352
118.16504861290323
98.89950223333332
84.55119648387097
73.65879213333332
64.85739551612903
57.342894580645165
51.46921903333333
52.303810483870976
74.71771266666666
89.10935551612903
53.05821338709677
290.26406275
136.30800038709677
87.47330316666667
107.69674109677419
66.7467709
57.510601548387086
50.26206903225806
45.728241600000004
81.86217422580646
51.29886389999999
81.97758551612903
414.0722548387097
247.2228405714286
178.70450629032257
232.1243740666667
122.42855829032257
98.45890216666668
84.95593903225807
75.36664180645161
67.95507836666668
245.31363548387094
116.43954586666669
341.208858516129
153.67877125806453
289.6176340357143
410.4371944838709
177.35798006666667
163.43350803225806
139.48534216666667
114.32040603225806
99.87858406451612
88.75676726666666
108.15297429032259
94.85505296666668
68.477728
281.05953632258064
100.0138222413793
207.9326016451613
101.94508296666666
76.08051116129032
65.51772879999999
56.018482741935486
49.290052483870966
43.49183143333333
54.875173806451606
353.0619455666667
512.960322612903
130.34287590322583
104.5875962142857
103.39803596774192
99.12958060000001
69.53237487096774
71.41058446666666
56.035647258064515
49.609438677419355
44.91421733333333
39.20932193548387
47.7824284
35.88509725806451
29.247313387096774
554.7283259285716
164.65846638709678
94.03546896666668
58.93108858064517
49.879386
44.309400419354844
39.24610593548387
37.4619392
38.42444187096774
76.74309086666666
631.6560745161289
97.09514635483872
313.3837640357142
88.2448399032258
88.11773986666667
68.02685064516129
58.483384733333324
51.63883280645162
45.61621832258064
44.0684594
36.89719925806451
44.2252065
316.2635010322581
350.14463329032264
261.74199564285715
102.3767196451613
62.97290816666668
186.94388938709673
68.0867698
56.76228341935483
51.14417087096773
47.201113500000005
47.11537345161291
45.1560193
49.44252148387097
45.08256267741936
247.23565053571429
1242.2085137096776
152.27065209999998
128.17875332258066
137.01127110000002
102.26442196774195
90.71848203225807
81.95340200000001
83.85061448387096
91.87130433333331
171.45023174193545
195.0384919032258
924.073821586207
362.4079935806452
207.10939593333333
160.08088729032258
147.19137780000003
134.06236561290322
117.14163093548386
105.6304423
140.20234529032257
103.01565350000001
661.2104663225807
1225.395962967742
817.3003845357143
342.6144668387097
293.59832866666665
244.08278016129034
218.98765046666665
186.1539304516129
168.4223324516129
152.81511400000002
160.73463225806452
164.4324567
481.40717674193553
286.8504039354838
640.99913425
208.85376806451615
200.4994438333333
167.1018417741935
140.13826753333336
125.91311641935485
113.54564893548384
102.66319440000002
103.36540558064516
396.03730823333336
364.95620306451605
2314.3425121290325
316.2983485357143
1675.0281592258063
369.74772703333343
318.15372129032266
264.2353789333334
235.4447424193549
213.04241541935485
193.10465999999997
175.66038506451608
162.8352266
829.3066945806453
650.879998516129
1439.7536953448275
409.4108608064516
325.5003672333333
280.5230663870968
223.17269726666663
200.5058226451613
181.41864435483873
165.0328564666667
170.83857829032257
261.61065659999997
1152.357372580645
1397.4355454193546
307.39189964285714
307.7195767741935
244.76181833333334
216.79419045161288
195.5375068
171.92547861290325
163.51356500000003
144.33552296666667
141.90138661290325
590.4053230000001
339.2454787419355
877.2041553225805
2658.462594571429
515.3379951290323
469.0485498333332
536.9786527741936
338.96822486666673
300.99191661290325
272.43858167741934
247.73532676666665
237.9036308387097
598.3980561666667
277.94840425806444
365.81944158064516
1198.8460574285714
577.5286464193547
400.1175679666666
288.3655529354839
257.0575507666667
230.64850551612903
207.85709577419354
188.2330327666667
179.37735838709676
319.86224443333333
199.61173
528.7863894516129
1167.5971747931035
426.15936129032264
338.3506356333333
277.72002793548387
234.7428163
209.54810432258066
189.05069709677423
172.1425497
204.8029849032258
167.21662426666666
157.09648216129034
431.257867516129
662.5324811785713
373.6654564193548
241.13039156666667
200.80804077419356
179.2511904333333
160.82004006451615
144.68398248387098
131.56769673333332
154.8500171290323
687.0049491000001
839.013264967742
379.28504032258064
285.85163414285716
296.81864977419355
212.31711723333333
201.66277254838712
170.43178630000006
153.71325841935484
139.34259316129032
126.5032717
114.49070787096773
220.7477082
1782.0662488064515
499.01167638709677
369.99406632142865
407.871735
361.3907481333333
256.7676804516129
207.72135919999997
187.40856393548387
169.47707993548386
153.7553913
139.5113540967742
171.01322816666666
1259.3847281612905
484.01581022580643
1392.610283965517
306.3744051935484
264.92717723333334
221.9753356451613
198.61842859999996
179.18721393548384
162.08434090322584
147.10199173333334
210.93597290322583
186.9643482333333
925.742036935484
449.0747164516128
409.3231166071429
567.6630068064517
323.54846413333337
620.8407306774195
247.95864939999998
213.99721196774198
192.6100267741935
174.4373677
170.08703487096773
186.51992853333334
1449.6802826774197
552.3968907419354
698.0130693214286
895.535421064516
810.0215893999998
361.87517190322586
317.4897877666666
283.7660698387097
255.6538338709677
231.6323513
215.84540187096772
220.42775406666667
475.00109425806454
211.81852216129033
1044.8329361785713
254.10186358064516
265.4234417666667
201.77989035483867
175.3553625333333
158.52443151612903
142.1240682903226
128.55383930000002
222.78871654838707
124.51206816666668
534.5541796774194
1334.9324419677423
443.7811656896552
230.66686512903223
200.04400006666668
176.6478116129032
158.47171079999995
143.3645720967742
129.80593493548386
117.7633153
124.75881822580645
284.3784165999999
196.6051035483871
136.37944416129034
922.4369814642857
404.573654483871
204.76127869999996
208.77034616129032
156.1693822
140.21342787096776
126.45893335483872
115.16551516666667
238.48429577419358
126.49523359999999
199.35826222580647
1204.8018820322584
584.8559585
371.59012448387097
424.7533953333334
262.84248451612905
216.31579906666673
192.3682143548387
173.91113719354837
157.8955017333333
283.66763148387093
251.4486681333333
623.2495411935483
288.2380976129032
566.0170348571429
807.359225967742
328.9968182333334
301.57960390322586
266.2952828
226.85313519354838
201.7418203548387
182.64640043333333
230.87613435483868
239.967747
154.559839516129
686.3886992903224
296.1299704482759
739.1463968064517
340.01887056666664
224.96224393548388
197.36067046666665
176.4629165483872
158.56755925806453
143.23254649999998
146.3485254516129
645.5981979000002
989.3311197419356
261.5751168387097
217.98093703571428
215.2689966774194
199.36487056666664
155.40720416129028
148.93413856666666
128.93653964516128
114.61284329032259
105.3928524
94.86305961290321
91.18148823333333
81.8307653548387
69.56125419354838
1080.5858525714286
244.9965149032258
206.40621760000002
118.6847827096774
104.58449733333333
94.14889309677419
85.17176406451613
79.76534946666668
80.16428980645159
112.25526753333335
1357.2521302580647
170.25986245161292
720.8927312142858
156.2852384516129
153.63605173333335
124.65241767741935
111.70393803333334
102.2382237096774
91.86168816129032
85.97065086666667
76.20258425806452
86.24895743333335
342.0830650967742
