

                          U.S. Geological Survey
        Coupled Groundwater and Surface-water FLOW model (GSFLOW)
                         Version 1.3.0 03/13/2018

    An integration of the Precipitation-Runoff Modeling System (PRMS)
    and the Modular Groundwater Model (MODFLOW-NWT and MODFLOW-2005)


               Precipitation-Runoff Modeling System (PRMS)
                       Version 5.0.0 04/06/2018

        Process            Available Modules
--------------------------------------------------------------------
  Basin Definition: basin
    Cascading Flow: cascade
  Time Series Data: obs, water_use_read, dynamic_param_read
   Potet Solar Rad: soltab
  Temperature Dist: temp_1sta, temp_laps, temp_dist2, climate_hru
       Precip Dist: precip_1sta, precip_laps, precip_dist2,
                    climate_hru
Temp & Precip Dist: xyz_dist, ide_dist
    Solar Rad Dist: ccsolrad, ddsolrad, climate_hru
Transpiration Dist: transp_tindex, climate_hru, transp_frost
      Potential ET: potet_hamon, potet_jh, potet_pan, climate_hru,
                    potet_hs, potet_pt, potet_pm, potet_pm_sta
      Interception: intcp
     Snow Dynamics: snowcomp
    Surface Runoff: srunoff_smidx, srunoff_carea
         Soil Zone: soilzone
       Groundwater: gwflow
Streamflow Routing: strmflow, strmflow_in_out, muskingum,
                    muskingum_lake
Stream Temperature: stream_temp
    Output Summary: basin_sum, subbasin, map_results, prms_summary,
                    nhru_summary, nsub_summary, water_balance
                    basin_summary, nsegment_summary
     Preprocessing: write_climate_hru, frost_date
--------------------------------------------------------------------


    Active modules listed in the order in which they are called

        Process                   Module                Version Date
====================================================================
====================================================================

Using Control File: C:\Users\jaengott\Documents\Projects\Russian_River\RR_GSFLOW\windows\prms_rr.control

Using Parameter File: C:\Users\jaengott\Documents\Projects\Russian_River\RR_GSFLOW\PRMS\input\prms_rr.param

Writing PRMS Water Budget File: C:\Users\jaengott\Documents\Projects\Russian_River\RR_GSFLOW\PRMS\output\rr_budget.ou2
