001 (4442.001.000) 2021-09-24 12:40:22 Job executing on host: <192.168.137.8:9618?sock=startd_17636_113e>
...
001 (4442.002.000) 2021-09-24 12:40:23 Job executing on host: <192.168.137.8:9618?sock=startd_17636_113e>
...
001 (4442.000.000) 2021-09-24 12:40:23 Job executing on host: <192.168.137.8:9618?sock=startd_17636_113e>
...
001 (4442.003.000) 2021-09-24 12:40:23 Job executing on host: <192.168.137.8:9618?sock=startd_17636_113e>
...
001 (4442.006.000) 2021-09-24 12:40:24 Job executing on host: <192.168.137.8:9618?sock=startd_17636_113e>
...
001 (4442.005.000) 2021-09-24 12:40:24 Job executing on host: <192.168.137.8:9618?sock=startd_17636_113e>
...
001 (4442.008.000) 2021-09-24 12:40:24 Job executing on host: <192.168.137.8:9618?sock=startd_17636_113e>
...
001 (4442.004.000) 2021-09-24 12:40:24 Job executing on host: <192.168.137.8:9618?sock=startd_17636_113e>
...
001 (4442.011.000) 2021-09-24 12:40:24 Job executing on host: <192.168.137.8:9618?sock=startd_17636_113e>
...
001 (4442.012.000) 2021-09-24 12:40:24 Job executing on host: <192.168.137.8:9618?sock=startd_17636_113e>
...
001 (4442.013.000) 2021-09-24 12:40:24 Job executing on host: <192.168.137.8:9618?sock=startd_17636_113e>
...
001 (4442.010.000) 2021-09-24 12:40:24 Job executing on host: <192.168.137.8:9618?sock=startd_17636_113e>
...
001 (4442.007.000) 2021-09-24 12:40:25 Job executing on host: <192.168.137.8:9618?sock=startd_17636_113e>
...
001 (4442.009.000) 2021-09-24 12:40:26 Job executing on host: <192.168.137.8:9618?sock=startd_17636_113e>
...
006 (4442.001.000) 2021-09-24 12:40:31 Image size of job updated: 20788
	21  -  MemoryUsage of job (MB)
	20788  -  ResidentSetSize of job (KB)
...
006 (4442.002.000) 2021-09-24 12:40:31 Image size of job updated: 20800
	21  -  MemoryUsage of job (MB)
	20800  -  ResidentSetSize of job (KB)
...
006 (4442.000.000) 2021-09-24 12:40:31 Image size of job updated: 20780
	21  -  MemoryUsage of job (MB)
	20780  -  ResidentSetSize of job (KB)
...
006 (4442.003.000) 2021-09-24 12:40:32 Image size of job updated: 20796
	21  -  MemoryUsage of job (MB)
	20796  -  ResidentSetSize of job (KB)
...
006 (4442.005.000) 2021-09-24 12:40:32 Image size of job updated: 20780
	21  -  MemoryUsage of job (MB)
	20780  -  ResidentSetSize of job (KB)
...
006 (4442.006.000) 2021-09-24 12:40:32 Image size of job updated: 20784
	21  -  MemoryUsage of job (MB)
	20784  -  ResidentSetSize of job (KB)
...
006 (4442.010.000) 2021-09-24 12:40:33 Image size of job updated: 20748
	21  -  MemoryUsage of job (MB)
	20748  -  ResidentSetSize of job (KB)
...
006 (4442.004.000) 2021-09-24 12:40:33 Image size of job updated: 20792
	21  -  MemoryUsage of job (MB)
	20792  -  ResidentSetSize of job (KB)
...
006 (4442.011.000) 2021-09-24 12:40:33 Image size of job updated: 20776
	21  -  MemoryUsage of job (MB)
	20776  -  ResidentSetSize of job (KB)
...
006 (4442.008.000) 2021-09-24 12:40:33 Image size of job updated: 20784
	21  -  MemoryUsage of job (MB)
	20784  -  ResidentSetSize of job (KB)
...
006 (4442.012.000) 2021-09-24 12:40:33 Image size of job updated: 20744
	21  -  MemoryUsage of job (MB)
	20744  -  ResidentSetSize of job (KB)
...
006 (4442.013.000) 2021-09-24 12:40:33 Image size of job updated: 20772
	21  -  MemoryUsage of job (MB)
	20772  -  ResidentSetSize of job (KB)
...
006 (4442.007.000) 2021-09-24 12:40:34 Image size of job updated: 20808
	21  -  MemoryUsage of job (MB)
	20808  -  ResidentSetSize of job (KB)
...
006 (4442.009.000) 2021-09-24 12:40:34 Image size of job updated: 20764
	21  -  MemoryUsage of job (MB)
	20764  -  ResidentSetSize of job (KB)
...
006 (4442.002.000) 2021-09-24 12:45:32 Image size of job updated: 21260
	21  -  MemoryUsage of job (MB)
	20800  -  ResidentSetSize of job (KB)
...
006 (4442.001.000) 2021-09-24 12:45:32 Image size of job updated: 21240
	21  -  MemoryUsage of job (MB)
	20788  -  ResidentSetSize of job (KB)
...
006 (4442.000.000) 2021-09-24 12:45:32 Image size of job updated: 21236
	21  -  MemoryUsage of job (MB)
	20780  -  ResidentSetSize of job (KB)
...
006 (4442.004.000) 2021-09-24 12:45:37 Image size of job updated: 21248
	21  -  MemoryUsage of job (MB)
	20792  -  ResidentSetSize of job (KB)
...
006 (4442.005.000) 2021-09-24 12:45:37 Image size of job updated: 21232
	21  -  MemoryUsage of job (MB)
	20780  -  ResidentSetSize of job (KB)
...
006 (4442.010.000) 2021-09-24 12:45:37 Image size of job updated: 21220
	21  -  MemoryUsage of job (MB)
	20756  -  ResidentSetSize of job (KB)
...
006 (4442.011.000) 2021-09-24 12:45:37 Image size of job updated: 21240
	21  -  MemoryUsage of job (MB)
	20776  -  ResidentSetSize of job (KB)
...
006 (4442.006.000) 2021-09-24 12:45:37 Image size of job updated: 21236
	21  -  MemoryUsage of job (MB)
	20784  -  ResidentSetSize of job (KB)
...
006 (4442.008.000) 2021-09-24 12:45:37 Image size of job updated: 21252
	21  -  MemoryUsage of job (MB)
	20784  -  ResidentSetSize of job (KB)
...
006 (4442.003.000) 2021-09-24 12:45:38 Image size of job updated: 198428
	194  -  MemoryUsage of job (MB)
	198428  -  ResidentSetSize of job (KB)
...
006 (4442.012.000) 2021-09-24 12:45:39 Image size of job updated: 21196
	21  -  MemoryUsage of job (MB)
	20744  -  ResidentSetSize of job (KB)
...
006 (4442.013.000) 2021-09-24 12:45:39 Image size of job updated: 21228
	21  -  MemoryUsage of job (MB)
	20772  -  ResidentSetSize of job (KB)
...
006 (4442.007.000) 2021-09-24 12:45:39 Image size of job updated: 21268
	21  -  MemoryUsage of job (MB)
	20808  -  ResidentSetSize of job (KB)
...
006 (4442.009.000) 2021-09-24 12:45:40 Image size of job updated: 21240
	21  -  MemoryUsage of job (MB)
	20764  -  ResidentSetSize of job (KB)
...
006 (4442.002.000) 2021-09-24 12:50:32 Image size of job updated: 1317580
	1287  -  MemoryUsage of job (MB)
	1317580  -  ResidentSetSize of job (KB)
...
006 (4442.001.000) 2021-09-24 12:50:32 Image size of job updated: 1321804
	569  -  MemoryUsage of job (MB)
	581636  -  ResidentSetSize of job (KB)
...
006 (4442.000.000) 2021-09-24 12:50:33 Image size of job updated: 1321620
	1291  -  MemoryUsage of job (MB)
	1321620  -  ResidentSetSize of job (KB)
...
006 (4442.005.000) 2021-09-24 12:50:34 Image size of job updated: 1320984
	1291  -  MemoryUsage of job (MB)
	1320984  -  ResidentSetSize of job (KB)
...
006 (4442.006.000) 2021-09-24 12:50:36 Image size of job updated: 1320736
	1288  -  MemoryUsage of job (MB)
	1317904  -  ResidentSetSize of job (KB)
...
006 (4442.011.000) 2021-09-24 12:50:37 Image size of job updated: 1320032
	1290  -  MemoryUsage of job (MB)
	1320032  -  ResidentSetSize of job (KB)
...
006 (4442.008.000) 2021-09-24 12:50:38 Image size of job updated: 1319348
	1288  -  MemoryUsage of job (MB)
	1318692  -  ResidentSetSize of job (KB)
...
006 (4442.004.000) 2021-09-24 12:50:38 Image size of job updated: 1320712
	1288  -  MemoryUsage of job (MB)
	1318172  -  ResidentSetSize of job (KB)
...
006 (4442.003.000) 2021-09-24 12:50:39 Image size of job updated: 1320832
	1289  -  MemoryUsage of job (MB)
	1319804  -  ResidentSetSize of job (KB)
...
006 (4442.010.000) 2021-09-24 12:50:39 Image size of job updated: 1320768
	1288  -  MemoryUsage of job (MB)
	1318256  -  ResidentSetSize of job (KB)
...
006 (4442.007.000) 2021-09-24 12:50:40 Image size of job updated: 1320904
	1289  -  MemoryUsage of job (MB)
	1319468  -  ResidentSetSize of job (KB)
...
006 (4442.013.000) 2021-09-24 12:50:40 Image size of job updated: 1322500
	1292  -  MemoryUsage of job (MB)
	1322500  -  ResidentSetSize of job (KB)
...
006 (4442.012.000) 2021-09-24 12:50:40 Image size of job updated: 1322508
	1292  -  MemoryUsage of job (MB)
	1322508  -  ResidentSetSize of job (KB)
...
006 (4442.009.000) 2021-09-24 12:50:41 Image size of job updated: 1322544
	1291  -  MemoryUsage of job (MB)
	1321520  -  ResidentSetSize of job (KB)
...
006 (4442.001.000) 2021-09-24 12:55:32 Image size of job updated: 1321804
	1289  -  MemoryUsage of job (MB)
	1319076  -  ResidentSetSize of job (KB)
...
006 (4442.005.000) 2021-09-24 12:55:35 Image size of job updated: 1322320
	1291  -  MemoryUsage of job (MB)
	1320984  -  ResidentSetSize of job (KB)
...
006 (4442.006.000) 2021-09-24 12:55:36 Image size of job updated: 1320736
	1289  -  MemoryUsage of job (MB)
	1319508  -  ResidentSetSize of job (KB)
...
006 (4442.008.000) 2021-09-24 12:55:37 Image size of job updated: 1320444
	1288  -  MemoryUsage of job (MB)
	1318692  -  ResidentSetSize of job (KB)
...
006 (4442.004.000) 2021-09-24 12:55:40 Image size of job updated: 1320712
	1289  -  MemoryUsage of job (MB)
	1319548  -  ResidentSetSize of job (KB)
...
006 (4442.010.000) 2021-09-24 12:55:40 Image size of job updated: 1322692
	1290  -  MemoryUsage of job (MB)
	1320200  -  ResidentSetSize of job (KB)
...
006 (4442.009.000) 2021-09-24 12:55:43 Image size of job updated: 1322664
	1292  -  MemoryUsage of job (MB)
	1322664  -  ResidentSetSize of job (KB)
...
006 (4442.001.000) 2021-09-24 13:00:33 Image size of job updated: 1321804
	1289  -  MemoryUsage of job (MB)
	1319284  -  ResidentSetSize of job (KB)
...
006 (4442.006.000) 2021-09-24 13:00:34 Image size of job updated: 1321044
	1291  -  MemoryUsage of job (MB)
	1321044  -  ResidentSetSize of job (KB)
...
006 (4442.008.000) 2021-09-24 13:00:35 Image size of job updated: 1322648
	1292  -  MemoryUsage of job (MB)
	1322648  -  ResidentSetSize of job (KB)
...
006 (4442.004.000) 2021-09-24 13:00:39 Image size of job updated: 1320712
	1290  -  MemoryUsage of job (MB)
	1320100  -  ResidentSetSize of job (KB)
...
006 (4442.003.000) 2021-09-24 13:00:39 Image size of job updated: 1320832
	1290  -  MemoryUsage of job (MB)
	1319944  -  ResidentSetSize of job (KB)
...
006 (4442.001.000) 2021-09-24 13:05:33 Image size of job updated: 1321804
	1289  -  MemoryUsage of job (MB)
	1319416  -  ResidentSetSize of job (KB)
...
006 (4442.002.000) 2021-09-24 13:05:33 Image size of job updated: 1320764
	1287  -  MemoryUsage of job (MB)
	1317580  -  ResidentSetSize of job (KB)
...
006 (4442.006.000) 2021-09-24 13:05:34 Image size of job updated: 1321692
	1291  -  MemoryUsage of job (MB)
	1321044  -  ResidentSetSize of job (KB)
...
006 (4442.005.000) 2021-09-24 13:05:38 Image size of job updated: 1322320
	1292  -  MemoryUsage of job (MB)
	1322204  -  ResidentSetSize of job (KB)
...
006 (4442.003.000) 2021-09-24 13:05:41 Image size of job updated: 1321964
	1290  -  MemoryUsage of job (MB)
	1319944  -  ResidentSetSize of job (KB)
...
006 (4442.012.000) 2021-09-24 13:05:41 Image size of job updated: 1322636
	1292  -  MemoryUsage of job (MB)
	1322508  -  ResidentSetSize of job (KB)
...
006 (4442.001.000) 2021-09-24 13:10:33 Image size of job updated: 1321804
	1291  -  MemoryUsage of job (MB)
	1321200  -  ResidentSetSize of job (KB)
...
006 (4442.002.000) 2021-09-24 13:10:34 Image size of job updated: 1320764
	1288  -  MemoryUsage of job (MB)
	1317896  -  ResidentSetSize of job (KB)
...
006 (4442.007.000) 2021-09-24 13:10:39 Image size of job updated: 1321048
	1291  -  MemoryUsage of job (MB)
	1321048  -  ResidentSetSize of job (KB)
...
006 (4442.010.000) 2021-09-24 13:10:41 Image size of job updated: 1322888
	1292  -  MemoryUsage of job (MB)
	1322888  -  ResidentSetSize of job (KB)
...
006 (4442.002.000) 2021-09-24 13:15:35 Image size of job updated: 1321188
	1289  -  MemoryUsage of job (MB)
	1319560  -  ResidentSetSize of job (KB)
...
006 (4442.011.000) 2021-09-24 13:15:37 Image size of job updated: 1321972
	1291  -  MemoryUsage of job (MB)
	1321972  -  ResidentSetSize of job (KB)
...
006 (4442.000.000) 2021-09-24 13:15:39 Image size of job updated: 1322988
	1292  -  MemoryUsage of job (MB)
	1322988  -  ResidentSetSize of job (KB)
...
006 (4442.007.000) 2021-09-24 13:20:37 Image size of job updated: 1321384
	1291  -  MemoryUsage of job (MB)
	1321048  -  ResidentSetSize of job (KB)
...
006 (4442.007.000) 2021-09-24 13:25:37 Image size of job updated: 1321820
	1291  -  MemoryUsage of job (MB)
	1321820  -  ResidentSetSize of job (KB)
...
006 (4442.011.000) 2021-09-24 13:25:37 Image size of job updated: 1322296
	1291  -  MemoryUsage of job (MB)
	1321972  -  ResidentSetSize of job (KB)
...
006 (4442.003.000) 2021-09-24 13:25:38 Image size of job updated: 1322252
	1292  -  MemoryUsage of job (MB)
	1322252  -  ResidentSetSize of job (KB)
...
006 (4442.004.000) 2021-09-24 13:25:40 Image size of job updated: 1320712
	1290  -  MemoryUsage of job (MB)
	1320140  -  ResidentSetSize of job (KB)
...
006 (4442.002.000) 2021-09-24 13:30:35 Image size of job updated: 1321188
	1290  -  MemoryUsage of job (MB)
	1320204  -  ResidentSetSize of job (KB)
...
006 (4442.004.000) 2021-09-24 13:30:40 Image size of job updated: 1321328
	1290  -  MemoryUsage of job (MB)
	1320140  -  ResidentSetSize of job (KB)
...
006 (4442.004.000) 2021-09-24 13:35:40 Image size of job updated: 1321328
	1290  -  MemoryUsage of job (MB)
	1320848  -  ResidentSetSize of job (KB)
...
006 (4442.001.000) 2021-09-24 13:40:35 Image size of job updated: 1321804
	1291  -  MemoryUsage of job (MB)
	1321596  -  ResidentSetSize of job (KB)
...
006 (4442.007.000) 2021-09-24 13:40:39 Image size of job updated: 1322396
	1292  -  MemoryUsage of job (MB)
	1322396  -  ResidentSetSize of job (KB)
...
006 (4442.004.000) 2021-09-24 13:40:41 Image size of job updated: 1321448
	1290  -  MemoryUsage of job (MB)
	1320848  -  ResidentSetSize of job (KB)
...
006 (4442.002.000) 2021-09-24 13:45:36 Image size of job updated: 1321464
	1291  -  MemoryUsage of job (MB)
	1321464  -  ResidentSetSize of job (KB)
...
006 (4442.011.000) 2021-09-24 13:45:37 Image size of job updated: 1322692
	1292  -  MemoryUsage of job (MB)
	1322692  -  ResidentSetSize of job (KB)
...
006 (4442.006.000) 2021-09-24 14:20:41 Image size of job updated: 1321692
	1291  -  MemoryUsage of job (MB)
	1321348  -  ResidentSetSize of job (KB)
...
006 (4442.001.000) 2021-09-24 14:25:40 Image size of job updated: 1322428
	1291  -  MemoryUsage of job (MB)
	1321596  -  ResidentSetSize of job (KB)
...
006 (4442.002.000) 2021-09-24 14:35:38 Image size of job updated: 1322340
	1291  -  MemoryUsage of job (MB)
	1321464  -  ResidentSetSize of job (KB)
...
006 (4442.001.000) 2021-09-24 14:35:40 Image size of job updated: 1322476
	1292  -  MemoryUsage of job (MB)
	1322476  -  ResidentSetSize of job (KB)
...
006 (4442.007.000) 2021-09-24 14:40:43 Image size of job updated: 1322852
	1292  -  MemoryUsage of job (MB)
	1322396  -  ResidentSetSize of job (KB)
...
006 (4442.006.000) 2021-09-24 14:40:44 Image size of job updated: 1321996
	1291  -  MemoryUsage of job (MB)
	1321348  -  ResidentSetSize of job (KB)
...
006 (4442.008.000) 2021-09-24 15:00:46 Image size of job updated: 1324548
	1294  -  MemoryUsage of job (MB)
	1324548  -  ResidentSetSize of job (KB)
...
006 (4442.004.000) 2021-09-24 15:00:48 Image size of job updated: 1321632
	1290  -  MemoryUsage of job (MB)
	1320848  -  ResidentSetSize of job (KB)
...
006 (4442.004.000) 2021-09-24 15:05:49 Image size of job updated: 1321632
	1291  -  MemoryUsage of job (MB)
	1321184  -  ResidentSetSize of job (KB)
...
006 (4442.003.000) 2021-09-24 15:15:51 Image size of job updated: 1323148
	1293  -  MemoryUsage of job (MB)
	1323148  -  ResidentSetSize of job (KB)
...
006 (4442.004.000) 2021-09-24 15:20:50 Image size of job updated: 1322700
	1292  -  MemoryUsage of job (MB)
	1322700  -  ResidentSetSize of job (KB)
...
006 (4442.006.000) 2021-09-24 15:25:49 Image size of job updated: 1323584
	1291  -  MemoryUsage of job (MB)
	1321348  -  ResidentSetSize of job (KB)
...
006 (4442.002.000) 2021-09-24 15:50:46 Image size of job updated: 1322496
	1292  -  MemoryUsage of job (MB)
	1322496  -  ResidentSetSize of job (KB)
...
006 (4442.002.000) 2021-09-24 16:00:46 Image size of job updated: 1322852
	1292  -  MemoryUsage of job (MB)
	1322496  -  ResidentSetSize of job (KB)
...
006 (4442.000.000) 2021-09-24 16:00:50 Image size of job updated: 1323092
	1292  -  MemoryUsage of job (MB)
	1322988  -  ResidentSetSize of job (KB)
...
006 (4442.006.000) 2021-09-24 16:05:54 Image size of job updated: 1323584
	1291  -  MemoryUsage of job (MB)
	1321672  -  ResidentSetSize of job (KB)
...
006 (4442.010.000) 2021-09-24 16:05:54 Image size of job updated: 1323324
	1293  -  MemoryUsage of job (MB)
	1323324  -  ResidentSetSize of job (KB)
...
006 (4442.011.000) 2021-09-24 16:10:49 Image size of job updated: 1323112
	1292  -  MemoryUsage of job (MB)
	1322692  -  ResidentSetSize of job (KB)
...
006 (4442.009.000) 2021-09-24 16:11:00 Image size of job updated: 1323156
	1292  -  MemoryUsage of job (MB)
	1322664  -  ResidentSetSize of job (KB)
...
006 (4442.011.000) 2021-09-24 16:25:51 Image size of job updated: 1323128
	1293  -  MemoryUsage of job (MB)
	1323128  -  ResidentSetSize of job (KB)
...
006 (4442.001.000) 2021-09-24 16:25:53 Image size of job updated: 1323208
	1292  -  MemoryUsage of job (MB)
	1322476  -  ResidentSetSize of job (KB)
...
006 (4442.013.000) 2021-09-24 16:36:03 Image size of job updated: 1323144
	1292  -  MemoryUsage of job (MB)
	1322500  -  ResidentSetSize of job (KB)
...
006 (4442.012.000) 2021-09-24 16:41:00 Image size of job updated: 1323212
	1292  -  MemoryUsage of job (MB)
	1322508  -  ResidentSetSize of job (KB)
...
006 (4442.004.000) 2021-09-24 17:01:03 Image size of job updated: 1323212
	1293  -  MemoryUsage of job (MB)
	1323212  -  ResidentSetSize of job (KB)
...
006 (4442.012.000) 2021-09-24 17:36:03 Image size of job updated: 1323212
	1292  -  MemoryUsage of job (MB)
	1322816  -  ResidentSetSize of job (KB)
...
006 (4442.005.000) 2021-09-24 18:06:07 Image size of job updated: 1322460
	1292  -  MemoryUsage of job (MB)
	1322460  -  ResidentSetSize of job (KB)
...
006 (4442.013.000) 2021-09-24 18:06:14 Image size of job updated: 1323232
	1292  -  MemoryUsage of job (MB)
	1322500  -  ResidentSetSize of job (KB)
...
006 (4442.006.000) 2021-09-24 19:01:09 Image size of job updated: 1323584
	1292  -  MemoryUsage of job (MB)
	1322024  -  ResidentSetSize of job (KB)
...
006 (4442.001.000) 2021-09-24 20:11:23 Image size of job updated: 1323208
	1292  -  MemoryUsage of job (MB)
	1322560  -  ResidentSetSize of job (KB)
...
006 (4442.012.000) 2021-09-24 20:36:21 Image size of job updated: 1323944
	1293  -  MemoryUsage of job (MB)
	1323944  -  ResidentSetSize of job (KB)
...
006 (4442.006.000) 2021-09-24 20:41:19 Image size of job updated: 1323584
	1292  -  MemoryUsage of job (MB)
	1322884  -  ResidentSetSize of job (KB)
...
006 (4442.013.000) 2021-09-24 20:46:26 Image size of job updated: 1324020
	1292  -  MemoryUsage of job (MB)
	1322500  -  ResidentSetSize of job (KB)
...
006 (4442.001.000) 2021-09-24 21:06:29 Image size of job updated: 1323208
	1292  -  MemoryUsage of job (MB)
	1322872  -  ResidentSetSize of job (KB)
...
006 (4442.002.000) 2021-09-24 22:31:24 Image size of job updated: 1323148
	1292  -  MemoryUsage of job (MB)
	1322496  -  ResidentSetSize of job (KB)
...
006 (4442.008.000) 2021-09-24 23:26:39 Image size of job updated: 1324592
	1294  -  MemoryUsage of job (MB)
	1324592  -  ResidentSetSize of job (KB)
...
006 (4442.010.000) 2021-09-24 23:36:43 Image size of job updated: 1323828
	1293  -  MemoryUsage of job (MB)
	1323828  -  ResidentSetSize of job (KB)
...
006 (4442.005.000) 2021-09-24 23:46:40 Image size of job updated: 1322712
	1292  -  MemoryUsage of job (MB)
	1322712  -  ResidentSetSize of job (KB)
...
006 (4442.013.000) 2021-09-24 23:51:49 Image size of job updated: 1324020
	1293  -  MemoryUsage of job (MB)
	1323852  -  ResidentSetSize of job (KB)
...
006 (4442.009.000) 2021-09-25 00:57:01 Image size of job updated: 1323816
	1292  -  MemoryUsage of job (MB)
	1322664  -  ResidentSetSize of job (KB)
...
005 (4442.010.000) 2021-09-25 01:27:04 Job terminated.
	(1) Normal termination (return value 0)
		Usr 0 10:56:50, Sys 0 00:12:48  -  Run Remote Usage
		Usr 0 00:00:00, Sys 0 00:00:00  -  Run Local Usage
		Usr 0 10:56:50, Sys 0 00:12:48  -  Total Remote Usage
		Usr 0 00:00:00, Sys 0 00:00:00  -  Total Local Usage
	0  -  Run Bytes Sent By Job
	661240448  -  Run Bytes Received By Job
	0  -  Total Bytes Sent By Job
	661240448  -  Total Bytes Received By Job
	Partitionable Resources :      Usage  Request Allocated 
	   Cpus                 :       0.00        2         2 
	   Disk (KB)            : 2669606      750000   2333390 
	   Memory (MB)          :    1293        1500      1536 

	Job terminated of its own accord at 2021-09-25T08:26:53Z.
...
005 (4442.002.000) 2021-09-25 01:27:05 Job terminated.
	(1) Normal termination (return value 0)
		Usr 0 10:57:05, Sys 0 00:12:14  -  Run Remote Usage
		Usr 0 00:00:00, Sys 0 00:00:00  -  Run Local Usage
		Usr 0 10:57:05, Sys 0 00:12:14  -  Total Remote Usage
		Usr 0 00:00:00, Sys 0 00:00:00  -  Total Local Usage
	0  -  Run Bytes Sent By Job
	661240448  -  Run Bytes Received By Job
	0  -  Total Bytes Sent By Job
	661240448  -  Total Bytes Received By Job
	Partitionable Resources :      Usage  Request Allocated 
	   Cpus                 :       0.00        2         2 
	   Disk (KB)            : 2676169      750000   2333390 
	   Memory (MB)          :    1292        1500      1536 

	Job terminated of its own accord at 2021-09-25T08:26:53Z.
...
005 (4442.000.000) 2021-09-25 01:27:05 Job terminated.
	(1) Normal termination (return value 0)
		Usr 0 11:15:59, Sys 0 00:12:53  -  Run Remote Usage
		Usr 0 00:00:00, Sys 0 00:00:00  -  Run Local Usage
		Usr 0 11:15:59, Sys 0 00:12:53  -  Total Remote Usage
		Usr 0 00:00:00, Sys 0 00:00:00  -  Total Local Usage
	0  -  Run Bytes Sent By Job
	661240448  -  Run Bytes Received By Job
	0  -  Total Bytes Sent By Job
	661240448  -  Total Bytes Received By Job
	Partitionable Resources :      Usage  Request Allocated 
	   Cpus                 :       0.00        2         2 
	   Disk (KB)            : 2676233      750000   2333390 
	   Memory (MB)          :    1292        1500      1536 

	Job terminated of its own accord at 2021-09-25T08:26:53Z.
...
005 (4442.003.000) 2021-09-25 01:27:05 Job terminated.
	(1) Normal termination (return value 0)
		Usr 0 11:10:19, Sys 0 00:12:36  -  Run Remote Usage
		Usr 0 00:00:00, Sys 0 00:00:00  -  Run Local Usage
		Usr 0 11:10:19, Sys 0 00:12:36  -  Total Remote Usage
		Usr 0 00:00:00, Sys 0 00:00:00  -  Total Local Usage
	0  -  Run Bytes Sent By Job
	661240448  -  Run Bytes Received By Job
	0  -  Total Bytes Sent By Job
	661240448  -  Total Bytes Received By Job
	Partitionable Resources :      Usage  Request Allocated 
	   Cpus                 :       0.00        2         2 
	   Disk (KB)            : 2673999      750000   2333390 
	   Memory (MB)          :    1293        1500      1536 

	Job terminated of its own accord at 2021-09-25T08:26:53Z.
...
005 (4442.005.000) 2021-09-25 01:27:05 Job terminated.
	(1) Normal termination (return value 0)
		Usr 0 10:49:27, Sys 0 00:11:50  -  Run Remote Usage
		Usr 0 00:00:00, Sys 0 00:00:00  -  Run Local Usage
		Usr 0 10:49:27, Sys 0 00:11:50  -  Total Remote Usage
		Usr 0 00:00:00, Sys 0 00:00:00  -  Total Local Usage
	0  -  Run Bytes Sent By Job
	661240448  -  Run Bytes Received By Job
	0  -  Total Bytes Sent By Job
	661240448  -  Total Bytes Received By Job
	Partitionable Resources :    Usage  Request Allocated 
	   Cpus                 :        0        2         2 
	   Disk (KB)            :  2672617   750000   2333390 
	   Memory (MB)          :     1292     1500      1536 

	Job terminated of its own accord at 2021-09-25T08:26:53Z.
...
005 (4442.009.000) 2021-09-25 01:27:05 Job terminated.
	(1) Normal termination (return value 0)
		Usr 0 11:01:09, Sys 0 00:12:54  -  Run Remote Usage
		Usr 0 00:00:00, Sys 0 00:00:00  -  Run Local Usage
		Usr 0 11:01:09, Sys 0 00:12:54  -  Total Remote Usage
		Usr 0 00:00:00, Sys 0 00:00:00  -  Total Local Usage
	0  -  Run Bytes Sent By Job
	661240448  -  Run Bytes Received By Job
	0  -  Total Bytes Sent By Job
	661240448  -  Total Bytes Received By Job
	Partitionable Resources :      Usage  Request Allocated 
	   Cpus                 :       0.00        2         2 
	   Disk (KB)            : 2667867      750000   2333390 
	   Memory (MB)          :    1292        1500      1536 

	Job terminated of its own accord at 2021-09-25T08:26:53Z.
...
005 (4442.012.000) 2021-09-25 01:27:05 Job terminated.
	(1) Normal termination (return value 0)
		Usr 0 10:28:49, Sys 0 00:11:53  -  Run Remote Usage
		Usr 0 00:00:00, Sys 0 00:00:00  -  Run Local Usage
		Usr 0 10:28:49, Sys 0 00:11:53  -  Total Remote Usage
		Usr 0 00:00:00, Sys 0 00:00:00  -  Total Local Usage
	0  -  Run Bytes Sent By Job
	661240448  -  Run Bytes Received By Job
	0  -  Total Bytes Sent By Job
	661240448  -  Total Bytes Received By Job
	Partitionable Resources :    Usage  Request Allocated 
	   Cpus                 :        0        2         2 
	   Disk (KB)            :  2669903   750000   2333390 
	   Memory (MB)          :     1293     1500      1536 

	Job terminated of its own accord at 2021-09-25T08:26:53Z.
...
005 (4442.008.000) 2021-09-25 01:27:05 Job terminated.
	(1) Normal termination (return value 0)
		Usr 0 10:57:44, Sys 0 00:12:54  -  Run Remote Usage
		Usr 0 00:00:00, Sys 0 00:00:00  -  Run Local Usage
		Usr 0 10:57:44, Sys 0 00:12:54  -  Total Remote Usage
		Usr 0 00:00:00, Sys 0 00:00:00  -  Total Local Usage
	0  -  Run Bytes Sent By Job
	661240448  -  Run Bytes Received By Job
	0  -  Total Bytes Sent By Job
	661240448  -  Total Bytes Received By Job
	Partitionable Resources :      Usage  Request Allocated 
	   Cpus                 :       0.00        2         2 
	   Disk (KB)            : 2669589      750000   2333390 
	   Memory (MB)          :    1294        1500      1536 

	Job terminated of its own accord at 2021-09-25T08:26:53Z.
...
005 (4442.006.000) 2021-09-25 01:27:05 Job terminated.
	(1) Normal termination (return value 0)
		Usr 0 10:55:27, Sys 0 00:12:28  -  Run Remote Usage
		Usr 0 00:00:00, Sys 0 00:00:00  -  Run Local Usage
		Usr 0 10:55:27, Sys 0 00:12:28  -  Total Remote Usage
		Usr 0 00:00:00, Sys 0 00:00:00  -  Total Local Usage
	0  -  Run Bytes Sent By Job
	661240448  -  Run Bytes Received By Job
	0  -  Total Bytes Sent By Job
	661240448  -  Total Bytes Received By Job
	Partitionable Resources :      Usage  Request Allocated 
	   Cpus                 :       0.00        2         2 
	   Disk (KB)            : 2669903      750000   2333390 
	   Memory (MB)          :    1292        1500      1536 

	Job terminated of its own accord at 2021-09-25T08:26:53Z.
...
005 (4442.004.000) 2021-09-25 01:27:05 Job terminated.
	(1) Normal termination (return value 0)
		Usr 0 11:10:36, Sys 0 00:13:19  -  Run Remote Usage
		Usr 0 00:00:00, Sys 0 00:00:00  -  Run Local Usage
		Usr 0 11:10:36, Sys 0 00:13:19  -  Total Remote Usage
		Usr 0 00:00:00, Sys 0 00:00:00  -  Total Local Usage
	0  -  Run Bytes Sent By Job
	661240448  -  Run Bytes Received By Job
	0  -  Total Bytes Sent By Job
	661240448  -  Total Bytes Received By Job
	Partitionable Resources :    Usage  Request Allocated 
	   Cpus                 :        0        2         2 
	   Disk (KB)            :  2674000   750000   2333390 
	   Memory (MB)          :     1293     1500      1536 

	Job terminated of its own accord at 2021-09-25T08:26:53Z.
...
005 (4442.011.000) 2021-09-25 01:27:05 Job terminated.
	(1) Normal termination (return value 0)
		Usr 0 10:58:00, Sys 0 00:12:24  -  Run Remote Usage
		Usr 0 00:00:00, Sys 0 00:00:00  -  Run Local Usage
		Usr 0 10:58:00, Sys 0 00:12:24  -  Total Remote Usage
		Usr 0 00:00:00, Sys 0 00:00:00  -  Total Local Usage
	0  -  Run Bytes Sent By Job
	661240448  -  Run Bytes Received By Job
	0  -  Total Bytes Sent By Job
	661240448  -  Total Bytes Received By Job
	Partitionable Resources :      Usage  Request Allocated 
	   Cpus                 :       0.00        2         2 
	   Disk (KB)            : 2669606      750000   2333390 
	   Memory (MB)          :    1293        1500      1536 

	Job terminated of its own accord at 2021-09-25T08:26:53Z.
...
005 (4442.001.000) 2021-09-25 01:27:05 Job terminated.
	(1) Normal termination (return value 0)
		Usr 0 10:55:56, Sys 0 00:13:12  -  Run Remote Usage
		Usr 0 00:00:00, Sys 0 00:00:00  -  Run Local Usage
		Usr 0 10:55:56, Sys 0 00:13:12  -  Total Remote Usage
		Usr 0 00:00:00, Sys 0 00:00:00  -  Total Local Usage
	0  -  Run Bytes Sent By Job
	661240448  -  Run Bytes Received By Job
	0  -  Total Bytes Sent By Job
	661240448  -  Total Bytes Received By Job
	Partitionable Resources :      Usage  Request Allocated 
	   Cpus                 :       0.00        2         2 
	   Disk (KB)            : 2676007      750000   2333390 
	   Memory (MB)          :    1292        1500      1536 

	Job terminated of its own accord at 2021-09-25T08:26:53Z.
...
005 (4442.013.000) 2021-09-25 01:27:05 Job terminated.
	(1) Normal termination (return value 0)
		Usr 0 10:49:06, Sys 0 00:11:56  -  Run Remote Usage
		Usr 0 00:00:00, Sys 0 00:00:00  -  Run Local Usage
		Usr 0 10:49:06, Sys 0 00:11:56  -  Total Remote Usage
		Usr 0 00:00:00, Sys 0 00:00:00  -  Total Local Usage
	0  -  Run Bytes Sent By Job
	661240448  -  Run Bytes Received By Job
	0  -  Total Bytes Sent By Job
	661240448  -  Total Bytes Received By Job
	Partitionable Resources :    Usage  Request Allocated 
	   Cpus                 :        0        2         2 
	   Disk (KB)            :  2668259   750000   2333390 
	   Memory (MB)          :     1293     1500      1536 

	Job terminated of its own accord at 2021-09-25T08:26:53Z.
...
005 (4442.007.000) 2021-09-25 01:27:05 Job terminated.
	(1) Normal termination (return value 0)
		Usr 0 08:20:57, Sys 0 00:10:14  -  Run Remote Usage
		Usr 0 00:00:00, Sys 0 00:00:00  -  Run Local Usage
		Usr 0 08:20:57, Sys 0 00:10:14  -  Total Remote Usage
		Usr 0 00:00:00, Sys 0 00:00:00  -  Total Local Usage
	0  -  Run Bytes Sent By Job
	661240448  -  Run Bytes Received By Job
	0  -  Total Bytes Sent By Job
	661240448  -  Total Bytes Received By Job
	Partitionable Resources :      Usage  Request Allocated 
	   Cpus                 :       0.00        2         2 
	   Disk (KB)            : 2667951      750000   2333390 
	   Memory (MB)          :    1292        1500      1536 

	Job terminated of its own accord at 2021-09-25T08:26:53Z.
...
001 (4442.016.000) 2021-09-25 01:27:46 Job executing on host: <192.168.137.8:9618?sock=startd_17636_113e>
...
001 (4442.015.000) 2021-09-25 01:27:46 Job executing on host: <192.168.137.8:9618?sock=startd_17636_113e>
...
001 (4442.014.000) 2021-09-25 01:27:46 Job executing on host: <192.168.137.8:9618?sock=startd_17636_113e>
...
001 (4442.017.000) 2021-09-25 01:27:46 Job executing on host: <192.168.137.8:9618?sock=startd_17636_113e>
...
001 (4442.019.000) 2021-09-25 01:27:46 Job executing on host: <192.168.137.8:9618?sock=startd_17636_113e>
...
001 (4442.018.000) 2021-09-25 01:27:46 Job executing on host: <192.168.137.8:9618?sock=startd_17636_113e>
...
006 (4442.016.000) 2021-09-25 01:27:54 Image size of job updated: 20792
	21  -  MemoryUsage of job (MB)
	20792  -  ResidentSetSize of job (KB)
...
006 (4442.018.000) 2021-09-25 01:27:55 Image size of job updated: 1300
	2  -  MemoryUsage of job (MB)
	1300  -  ResidentSetSize of job (KB)
...
006 (4442.015.000) 2021-09-25 01:27:55 Image size of job updated: 20788
	21  -  MemoryUsage of job (MB)
	20788  -  ResidentSetSize of job (KB)
...
006 (4442.014.000) 2021-09-25 01:27:55 Image size of job updated: 20792
	21  -  MemoryUsage of job (MB)
	20792  -  ResidentSetSize of job (KB)
...
006 (4442.017.000) 2021-09-25 01:27:55 Image size of job updated: 20796
	21  -  MemoryUsage of job (MB)
	20796  -  ResidentSetSize of job (KB)
...
006 (4442.019.000) 2021-09-25 01:27:55 Image size of job updated: 20780
	21  -  MemoryUsage of job (MB)
	20780  -  ResidentSetSize of job (KB)
...
006 (4442.018.000) 2021-09-25 01:32:55 Image size of job updated: 21196
	21  -  MemoryUsage of job (MB)
	21196  -  ResidentSetSize of job (KB)
...
006 (4442.016.000) 2021-09-25 01:32:55 Image size of job updated: 21172
	21  -  MemoryUsage of job (MB)
	21172  -  ResidentSetSize of job (KB)
...
006 (4442.019.000) 2021-09-25 01:32:56 Image size of job updated: 21188
	21  -  MemoryUsage of job (MB)
	21188  -  ResidentSetSize of job (KB)
...
006 (4442.015.000) 2021-09-25 01:32:57 Image size of job updated: 21188
	21  -  MemoryUsage of job (MB)
	21188  -  ResidentSetSize of job (KB)
...
006 (4442.014.000) 2021-09-25 01:32:57 Image size of job updated: 21152
	21  -  MemoryUsage of job (MB)
	21152  -  ResidentSetSize of job (KB)
...
006 (4442.017.000) 2021-09-25 01:32:57 Image size of job updated: 21192
	21  -  MemoryUsage of job (MB)
	21192  -  ResidentSetSize of job (KB)
...
006 (4442.018.000) 2021-09-25 01:37:55 Image size of job updated: 22372
	22  -  MemoryUsage of job (MB)
	22372  -  ResidentSetSize of job (KB)
...
006 (4442.016.000) 2021-09-25 01:37:56 Image size of job updated: 22320
	22  -  MemoryUsage of job (MB)
	22320  -  ResidentSetSize of job (KB)
...
006 (4442.019.000) 2021-09-25 01:37:56 Image size of job updated: 22372
	22  -  MemoryUsage of job (MB)
	22372  -  ResidentSetSize of job (KB)
...
006 (4442.017.000) 2021-09-25 01:37:57 Image size of job updated: 22324
	22  -  MemoryUsage of job (MB)
	22324  -  ResidentSetSize of job (KB)
...
006 (4442.014.000) 2021-09-25 01:37:57 Image size of job updated: 22316
	22  -  MemoryUsage of job (MB)
	22316  -  ResidentSetSize of job (KB)
...
006 (4442.015.000) 2021-09-25 01:37:58 Image size of job updated: 22360
	22  -  MemoryUsage of job (MB)
	22360  -  ResidentSetSize of job (KB)
...
006 (4442.017.000) 2021-09-25 02:02:57 Image size of job updated: 22856
	23  -  MemoryUsage of job (MB)
	22856  -  ResidentSetSize of job (KB)
...
006 (4442.018.000) 2021-09-25 02:02:58 Image size of job updated: 22904
	23  -  MemoryUsage of job (MB)
	22904  -  ResidentSetSize of job (KB)
...
006 (4442.019.000) 2021-09-25 02:03:00 Image size of job updated: 22908
	23  -  MemoryUsage of job (MB)
	22908  -  ResidentSetSize of job (KB)
...
006 (4442.015.000) 2021-09-25 02:03:00 Image size of job updated: 22900
	23  -  MemoryUsage of job (MB)
	22900  -  ResidentSetSize of job (KB)
...
006 (4442.014.000) 2021-09-25 02:03:01 Image size of job updated: 22844
	23  -  MemoryUsage of job (MB)
	22844  -  ResidentSetSize of job (KB)
...
006 (4442.016.000) 2021-09-25 02:03:01 Image size of job updated: 22852
	23  -  MemoryUsage of job (MB)
	22852  -  ResidentSetSize of job (KB)
...
006 (4442.016.000) 2021-09-25 02:08:01 Image size of job updated: 22856
	23  -  MemoryUsage of job (MB)
	22856  -  ResidentSetSize of job (KB)
...
006 (4442.014.000) 2021-09-25 03:53:09 Image size of job updated: 22848
	23  -  MemoryUsage of job (MB)
	22848  -  ResidentSetSize of job (KB)
...
006 (4442.014.000) 2021-09-27 03:02:49 Image size of job updated: 22852
	23  -  MemoryUsage of job (MB)
	22852  -  ResidentSetSize of job (KB)
...
006 (4442.017.000) 2021-09-27 03:07:34 Image size of job updated: 22860
	23  -  MemoryUsage of job (MB)
	22860  -  ResidentSetSize of job (KB)
...
006 (4442.019.000) 2021-09-27 04:37:30 Image size of job updated: 22912
	23  -  MemoryUsage of job (MB)
	22912  -  ResidentSetSize of job (KB)
...
006 (4442.015.000) 2021-09-27 04:37:46 Image size of job updated: 22904
	23  -  MemoryUsage of job (MB)
	22904  -  ResidentSetSize of job (KB)
...
006 (4442.018.000) 2021-09-27 07:53:05 Image size of job updated: 22908
	23  -  MemoryUsage of job (MB)
	22908  -  ResidentSetSize of job (KB)
...
006 (4442.016.000) 2021-09-27 12:38:47 Image size of job updated: 22860
	23  -  MemoryUsage of job (MB)
	22860  -  ResidentSetSize of job (KB)
...
024 (4442.014.000) 2021-09-28 13:48:24 Job reconnection failed
    Job disconnected too long: JobLeaseDuration (2400 seconds) expired
    Can not reconnect to slot1_1@IGSWCGWWAS1801.gs.doi.net, rescheduling job
...
024 (4442.015.000) 2021-09-28 13:48:24 Job reconnection failed
    Job disconnected too long: JobLeaseDuration (2400 seconds) expired
    Can not reconnect to slot1_2@IGSWCGWWAS1801.gs.doi.net, rescheduling job
...
024 (4442.016.000) 2021-09-28 13:48:24 Job reconnection failed
    Job disconnected too long: JobLeaseDuration (2400 seconds) expired
    Can not reconnect to slot1_3@IGSWCGWWAS1801.gs.doi.net, rescheduling job
...
024 (4442.017.000) 2021-09-28 13:48:24 Job reconnection failed
    Job disconnected too long: JobLeaseDuration (2400 seconds) expired
    Can not reconnect to slot1_4@IGSWCGWWAS1801.gs.doi.net, rescheduling job
...
024 (4442.018.000) 2021-09-28 13:48:24 Job reconnection failed
    Job disconnected too long: JobLeaseDuration (2400 seconds) expired
    Can not reconnect to slot1_5@IGSWCGWWAS1801.gs.doi.net, rescheduling job
...
024 (4442.019.000) 2021-09-28 13:48:24 Job reconnection failed
    Job disconnected too long: JobLeaseDuration (2400 seconds) expired
    Can not reconnect to slot1_6@IGSWCGWWAS1801.gs.doi.net, rescheduling job
...
001 (4442.014.000) 2021-09-28 13:53:12 Job executing on host: <192.168.137.8:9618?sock=startd_1552_c3ce>
...
001 (4442.015.000) 2021-09-28 13:53:15 Job executing on host: <192.168.137.8:9618?sock=startd_1552_c3ce>
...
001 (4442.016.000) 2021-09-28 13:53:17 Job executing on host: <192.168.137.8:9618?sock=startd_1552_c3ce>
...
001 (4442.017.000) 2021-09-28 13:53:20 Job executing on host: <192.168.137.8:9618?sock=startd_1552_c3ce>
...
001 (4442.018.000) 2021-09-28 13:53:23 Job executing on host: <192.168.137.8:9618?sock=startd_1552_c3ce>
...
001 (4442.019.000) 2021-09-28 13:53:32 Job executing on host: <192.168.137.8:9618?sock=startd_1552_c3ce>
...
004 (4442.016.000) 2021-09-30 15:21:41 Job was evicted.
	(0) CPU times
		Usr 0 00:00:12, Sys 0 00:00:25  -  Run Remote Usage
		Usr 0 00:00:00, Sys 0 00:00:00  -  Run Local Usage
	0  -  Run Bytes Sent By Job
	661240448  -  Run Bytes Received By Job
	Partitionable Resources :    Usage  Request Allocated 
	   Cpus                 :        0        2         2 
	   Disk (KB)            :  2657274  2750000   3090734 
	   Memory (MB)          :       25     1500      1536 
...
004 (4442.014.000) 2021-09-30 15:21:41 Job was evicted.
	(0) CPU times
		Usr 0 00:00:09, Sys 0 00:00:25  -  Run Remote Usage
		Usr 0 00:00:00, Sys 0 00:00:00  -  Run Local Usage
	0  -  Run Bytes Sent By Job
	661240448  -  Run Bytes Received By Job
	Partitionable Resources :    Usage  Request Allocated 
	   Cpus                 :        0        2         2 
	   Disk (KB)            :  2657274  2750000   3090734 
	   Memory (MB)          :       25     1500      1536 
...
004 (4442.015.000) 2021-09-30 15:21:41 Job was evicted.
	(0) CPU times
		Usr 0 00:00:08, Sys 0 00:00:24  -  Run Remote Usage
		Usr 0 00:00:00, Sys 0 00:00:00  -  Run Local Usage
	0  -  Run Bytes Sent By Job
	661240448  -  Run Bytes Received By Job
	Partitionable Resources :    Usage  Request Allocated 
	   Cpus                 :        0        2         2 
	   Disk (KB)            :  2657274  2750000   3090734 
	   Memory (MB)          :       25     1500      1536 
...
004 (4442.017.000) 2021-09-30 15:21:41 Job was evicted.
	(0) CPU times
		Usr 0 00:00:09, Sys 0 00:00:24  -  Run Remote Usage
		Usr 0 00:00:00, Sys 0 00:00:00  -  Run Local Usage
	0  -  Run Bytes Sent By Job
	661240448  -  Run Bytes Received By Job
	Partitionable Resources :    Usage  Request Allocated 
	   Cpus                 :        0        2         2 
	   Disk (KB)            :  2657274  2750000   3090734 
	   Memory (MB)          :       25     1500      1536 
...
004 (4442.018.000) 2021-09-30 15:21:41 Job was evicted.
	(0) CPU times
		Usr 0 00:00:08, Sys 0 00:00:24  -  Run Remote Usage
		Usr 0 00:00:00, Sys 0 00:00:00  -  Run Local Usage
	0  -  Run Bytes Sent By Job
	661240448  -  Run Bytes Received By Job
	Partitionable Resources :    Usage  Request Allocated 
	   Cpus                 :        0        2         2 
	   Disk (KB)            :  2657274  2750000   3090734 
	   Memory (MB)          :       25     1500      1536 
...
004 (4442.019.000) 2021-09-30 15:21:41 Job was evicted.
	(0) CPU times
		Usr 0 00:00:11, Sys 0 00:00:26  -  Run Remote Usage
		Usr 0 00:00:00, Sys 0 00:00:00  -  Run Local Usage
	0  -  Run Bytes Sent By Job
	661240448  -  Run Bytes Received By Job
	Partitionable Resources :    Usage  Request Allocated 
	   Cpus                 :        0        2         2 
	   Disk (KB)            :  2657274  2750000   3090734 
	   Memory (MB)          :       25     1500      1536 
...
