001 (4441.003.000) 2021-09-23 15:27:00 Job executing on host: <192.168.137.8:9618?sock=startd_17636_113e>
...
001 (4441.000.000) 2021-09-23 15:27:00 Job executing on host: <192.168.137.8:9618?sock=startd_17636_113e>
...
001 (4441.001.000) 2021-09-23 15:27:01 Job executing on host: <192.168.137.8:9618?sock=startd_17636_113e>
...
001 (4441.002.000) 2021-09-23 15:27:01 Job executing on host: <192.168.137.8:9618?sock=startd_17636_113e>
...
001 (4441.004.000) 2021-09-23 15:27:01 Job executing on host: <192.168.137.8:9618?sock=startd_17636_113e>
...
001 (4441.005.000) 2021-09-23 15:27:01 Job executing on host: <192.168.137.8:9618?sock=startd_17636_113e>
...
001 (4441.006.000) 2021-09-23 15:27:01 Job executing on host: <192.168.137.8:9618?sock=startd_17636_113e>
...
001 (4441.007.000) 2021-09-23 15:27:01 Job executing on host: <192.168.137.8:9618?sock=startd_17636_113e>
...
001 (4441.010.000) 2021-09-23 15:27:01 Job executing on host: <192.168.137.8:9618?sock=startd_17636_113e>
...
001 (4441.008.000) 2021-09-23 15:27:01 Job executing on host: <192.168.137.8:9618?sock=startd_17636_113e>
...
001 (4441.009.000) 2021-09-23 15:27:02 Job executing on host: <192.168.137.8:9618?sock=startd_17636_113e>
...
001 (4441.013.000) 2021-09-23 15:27:02 Job executing on host: <192.168.137.8:9618?sock=startd_17636_113e>
...
001 (4441.011.000) 2021-09-23 15:27:02 Job executing on host: <192.168.137.8:9618?sock=startd_17636_113e>
...
001 (4441.012.000) 2021-09-23 15:27:02 Job executing on host: <192.168.137.8:9618?sock=startd_17636_113e>
...
006 (4441.000.000) 2021-09-23 15:27:09 Image size of job updated: 20796
	21  -  MemoryUsage of job (MB)
	20796  -  ResidentSetSize of job (KB)
...
006 (4441.001.000) 2021-09-23 15:27:09 Image size of job updated: 20808
	21  -  MemoryUsage of job (MB)
	20808  -  ResidentSetSize of job (KB)
...
006 (4441.005.000) 2021-09-23 15:27:09 Image size of job updated: 20800
	21  -  MemoryUsage of job (MB)
	20800  -  ResidentSetSize of job (KB)
...
006 (4441.002.000) 2021-09-23 15:27:09 Image size of job updated: 20800
	21  -  MemoryUsage of job (MB)
	20800  -  ResidentSetSize of job (KB)
...
006 (4441.004.000) 2021-09-23 15:27:09 Image size of job updated: 20812
	21  -  MemoryUsage of job (MB)
	20812  -  ResidentSetSize of job (KB)
...
006 (4441.003.000) 2021-09-23 15:27:09 Image size of job updated: 20796
	21  -  MemoryUsage of job (MB)
	20796  -  ResidentSetSize of job (KB)
...
006 (4441.008.000) 2021-09-23 15:27:10 Image size of job updated: 20772
	21  -  MemoryUsage of job (MB)
	20772  -  ResidentSetSize of job (KB)
...
006 (4441.006.000) 2021-09-23 15:27:10 Image size of job updated: 20780
	21  -  MemoryUsage of job (MB)
	20780  -  ResidentSetSize of job (KB)
...
006 (4441.007.000) 2021-09-23 15:27:10 Image size of job updated: 20796
	21  -  MemoryUsage of job (MB)
	20796  -  ResidentSetSize of job (KB)
...
006 (4441.010.000) 2021-09-23 15:27:10 Image size of job updated: 20728
	21  -  MemoryUsage of job (MB)
	20728  -  ResidentSetSize of job (KB)
...
006 (4441.009.000) 2021-09-23 15:27:10 Image size of job updated: 20740
	21  -  MemoryUsage of job (MB)
	20740  -  ResidentSetSize of job (KB)
...
006 (4441.012.000) 2021-09-23 15:27:11 Image size of job updated: 1
	1  -  MemoryUsage of job (MB)
	92  -  ResidentSetSize of job (KB)
...
006 (4441.013.000) 2021-09-23 15:27:11 Image size of job updated: 2304
	3  -  MemoryUsage of job (MB)
	2304  -  ResidentSetSize of job (KB)
...
006 (4441.011.000) 2021-09-23 15:27:11 Image size of job updated: 1300
	2  -  MemoryUsage of job (MB)
	1300  -  ResidentSetSize of job (KB)
...
006 (4441.004.000) 2021-09-23 15:32:10 Image size of job updated: 20960
	21  -  MemoryUsage of job (MB)
	20960  -  ResidentSetSize of job (KB)
...
006 (4441.005.000) 2021-09-23 15:32:10 Image size of job updated: 20956
	21  -  MemoryUsage of job (MB)
	20956  -  ResidentSetSize of job (KB)
...
006 (4441.001.000) 2021-09-23 15:32:10 Image size of job updated: 20964
	21  -  MemoryUsage of job (MB)
	20964  -  ResidentSetSize of job (KB)
...
006 (4441.002.000) 2021-09-23 15:32:10 Image size of job updated: 20968
	21  -  MemoryUsage of job (MB)
	20968  -  ResidentSetSize of job (KB)
...
006 (4441.000.000) 2021-09-23 15:32:10 Image size of job updated: 20956
	21  -  MemoryUsage of job (MB)
	20956  -  ResidentSetSize of job (KB)
...
006 (4441.007.000) 2021-09-23 15:32:11 Image size of job updated: 20944
	21  -  MemoryUsage of job (MB)
	20944  -  ResidentSetSize of job (KB)
...
006 (4441.010.000) 2021-09-23 15:32:11 Image size of job updated: 20872
	21  -  MemoryUsage of job (MB)
	20872  -  ResidentSetSize of job (KB)
...
006 (4441.006.000) 2021-09-23 15:32:11 Image size of job updated: 20936
	21  -  MemoryUsage of job (MB)
	20936  -  ResidentSetSize of job (KB)
...
006 (4441.008.000) 2021-09-23 15:32:11 Image size of job updated: 20924
	21  -  MemoryUsage of job (MB)
	20924  -  ResidentSetSize of job (KB)
...
006 (4441.003.000) 2021-09-23 15:32:11 Image size of job updated: 20956
	21  -  MemoryUsage of job (MB)
	20956  -  ResidentSetSize of job (KB)
...
006 (4441.009.000) 2021-09-23 15:32:11 Image size of job updated: 20900
	21  -  MemoryUsage of job (MB)
	20900  -  ResidentSetSize of job (KB)
...
006 (4441.012.000) 2021-09-23 15:32:12 Image size of job updated: 20892
	21  -  MemoryUsage of job (MB)
	20892  -  ResidentSetSize of job (KB)
...
006 (4441.013.000) 2021-09-23 15:32:12 Image size of job updated: 20872
	21  -  MemoryUsage of job (MB)
	20872  -  ResidentSetSize of job (KB)
...
006 (4441.011.000) 2021-09-23 15:32:12 Image size of job updated: 20880
	21  -  MemoryUsage of job (MB)
	20880  -  ResidentSetSize of job (KB)
...
006 (4441.004.000) 2021-09-23 15:37:09 Image size of job updated: 21048
	21  -  MemoryUsage of job (MB)
	21048  -  ResidentSetSize of job (KB)
...
006 (4441.005.000) 2021-09-23 15:37:09 Image size of job updated: 21076
	21  -  MemoryUsage of job (MB)
	21076  -  ResidentSetSize of job (KB)
...
006 (4441.002.000) 2021-09-23 15:37:10 Image size of job updated: 21096
	21  -  MemoryUsage of job (MB)
	21096  -  ResidentSetSize of job (KB)
...
006 (4441.001.000) 2021-09-23 15:37:10 Image size of job updated: 21088
	21  -  MemoryUsage of job (MB)
	21088  -  ResidentSetSize of job (KB)
...
006 (4441.008.000) 2021-09-23 15:37:11 Image size of job updated: 21048
	21  -  MemoryUsage of job (MB)
	21048  -  ResidentSetSize of job (KB)
...
006 (4441.000.000) 2021-09-23 15:37:12 Image size of job updated: 21096
	21  -  MemoryUsage of job (MB)
	21096  -  ResidentSetSize of job (KB)
...
006 (4441.007.000) 2021-09-23 15:37:12 Image size of job updated: 21032
	21  -  MemoryUsage of job (MB)
	21032  -  ResidentSetSize of job (KB)
...
006 (4441.010.000) 2021-09-23 15:37:12 Image size of job updated: 20980
	21  -  MemoryUsage of job (MB)
	20980  -  ResidentSetSize of job (KB)
...
006 (4441.006.000) 2021-09-23 15:37:12 Image size of job updated: 21060
	21  -  MemoryUsage of job (MB)
	21060  -  ResidentSetSize of job (KB)
...
006 (4441.003.000) 2021-09-23 15:37:13 Image size of job updated: 21076
	21  -  MemoryUsage of job (MB)
	21076  -  ResidentSetSize of job (KB)
...
006 (4441.009.000) 2021-09-23 15:37:14 Image size of job updated: 21032
	21  -  MemoryUsage of job (MB)
	21032  -  ResidentSetSize of job (KB)
...
006 (4441.011.000) 2021-09-23 15:37:15 Image size of job updated: 20976
	21  -  MemoryUsage of job (MB)
	20976  -  ResidentSetSize of job (KB)
...
006 (4441.012.000) 2021-09-23 15:37:15 Image size of job updated: 21020
	21  -  MemoryUsage of job (MB)
	21020  -  ResidentSetSize of job (KB)
...
006 (4441.013.000) 2021-09-23 15:37:15 Image size of job updated: 21008
	21  -  MemoryUsage of job (MB)
	21008  -  ResidentSetSize of job (KB)
...
006 (4441.001.000) 2021-09-23 15:42:09 Image size of job updated: 1322696
	1292  -  MemoryUsage of job (MB)
	1322696  -  ResidentSetSize of job (KB)
...
006 (4441.002.000) 2021-09-23 15:42:10 Image size of job updated: 21232
	21  -  MemoryUsage of job (MB)
	21096  -  ResidentSetSize of job (KB)
...
006 (4441.004.000) 2021-09-23 15:42:10 Image size of job updated: 21240
	21  -  MemoryUsage of job (MB)
	21048  -  ResidentSetSize of job (KB)
...
006 (4441.005.000) 2021-09-23 15:42:10 Image size of job updated: 21236
	21  -  MemoryUsage of job (MB)
	21076  -  ResidentSetSize of job (KB)
...
006 (4441.008.000) 2021-09-23 15:42:10 Image size of job updated: 21192
	21  -  MemoryUsage of job (MB)
	21048  -  ResidentSetSize of job (KB)
...
006 (4441.010.000) 2021-09-23 15:42:11 Image size of job updated: 21164
	21  -  MemoryUsage of job (MB)
	20980  -  ResidentSetSize of job (KB)
...
006 (4441.003.000) 2021-09-23 15:42:11 Image size of job updated: 1318360
	1288  -  MemoryUsage of job (MB)
	1318360  -  ResidentSetSize of job (KB)
...
006 (4441.006.000) 2021-09-23 15:42:11 Image size of job updated: 21200
	21  -  MemoryUsage of job (MB)
	21060  -  ResidentSetSize of job (KB)
...
006 (4441.007.000) 2021-09-23 15:42:12 Image size of job updated: 21224
	21  -  MemoryUsage of job (MB)
	21032  -  ResidentSetSize of job (KB)
...
006 (4441.000.000) 2021-09-23 15:42:12 Image size of job updated: 1318412
	1288  -  MemoryUsage of job (MB)
	1318412  -  ResidentSetSize of job (KB)
...
006 (4441.009.000) 2021-09-23 15:42:13 Image size of job updated: 21176
	21  -  MemoryUsage of job (MB)
	21032  -  ResidentSetSize of job (KB)
...
006 (4441.011.000) 2021-09-23 15:42:13 Image size of job updated: 21168
	21  -  MemoryUsage of job (MB)
	20976  -  ResidentSetSize of job (KB)
...
006 (4441.012.000) 2021-09-23 15:42:13 Image size of job updated: 21172
	21  -  MemoryUsage of job (MB)
	21020  -  ResidentSetSize of job (KB)
...
006 (4441.013.000) 2021-09-23 15:42:14 Image size of job updated: 52136
	51  -  MemoryUsage of job (MB)
	52136  -  ResidentSetSize of job (KB)
...
006 (4441.004.000) 2021-09-23 15:47:09 Image size of job updated: 1320696
	1290  -  MemoryUsage of job (MB)
	1320696  -  ResidentSetSize of job (KB)
...
006 (4441.002.000) 2021-09-23 15:47:10 Image size of job updated: 1322260
	1289  -  MemoryUsage of job (MB)
	1319740  -  ResidentSetSize of job (KB)
...
006 (4441.005.000) 2021-09-23 15:47:10 Image size of job updated: 1322280
	1288  -  MemoryUsage of job (MB)
	1318076  -  ResidentSetSize of job (KB)
...
006 (4441.010.000) 2021-09-23 15:47:11 Image size of job updated: 1320672
	1290  -  MemoryUsage of job (MB)
	1320672  -  ResidentSetSize of job (KB)
...
006 (4441.006.000) 2021-09-23 15:47:11 Image size of job updated: 1319184
	1288  -  MemoryUsage of job (MB)
	1318028  -  ResidentSetSize of job (KB)
...
006 (4441.003.000) 2021-09-23 15:47:12 Image size of job updated: 1318372
	1288  -  MemoryUsage of job (MB)
	1318372  -  ResidentSetSize of job (KB)
...
006 (4441.008.000) 2021-09-23 15:47:12 Image size of job updated: 1320232
	1288  -  MemoryUsage of job (MB)
	1318060  -  ResidentSetSize of job (KB)
...
006 (4441.009.000) 2021-09-23 15:47:14 Image size of job updated: 1321216
	1290  -  MemoryUsage of job (MB)
	1319956  -  ResidentSetSize of job (KB)
...
006 (4441.000.000) 2021-09-23 15:47:15 Image size of job updated: 1322376
	1291  -  MemoryUsage of job (MB)
	1321008  -  ResidentSetSize of job (KB)
...
006 (4441.007.000) 2021-09-23 15:47:16 Image size of job updated: 1320060
	1288  -  MemoryUsage of job (MB)
	1318840  -  ResidentSetSize of job (KB)
...
006 (4441.011.000) 2021-09-23 15:47:16 Image size of job updated: 1319788
	1288  -  MemoryUsage of job (MB)
	1318256  -  ResidentSetSize of job (KB)
...
006 (4441.012.000) 2021-09-23 15:47:17 Image size of job updated: 1319536
	1288  -  MemoryUsage of job (MB)
	1318496  -  ResidentSetSize of job (KB)
...
006 (4441.013.000) 2021-09-23 15:47:17 Image size of job updated: 1321120
	1290  -  MemoryUsage of job (MB)
	1320500  -  ResidentSetSize of job (KB)
...
006 (4441.002.000) 2021-09-23 15:52:09 Image size of job updated: 1322260
	1290  -  MemoryUsage of job (MB)
	1320808  -  ResidentSetSize of job (KB)
...
006 (4441.004.000) 2021-09-23 15:52:09 Image size of job updated: 1322372
	1292  -  MemoryUsage of job (MB)
	1322372  -  ResidentSetSize of job (KB)
...
006 (4441.005.000) 2021-09-23 15:52:11 Image size of job updated: 1322280
	1290  -  MemoryUsage of job (MB)
	1320788  -  ResidentSetSize of job (KB)
...
006 (4441.010.000) 2021-09-23 15:52:11 Image size of job updated: 1321388
	1291  -  MemoryUsage of job (MB)
	1321388  -  ResidentSetSize of job (KB)
...
006 (4441.003.000) 2021-09-23 15:52:12 Image size of job updated: 1318400
	1288  -  MemoryUsage of job (MB)
	1318400  -  ResidentSetSize of job (KB)
...
006 (4441.008.000) 2021-09-23 15:52:14 Image size of job updated: 1320232
	1288  -  MemoryUsage of job (MB)
	1318516  -  ResidentSetSize of job (KB)
...
006 (4441.006.000) 2021-09-23 15:52:15 Image size of job updated: 1319184
	1289  -  MemoryUsage of job (MB)
	1319012  -  ResidentSetSize of job (KB)
...
006 (4441.007.000) 2021-09-23 15:52:16 Image size of job updated: 1322032
	1292  -  MemoryUsage of job (MB)
	1322032  -  ResidentSetSize of job (KB)
...
006 (4441.011.000) 2021-09-23 15:52:17 Image size of job updated: 1320072
	1290  -  MemoryUsage of job (MB)
	1320072  -  ResidentSetSize of job (KB)
...
006 (4441.012.000) 2021-09-23 15:52:18 Image size of job updated: 1320320
	1290  -  MemoryUsage of job (MB)
	1320320  -  ResidentSetSize of job (KB)
...
006 (4441.009.000) 2021-09-23 15:57:12 Image size of job updated: 1321372
	1290  -  MemoryUsage of job (MB)
	1319956  -  ResidentSetSize of job (KB)
...
006 (4441.003.000) 2021-09-23 15:57:12 Image size of job updated: 1320212
	1290  -  MemoryUsage of job (MB)
	1320212  -  ResidentSetSize of job (KB)
...
006 (4441.006.000) 2021-09-23 15:57:14 Image size of job updated: 1321120
	1291  -  MemoryUsage of job (MB)
	1321120  -  ResidentSetSize of job (KB)
...
006 (4441.013.000) 2021-09-23 15:57:14 Image size of job updated: 1321156
	1290  -  MemoryUsage of job (MB)
	1320500  -  ResidentSetSize of job (KB)
...
006 (4441.011.000) 2021-09-23 15:57:15 Image size of job updated: 1320840
	1290  -  MemoryUsage of job (MB)
	1320840  -  ResidentSetSize of job (KB)
...
006 (4441.012.000) 2021-09-23 15:57:15 Image size of job updated: 1320464
	1290  -  MemoryUsage of job (MB)
	1320320  -  ResidentSetSize of job (KB)
...
006 (4441.002.000) 2021-09-23 16:02:09 Image size of job updated: 1322260
	1291  -  MemoryUsage of job (MB)
	1321212  -  ResidentSetSize of job (KB)
...
006 (4441.010.000) 2021-09-23 16:02:11 Image size of job updated: 1321516
	1291  -  MemoryUsage of job (MB)
	1321516  -  ResidentSetSize of job (KB)
...
006 (4441.011.000) 2021-09-23 16:02:16 Image size of job updated: 1321280
	1290  -  MemoryUsage of job (MB)
	1320840  -  ResidentSetSize of job (KB)
...
006 (4441.012.000) 2021-09-23 16:07:15 Image size of job updated: 1320848
	1290  -  MemoryUsage of job (MB)
	1320320  -  ResidentSetSize of job (KB)
...
006 (4441.003.000) 2021-09-23 16:12:13 Image size of job updated: 1321728
	1291  -  MemoryUsage of job (MB)
	1321228  -  ResidentSetSize of job (KB)
...
006 (4441.008.000) 2021-09-23 16:12:16 Image size of job updated: 1320232
	1288  -  MemoryUsage of job (MB)
	1318764  -  ResidentSetSize of job (KB)
...
006 (4441.013.000) 2021-09-23 16:12:16 Image size of job updated: 1321156
	1290  -  MemoryUsage of job (MB)
	1320512  -  ResidentSetSize of job (KB)
...
006 (4441.012.000) 2021-09-23 16:17:16 Image size of job updated: 1320852
	1290  -  MemoryUsage of job (MB)
	1320320  -  ResidentSetSize of job (KB)
...
006 (4441.008.000) 2021-09-23 16:17:17 Image size of job updated: 1321468
	1291  -  MemoryUsage of job (MB)
	1321468  -  ResidentSetSize of job (KB)
...
006 (4441.011.000) 2021-09-23 16:17:17 Image size of job updated: 1321868
	1291  -  MemoryUsage of job (MB)
	1321868  -  ResidentSetSize of job (KB)
...
006 (4441.000.000) 2021-09-23 16:22:12 Image size of job updated: 1322376
	1291  -  MemoryUsage of job (MB)
	1321160  -  ResidentSetSize of job (KB)
...
006 (4441.009.000) 2021-09-23 16:22:19 Image size of job updated: 1321372
	1291  -  MemoryUsage of job (MB)
	1321280  -  ResidentSetSize of job (KB)
...
006 (4441.006.000) 2021-09-23 16:27:19 Image size of job updated: 1322036
	1292  -  MemoryUsage of job (MB)
	1322036  -  ResidentSetSize of job (KB)
...
006 (4441.009.000) 2021-09-23 16:27:19 Image size of job updated: 1321552
	1291  -  MemoryUsage of job (MB)
	1321552  -  ResidentSetSize of job (KB)
...
006 (4441.009.000) 2021-09-23 16:32:17 Image size of job updated: 1322188
	1291  -  MemoryUsage of job (MB)
	1321552  -  ResidentSetSize of job (KB)
...
006 (4441.013.000) 2021-09-23 16:32:19 Image size of job updated: 1321216
	1291  -  MemoryUsage of job (MB)
	1321216  -  ResidentSetSize of job (KB)
...
006 (4441.005.000) 2021-09-23 16:37:14 Image size of job updated: 1322280
	1292  -  MemoryUsage of job (MB)
	1322040  -  ResidentSetSize of job (KB)
...
006 (4441.010.000) 2021-09-23 16:37:15 Image size of job updated: 1322248
	1291  -  MemoryUsage of job (MB)
	1321516  -  ResidentSetSize of job (KB)
...
006 (4441.009.000) 2021-09-23 16:37:17 Image size of job updated: 1322188
	1291  -  MemoryUsage of job (MB)
	1321848  -  ResidentSetSize of job (KB)
...
006 (4441.007.000) 2021-09-23 16:42:19 Image size of job updated: 1322060
	1292  -  MemoryUsage of job (MB)
	1322060  -  ResidentSetSize of job (KB)
...
006 (4441.012.000) 2021-09-23 16:47:21 Image size of job updated: 1320852
	1290  -  MemoryUsage of job (MB)
	1320792  -  ResidentSetSize of job (KB)
...
006 (4441.013.000) 2021-09-23 16:47:21 Image size of job updated: 1321532
	1291  -  MemoryUsage of job (MB)
	1321216  -  ResidentSetSize of job (KB)
...
006 (4441.008.000) 2021-09-23 17:07:23 Image size of job updated: 1322544
	1291  -  MemoryUsage of job (MB)
	1321468  -  ResidentSetSize of job (KB)
...
006 (4441.005.000) 2021-09-23 17:12:18 Image size of job updated: 1322280
	1292  -  MemoryUsage of job (MB)
	1322240  -  ResidentSetSize of job (KB)
...
006 (4441.013.000) 2021-09-23 17:42:23 Image size of job updated: 1321904
	1291  -  MemoryUsage of job (MB)
	1321216  -  ResidentSetSize of job (KB)
...
006 (4441.000.000) 2021-09-23 17:52:18 Image size of job updated: 1322376
	1291  -  MemoryUsage of job (MB)
	1321336  -  ResidentSetSize of job (KB)
...
006 (4441.013.000) 2021-09-23 17:52:25 Image size of job updated: 1321904
	1291  -  MemoryUsage of job (MB)
	1321532  -  ResidentSetSize of job (KB)
...
006 (4441.007.000) 2021-09-23 17:57:26 Image size of job updated: 1322232
	1292  -  MemoryUsage of job (MB)
	1322060  -  ResidentSetSize of job (KB)
...
006 (4441.006.000) 2021-09-23 17:57:27 Image size of job updated: 1322132
	1292  -  MemoryUsage of job (MB)
	1322036  -  ResidentSetSize of job (KB)
...
006 (4441.006.000) 2021-09-23 18:02:28 Image size of job updated: 1323052
	1293  -  MemoryUsage of job (MB)
	1323052  -  ResidentSetSize of job (KB)
...
006 (4441.012.000) 2021-09-23 18:02:28 Image size of job updated: 1321540
	1290  -  MemoryUsage of job (MB)
	1320792  -  ResidentSetSize of job (KB)
...
006 (4441.002.000) 2021-09-23 18:27:24 Image size of job updated: 1323036
	1291  -  MemoryUsage of job (MB)
	1321212  -  ResidentSetSize of job (KB)
...
006 (4441.003.000) 2021-09-23 18:27:26 Image size of job updated: 1322204
	1292  -  MemoryUsage of job (MB)
	1322204  -  ResidentSetSize of job (KB)
...
006 (4441.012.000) 2021-09-23 18:47:33 Image size of job updated: 1321912
	1291  -  MemoryUsage of job (MB)
	1321912  -  ResidentSetSize of job (KB)
...
006 (4441.002.000) 2021-09-23 19:02:25 Image size of job updated: 1323036
	1291  -  MemoryUsage of job (MB)
	1321308  -  ResidentSetSize of job (KB)
...
006 (4441.008.000) 2021-09-23 19:07:35 Image size of job updated: 1322544
	1291  -  MemoryUsage of job (MB)
	1321600  -  ResidentSetSize of job (KB)
...
006 (4441.013.000) 2021-09-23 19:17:35 Image size of job updated: 1321980
	1291  -  MemoryUsage of job (MB)
	1321532  -  ResidentSetSize of job (KB)
...
006 (4441.013.000) 2021-09-23 19:22:36 Image size of job updated: 1321980
	1291  -  MemoryUsage of job (MB)
	1321824  -  ResidentSetSize of job (KB)
...
006 (4441.008.000) 2021-09-23 19:22:38 Image size of job updated: 1323088
	1291  -  MemoryUsage of job (MB)
	1321600  -  ResidentSetSize of job (KB)
...
006 (4441.005.000) 2021-09-23 19:27:34 Image size of job updated: 1322528
	1292  -  MemoryUsage of job (MB)
	1322240  -  ResidentSetSize of job (KB)
...
006 (4441.003.000) 2021-09-23 19:42:36 Image size of job updated: 1322468
	1292  -  MemoryUsage of job (MB)
	1322468  -  ResidentSetSize of job (KB)
...
006 (4441.007.000) 2021-09-23 20:17:35 Image size of job updated: 1322312
	1292  -  MemoryUsage of job (MB)
	1322312  -  ResidentSetSize of job (KB)
...
006 (4441.004.000) 2021-09-23 20:17:38 Image size of job updated: 1323464
	1292  -  MemoryUsage of job (MB)
	1322372  -  ResidentSetSize of job (KB)
...
006 (4441.007.000) 2021-09-23 20:22:35 Image size of job updated: 1322348
	1292  -  MemoryUsage of job (MB)
	1322312  -  ResidentSetSize of job (KB)
...
006 (4441.009.000) 2021-09-23 20:22:37 Image size of job updated: 1322388
	1291  -  MemoryUsage of job (MB)
	1321848  -  ResidentSetSize of job (KB)
...
006 (4441.000.000) 2021-09-23 20:27:31 Image size of job updated: 1322376
	1291  -  MemoryUsage of job (MB)
	1321532  -  ResidentSetSize of job (KB)
...
006 (4441.000.000) 2021-09-23 20:32:31 Image size of job updated: 1322376
	1292  -  MemoryUsage of job (MB)
	1322020  -  ResidentSetSize of job (KB)
...
006 (4441.012.000) 2021-09-23 20:37:46 Image size of job updated: 1322796
	1292  -  MemoryUsage of job (MB)
	1322796  -  ResidentSetSize of job (KB)
...
006 (4441.013.000) 2021-09-23 20:42:40 Image size of job updated: 1322372
	1291  -  MemoryUsage of job (MB)
	1321824  -  ResidentSetSize of job (KB)
...
006 (4441.003.000) 2021-09-23 21:07:44 Image size of job updated: 1322512
	1292  -  MemoryUsage of job (MB)
	1322468  -  ResidentSetSize of job (KB)
...
006 (4441.008.000) 2021-09-23 21:32:49 Image size of job updated: 1323676
	1293  -  MemoryUsage of job (MB)
	1323676  -  ResidentSetSize of job (KB)
...
006 (4441.005.000) 2021-09-23 21:37:46 Image size of job updated: 1322680
	1292  -  MemoryUsage of job (MB)
	1322680  -  ResidentSetSize of job (KB)
...
006 (4441.007.000) 2021-09-23 21:57:41 Image size of job updated: 1322432
	1292  -  MemoryUsage of job (MB)
	1322312  -  ResidentSetSize of job (KB)
...
006 (4441.000.000) 2021-09-23 22:12:48 Image size of job updated: 1322400
	1292  -  MemoryUsage of job (MB)
	1322400  -  ResidentSetSize of job (KB)
...
006 (4441.003.000) 2021-09-23 22:17:51 Image size of job updated: 1323092
	1292  -  MemoryUsage of job (MB)
	1322468  -  ResidentSetSize of job (KB)
...
006 (4441.006.000) 2021-09-23 22:27:47 Image size of job updated: 1323900
	1293  -  MemoryUsage of job (MB)
	1323900  -  ResidentSetSize of job (KB)
...
006 (4441.002.000) 2021-09-23 22:37:46 Image size of job updated: 1323036
	1291  -  MemoryUsage of job (MB)
	1321888  -  ResidentSetSize of job (KB)
...
006 (4441.001.000) 2021-09-23 22:42:57 Image size of job updated: 1322828
	1292  -  MemoryUsage of job (MB)
	1322828  -  ResidentSetSize of job (KB)
...
006 (4441.000.000) 2021-09-23 22:52:51 Image size of job updated: 1323212
	1292  -  MemoryUsage of job (MB)
	1322400  -  ResidentSetSize of job (KB)
...
006 (4441.007.000) 2021-09-23 23:27:47 Image size of job updated: 1322432
	1292  -  MemoryUsage of job (MB)
	1322340  -  ResidentSetSize of job (KB)
...
006 (4441.009.000) 2021-09-23 23:37:55 Image size of job updated: 1322592
	1291  -  MemoryUsage of job (MB)
	1321848  -  ResidentSetSize of job (KB)
...
005 (4441.003.000) 2021-09-24 00:13:00 Job terminated.
	(1) Normal termination (return value 0)
		Usr 0 07:20:06, Sys 0 00:07:33  -  Run Remote Usage
		Usr 0 00:00:00, Sys 0 00:00:00  -  Run Local Usage
		Usr 0 07:20:06, Sys 0 00:07:33  -  Total Remote Usage
		Usr 0 00:00:00, Sys 0 00:00:00  -  Total Local Usage
	0  -  Run Bytes Sent By Job
	661234176  -  Run Bytes Received By Job
	0  -  Total Bytes Sent By Job
	661234176  -  Total Bytes Received By Job
	Partitionable Resources :    Usage  Request Allocated 
	   Cpus                 :        0        2         2 
	   Disk (KB)            :  2667964   750000   2333390 
	   Memory (MB)          :     1292     1500      1536 

	Job terminated of its own accord at 2021-09-24T07:12:49Z.
...
005 (4441.012.000) 2021-09-24 00:13:01 Job terminated.
	(1) Normal termination (return value 0)
		Usr 0 07:27:12, Sys 0 00:07:40  -  Run Remote Usage
		Usr 0 00:00:00, Sys 0 00:00:00  -  Run Local Usage
		Usr 0 07:27:12, Sys 0 00:07:40  -  Total Remote Usage
		Usr 0 00:00:00, Sys 0 00:00:00  -  Total Local Usage
	0  -  Run Bytes Sent By Job
	661234176  -  Run Bytes Received By Job
	0  -  Total Bytes Sent By Job
	661234176  -  Total Bytes Received By Job
	Partitionable Resources :      Usage  Request Allocated 
	   Cpus                 :       1.03        2         2 
	   Disk (KB)            : 2674792      750000   2333390 
	   Memory (MB)          :    1292        1500      1536 

	Job terminated of its own accord at 2021-09-24T07:12:49Z.
...
005 (4441.000.000) 2021-09-24 00:13:01 Job terminated.
	(1) Normal termination (return value 0)
		Usr 0 07:07:29, Sys 0 00:07:35  -  Run Remote Usage
		Usr 0 00:00:00, Sys 0 00:00:00  -  Run Local Usage
		Usr 0 07:07:29, Sys 0 00:07:35  -  Total Remote Usage
		Usr 0 00:00:00, Sys 0 00:00:00  -  Total Local Usage
	0  -  Run Bytes Sent By Job
	661234176  -  Run Bytes Received By Job
	0  -  Total Bytes Sent By Job
	661234176  -  Total Bytes Received By Job
	Partitionable Resources :      Usage  Request Allocated 
	   Cpus                 :       1.03        2         2 
	   Disk (KB)            : 2667714      750000   2333390 
	   Memory (MB)          :    1292        1500      1536 

	Job terminated of its own accord at 2021-09-24T07:12:49Z.
...
005 (4441.006.000) 2021-09-24 00:13:01 Job terminated.
	(1) Normal termination (return value 0)
		Usr 0 07:06:50, Sys 0 00:06:59  -  Run Remote Usage
		Usr 0 00:00:00, Sys 0 00:00:00  -  Run Local Usage
		Usr 0 07:06:50, Sys 0 00:06:59  -  Total Remote Usage
		Usr 0 00:00:00, Sys 0 00:00:00  -  Total Local Usage
	0  -  Run Bytes Sent By Job
	661234176  -  Run Bytes Received By Job
	0  -  Total Bytes Sent By Job
	661234176  -  Total Bytes Received By Job
	Partitionable Resources :    Usage  Request Allocated 
	   Cpus                 :        0        2         2 
	   Disk (KB)            :  2667944   750000   2333390 
	   Memory (MB)          :     1293     1500      1536 

	Job terminated of its own accord at 2021-09-24T07:12:49Z.
...
005 (4441.013.000) 2021-09-24 00:13:01 Job terminated.
	(1) Normal termination (return value 0)
		Usr 0 07:29:10, Sys 0 00:07:30  -  Run Remote Usage
		Usr 0 00:00:00, Sys 0 00:00:00  -  Run Local Usage
		Usr 0 07:29:10, Sys 0 00:07:30  -  Total Remote Usage
		Usr 0 00:00:00, Sys 0 00:00:00  -  Total Local Usage
	0  -  Run Bytes Sent By Job
	661234176  -  Run Bytes Received By Job
	0  -  Total Bytes Sent By Job
	661234176  -  Total Bytes Received By Job
	Partitionable Resources :    Usage  Request Allocated 
	   Cpus                 :        0        2         2 
	   Disk (KB)            :  2669851   750000   2333390 
	   Memory (MB)          :     1291     1500      1536 

	Job terminated of its own accord at 2021-09-24T07:12:49Z.
...
005 (4441.004.000) 2021-09-24 00:13:01 Job terminated.
	(1) Normal termination (return value 0)
		Usr 0 06:59:51, Sys 0 00:07:10  -  Run Remote Usage
		Usr 0 00:00:00, Sys 0 00:00:00  -  Run Local Usage
		Usr 0 06:59:51, Sys 0 00:07:10  -  Total Remote Usage
		Usr 0 00:00:00, Sys 0 00:00:00  -  Total Local Usage
	0  -  Run Bytes Sent By Job
	661234176  -  Run Bytes Received By Job
	0  -  Total Bytes Sent By Job
	661234176  -  Total Bytes Received By Job
	Partitionable Resources :    Usage  Request Allocated 
	   Cpus                 :        0        2         2 
	   Disk (KB)            :  2669320   750000   2333390 
	   Memory (MB)          :     1292     1500      1536 

	Job terminated of its own accord at 2021-09-24T07:12:49Z.
...
005 (4441.009.000) 2021-09-24 00:13:01 Job terminated.
	(1) Normal termination (return value 0)
		Usr 0 07:11:43, Sys 0 00:06:48  -  Run Remote Usage
		Usr 0 00:00:00, Sys 0 00:00:00  -  Run Local Usage
		Usr 0 07:11:43, Sys 0 00:06:48  -  Total Remote Usage
		Usr 0 00:00:00, Sys 0 00:00:00  -  Total Local Usage
	0  -  Run Bytes Sent By Job
	661234176  -  Run Bytes Received By Job
	0  -  Total Bytes Sent By Job
	661234176  -  Total Bytes Received By Job
	Partitionable Resources :    Usage  Request Allocated 
	   Cpus                 :        0        2         2 
	   Disk (KB)            :  2672410   750000   2333390 
	   Memory (MB)          :     1291     1500      1536 

	Job terminated of its own accord at 2021-09-24T07:12:49Z.
...
005 (4441.007.000) 2021-09-24 00:13:01 Job terminated.
	(1) Normal termination (return value 0)
		Usr 0 07:12:14, Sys 0 00:07:13  -  Run Remote Usage
		Usr 0 00:00:00, Sys 0 00:00:00  -  Run Local Usage
		Usr 0 07:12:14, Sys 0 00:07:13  -  Total Remote Usage
		Usr 0 00:00:00, Sys 0 00:00:00  -  Total Local Usage
	0  -  Run Bytes Sent By Job
	661234176  -  Run Bytes Received By Job
	0  -  Total Bytes Sent By Job
	661234176  -  Total Bytes Received By Job
	Partitionable Resources :    Usage  Request Allocated 
	   Cpus                 :        0        2         2 
	   Disk (KB)            :  2674792   750000   2333390 
	   Memory (MB)          :     1292     1500      1536 

	Job terminated of its own accord at 2021-09-24T07:12:49Z.
...
005 (4441.002.000) 2021-09-24 00:13:01 Job terminated.
	(1) Normal termination (return value 0)
		Usr 0 07:14:00, Sys 0 00:07:04  -  Run Remote Usage
		Usr 0 00:00:00, Sys 0 00:00:00  -  Run Local Usage
		Usr 0 07:14:00, Sys 0 00:07:04  -  Total Remote Usage
		Usr 0 00:00:00, Sys 0 00:00:00  -  Total Local Usage
	0  -  Run Bytes Sent By Job
	661234176  -  Run Bytes Received By Job
	0  -  Total Bytes Sent By Job
	661234176  -  Total Bytes Received By Job
	Partitionable Resources :    Usage  Request Allocated 
	   Cpus                 :        0        2         2 
	   Disk (KB)            :  2667899   750000   2333390 
	   Memory (MB)          :     1291     1500      1536 

	Job terminated of its own accord at 2021-09-24T07:12:49Z.
...
005 (4441.001.000) 2021-09-24 00:13:01 Job terminated.
	(1) Normal termination (return value 0)
		Usr 0 07:14:29, Sys 0 00:07:13  -  Run Remote Usage
		Usr 0 00:00:00, Sys 0 00:00:00  -  Run Local Usage
		Usr 0 07:14:29, Sys 0 00:07:13  -  Total Remote Usage
		Usr 0 00:00:00, Sys 0 00:00:00  -  Total Local Usage
	0  -  Run Bytes Sent By Job
	661234176  -  Run Bytes Received By Job
	0  -  Total Bytes Sent By Job
	661234176  -  Total Bytes Received By Job
	Partitionable Resources :      Usage  Request Allocated 
	   Cpus                 :       1.03        2         2 
	   Disk (KB)            : 2669967      750000   2333390 
	   Memory (MB)          :    1292        1500      1536 

	Job terminated of its own accord at 2021-09-24T07:12:49Z.
...
005 (4441.005.000) 2021-09-24 00:13:01 Job terminated.
	(1) Normal termination (return value 0)
		Usr 0 07:06:35, Sys 0 00:07:02  -  Run Remote Usage
		Usr 0 00:00:00, Sys 0 00:00:00  -  Run Local Usage
		Usr 0 07:06:35, Sys 0 00:07:02  -  Total Remote Usage
		Usr 0 00:00:00, Sys 0 00:00:00  -  Total Local Usage
	0  -  Run Bytes Sent By Job
	661234176  -  Run Bytes Received By Job
	0  -  Total Bytes Sent By Job
	661234176  -  Total Bytes Received By Job
	Partitionable Resources :    Usage  Request Allocated 
	   Cpus                 :        0        2         2 
	   Disk (KB)            :  2667991   750000   2333390 
	   Memory (MB)          :     1292     1500      1536 

	Job terminated of its own accord at 2021-09-24T07:12:49Z.
...
005 (4441.008.000) 2021-09-24 00:13:01 Job terminated.
	(1) Normal termination (return value 0)
		Usr 0 07:15:32, Sys 0 00:07:13  -  Run Remote Usage
		Usr 0 00:00:00, Sys 0 00:00:00  -  Run Local Usage
		Usr 0 07:15:32, Sys 0 00:07:13  -  Total Remote Usage
		Usr 0 00:00:00, Sys 0 00:00:00  -  Total Local Usage
	0  -  Run Bytes Sent By Job
	661234176  -  Run Bytes Received By Job
	0  -  Total Bytes Sent By Job
	661234176  -  Total Bytes Received By Job
	Partitionable Resources :    Usage  Request Allocated 
	   Cpus                 :        0        2         2 
	   Disk (KB)            :  2669678   750000   2333390 
	   Memory (MB)          :     1293     1500      1536 

	Job terminated of its own accord at 2021-09-24T07:12:49Z.
...
005 (4441.011.000) 2021-09-24 00:13:02 Job terminated.
	(1) Normal termination (return value 0)
		Usr 0 00:58:33, Sys 0 00:01:15  -  Run Remote Usage
		Usr 0 00:00:00, Sys 0 00:00:00  -  Run Local Usage
		Usr 0 00:58:33, Sys 0 00:01:15  -  Total Remote Usage
		Usr 0 00:00:00, Sys 0 00:00:00  -  Total Local Usage
	0  -  Run Bytes Sent By Job
	661234176  -  Run Bytes Received By Job
	0  -  Total Bytes Sent By Job
	661234176  -  Total Bytes Received By Job
	Partitionable Resources :    Usage  Request Allocated 
	   Cpus                 :        0        2         2 
	   Disk (KB)            :  2666935   750000   2333390 
	   Memory (MB)          :     1291     1500      1536 

	Job terminated of its own accord at 2021-09-24T07:12:49Z.
...
005 (4441.010.000) 2021-09-24 00:13:02 Job terminated.
	(1) Normal termination (return value 0)
		Usr 0 00:56:18, Sys 0 00:01:13  -  Run Remote Usage
		Usr 0 00:00:00, Sys 0 00:00:00  -  Run Local Usage
		Usr 0 00:56:18, Sys 0 00:01:13  -  Total Remote Usage
		Usr 0 00:00:00, Sys 0 00:00:00  -  Total Local Usage
	0  -  Run Bytes Sent By Job
	661234176  -  Run Bytes Received By Job
	0  -  Total Bytes Sent By Job
	661234176  -  Total Bytes Received By Job
	Partitionable Resources :    Usage  Request Allocated 
	   Cpus                 :        0        2         2 
	   Disk (KB)            :  2660844   750000   2333390 
	   Memory (MB)          :     1291     1500      1536 

	Job terminated of its own accord at 2021-09-24T07:12:49Z.
...
001 (4441.016.000) 2021-09-24 00:14:00 Job executing on host: <192.168.137.8:9618?sock=startd_17636_113e>
...
001 (4441.014.000) 2021-09-24 00:14:00 Job executing on host: <192.168.137.8:9618?sock=startd_17636_113e>
...
001 (4441.015.000) 2021-09-24 00:14:00 Job executing on host: <192.168.137.8:9618?sock=startd_17636_113e>
...
001 (4441.017.000) 2021-09-24 00:14:00 Job executing on host: <192.168.137.8:9618?sock=startd_17636_113e>
...
001 (4441.018.000) 2021-09-24 00:14:01 Job executing on host: <192.168.137.8:9618?sock=startd_17636_113e>
...
001 (4441.019.000) 2021-09-24 00:14:01 Job executing on host: <192.168.137.8:9618?sock=startd_17636_113e>
...
006 (4441.016.000) 2021-09-24 00:14:08 Image size of job updated: 20796
	21  -  MemoryUsage of job (MB)
	20796  -  ResidentSetSize of job (KB)
...
006 (4441.014.000) 2021-09-24 00:14:09 Image size of job updated: 20788
	21  -  MemoryUsage of job (MB)
	20788  -  ResidentSetSize of job (KB)
...
006 (4441.017.000) 2021-09-24 00:14:09 Image size of job updated: 20792
	21  -  MemoryUsage of job (MB)
	20792  -  ResidentSetSize of job (KB)
...
006 (4441.015.000) 2021-09-24 00:14:09 Image size of job updated: 20808
	21  -  MemoryUsage of job (MB)
	20808  -  ResidentSetSize of job (KB)
...
006 (4441.018.000) 2021-09-24 00:14:10 Image size of job updated: 12716
	13  -  MemoryUsage of job (MB)
	12716  -  ResidentSetSize of job (KB)
...
006 (4441.019.000) 2021-09-24 00:14:10 Image size of job updated: 1
	1  -  MemoryUsage of job (MB)
	92  -  ResidentSetSize of job (KB)
...
006 (4441.016.000) 2021-09-24 00:19:08 Image size of job updated: 21180
	21  -  MemoryUsage of job (MB)
	21180  -  ResidentSetSize of job (KB)
...
006 (4441.014.000) 2021-09-24 00:19:10 Image size of job updated: 21176
	21  -  MemoryUsage of job (MB)
	21176  -  ResidentSetSize of job (KB)
...
006 (4441.015.000) 2021-09-24 00:19:11 Image size of job updated: 21160
	21  -  MemoryUsage of job (MB)
	21160  -  ResidentSetSize of job (KB)
...
006 (4441.017.000) 2021-09-24 00:19:11 Image size of job updated: 21168
	21  -  MemoryUsage of job (MB)
	21168  -  ResidentSetSize of job (KB)
...
006 (4441.018.000) 2021-09-24 00:19:12 Image size of job updated: 21188
	21  -  MemoryUsage of job (MB)
	21188  -  ResidentSetSize of job (KB)
...
006 (4441.019.000) 2021-09-24 00:19:12 Image size of job updated: 21200
	21  -  MemoryUsage of job (MB)
	21200  -  ResidentSetSize of job (KB)
...
006 (4441.016.000) 2021-09-24 00:24:09 Image size of job updated: 22324
	22  -  MemoryUsage of job (MB)
	22324  -  ResidentSetSize of job (KB)
...
006 (4441.014.000) 2021-09-24 00:24:11 Image size of job updated: 22320
	22  -  MemoryUsage of job (MB)
	22320  -  ResidentSetSize of job (KB)
...
006 (4441.017.000) 2021-09-24 00:24:11 Image size of job updated: 22316
	22  -  MemoryUsage of job (MB)
	22316  -  ResidentSetSize of job (KB)
...
006 (4441.015.000) 2021-09-24 00:24:12 Image size of job updated: 22396
	22  -  MemoryUsage of job (MB)
	22396  -  ResidentSetSize of job (KB)
...
006 (4441.018.000) 2021-09-24 00:24:12 Image size of job updated: 22308
	22  -  MemoryUsage of job (MB)
	22308  -  ResidentSetSize of job (KB)
...
006 (4441.019.000) 2021-09-24 00:24:13 Image size of job updated: 22324
	22  -  MemoryUsage of job (MB)
	22324  -  ResidentSetSize of job (KB)
...
006 (4441.014.000) 2021-09-24 02:04:17 Image size of job updated: 22836
	23  -  MemoryUsage of job (MB)
	22836  -  ResidentSetSize of job (KB)
...
006 (4441.018.000) 2021-09-24 02:04:20 Image size of job updated: 22828
	23  -  MemoryUsage of job (MB)
	22828  -  ResidentSetSize of job (KB)
...
006 (4441.015.000) 2021-09-24 02:04:21 Image size of job updated: 22916
	23  -  MemoryUsage of job (MB)
	22916  -  ResidentSetSize of job (KB)
...
006 (4441.016.000) 2021-09-24 02:04:22 Image size of job updated: 22844
	23  -  MemoryUsage of job (MB)
	22844  -  ResidentSetSize of job (KB)
...
006 (4441.017.000) 2021-09-24 02:04:23 Image size of job updated: 22836
	23  -  MemoryUsage of job (MB)
	22836  -  ResidentSetSize of job (KB)
...
006 (4441.019.000) 2021-09-24 02:04:24 Image size of job updated: 22840
	23  -  MemoryUsage of job (MB)
	22840  -  ResidentSetSize of job (KB)
...
006 (4441.014.000) 2021-09-24 02:34:20 Image size of job updated: 22848
	23  -  MemoryUsage of job (MB)
	22848  -  ResidentSetSize of job (KB)
...
006 (4441.018.000) 2021-09-24 02:34:23 Image size of job updated: 22840
	23  -  MemoryUsage of job (MB)
	22840  -  ResidentSetSize of job (KB)
...
006 (4441.015.000) 2021-09-24 02:34:25 Image size of job updated: 22932
	23  -  MemoryUsage of job (MB)
	22932  -  ResidentSetSize of job (KB)
...
006 (4441.019.000) 2021-09-24 02:34:26 Image size of job updated: 22856
	23  -  MemoryUsage of job (MB)
	22856  -  ResidentSetSize of job (KB)
...
006 (4441.016.000) 2021-09-24 02:34:26 Image size of job updated: 22856
	23  -  MemoryUsage of job (MB)
	22856  -  ResidentSetSize of job (KB)
...
006 (4441.017.000) 2021-09-24 02:34:28 Image size of job updated: 22848
	23  -  MemoryUsage of job (MB)
	22848  -  ResidentSetSize of job (KB)
...
006 (4441.014.000) 2021-09-24 04:34:31 Image size of job updated: 22856
	23  -  MemoryUsage of job (MB)
	22856  -  ResidentSetSize of job (KB)
...
006 (4441.018.000) 2021-09-24 04:34:34 Image size of job updated: 22844
	23  -  MemoryUsage of job (MB)
	22844  -  ResidentSetSize of job (KB)
...
006 (4441.017.000) 2021-09-24 04:34:39 Image size of job updated: 22856
	23  -  MemoryUsage of job (MB)
	22856  -  ResidentSetSize of job (KB)
...
006 (4441.016.000) 2021-09-24 04:34:39 Image size of job updated: 22864
	23  -  MemoryUsage of job (MB)
	22864  -  ResidentSetSize of job (KB)
...
006 (4441.015.000) 2021-09-24 06:19:47 Image size of job updated: 22936
	23  -  MemoryUsage of job (MB)
	22936  -  ResidentSetSize of job (KB)
...
006 (4441.018.000) 2021-09-24 07:59:55 Image size of job updated: 22848
	23  -  MemoryUsage of job (MB)
	22848  -  ResidentSetSize of job (KB)
...
006 (4441.019.000) 2021-09-24 07:59:59 Image size of job updated: 22860
	23  -  MemoryUsage of job (MB)
	22860  -  ResidentSetSize of job (KB)
...
