001 (4599.000.000) 2021-12-20 13:59:35 Job executing on host: <192.168.137.8:9618?sock=startd_11424_7866>
...
001 (4599.005.000) 2021-12-20 13:59:36 Job executing on host: <192.168.137.8:9618?sock=startd_11424_7866>
...
001 (4599.006.000) 2021-12-20 13:59:36 Job executing on host: <192.168.137.8:9618?sock=startd_11424_7866>
...
001 (4599.001.000) 2021-12-20 13:59:36 Job executing on host: <192.168.137.8:9618?sock=startd_11424_7866>
...
001 (4599.004.000) 2021-12-20 13:59:36 Job executing on host: <192.168.137.8:9618?sock=startd_11424_7866>
...
001 (4599.002.000) 2021-12-20 13:59:36 Job executing on host: <192.168.137.8:9618?sock=startd_11424_7866>
...
001 (4599.003.000) 2021-12-20 13:59:36 Job executing on host: <192.168.137.8:9618?sock=startd_11424_7866>
...
001 (4599.007.000) 2021-12-20 13:59:36 Job executing on host: <192.168.137.8:9618?sock=startd_11424_7866>
...
006 (4599.005.000) 2021-12-20 13:59:44 Image size of job updated: 20724
	21  -  MemoryUsage of job (MB)
	20724  -  ResidentSetSize of job (KB)
...
006 (4599.006.000) 2021-12-20 13:59:44 Image size of job updated: 20748
	21  -  MemoryUsage of job (MB)
	20748  -  ResidentSetSize of job (KB)
...
006 (4599.001.000) 2021-12-20 13:59:44 Image size of job updated: 20736
	21  -  MemoryUsage of job (MB)
	20736  -  ResidentSetSize of job (KB)
...
006 (4599.004.000) 2021-12-20 13:59:44 Image size of job updated: 20732
	21  -  MemoryUsage of job (MB)
	20732  -  ResidentSetSize of job (KB)
...
006 (4599.002.000) 2021-12-20 13:59:44 Image size of job updated: 20740
	21  -  MemoryUsage of job (MB)
	20740  -  ResidentSetSize of job (KB)
...
006 (4599.003.000) 2021-12-20 13:59:44 Image size of job updated: 20744
	21  -  MemoryUsage of job (MB)
	20744  -  ResidentSetSize of job (KB)
...
006 (4599.000.000) 2021-12-20 13:59:44 Image size of job updated: 20728
	21  -  MemoryUsage of job (MB)
	20728  -  ResidentSetSize of job (KB)
...
006 (4599.007.000) 2021-12-20 13:59:45 Image size of job updated: 20756
	21  -  MemoryUsage of job (MB)
	20756  -  ResidentSetSize of job (KB)
...
001 (4599.008.000) 2021-12-20 14:00:11 Job executing on host: <192.168.137.8:9618?sock=startd_11424_7866>
...
001 (4599.011.000) 2021-12-20 14:00:11 Job executing on host: <192.168.137.8:9618?sock=startd_11424_7866>
...
001 (4599.012.000) 2021-12-20 14:00:12 Job executing on host: <192.168.137.8:9618?sock=startd_11424_7866>
...
001 (4599.013.000) 2021-12-20 14:00:12 Job executing on host: <192.168.137.8:9618?sock=startd_11424_7866>
...
001 (4599.009.000) 2021-12-20 14:00:13 Job executing on host: <192.168.137.8:9618?sock=startd_11424_7866>
...
001 (4599.010.000) 2021-12-20 14:00:14 Job executing on host: <192.168.137.8:9618?sock=startd_11424_7866>
...
006 (4599.011.000) 2021-12-20 14:00:20 Image size of job updated: 20724
	21  -  MemoryUsage of job (MB)
	20724  -  ResidentSetSize of job (KB)
...
006 (4599.008.000) 2021-12-20 14:00:20 Image size of job updated: 20740
	21  -  MemoryUsage of job (MB)
	20740  -  ResidentSetSize of job (KB)
...
006 (4599.012.000) 2021-12-20 14:00:21 Image size of job updated: 20732
	21  -  MemoryUsage of job (MB)
	20732  -  ResidentSetSize of job (KB)
...
006 (4599.009.000) 2021-12-20 14:00:22 Image size of job updated: 15636
	16  -  MemoryUsage of job (MB)
	15636  -  ResidentSetSize of job (KB)
...
006 (4599.010.000) 2021-12-20 14:00:22 Image size of job updated: 1
	1  -  MemoryUsage of job (MB)
	96  -  ResidentSetSize of job (KB)
...
006 (4599.013.000) 2021-12-20 14:00:22 Image size of job updated: 20724
	21  -  MemoryUsage of job (MB)
	20724  -  ResidentSetSize of job (KB)
...
006 (4599.005.000) 2021-12-20 14:04:44 Image size of job updated: 20880
	21  -  MemoryUsage of job (MB)
	20880  -  ResidentSetSize of job (KB)
...
006 (4599.006.000) 2021-12-20 14:04:44 Image size of job updated: 20920
	21  -  MemoryUsage of job (MB)
	20920  -  ResidentSetSize of job (KB)
...
006 (4599.001.000) 2021-12-20 14:04:44 Image size of job updated: 20900
	21  -  MemoryUsage of job (MB)
	20900  -  ResidentSetSize of job (KB)
...
006 (4599.004.000) 2021-12-20 14:04:44 Image size of job updated: 20904
	21  -  MemoryUsage of job (MB)
	20904  -  ResidentSetSize of job (KB)
...
006 (4599.002.000) 2021-12-20 14:04:44 Image size of job updated: 20908
	21  -  MemoryUsage of job (MB)
	20908  -  ResidentSetSize of job (KB)
...
006 (4599.003.000) 2021-12-20 14:04:45 Image size of job updated: 20912
	21  -  MemoryUsage of job (MB)
	20912  -  ResidentSetSize of job (KB)
...
006 (4599.000.000) 2021-12-20 14:04:45 Image size of job updated: 20900
	21  -  MemoryUsage of job (MB)
	20900  -  ResidentSetSize of job (KB)
...
006 (4599.007.000) 2021-12-20 14:04:46 Image size of job updated: 20924
	21  -  MemoryUsage of job (MB)
	20924  -  ResidentSetSize of job (KB)
...
006 (4599.011.000) 2021-12-20 14:05:20 Image size of job updated: 20892
	21  -  MemoryUsage of job (MB)
	20892  -  ResidentSetSize of job (KB)
...
006 (4599.008.000) 2021-12-20 14:05:21 Image size of job updated: 20912
	21  -  MemoryUsage of job (MB)
	20912  -  ResidentSetSize of job (KB)
...
006 (4599.012.000) 2021-12-20 14:05:21 Image size of job updated: 20904
	21  -  MemoryUsage of job (MB)
	20904  -  ResidentSetSize of job (KB)
...
006 (4599.009.000) 2021-12-20 14:05:22 Image size of job updated: 20884
	21  -  MemoryUsage of job (MB)
	20884  -  ResidentSetSize of job (KB)
...
006 (4599.013.000) 2021-12-20 14:05:23 Image size of job updated: 20908
	21  -  MemoryUsage of job (MB)
	20908  -  ResidentSetSize of job (KB)
...
006 (4599.010.000) 2021-12-20 14:05:24 Image size of job updated: 20892
	21  -  MemoryUsage of job (MB)
	20892  -  ResidentSetSize of job (KB)
...
006 (4599.001.000) 2021-12-20 14:09:44 Image size of job updated: 21000
	21  -  MemoryUsage of job (MB)
	21000  -  ResidentSetSize of job (KB)
...
006 (4599.005.000) 2021-12-20 14:09:44 Image size of job updated: 20992
	21  -  MemoryUsage of job (MB)
	20992  -  ResidentSetSize of job (KB)
...
006 (4599.006.000) 2021-12-20 14:09:45 Image size of job updated: 21020
	21  -  MemoryUsage of job (MB)
	21020  -  ResidentSetSize of job (KB)
...
006 (4599.004.000) 2021-12-20 14:09:45 Image size of job updated: 21000
	21  -  MemoryUsage of job (MB)
	21000  -  ResidentSetSize of job (KB)
...
006 (4599.002.000) 2021-12-20 14:09:45 Image size of job updated: 21004
	21  -  MemoryUsage of job (MB)
	21004  -  ResidentSetSize of job (KB)
...
006 (4599.000.000) 2021-12-20 14:09:46 Image size of job updated: 20996
	21  -  MemoryUsage of job (MB)
	20996  -  ResidentSetSize of job (KB)
...
006 (4599.003.000) 2021-12-20 14:09:47 Image size of job updated: 21024
	21  -  MemoryUsage of job (MB)
	21024  -  ResidentSetSize of job (KB)
...
006 (4599.007.000) 2021-12-20 14:09:47 Image size of job updated: 21024
	21  -  MemoryUsage of job (MB)
	21024  -  ResidentSetSize of job (KB)
...
006 (4599.011.000) 2021-12-20 14:10:20 Image size of job updated: 20980
	21  -  MemoryUsage of job (MB)
	20980  -  ResidentSetSize of job (KB)
...
006 (4599.012.000) 2021-12-20 14:10:22 Image size of job updated: 21028
	21  -  MemoryUsage of job (MB)
	21028  -  ResidentSetSize of job (KB)
...
006 (4599.008.000) 2021-12-20 14:10:23 Image size of job updated: 21012
	21  -  MemoryUsage of job (MB)
	21012  -  ResidentSetSize of job (KB)
...
006 (4599.013.000) 2021-12-20 14:10:23 Image size of job updated: 21032
	21  -  MemoryUsage of job (MB)
	21032  -  ResidentSetSize of job (KB)
...
006 (4599.009.000) 2021-12-20 14:10:24 Image size of job updated: 20984
	21  -  MemoryUsage of job (MB)
	20984  -  ResidentSetSize of job (KB)
...
006 (4599.010.000) 2021-12-20 14:10:24 Image size of job updated: 21004
	21  -  MemoryUsage of job (MB)
	21004  -  ResidentSetSize of job (KB)
...
006 (4599.001.000) 2021-12-20 14:14:44 Image size of job updated: 21176
	21  -  MemoryUsage of job (MB)
	21176  -  ResidentSetSize of job (KB)
...
006 (4599.006.000) 2021-12-20 14:14:45 Image size of job updated: 21192
	21  -  MemoryUsage of job (MB)
	21192  -  ResidentSetSize of job (KB)
...
006 (4599.004.000) 2021-12-20 14:14:46 Image size of job updated: 21176
	21  -  MemoryUsage of job (MB)
	21176  -  ResidentSetSize of job (KB)
...
006 (4599.002.000) 2021-12-20 14:14:46 Image size of job updated: 21176
	21  -  MemoryUsage of job (MB)
	21176  -  ResidentSetSize of job (KB)
...
006 (4599.005.000) 2021-12-20 14:14:46 Image size of job updated: 21168
	21  -  MemoryUsage of job (MB)
	21168  -  ResidentSetSize of job (KB)
...
006 (4599.000.000) 2021-12-20 14:14:48 Image size of job updated: 21164
	21  -  MemoryUsage of job (MB)
	21164  -  ResidentSetSize of job (KB)
...
006 (4599.003.000) 2021-12-20 14:14:48 Image size of job updated: 21188
	21  -  MemoryUsage of job (MB)
	21188  -  ResidentSetSize of job (KB)
...
006 (4599.007.000) 2021-12-20 14:14:48 Image size of job updated: 21196
	21  -  MemoryUsage of job (MB)
	21196  -  ResidentSetSize of job (KB)
...
006 (4599.011.000) 2021-12-20 14:15:22 Image size of job updated: 21128
	21  -  MemoryUsage of job (MB)
	21128  -  ResidentSetSize of job (KB)
...
006 (4599.012.000) 2021-12-20 14:15:22 Image size of job updated: 21180
	21  -  MemoryUsage of job (MB)
	21180  -  ResidentSetSize of job (KB)
...
006 (4599.008.000) 2021-12-20 14:15:23 Image size of job updated: 21176
	21  -  MemoryUsage of job (MB)
	21176  -  ResidentSetSize of job (KB)
...
006 (4599.009.000) 2021-12-20 14:15:24 Image size of job updated: 21132
	21  -  MemoryUsage of job (MB)
	21132  -  ResidentSetSize of job (KB)
...
006 (4599.013.000) 2021-12-20 14:15:24 Image size of job updated: 21184
	21  -  MemoryUsage of job (MB)
	21184  -  ResidentSetSize of job (KB)
...
006 (4599.010.000) 2021-12-20 14:15:25 Image size of job updated: 21172
	21  -  MemoryUsage of job (MB)
	21172  -  ResidentSetSize of job (KB)
...
006 (4599.006.000) 2021-12-20 14:19:45 Image size of job updated: 1319948
	1287  -  MemoryUsage of job (MB)
	1317772  -  ResidentSetSize of job (KB)
...
006 (4599.001.000) 2021-12-20 14:19:46 Image size of job updated: 1320336
	1290  -  MemoryUsage of job (MB)
	1319972  -  ResidentSetSize of job (KB)
...
006 (4599.004.000) 2021-12-20 14:19:46 Image size of job updated: 1319056
	1287  -  MemoryUsage of job (MB)
	1317772  -  ResidentSetSize of job (KB)
...
006 (4599.002.000) 2021-12-20 14:19:47 Image size of job updated: 1319300
	1289  -  MemoryUsage of job (MB)
	1319300  -  ResidentSetSize of job (KB)
...
006 (4599.005.000) 2021-12-20 14:19:47 Image size of job updated: 1321428
	1285  -  MemoryUsage of job (MB)
	1315632  -  ResidentSetSize of job (KB)
...
006 (4599.000.000) 2021-12-20 14:19:48 Image size of job updated: 1319952
	1288  -  MemoryUsage of job (MB)
	1318364  -  ResidentSetSize of job (KB)
...
006 (4599.003.000) 2021-12-20 14:19:48 Image size of job updated: 1317684
	1287  -  MemoryUsage of job (MB)
	1317264  -  ResidentSetSize of job (KB)
...
006 (4599.007.000) 2021-12-20 14:19:49 Image size of job updated: 1318792
	1288  -  MemoryUsage of job (MB)
	1318792  -  ResidentSetSize of job (KB)
...
006 (4599.011.000) 2021-12-20 14:20:22 Image size of job updated: 1322280
	1291  -  MemoryUsage of job (MB)
	1321324  -  ResidentSetSize of job (KB)
...
006 (4599.012.000) 2021-12-20 14:20:24 Image size of job updated: 1321908
	1291  -  MemoryUsage of job (MB)
	1321908  -  ResidentSetSize of job (KB)
...
006 (4599.008.000) 2021-12-20 14:20:24 Image size of job updated: 1318100
	1287  -  MemoryUsage of job (MB)
	1316944  -  ResidentSetSize of job (KB)
...
006 (4599.013.000) 2021-12-20 14:20:24 Image size of job updated: 1318744
	1287  -  MemoryUsage of job (MB)
	1317084  -  ResidentSetSize of job (KB)
...
006 (4599.009.000) 2021-12-20 14:20:25 Image size of job updated: 1319912
	1289  -  MemoryUsage of job (MB)
	1319912  -  ResidentSetSize of job (KB)
...
006 (4599.010.000) 2021-12-20 14:20:25 Image size of job updated: 1319028
	1289  -  MemoryUsage of job (MB)
	1319028  -  ResidentSetSize of job (KB)
...
006 (4599.006.000) 2021-12-20 14:24:45 Image size of job updated: 1320728
	1290  -  MemoryUsage of job (MB)
	1320728  -  ResidentSetSize of job (KB)
...
006 (4599.004.000) 2021-12-20 14:24:47 Image size of job updated: 1320360
	1290  -  MemoryUsage of job (MB)
	1320360  -  ResidentSetSize of job (KB)
...
006 (4599.002.000) 2021-12-20 14:24:47 Image size of job updated: 1319684
	1289  -  MemoryUsage of job (MB)
	1319684  -  ResidentSetSize of job (KB)
...
006 (4599.005.000) 2021-12-20 14:24:48 Image size of job updated: 1321428
	1287  -  MemoryUsage of job (MB)
	1317264  -  ResidentSetSize of job (KB)
...
006 (4599.003.000) 2021-12-20 14:24:49 Image size of job updated: 1319196
	1289  -  MemoryUsage of job (MB)
	1319196  -  ResidentSetSize of job (KB)
...
006 (4599.007.000) 2021-12-20 14:24:49 Image size of job updated: 1318804
	1288  -  MemoryUsage of job (MB)
	1318804  -  ResidentSetSize of job (KB)
...
006 (4599.008.000) 2021-12-20 14:25:24 Image size of job updated: 1318760
	1288  -  MemoryUsage of job (MB)
	1318760  -  ResidentSetSize of job (KB)
...
006 (4599.012.000) 2021-12-20 14:25:24 Image size of job updated: 1321912
	1291  -  MemoryUsage of job (MB)
	1321908  -  ResidentSetSize of job (KB)
...
006 (4599.013.000) 2021-12-20 14:25:25 Image size of job updated: 1318744
	1287  -  MemoryUsage of job (MB)
	1317100  -  ResidentSetSize of job (KB)
...
006 (4599.010.000) 2021-12-20 14:25:26 Image size of job updated: 1319040
	1289  -  MemoryUsage of job (MB)
	1319028  -  ResidentSetSize of job (KB)
...
006 (4599.009.000) 2021-12-20 14:25:26 Image size of job updated: 1320284
	1290  -  MemoryUsage of job (MB)
	1320284  -  ResidentSetSize of job (KB)
...
006 (4599.002.000) 2021-12-20 14:29:48 Image size of job updated: 1320052
	1289  -  MemoryUsage of job (MB)
	1319684  -  ResidentSetSize of job (KB)
...
006 (4599.000.000) 2021-12-20 14:29:49 Image size of job updated: 1319952
	1289  -  MemoryUsage of job (MB)
	1319252  -  ResidentSetSize of job (KB)
...
006 (4599.005.000) 2021-12-20 14:29:49 Image size of job updated: 1321428
	1288  -  MemoryUsage of job (MB)
	1318188  -  ResidentSetSize of job (KB)
...
006 (4599.007.000) 2021-12-20 14:29:50 Image size of job updated: 1319292
	1288  -  MemoryUsage of job (MB)
	1318804  -  ResidentSetSize of job (KB)
...
006 (4599.010.000) 2021-12-20 14:30:25 Image size of job updated: 1319764
	1289  -  MemoryUsage of job (MB)
	1319764  -  ResidentSetSize of job (KB)
...
006 (4599.013.000) 2021-12-20 14:30:26 Image size of job updated: 1318744
	1288  -  MemoryUsage of job (MB)
	1318320  -  ResidentSetSize of job (KB)
...
006 (4599.001.000) 2021-12-20 14:34:46 Image size of job updated: 1320336
	1290  -  MemoryUsage of job (MB)
	1320144  -  ResidentSetSize of job (KB)
...
006 (4599.007.000) 2021-12-20 14:34:51 Image size of job updated: 1319292
	1289  -  MemoryUsage of job (MB)
	1319024  -  ResidentSetSize of job (KB)
...
006 (4599.005.000) 2021-12-20 14:34:51 Image size of job updated: 1321428
	1289  -  MemoryUsage of job (MB)
	1319744  -  ResidentSetSize of job (KB)
...
006 (4599.008.000) 2021-12-20 14:35:29 Image size of job updated: 1319104
	1289  -  MemoryUsage of job (MB)
	1318920  -  ResidentSetSize of job (KB)
...
006 (4599.007.000) 2021-12-20 14:39:49 Image size of job updated: 1319292
	1289  -  MemoryUsage of job (MB)
	1319044  -  ResidentSetSize of job (KB)
...
006 (4599.013.000) 2021-12-20 14:40:25 Image size of job updated: 1320896
	1290  -  MemoryUsage of job (MB)
	1320896  -  ResidentSetSize of job (KB)
...
006 (4599.000.000) 2021-12-20 14:44:49 Image size of job updated: 1320404
	1290  -  MemoryUsage of job (MB)
	1320404  -  ResidentSetSize of job (KB)
...
006 (4599.003.000) 2021-12-20 14:44:51 Image size of job updated: 1320092
	1289  -  MemoryUsage of job (MB)
	1319196  -  ResidentSetSize of job (KB)
...
006 (4599.010.000) 2021-12-20 14:45:25 Image size of job updated: 1321180
	1289  -  MemoryUsage of job (MB)
	1319764  -  ResidentSetSize of job (KB)
...
006 (4599.008.000) 2021-12-20 14:45:26 Image size of job updated: 1321196
	1290  -  MemoryUsage of job (MB)
	1320848  -  ResidentSetSize of job (KB)
...
006 (4599.003.000) 2021-12-20 14:49:52 Image size of job updated: 1320128
	1289  -  MemoryUsage of job (MB)
	1319504  -  ResidentSetSize of job (KB)
...
006 (4599.005.000) 2021-12-20 14:54:50 Image size of job updated: 1321448
	1291  -  MemoryUsage of job (MB)
	1321448  -  ResidentSetSize of job (KB)
...
006 (4599.003.000) 2021-12-20 14:54:51 Image size of job updated: 1320208
	1289  -  MemoryUsage of job (MB)
	1319504  -  ResidentSetSize of job (KB)
...
006 (4599.004.000) 2021-12-20 14:59:52 Image size of job updated: 1321372
	1291  -  MemoryUsage of job (MB)
	1321372  -  ResidentSetSize of job (KB)
...
006 (4599.013.000) 2021-12-20 15:05:27 Image size of job updated: 1320952
	1290  -  MemoryUsage of job (MB)
	1320896  -  ResidentSetSize of job (KB)
...
006 (4599.007.000) 2021-12-20 15:09:52 Image size of job updated: 1319428
	1289  -  MemoryUsage of job (MB)
	1319044  -  ResidentSetSize of job (KB)
...
006 (4599.007.000) 2021-12-20 15:14:55 Image size of job updated: 1321356
	1289  -  MemoryUsage of job (MB)
	1319044  -  ResidentSetSize of job (KB)
...
006 (4599.009.000) 2021-12-20 15:15:29 Image size of job updated: 1321368
	1291  -  MemoryUsage of job (MB)
	1321368  -  ResidentSetSize of job (KB)
...
006 (4599.003.000) 2021-12-20 15:29:54 Image size of job updated: 1320208
	1290  -  MemoryUsage of job (MB)
	1320112  -  ResidentSetSize of job (KB)
...
006 (4599.003.000) 2021-12-20 15:34:54 Image size of job updated: 1320568
	1290  -  MemoryUsage of job (MB)
	1320568  -  ResidentSetSize of job (KB)
...
006 (4599.003.000) 2021-12-20 15:39:54 Image size of job updated: 1321444
	1291  -  MemoryUsage of job (MB)
	1321444  -  ResidentSetSize of job (KB)
...
006 (4599.010.000) 2021-12-20 15:40:31 Image size of job updated: 1321788
	1291  -  MemoryUsage of job (MB)
	1321788  -  ResidentSetSize of job (KB)
...
006 (4599.007.000) 2021-12-20 15:44:56 Image size of job updated: 1321356
	1289  -  MemoryUsage of job (MB)
	1319176  -  ResidentSetSize of job (KB)
...
006 (4599.001.000) 2021-12-20 15:44:58 Image size of job updated: 1320336
	1290  -  MemoryUsage of job (MB)
	1320252  -  ResidentSetSize of job (KB)
...
006 (4599.002.000) 2021-12-20 15:44:58 Image size of job updated: 1321224
	1291  -  MemoryUsage of job (MB)
	1321224  -  ResidentSetSize of job (KB)
...
006 (4599.006.000) 2021-12-20 15:54:55 Image size of job updated: 1321852
	1290  -  MemoryUsage of job (MB)
	1320728  -  ResidentSetSize of job (KB)
...
006 (4599.002.000) 2021-12-20 15:54:57 Image size of job updated: 1321840
	1291  -  MemoryUsage of job (MB)
	1321840  -  ResidentSetSize of job (KB)
...
006 (4599.000.000) 2021-12-20 15:59:56 Image size of job updated: 1321840
	1290  -  MemoryUsage of job (MB)
	1320404  -  ResidentSetSize of job (KB)
...
006 (4599.012.000) 2021-12-20 16:00:33 Image size of job updated: 1323004
	1291  -  MemoryUsage of job (MB)
	1321908  -  ResidentSetSize of job (KB)
...
006 (4599.001.000) 2021-12-20 16:05:01 Image size of job updated: 1320688
	1290  -  MemoryUsage of job (MB)
	1320252  -  ResidentSetSize of job (KB)
...
006 (4599.000.000) 2021-12-20 16:09:57 Image size of job updated: 1321840
	1291  -  MemoryUsage of job (MB)
	1321148  -  ResidentSetSize of job (KB)
...
006 (4599.001.000) 2021-12-20 16:15:01 Image size of job updated: 1321008
	1291  -  MemoryUsage of job (MB)
	1321008  -  ResidentSetSize of job (KB)
...
006 (4599.012.000) 2021-12-20 16:20:35 Image size of job updated: 1323476
	1291  -  MemoryUsage of job (MB)
	1321908  -  ResidentSetSize of job (KB)
...
006 (4599.009.000) 2021-12-20 16:25:37 Image size of job updated: 1322440
	1292  -  MemoryUsage of job (MB)
	1322440  -  ResidentSetSize of job (KB)
...
006 (4599.007.000) 2021-12-20 16:30:01 Image size of job updated: 1321356
	1289  -  MemoryUsage of job (MB)
	1319548  -  ResidentSetSize of job (KB)
...
006 (4599.013.000) 2021-12-20 16:40:32 Image size of job updated: 1321380
	1291  -  MemoryUsage of job (MB)
	1321380  -  ResidentSetSize of job (KB)
...
006 (4599.004.000) 2021-12-20 17:25:08 Image size of job updated: 1321452
	1291  -  MemoryUsage of job (MB)
	1321452  -  ResidentSetSize of job (KB)
...
006 (4599.010.000) 2021-12-20 17:25:44 Image size of job updated: 1321960
	1291  -  MemoryUsage of job (MB)
	1321788  -  ResidentSetSize of job (KB)
...
006 (4599.008.000) 2021-12-20 17:30:45 Image size of job updated: 1321596
	1290  -  MemoryUsage of job (MB)
	1320848  -  ResidentSetSize of job (KB)
...
006 (4599.004.000) 2021-12-20 17:45:11 Image size of job updated: 1321792
	1291  -  MemoryUsage of job (MB)
	1321792  -  ResidentSetSize of job (KB)
...
006 (4599.007.000) 2021-12-20 18:00:09 Image size of job updated: 1321356
	1290  -  MemoryUsage of job (MB)
	1320632  -  ResidentSetSize of job (KB)
...
006 (4599.000.000) 2021-12-20 18:05:08 Image size of job updated: 1321840
	1291  -  MemoryUsage of job (MB)
	1321544  -  ResidentSetSize of job (KB)
...
006 (4599.007.000) 2021-12-20 18:05:09 Image size of job updated: 1321448
	1291  -  MemoryUsage of job (MB)
	1321448  -  ResidentSetSize of job (KB)
...
006 (4599.002.000) 2021-12-20 18:10:14 Image size of job updated: 1322644
	1292  -  MemoryUsage of job (MB)
	1322644  -  ResidentSetSize of job (KB)
...
006 (4599.008.000) 2021-12-20 18:40:53 Image size of job updated: 1321752
	1291  -  MemoryUsage of job (MB)
	1321752  -  ResidentSetSize of job (KB)
...
006 (4599.001.000) 2021-12-20 18:50:16 Image size of job updated: 1321784
	1291  -  MemoryUsage of job (MB)
	1321008  -  ResidentSetSize of job (KB)
...
006 (4599.013.000) 2021-12-20 19:00:48 Image size of job updated: 1321672
	1291  -  MemoryUsage of job (MB)
	1321672  -  ResidentSetSize of job (KB)
...
006 (4599.000.000) 2021-12-20 19:05:14 Image size of job updated: 1322524
	1292  -  MemoryUsage of job (MB)
	1322524  -  ResidentSetSize of job (KB)
...
006 (4599.001.000) 2021-12-20 19:05:17 Image size of job updated: 1321784
	1291  -  MemoryUsage of job (MB)
	1321120  -  ResidentSetSize of job (KB)
...
006 (4599.003.000) 2021-12-20 19:25:18 Image size of job updated: 1321492
	1291  -  MemoryUsage of job (MB)
	1321492  -  ResidentSetSize of job (KB)
...
006 (4599.005.000) 2021-12-20 19:25:20 Image size of job updated: 1323384
	1291  -  MemoryUsage of job (MB)
	1321448  -  ResidentSetSize of job (KB)
...
006 (4599.005.000) 2021-12-20 19:40:21 Image size of job updated: 1323384
	1291  -  MemoryUsage of job (MB)
	1321712  -  ResidentSetSize of job (KB)
...
006 (4599.003.000) 2021-12-20 19:50:20 Image size of job updated: 1321732
	1291  -  MemoryUsage of job (MB)
	1321492  -  ResidentSetSize of job (KB)
...
006 (4599.012.000) 2021-12-20 20:16:00 Image size of job updated: 1323476
	1292  -  MemoryUsage of job (MB)
	1322776  -  ResidentSetSize of job (KB)
...
006 (4599.006.000) 2021-12-20 20:30:25 Image size of job updated: 1321852
	1291  -  MemoryUsage of job (MB)
	1321156  -  ResidentSetSize of job (KB)
...
006 (4599.001.000) 2021-12-20 20:40:23 Image size of job updated: 1322724
	1291  -  MemoryUsage of job (MB)
	1321120  -  ResidentSetSize of job (KB)
...
006 (4599.006.000) 2021-12-20 21:00:28 Image size of job updated: 1321952
	1291  -  MemoryUsage of job (MB)
	1321156  -  ResidentSetSize of job (KB)
...
006 (4599.011.000) 2021-12-20 21:51:16 Image size of job updated: 1322600
	1291  -  MemoryUsage of job (MB)
	1321324  -  ResidentSetSize of job (KB)
...
006 (4599.009.000) 2021-12-20 22:16:16 Image size of job updated: 1322848
	1292  -  MemoryUsage of job (MB)
	1322440  -  ResidentSetSize of job (KB)
...
006 (4599.006.000) 2021-12-20 22:20:35 Image size of job updated: 1322744
	1291  -  MemoryUsage of job (MB)
	1321156  -  ResidentSetSize of job (KB)
...
006 (4599.001.000) 2021-12-20 22:25:36 Image size of job updated: 1322724
	1291  -  MemoryUsage of job (MB)
	1321816  -  ResidentSetSize of job (KB)
...
006 (4599.007.000) 2021-12-20 22:35:38 Image size of job updated: 1321784
	1291  -  MemoryUsage of job (MB)
	1321448  -  ResidentSetSize of job (KB)
...
005 (4599.005.000) 2021-12-20 22:45:54 Job terminated.
	(1) Normal termination (return value 0)
		Usr 0 07:17:47, Sys 0 00:08:28  -  Run Remote Usage
		Usr 0 00:00:00, Sys 0 00:00:00  -  Run Local Usage
		Usr 0 07:17:47, Sys 0 00:08:28  -  Total Remote Usage
		Usr 0 00:00:00, Sys 0 00:00:00  -  Total Local Usage
	0  -  Run Bytes Sent By Job
	661243968  -  Run Bytes Received By Job
	0  -  Total Bytes Sent By Job
	661243968  -  Total Bytes Received By Job
	Partitionable Resources :    Usage  Request Allocated 
	   Cpus                 :        0        2         2 
	   Disk (KB)            :  2676392   750000   2099316 
	   Memory (MB)          :     1291     1500      1536 

	Job terminated of its own accord at 2021-12-21T06:45:42Z with exit-code 0.
...
005 (4599.009.000) 2021-12-20 22:45:55 Job terminated.
	(1) Normal termination (return value 0)
		Usr 0 06:45:07, Sys 0 00:08:03  -  Run Remote Usage
		Usr 0 00:00:00, Sys 0 00:00:00  -  Run Local Usage
		Usr 0 06:45:07, Sys 0 00:08:03  -  Total Remote Usage
		Usr 0 00:00:00, Sys 0 00:00:00  -  Total Local Usage
	0  -  Run Bytes Sent By Job
	661243968  -  Run Bytes Received By Job
	0  -  Total Bytes Sent By Job
	661243968  -  Total Bytes Received By Job
	Partitionable Resources :    Usage  Request Allocated 
	   Cpus                 :        0        2         2 
	   Disk (KB)            :  2669684   750000   2099316 
	   Memory (MB)          :     1292     1500      1536 

	Job terminated of its own accord at 2021-12-21T06:45:42Z with exit-code 0.
...
005 (4599.010.000) 2021-12-20 22:45:55 Job terminated.
	(1) Normal termination (return value 0)
		Usr 0 06:54:32, Sys 0 00:08:44  -  Run Remote Usage
		Usr 0 00:00:00, Sys 0 00:00:00  -  Run Local Usage
		Usr 0 06:54:32, Sys 0 00:08:44  -  Total Remote Usage
		Usr 0 00:00:00, Sys 0 00:00:00  -  Total Local Usage
	0  -  Run Bytes Sent By Job
	661243968  -  Run Bytes Received By Job
	0  -  Total Bytes Sent By Job
	661243968  -  Total Bytes Received By Job
	Partitionable Resources :    Usage  Request Allocated 
	   Cpus                 :        0        2         2 
	   Disk (KB)            :  2673599   750000   2099316 
	   Memory (MB)          :     1291     1500      1536 

	Job terminated of its own accord at 2021-12-21T06:45:42Z with exit-code 0.
...
005 (4599.012.000) 2021-12-20 22:45:55 Job terminated.
	(1) Normal termination (return value 0)
		Usr 0 06:49:01, Sys 0 00:08:26  -  Run Remote Usage
		Usr 0 00:00:00, Sys 0 00:00:00  -  Run Local Usage
		Usr 0 06:49:01, Sys 0 00:08:26  -  Total Remote Usage
		Usr 0 00:00:00, Sys 0 00:00:00  -  Total Local Usage
	0  -  Run Bytes Sent By Job
	661243968  -  Run Bytes Received By Job
	0  -  Total Bytes Sent By Job
	661243968  -  Total Bytes Received By Job
	Partitionable Resources :    Usage  Request Allocated 
	   Cpus                 :        0        2         2 
	   Disk (KB)            :  2675915   750000   2099316 
	   Memory (MB)          :     1292     1500      1536 

	Job terminated of its own accord at 2021-12-21T06:45:42Z with exit-code 0.
...
005 (4599.004.000) 2021-12-20 22:45:55 Job terminated.
	(1) Normal termination (return value 0)
		Usr 0 06:59:40, Sys 0 00:08:59  -  Run Remote Usage
		Usr 0 00:00:00, Sys 0 00:00:00  -  Run Local Usage
		Usr 0 06:59:40, Sys 0 00:08:59  -  Total Remote Usage
		Usr 0 00:00:00, Sys 0 00:00:00  -  Total Local Usage
	0  -  Run Bytes Sent By Job
	661243968  -  Run Bytes Received By Job
	0  -  Total Bytes Sent By Job
	661243968  -  Total Bytes Received By Job
	Partitionable Resources :      Usage  Request Allocated 
	   Cpus                 :       0.14        2         2 
	   Disk (KB)            : 2667895      750000   2099316 
	   Memory (MB)          :    1291        1500      1536 

	Job terminated of its own accord at 2021-12-21T06:45:42Z with exit-code 0.
...
005 (4599.006.000) 2021-12-20 22:45:55 Job terminated.
	(1) Normal termination (return value 0)
		Usr 0 07:17:09, Sys 0 00:09:08  -  Run Remote Usage
		Usr 0 00:00:00, Sys 0 00:00:00  -  Run Local Usage
		Usr 0 07:17:09, Sys 0 00:09:08  -  Total Remote Usage
		Usr 0 00:00:00, Sys 0 00:00:00  -  Total Local Usage
	0  -  Run Bytes Sent By Job
	661243968  -  Run Bytes Received By Job
	0  -  Total Bytes Sent By Job
	661243968  -  Total Bytes Received By Job
	Partitionable Resources :      Usage  Request Allocated 
	   Cpus                 :       0.04        2         2 
	   Disk (KB)            : 2669669      750000   2099316 
	   Memory (MB)          :    1291        1500      1536 

	Job terminated of its own accord at 2021-12-21T06:45:42Z with exit-code 0.
...
005 (4599.003.000) 2021-12-20 22:45:55 Job terminated.
	(1) Normal termination (return value 0)
		Usr 0 04:41:28, Sys 0 00:06:36  -  Run Remote Usage
		Usr 0 00:00:00, Sys 0 00:00:00  -  Run Local Usage
		Usr 0 04:41:28, Sys 0 00:06:36  -  Total Remote Usage
		Usr 0 00:00:00, Sys 0 00:00:00  -  Total Local Usage
	0  -  Run Bytes Sent By Job
	661243968  -  Run Bytes Received By Job
	0  -  Total Bytes Sent By Job
	661243968  -  Total Bytes Received By Job
	Partitionable Resources :    Usage  Request Allocated 
	   Cpus                 :        0        2         2 
	   Disk (KB)            :  2668937   750000   2099316 
	   Memory (MB)          :     1291     1500      1536 

	Job terminated of its own accord at 2021-12-21T06:45:42Z with exit-code 0.
...
005 (4599.008.000) 2021-12-20 22:45:55 Job terminated.
	(1) Normal termination (return value 0)
		Usr 0 06:58:55, Sys 0 00:08:48  -  Run Remote Usage
		Usr 0 00:00:00, Sys 0 00:00:00  -  Run Local Usage
		Usr 0 06:58:55, Sys 0 00:08:48  -  Total Remote Usage
		Usr 0 00:00:00, Sys 0 00:00:00  -  Total Local Usage
	0  -  Run Bytes Sent By Job
	661243968  -  Run Bytes Received By Job
	0  -  Total Bytes Sent By Job
	661243968  -  Total Bytes Received By Job
	Partitionable Resources :      Usage  Request Allocated 
	   Cpus                 :       0.00        2         2 
	   Disk (KB)            : 2675464      750000   2099316 
	   Memory (MB)          :    1291        1500      1536 

	Job terminated of its own accord at 2021-12-21T06:45:42Z with exit-code 0.
...
005 (4599.007.000) 2021-12-20 22:45:55 Job terminated.
	(1) Normal termination (return value 0)
		Usr 0 06:57:29, Sys 0 00:08:44  -  Run Remote Usage
		Usr 0 00:00:00, Sys 0 00:00:00  -  Run Local Usage
		Usr 0 06:57:29, Sys 0 00:08:44  -  Total Remote Usage
		Usr 0 00:00:00, Sys 0 00:00:00  -  Total Local Usage
	0  -  Run Bytes Sent By Job
	661243968  -  Run Bytes Received By Job
	0  -  Total Bytes Sent By Job
	661243968  -  Total Bytes Received By Job
	Partitionable Resources :      Usage  Request Allocated 
	   Cpus                 :       0.11        2         2 
	   Disk (KB)            : 2667830      750000   2099316 
	   Memory (MB)          :    1291        1500      1536 

	Job terminated of its own accord at 2021-12-21T06:45:42Z with exit-code 0.
...
005 (4599.000.000) 2021-12-20 22:45:55 Job terminated.
	(1) Normal termination (return value 0)
		Usr 0 07:31:52, Sys 0 00:09:10  -  Run Remote Usage
		Usr 0 00:00:00, Sys 0 00:00:00  -  Run Local Usage
		Usr 0 07:31:52, Sys 0 00:09:10  -  Total Remote Usage
		Usr 0 00:00:00, Sys 0 00:00:00  -  Total Local Usage
	0  -  Run Bytes Sent By Job
	661243968  -  Run Bytes Received By Job
	0  -  Total Bytes Sent By Job
	661243968  -  Total Bytes Received By Job
	Partitionable Resources :    Usage  Request Allocated 
	   Cpus                 :        0        2         2 
	   Disk (KB)            :  2675929   750000   2099316 
	   Memory (MB)          :     1292     1500      1536 

	Job terminated of its own accord at 2021-12-21T06:45:42Z with exit-code 0.
...
005 (4599.013.000) 2021-12-20 22:45:55 Job terminated.
	(1) Normal termination (return value 0)
		Usr 0 06:52:16, Sys 0 00:08:43  -  Run Remote Usage
		Usr 0 00:00:00, Sys 0 00:00:00  -  Run Local Usage
		Usr 0 06:52:16, Sys 0 00:08:43  -  Total Remote Usage
		Usr 0 00:00:00, Sys 0 00:00:00  -  Total Local Usage
	0  -  Run Bytes Sent By Job
	661243968  -  Run Bytes Received By Job
	0  -  Total Bytes Sent By Job
	661243968  -  Total Bytes Received By Job
	Partitionable Resources :    Usage  Request Allocated 
	   Cpus                 :        0        2         2 
	   Disk (KB)            :  2668711   750000   2099316 
	   Memory (MB)          :     1291     1500      1536 

	Job terminated of its own accord at 2021-12-21T06:45:42Z with exit-code 0.
...
005 (4599.011.000) 2021-12-20 22:45:55 Job terminated.
	(1) Normal termination (return value 0)
		Usr 0 06:53:08, Sys 0 00:08:22  -  Run Remote Usage
		Usr 0 00:00:00, Sys 0 00:00:00  -  Run Local Usage
		Usr 0 06:53:08, Sys 0 00:08:22  -  Total Remote Usage
		Usr 0 00:00:00, Sys 0 00:00:00  -  Total Local Usage
	0  -  Run Bytes Sent By Job
	661243968  -  Run Bytes Received By Job
	0  -  Total Bytes Sent By Job
	661243968  -  Total Bytes Received By Job
	Partitionable Resources :    Usage  Request Allocated 
	   Cpus                 :        0        2         2 
	   Disk (KB)            :  2674809   750000   2099316 
	   Memory (MB)          :     1291     1500      1536 

	Job terminated of its own accord at 2021-12-21T06:45:42Z with exit-code 0.
...
005 (4599.001.000) 2021-12-20 22:45:55 Job terminated.
	(1) Normal termination (return value 0)
		Usr 0 07:14:52, Sys 0 00:09:11  -  Run Remote Usage
		Usr 0 00:00:00, Sys 0 00:00:00  -  Run Local Usage
		Usr 0 07:14:52, Sys 0 00:09:11  -  Total Remote Usage
		Usr 0 00:00:00, Sys 0 00:00:00  -  Total Local Usage
	0  -  Run Bytes Sent By Job
	661243968  -  Run Bytes Received By Job
	0  -  Total Bytes Sent By Job
	661243968  -  Total Bytes Received By Job
	Partitionable Resources :      Usage  Request Allocated 
	   Cpus                 :       0.15        2         2 
	   Disk (KB)            : 2668054      750000   2099316 
	   Memory (MB)          :    1291        1500      1536 

	Job terminated of its own accord at 2021-12-21T06:45:42Z with exit-code 0.
...
005 (4599.002.000) 2021-12-20 22:45:55 Job terminated.
	(1) Normal termination (return value 0)
		Usr 0 07:10:00, Sys 0 00:08:47  -  Run Remote Usage
		Usr 0 00:00:00, Sys 0 00:00:00  -  Run Local Usage
		Usr 0 07:10:00, Sys 0 00:08:47  -  Total Remote Usage
		Usr 0 00:00:00, Sys 0 00:00:00  -  Total Local Usage
	0  -  Run Bytes Sent By Job
	661243968  -  Run Bytes Received By Job
	0  -  Total Bytes Sent By Job
	661243968  -  Total Bytes Received By Job
	Partitionable Resources :      Usage  Request Allocated 
	   Cpus                 :       0.01        2         2 
	   Disk (KB)            : 2674796      750000   2099316 
	   Memory (MB)          :    1292        1500      1536 

	Job terminated of its own accord at 2021-12-21T06:45:53Z with exit-code 0.
...
001 (4599.015.000) 2021-12-20 22:46:36 Job executing on host: <192.168.137.8:9618?sock=startd_11424_7866>
...
001 (4599.014.000) 2021-12-20 22:46:36 Job executing on host: <192.168.137.8:9618?sock=startd_11424_7866>
...
001 (4599.019.000) 2021-12-20 22:46:37 Job executing on host: <192.168.137.8:9618?sock=startd_11424_7866>
...
001 (4599.016.000) 2021-12-20 22:46:37 Job executing on host: <192.168.137.8:9618?sock=startd_11424_7866>
...
001 (4599.017.000) 2021-12-20 22:46:37 Job executing on host: <192.168.137.8:9618?sock=startd_11424_7866>
...
001 (4599.018.000) 2021-12-20 22:46:38 Job executing on host: <192.168.137.8:9618?sock=startd_11424_7866>
...
006 (4599.015.000) 2021-12-20 22:46:44 Image size of job updated: 20728
	21  -  MemoryUsage of job (MB)
	20728  -  ResidentSetSize of job (KB)
...
006 (4599.019.000) 2021-12-20 22:46:45 Image size of job updated: 20732
	21  -  MemoryUsage of job (MB)
	20732  -  ResidentSetSize of job (KB)
...
006 (4599.016.000) 2021-12-20 22:46:45 Image size of job updated: 20752
	21  -  MemoryUsage of job (MB)
	20752  -  ResidentSetSize of job (KB)
...
006 (4599.014.000) 2021-12-20 22:46:45 Image size of job updated: 20748
	21  -  MemoryUsage of job (MB)
	20748  -  ResidentSetSize of job (KB)
...
006 (4599.018.000) 2021-12-20 22:46:46 Image size of job updated: 1
	1  -  MemoryUsage of job (MB)
	96  -  ResidentSetSize of job (KB)
...
006 (4599.017.000) 2021-12-20 22:46:46 Image size of job updated: 20728
	21  -  MemoryUsage of job (MB)
	20728  -  ResidentSetSize of job (KB)
...
006 (4599.019.000) 2021-12-20 22:51:45 Image size of job updated: 21108
	21  -  MemoryUsage of job (MB)
	21108  -  ResidentSetSize of job (KB)
...
006 (4599.016.000) 2021-12-20 22:51:45 Image size of job updated: 21116
	21  -  MemoryUsage of job (MB)
	21116  -  ResidentSetSize of job (KB)
...
006 (4599.015.000) 2021-12-20 22:51:45 Image size of job updated: 21112
	21  -  MemoryUsage of job (MB)
	21112  -  ResidentSetSize of job (KB)
...
006 (4599.018.000) 2021-12-20 22:51:46 Image size of job updated: 21120
	21  -  MemoryUsage of job (MB)
	21120  -  ResidentSetSize of job (KB)
...
006 (4599.014.000) 2021-12-20 22:51:47 Image size of job updated: 21124
	21  -  MemoryUsage of job (MB)
	21124  -  ResidentSetSize of job (KB)
...
006 (4599.017.000) 2021-12-20 22:51:47 Image size of job updated: 21104
	21  -  MemoryUsage of job (MB)
	21104  -  ResidentSetSize of job (KB)
...
006 (4599.019.000) 2021-12-20 22:56:45 Image size of job updated: 21352
	21  -  MemoryUsage of job (MB)
	21352  -  ResidentSetSize of job (KB)
...
006 (4599.016.000) 2021-12-20 22:56:45 Image size of job updated: 21372
	21  -  MemoryUsage of job (MB)
	21372  -  ResidentSetSize of job (KB)
...
006 (4599.015.000) 2021-12-20 22:56:47 Image size of job updated: 21348
	21  -  MemoryUsage of job (MB)
	21348  -  ResidentSetSize of job (KB)
...
006 (4599.018.000) 2021-12-20 22:56:47 Image size of job updated: 21364
	21  -  MemoryUsage of job (MB)
	21364  -  ResidentSetSize of job (KB)
...
006 (4599.014.000) 2021-12-20 22:56:47 Image size of job updated: 21360
	21  -  MemoryUsage of job (MB)
	21360  -  ResidentSetSize of job (KB)
...
006 (4599.017.000) 2021-12-20 22:56:48 Image size of job updated: 21332
	21  -  MemoryUsage of job (MB)
	21332  -  ResidentSetSize of job (KB)
...
006 (4599.019.000) 2021-12-21 04:02:13 Image size of job updated: 21820
	22  -  MemoryUsage of job (MB)
	21820  -  ResidentSetSize of job (KB)
...
006 (4599.014.000) 2021-12-21 04:02:15 Image size of job updated: 21832
	22  -  MemoryUsage of job (MB)
	21832  -  ResidentSetSize of job (KB)
...
006 (4599.018.000) 2021-12-21 04:02:15 Image size of job updated: 21840
	22  -  MemoryUsage of job (MB)
	21840  -  ResidentSetSize of job (KB)
...
006 (4599.015.000) 2021-12-21 04:02:16 Image size of job updated: 21824
	22  -  MemoryUsage of job (MB)
	21824  -  ResidentSetSize of job (KB)
...
006 (4599.016.000) 2021-12-21 04:02:18 Image size of job updated: 21840
	22  -  MemoryUsage of job (MB)
	21840  -  ResidentSetSize of job (KB)
...
006 (4599.017.000) 2021-12-21 04:02:21 Image size of job updated: 21808
	22  -  MemoryUsage of job (MB)
	21808  -  ResidentSetSize of job (KB)
...
006 (4599.019.000) 2021-12-21 04:27:16 Image size of job updated: 21836
	22  -  MemoryUsage of job (MB)
	21836  -  ResidentSetSize of job (KB)
...
006 (4599.018.000) 2021-12-21 04:27:18 Image size of job updated: 21860
	22  -  MemoryUsage of job (MB)
	21860  -  ResidentSetSize of job (KB)
...
006 (4599.014.000) 2021-12-21 04:27:18 Image size of job updated: 21852
	22  -  MemoryUsage of job (MB)
	21852  -  ResidentSetSize of job (KB)
...
006 (4599.015.000) 2021-12-21 04:27:19 Image size of job updated: 21844
	22  -  MemoryUsage of job (MB)
	21844  -  ResidentSetSize of job (KB)
...
006 (4599.016.000) 2021-12-21 04:27:20 Image size of job updated: 21860
	22  -  MemoryUsage of job (MB)
	21860  -  ResidentSetSize of job (KB)
...
006 (4599.017.000) 2021-12-21 04:27:24 Image size of job updated: 21828
	22  -  MemoryUsage of job (MB)
	21828  -  ResidentSetSize of job (KB)
...
006 (4599.014.000) 2021-12-21 09:57:53 Image size of job updated: 21856
	22  -  MemoryUsage of job (MB)
	21856  -  ResidentSetSize of job (KB)
...
006 (4599.019.000) 2021-12-21 13:28:04 Image size of job updated: 21840
	22  -  MemoryUsage of job (MB)
	21840  -  ResidentSetSize of job (KB)
...
006 (4599.016.000) 2021-12-21 23:24:03 Image size of job updated: 21876
	22  -  MemoryUsage of job (MB)
	21876  -  ResidentSetSize of job (KB)
...
006 (4599.019.000) 2021-12-21 23:24:06 Image size of job updated: 21852
	22  -  MemoryUsage of job (MB)
	21852  -  ResidentSetSize of job (KB)
...
006 (4599.017.000) 2021-12-21 23:24:35 Image size of job updated: 21844
	22  -  MemoryUsage of job (MB)
	21844  -  ResidentSetSize of job (KB)
...
006 (4599.016.000) 2021-12-22 01:14:13 Image size of job updated: 21880
	22  -  MemoryUsage of job (MB)
	21880  -  ResidentSetSize of job (KB)
...
006 (4599.019.000) 2021-12-22 01:14:22 Image size of job updated: 21856
	22  -  MemoryUsage of job (MB)
	21856  -  ResidentSetSize of job (KB)
...
006 (4599.016.000) 2021-12-22 03:09:23 Image size of job updated: 21884
	22  -  MemoryUsage of job (MB)
	21884  -  ResidentSetSize of job (KB)
...
006 (4599.018.000) 2021-12-22 03:09:25 Image size of job updated: 21864
	22  -  MemoryUsage of job (MB)
	21864  -  ResidentSetSize of job (KB)
...
006 (4599.019.000) 2021-12-22 03:09:34 Image size of job updated: 21864
	22  -  MemoryUsage of job (MB)
	21864  -  ResidentSetSize of job (KB)
...
006 (4599.014.000) 2021-12-22 03:09:34 Image size of job updated: 21860
	22  -  MemoryUsage of job (MB)
	21860  -  ResidentSetSize of job (KB)
...
006 (4599.015.000) 2021-12-22 03:09:44 Image size of job updated: 21852
	22  -  MemoryUsage of job (MB)
	21852  -  ResidentSetSize of job (KB)
...
006 (4599.017.000) 2021-12-22 03:09:53 Image size of job updated: 21852
	22  -  MemoryUsage of job (MB)
	21852  -  ResidentSetSize of job (KB)
...
006 (4599.019.000) 2021-12-22 06:49:58 Image size of job updated: 21868
	22  -  MemoryUsage of job (MB)
	21868  -  ResidentSetSize of job (KB)
...
