001 (4597.000.000) 2021-12-07 22:28:11 Job executing on host: <192.168.137.8:9618?sock=startd_11424_7866>
...
001 (4597.001.000) 2021-12-07 22:28:12 Job executing on host: <192.168.137.8:9618?sock=startd_11424_7866>
...
001 (4597.004.000) 2021-12-07 22:28:12 Job executing on host: <192.168.137.8:9618?sock=startd_11424_7866>
...
001 (4597.003.000) 2021-12-07 22:28:12 Job executing on host: <192.168.137.8:9618?sock=startd_11424_7866>
...
001 (4597.002.000) 2021-12-07 22:28:12 Job executing on host: <192.168.137.8:9618?sock=startd_11424_7866>
...
001 (4597.005.000) 2021-12-07 22:28:13 Job executing on host: <192.168.137.8:9618?sock=startd_11424_7866>
...
001 (4597.006.000) 2021-12-07 22:28:15 Job executing on host: <192.168.137.8:9618?sock=startd_11424_7866>
...
001 (4597.009.000) 2021-12-07 22:28:15 Job executing on host: <192.168.137.8:9618?sock=startd_11424_7866>
...
001 (4597.008.000) 2021-12-07 22:28:15 Job executing on host: <192.168.137.8:9618?sock=startd_11424_7866>
...
001 (4597.010.000) 2021-12-07 22:28:15 Job executing on host: <192.168.137.8:9618?sock=startd_11424_7866>
...
001 (4597.007.000) 2021-12-07 22:28:15 Job executing on host: <192.168.137.8:9618?sock=startd_11424_7866>
...
001 (4597.011.000) 2021-12-07 22:28:15 Job executing on host: <192.168.137.8:9618?sock=startd_11424_7866>
...
001 (4597.013.000) 2021-12-07 22:28:17 Job executing on host: <192.168.137.8:9618?sock=startd_11424_7866>
...
001 (4597.012.000) 2021-12-07 22:28:18 Job executing on host: <192.168.137.8:9618?sock=startd_11424_7866>
...
006 (4597.001.000) 2021-12-07 22:28:20 Image size of job updated: 20748
	21  -  MemoryUsage of job (MB)
	20748  -  ResidentSetSize of job (KB)
...
006 (4597.003.000) 2021-12-07 22:28:20 Image size of job updated: 20864
	21  -  MemoryUsage of job (MB)
	20864  -  ResidentSetSize of job (KB)
...
006 (4597.004.000) 2021-12-07 22:28:20 Image size of job updated: 20760
	21  -  MemoryUsage of job (MB)
	20760  -  ResidentSetSize of job (KB)
...
006 (4597.002.000) 2021-12-07 22:28:20 Image size of job updated: 20760
	21  -  MemoryUsage of job (MB)
	20760  -  ResidentSetSize of job (KB)
...
006 (4597.000.000) 2021-12-07 22:28:20 Image size of job updated: 20772
	21  -  MemoryUsage of job (MB)
	20772  -  ResidentSetSize of job (KB)
...
006 (4597.005.000) 2021-12-07 22:28:21 Image size of job updated: 20744
	21  -  MemoryUsage of job (MB)
	20744  -  ResidentSetSize of job (KB)
...
006 (4597.006.000) 2021-12-07 22:28:23 Image size of job updated: 20764
	21  -  MemoryUsage of job (MB)
	20764  -  ResidentSetSize of job (KB)
...
006 (4597.009.000) 2021-12-07 22:28:23 Image size of job updated: 20764
	21  -  MemoryUsage of job (MB)
	20764  -  ResidentSetSize of job (KB)
...
006 (4597.008.000) 2021-12-07 22:28:23 Image size of job updated: 20752
	21  -  MemoryUsage of job (MB)
	20752  -  ResidentSetSize of job (KB)
...
006 (4597.010.000) 2021-12-07 22:28:23 Image size of job updated: 20752
	21  -  MemoryUsage of job (MB)
	20752  -  ResidentSetSize of job (KB)
...
006 (4597.007.000) 2021-12-07 22:28:23 Image size of job updated: 20748
	21  -  MemoryUsage of job (MB)
	20748  -  ResidentSetSize of job (KB)
...
006 (4597.011.000) 2021-12-07 22:28:26 Image size of job updated: 20748
	21  -  MemoryUsage of job (MB)
	20748  -  ResidentSetSize of job (KB)
...
006 (4597.013.000) 2021-12-07 22:28:26 Image size of job updated: 20748
	21  -  MemoryUsage of job (MB)
	20748  -  ResidentSetSize of job (KB)
...
006 (4597.012.000) 2021-12-07 22:28:27 Image size of job updated: 20732
	21  -  MemoryUsage of job (MB)
	20732  -  ResidentSetSize of job (KB)
...
006 (4597.001.000) 2021-12-07 22:33:20 Image size of job updated: 20892
	21  -  MemoryUsage of job (MB)
	20892  -  ResidentSetSize of job (KB)
...
006 (4597.004.000) 2021-12-07 22:33:20 Image size of job updated: 20900
	21  -  MemoryUsage of job (MB)
	20900  -  ResidentSetSize of job (KB)
...
006 (4597.003.000) 2021-12-07 22:33:20 Image size of job updated: 21004
	21  -  MemoryUsage of job (MB)
	21004  -  ResidentSetSize of job (KB)
...
006 (4597.002.000) 2021-12-07 22:33:20 Image size of job updated: 20896
	21  -  MemoryUsage of job (MB)
	20896  -  ResidentSetSize of job (KB)
...
006 (4597.000.000) 2021-12-07 22:33:21 Image size of job updated: 20904
	21  -  MemoryUsage of job (MB)
	20904  -  ResidentSetSize of job (KB)
...
006 (4597.005.000) 2021-12-07 22:33:21 Image size of job updated: 20884
	21  -  MemoryUsage of job (MB)
	20884  -  ResidentSetSize of job (KB)
...
006 (4597.006.000) 2021-12-07 22:33:24 Image size of job updated: 20904
	21  -  MemoryUsage of job (MB)
	20904  -  ResidentSetSize of job (KB)
...
006 (4597.010.000) 2021-12-07 22:33:24 Image size of job updated: 20880
	21  -  MemoryUsage of job (MB)
	20880  -  ResidentSetSize of job (KB)
...
006 (4597.008.000) 2021-12-07 22:33:24 Image size of job updated: 20888
	21  -  MemoryUsage of job (MB)
	20888  -  ResidentSetSize of job (KB)
...
006 (4597.009.000) 2021-12-07 22:33:24 Image size of job updated: 20884
	21  -  MemoryUsage of job (MB)
	20884  -  ResidentSetSize of job (KB)
...
006 (4597.007.000) 2021-12-07 22:33:24 Image size of job updated: 20888
	21  -  MemoryUsage of job (MB)
	20888  -  ResidentSetSize of job (KB)
...
006 (4597.011.000) 2021-12-07 22:33:25 Image size of job updated: 20868
	21  -  MemoryUsage of job (MB)
	20868  -  ResidentSetSize of job (KB)
...
006 (4597.013.000) 2021-12-07 22:33:26 Image size of job updated: 20872
	21  -  MemoryUsage of job (MB)
	20872  -  ResidentSetSize of job (KB)
...
006 (4597.012.000) 2021-12-07 22:33:28 Image size of job updated: 20860
	21  -  MemoryUsage of job (MB)
	20860  -  ResidentSetSize of job (KB)
...
006 (4597.001.000) 2021-12-07 22:38:20 Image size of job updated: 21032
	21  -  MemoryUsage of job (MB)
	21032  -  ResidentSetSize of job (KB)
...
006 (4597.003.000) 2021-12-07 22:38:21 Image size of job updated: 21128
	21  -  MemoryUsage of job (MB)
	21128  -  ResidentSetSize of job (KB)
...
006 (4597.004.000) 2021-12-07 22:38:21 Image size of job updated: 21024
	21  -  MemoryUsage of job (MB)
	21024  -  ResidentSetSize of job (KB)
...
006 (4597.002.000) 2021-12-07 22:38:21 Image size of job updated: 21016
	21  -  MemoryUsage of job (MB)
	21016  -  ResidentSetSize of job (KB)
...
006 (4597.000.000) 2021-12-07 22:38:22 Image size of job updated: 21040
	21  -  MemoryUsage of job (MB)
	21040  -  ResidentSetSize of job (KB)
...
006 (4597.005.000) 2021-12-07 22:38:23 Image size of job updated: 21016
	21  -  MemoryUsage of job (MB)
	21016  -  ResidentSetSize of job (KB)
...
006 (4597.006.000) 2021-12-07 22:38:25 Image size of job updated: 21028
	21  -  MemoryUsage of job (MB)
	21028  -  ResidentSetSize of job (KB)
...
006 (4597.010.000) 2021-12-07 22:38:26 Image size of job updated: 21028
	21  -  MemoryUsage of job (MB)
	21028  -  ResidentSetSize of job (KB)
...
006 (4597.008.000) 2021-12-07 22:38:26 Image size of job updated: 21016
	21  -  MemoryUsage of job (MB)
	21016  -  ResidentSetSize of job (KB)
...
006 (4597.009.000) 2021-12-07 22:38:26 Image size of job updated: 21040
	21  -  MemoryUsage of job (MB)
	21040  -  ResidentSetSize of job (KB)
...
006 (4597.007.000) 2021-12-07 22:38:26 Image size of job updated: 21020
	21  -  MemoryUsage of job (MB)
	21020  -  ResidentSetSize of job (KB)
...
006 (4597.013.000) 2021-12-07 22:38:28 Image size of job updated: 21024
	21  -  MemoryUsage of job (MB)
	21024  -  ResidentSetSize of job (KB)
...
006 (4597.011.000) 2021-12-07 22:38:28 Image size of job updated: 21000
	21  -  MemoryUsage of job (MB)
	21000  -  ResidentSetSize of job (KB)
...
006 (4597.012.000) 2021-12-07 22:38:28 Image size of job updated: 21008
	21  -  MemoryUsage of job (MB)
	21008  -  ResidentSetSize of job (KB)
...
006 (4597.004.000) 2021-12-07 22:43:21 Image size of job updated: 21188
	21  -  MemoryUsage of job (MB)
	21188  -  ResidentSetSize of job (KB)
...
006 (4597.002.000) 2021-12-07 22:43:22 Image size of job updated: 21188
	21  -  MemoryUsage of job (MB)
	21188  -  ResidentSetSize of job (KB)
...
006 (4597.000.000) 2021-12-07 22:43:22 Image size of job updated: 21196
	21  -  MemoryUsage of job (MB)
	21196  -  ResidentSetSize of job (KB)
...
006 (4597.003.000) 2021-12-07 22:43:24 Image size of job updated: 21292
	21  -  MemoryUsage of job (MB)
	21292  -  ResidentSetSize of job (KB)
...
006 (4597.001.000) 2021-12-07 22:43:24 Image size of job updated: 21184
	21  -  MemoryUsage of job (MB)
	21184  -  ResidentSetSize of job (KB)
...
006 (4597.005.000) 2021-12-07 22:43:24 Image size of job updated: 21172
	21  -  MemoryUsage of job (MB)
	21172  -  ResidentSetSize of job (KB)
...
006 (4597.010.000) 2021-12-07 22:43:27 Image size of job updated: 21180
	21  -  MemoryUsage of job (MB)
	21180  -  ResidentSetSize of job (KB)
...
006 (4597.008.000) 2021-12-07 22:43:28 Image size of job updated: 21188
	21  -  MemoryUsage of job (MB)
	21188  -  ResidentSetSize of job (KB)
...
006 (4597.009.000) 2021-12-07 22:43:28 Image size of job updated: 21192
	21  -  MemoryUsage of job (MB)
	21192  -  ResidentSetSize of job (KB)
...
006 (4597.007.000) 2021-12-07 22:43:28 Image size of job updated: 21184
	21  -  MemoryUsage of job (MB)
	21184  -  ResidentSetSize of job (KB)
...
006 (4597.006.000) 2021-12-07 22:43:28 Image size of job updated: 21200
	21  -  MemoryUsage of job (MB)
	21200  -  ResidentSetSize of job (KB)
...
006 (4597.011.000) 2021-12-07 22:43:31 Image size of job updated: 21164
	21  -  MemoryUsage of job (MB)
	21164  -  ResidentSetSize of job (KB)
...
006 (4597.013.000) 2021-12-07 22:43:31 Image size of job updated: 21176
	21  -  MemoryUsage of job (MB)
	21176  -  ResidentSetSize of job (KB)
...
006 (4597.012.000) 2021-12-07 22:43:32 Image size of job updated: 21160
	21  -  MemoryUsage of job (MB)
	21160  -  ResidentSetSize of job (KB)
...
006 (4597.004.000) 2021-12-07 22:48:22 Image size of job updated: 1317708
	1287  -  MemoryUsage of job (MB)
	1317708  -  ResidentSetSize of job (KB)
...
006 (4597.000.000) 2021-12-07 22:48:22 Image size of job updated: 1318408
	1288  -  MemoryUsage of job (MB)
	1318408  -  ResidentSetSize of job (KB)
...
006 (4597.002.000) 2021-12-07 22:48:23 Image size of job updated: 1317892
	1288  -  MemoryUsage of job (MB)
	1317892  -  ResidentSetSize of job (KB)
...
006 (4597.005.000) 2021-12-07 22:48:25 Image size of job updated: 1320328
	1290  -  MemoryUsage of job (MB)
	1320328  -  ResidentSetSize of job (KB)
...
006 (4597.003.000) 2021-12-07 22:48:25 Image size of job updated: 1319920
	1288  -  MemoryUsage of job (MB)
	1318828  -  ResidentSetSize of job (KB)
...
006 (4597.001.000) 2021-12-07 22:48:26 Image size of job updated: 1318932
	1289  -  MemoryUsage of job (MB)
	1318932  -  ResidentSetSize of job (KB)
...
006 (4597.010.000) 2021-12-07 22:48:29 Image size of job updated: 1322052
	1289  -  MemoryUsage of job (MB)
	1319812  -  ResidentSetSize of job (KB)
...
006 (4597.008.000) 2021-12-07 22:48:30 Image size of job updated: 1318840
	1288  -  MemoryUsage of job (MB)
	1318772  -  ResidentSetSize of job (KB)
...
006 (4597.009.000) 2021-12-07 22:48:30 Image size of job updated: 1319956
	1290  -  MemoryUsage of job (MB)
	1319956  -  ResidentSetSize of job (KB)
...
006 (4597.006.000) 2021-12-07 22:48:30 Image size of job updated: 1318464
	1288  -  MemoryUsage of job (MB)
	1318464  -  ResidentSetSize of job (KB)
...
006 (4597.007.000) 2021-12-07 22:48:31 Image size of job updated: 1318580
	1288  -  MemoryUsage of job (MB)
	1318580  -  ResidentSetSize of job (KB)
...
006 (4597.011.000) 2021-12-07 22:48:33 Image size of job updated: 1318900
	1288  -  MemoryUsage of job (MB)
	1318900  -  ResidentSetSize of job (KB)
...
006 (4597.013.000) 2021-12-07 22:48:33 Image size of job updated: 1321580
	1287  -  MemoryUsage of job (MB)
	1317452  -  ResidentSetSize of job (KB)
...
006 (4597.012.000) 2021-12-07 22:48:34 Image size of job updated: 1319028
	1289  -  MemoryUsage of job (MB)
	1319028  -  ResidentSetSize of job (KB)
...
006 (4597.000.000) 2021-12-07 22:53:22 Image size of job updated: 1320276
	1290  -  MemoryUsage of job (MB)
	1320276  -  ResidentSetSize of job (KB)
...
006 (4597.004.000) 2021-12-07 22:53:22 Image size of job updated: 1320228
	1290  -  MemoryUsage of job (MB)
	1320228  -  ResidentSetSize of job (KB)
...
006 (4597.002.000) 2021-12-07 22:53:23 Image size of job updated: 1319140
	1289  -  MemoryUsage of job (MB)
	1319140  -  ResidentSetSize of job (KB)
...
006 (4597.003.000) 2021-12-07 22:53:23 Image size of job updated: 1320764
	1290  -  MemoryUsage of job (MB)
	1320764  -  ResidentSetSize of job (KB)
...
006 (4597.010.000) 2021-12-07 22:53:25 Image size of job updated: 1322052
	1290  -  MemoryUsage of job (MB)
	1320388  -  ResidentSetSize of job (KB)
...
006 (4597.006.000) 2021-12-07 22:53:26 Image size of job updated: 1319244
	1288  -  MemoryUsage of job (MB)
	1318464  -  ResidentSetSize of job (KB)
...
006 (4597.007.000) 2021-12-07 22:53:28 Image size of job updated: 1319616
	1288  -  MemoryUsage of job (MB)
	1318580  -  ResidentSetSize of job (KB)
...
006 (4597.011.000) 2021-12-07 22:53:29 Image size of job updated: 1321000
	1288  -  MemoryUsage of job (MB)
	1318900  -  ResidentSetSize of job (KB)
...
006 (4597.013.000) 2021-12-07 22:53:29 Image size of job updated: 1321580
	1290  -  MemoryUsage of job (MB)
	1319948  -  ResidentSetSize of job (KB)
...
006 (4597.012.000) 2021-12-07 22:53:31 Image size of job updated: 1320328
	1289  -  MemoryUsage of job (MB)
	1319028  -  ResidentSetSize of job (KB)
...
006 (4597.002.000) 2021-12-07 22:58:23 Image size of job updated: 1319252
	1289  -  MemoryUsage of job (MB)
	1319252  -  ResidentSetSize of job (KB)
...
006 (4597.005.000) 2021-12-07 22:58:24 Image size of job updated: 1320392
	1290  -  MemoryUsage of job (MB)
	1320392  -  ResidentSetSize of job (KB)
...
006 (4597.001.000) 2021-12-07 22:58:26 Image size of job updated: 1319148
	1289  -  MemoryUsage of job (MB)
	1319148  -  ResidentSetSize of job (KB)
...
006 (4597.006.000) 2021-12-07 22:58:28 Image size of job updated: 1319244
	1289  -  MemoryUsage of job (MB)
	1319016  -  ResidentSetSize of job (KB)
...
006 (4597.007.000) 2021-12-07 22:58:30 Image size of job updated: 1321760
	1291  -  MemoryUsage of job (MB)
	1321760  -  ResidentSetSize of job (KB)
...
006 (4597.011.000) 2021-12-07 22:58:31 Image size of job updated: 1321000
	1289  -  MemoryUsage of job (MB)
	1318996  -  ResidentSetSize of job (KB)
...
006 (4597.004.000) 2021-12-07 23:03:23 Image size of job updated: 1320424
	1290  -  MemoryUsage of job (MB)
	1320424  -  ResidentSetSize of job (KB)
...
006 (4597.001.000) 2021-12-07 23:03:25 Image size of job updated: 1320044
	1290  -  MemoryUsage of job (MB)
	1320044  -  ResidentSetSize of job (KB)
...
006 (4597.008.000) 2021-12-07 23:03:27 Image size of job updated: 1319260
	1289  -  MemoryUsage of job (MB)
	1319260  -  ResidentSetSize of job (KB)
...
006 (4597.006.000) 2021-12-07 23:03:28 Image size of job updated: 1319844
	1289  -  MemoryUsage of job (MB)
	1319844  -  ResidentSetSize of job (KB)
...
006 (4597.005.000) 2021-12-07 23:08:23 Image size of job updated: 1321648
	1290  -  MemoryUsage of job (MB)
	1320392  -  ResidentSetSize of job (KB)
...
006 (4597.000.000) 2021-12-07 23:08:23 Image size of job updated: 1320320
	1290  -  MemoryUsage of job (MB)
	1320276  -  ResidentSetSize of job (KB)
...
006 (4597.008.000) 2021-12-07 23:13:28 Image size of job updated: 1320264
	1290  -  MemoryUsage of job (MB)
	1320264  -  ResidentSetSize of job (KB)
...
006 (4597.012.000) 2021-12-07 23:18:34 Image size of job updated: 1320328
	1289  -  MemoryUsage of job (MB)
	1319408  -  ResidentSetSize of job (KB)
...
006 (4597.002.000) 2021-12-07 23:23:24 Image size of job updated: 1319900
	1289  -  MemoryUsage of job (MB)
	1319900  -  ResidentSetSize of job (KB)
...
006 (4597.003.000) 2021-12-07 23:23:26 Image size of job updated: 1321292
	1291  -  MemoryUsage of job (MB)
	1321292  -  ResidentSetSize of job (KB)
...
006 (4597.009.000) 2021-12-07 23:23:28 Image size of job updated: 1321708
	1291  -  MemoryUsage of job (MB)
	1321708  -  ResidentSetSize of job (KB)
...
006 (4597.008.000) 2021-12-07 23:23:29 Image size of job updated: 1320416
	1290  -  MemoryUsage of job (MB)
	1320416  -  ResidentSetSize of job (KB)
...
006 (4597.012.000) 2021-12-07 23:23:35 Image size of job updated: 1320708
	1289  -  MemoryUsage of job (MB)
	1319408  -  ResidentSetSize of job (KB)
...
006 (4597.000.000) 2021-12-07 23:28:25 Image size of job updated: 1320384
	1290  -  MemoryUsage of job (MB)
	1320276  -  ResidentSetSize of job (KB)
...
006 (4597.003.000) 2021-12-07 23:28:26 Image size of job updated: 1324228
	1294  -  MemoryUsage of job (MB)
	1324228  -  ResidentSetSize of job (KB)
...
006 (4597.012.000) 2021-12-07 23:28:36 Image size of job updated: 1320920
	1290  -  MemoryUsage of job (MB)
	1320920  -  ResidentSetSize of job (KB)
...
006 (4597.012.000) 2021-12-07 23:33:36 Image size of job updated: 1320980
	1291  -  MemoryUsage of job (MB)
	1320980  -  ResidentSetSize of job (KB)
...
006 (4597.002.000) 2021-12-07 23:38:27 Image size of job updated: 1320308
	1289  -  MemoryUsage of job (MB)
	1319900  -  ResidentSetSize of job (KB)
...
006 (4597.011.000) 2021-12-07 23:48:36 Image size of job updated: 1321000
	1289  -  MemoryUsage of job (MB)
	1319156  -  ResidentSetSize of job (KB)
...
006 (4597.010.000) 2021-12-07 23:53:32 Image size of job updated: 1322316
	1292  -  MemoryUsage of job (MB)
	1322316  -  ResidentSetSize of job (KB)
...
006 (4597.006.000) 2021-12-07 23:53:35 Image size of job updated: 1320344
	1290  -  MemoryUsage of job (MB)
	1320344  -  ResidentSetSize of job (KB)
...
006 (4597.011.000) 2021-12-07 23:53:36 Image size of job updated: 1321000
	1290  -  MemoryUsage of job (MB)
	1320740  -  ResidentSetSize of job (KB)
...
006 (4597.002.000) 2021-12-07 23:58:29 Image size of job updated: 1320368
	1289  -  MemoryUsage of job (MB)
	1319900  -  ResidentSetSize of job (KB)
...
006 (4597.009.000) 2021-12-08 00:03:33 Image size of job updated: 1321740
	1291  -  MemoryUsage of job (MB)
	1321740  -  ResidentSetSize of job (KB)
...
006 (4597.000.000) 2021-12-08 00:08:27 Image size of job updated: 1320416
	1290  -  MemoryUsage of job (MB)
	1320416  -  ResidentSetSize of job (KB)
...
006 (4597.004.000) 2021-12-08 00:08:31 Image size of job updated: 1320540
	1290  -  MemoryUsage of job (MB)
	1320540  -  ResidentSetSize of job (KB)
...
006 (4597.006.000) 2021-12-08 00:13:37 Image size of job updated: 1320868
	1290  -  MemoryUsage of job (MB)
	1320344  -  ResidentSetSize of job (KB)
...
006 (4597.011.000) 2021-12-08 00:13:38 Image size of job updated: 1321144
	1291  -  MemoryUsage of job (MB)
	1321144  -  ResidentSetSize of job (KB)
...
006 (4597.012.000) 2021-12-08 00:13:40 Image size of job updated: 1321140
	1291  -  MemoryUsage of job (MB)
	1320980  -  ResidentSetSize of job (KB)
...
006 (4597.013.000) 2021-12-08 00:18:36 Image size of job updated: 1321580
	1290  -  MemoryUsage of job (MB)
	1320436  -  ResidentSetSize of job (KB)
...
006 (4597.004.000) 2021-12-08 00:28:34 Image size of job updated: 1320920
	1290  -  MemoryUsage of job (MB)
	1320540  -  ResidentSetSize of job (KB)
...
006 (4597.001.000) 2021-12-08 00:33:33 Image size of job updated: 1320496
	1290  -  MemoryUsage of job (MB)
	1320044  -  ResidentSetSize of job (KB)
...
006 (4597.012.000) 2021-12-08 00:33:42 Image size of job updated: 1321772
	1291  -  MemoryUsage of job (MB)
	1320980  -  ResidentSetSize of job (KB)
...
006 (4597.007.000) 2021-12-08 00:48:37 Image size of job updated: 1322872
	1291  -  MemoryUsage of job (MB)
	1321760  -  ResidentSetSize of job (KB)
...
006 (4597.000.000) 2021-12-08 00:53:31 Image size of job updated: 1320884
	1290  -  MemoryUsage of job (MB)
	1320416  -  ResidentSetSize of job (KB)
...
006 (4597.002.000) 2021-12-08 01:03:35 Image size of job updated: 1321064
	1289  -  MemoryUsage of job (MB)
	1319900  -  ResidentSetSize of job (KB)
...
006 (4597.013.000) 2021-12-08 01:03:42 Image size of job updated: 1321580
	1290  -  MemoryUsage of job (MB)
	1320772  -  ResidentSetSize of job (KB)
...
006 (4597.008.000) 2021-12-08 01:08:39 Image size of job updated: 1323064
	1290  -  MemoryUsage of job (MB)
	1320416  -  ResidentSetSize of job (KB)
...
006 (4597.011.000) 2021-12-08 01:08:44 Image size of job updated: 1321232
	1291  -  MemoryUsage of job (MB)
	1321232  -  ResidentSetSize of job (KB)
...
006 (4597.000.000) 2021-12-08 01:13:34 Image size of job updated: 1321212
	1291  -  MemoryUsage of job (MB)
	1321212  -  ResidentSetSize of job (KB)
...
006 (4597.005.000) 2021-12-08 01:18:34 Image size of job updated: 1321648
	1290  -  MemoryUsage of job (MB)
	1320452  -  ResidentSetSize of job (KB)
...
006 (4597.001.000) 2021-12-08 01:23:36 Image size of job updated: 1320996
	1291  -  MemoryUsage of job (MB)
	1320996  -  ResidentSetSize of job (KB)
...
006 (4597.000.000) 2021-12-08 01:28:36 Image size of job updated: 1321852
	1291  -  MemoryUsage of job (MB)
	1321212  -  ResidentSetSize of job (KB)
...
006 (4597.013.000) 2021-12-08 01:28:46 Image size of job updated: 1321580
	1291  -  MemoryUsage of job (MB)
	1321020  -  ResidentSetSize of job (KB)
...
006 (4597.011.000) 2021-12-08 01:33:48 Image size of job updated: 1323148
	1291  -  MemoryUsage of job (MB)
	1321232  -  ResidentSetSize of job (KB)
...
006 (4597.012.000) 2021-12-08 01:48:48 Image size of job updated: 1321808
	1291  -  MemoryUsage of job (MB)
	1321808  -  ResidentSetSize of job (KB)
...
006 (4597.004.000) 2021-12-08 01:53:44 Image size of job updated: 1320920
	1290  -  MemoryUsage of job (MB)
	1320588  -  ResidentSetSize of job (KB)
...
006 (4597.006.000) 2021-12-08 01:53:45 Image size of job updated: 1321228
	1290  -  MemoryUsage of job (MB)
	1320408  -  ResidentSetSize of job (KB)
...
006 (4597.011.000) 2021-12-08 01:58:50 Image size of job updated: 1323148
	1291  -  MemoryUsage of job (MB)
	1321556  -  ResidentSetSize of job (KB)
...
006 (4597.013.000) 2021-12-08 02:03:51 Image size of job updated: 1321796
	1291  -  MemoryUsage of job (MB)
	1321020  -  ResidentSetSize of job (KB)
...
006 (4597.006.000) 2021-12-08 02:08:47 Image size of job updated: 1321228
	1290  -  MemoryUsage of job (MB)
	1320728  -  ResidentSetSize of job (KB)
...
006 (4597.012.000) 2021-12-08 02:18:50 Image size of job updated: 1321848
	1291  -  MemoryUsage of job (MB)
	1321848  -  ResidentSetSize of job (KB)
...
006 (4597.013.000) 2021-12-08 02:28:54 Image size of job updated: 1321796
	1291  -  MemoryUsage of job (MB)
	1321544  -  ResidentSetSize of job (KB)
...
006 (4597.005.000) 2021-12-08 02:38:37 Image size of job updated: 1321648
	1291  -  MemoryUsage of job (MB)
	1321368  -  ResidentSetSize of job (KB)
...
006 (4597.006.000) 2021-12-08 02:38:49 Image size of job updated: 1321460
	1290  -  MemoryUsage of job (MB)
	1320880  -  ResidentSetSize of job (KB)
...
006 (4597.002.000) 2021-12-08 02:48:45 Image size of job updated: 1321064
	1290  -  MemoryUsage of job (MB)
	1320796  -  ResidentSetSize of job (KB)
...
006 (4597.004.000) 2021-12-08 02:48:51 Image size of job updated: 1322228
	1292  -  MemoryUsage of job (MB)
	1322228  -  ResidentSetSize of job (KB)
...
006 (4597.001.000) 2021-12-08 03:48:52 Image size of job updated: 1321896
	1291  -  MemoryUsage of job (MB)
	1321896  -  ResidentSetSize of job (KB)
...
006 (4597.013.000) 2021-12-08 03:54:01 Image size of job updated: 1321964
	1291  -  MemoryUsage of job (MB)
	1321964  -  ResidentSetSize of job (KB)
...
006 (4597.013.000) 2021-12-08 04:19:04 Image size of job updated: 1322132
	1291  -  MemoryUsage of job (MB)
	1321964  -  ResidentSetSize of job (KB)
...
006 (4597.005.000) 2021-12-08 04:28:45 Image size of job updated: 1321800
	1291  -  MemoryUsage of job (MB)
	1321800  -  ResidentSetSize of job (KB)
...
006 (4597.001.000) 2021-12-08 04:59:01 Image size of job updated: 1322180
	1292  -  MemoryUsage of job (MB)
	1322180  -  ResidentSetSize of job (KB)
...
006 (4597.006.000) 2021-12-08 05:09:05 Image size of job updated: 1321600
	1290  -  MemoryUsage of job (MB)
	1320880  -  ResidentSetSize of job (KB)
...
006 (4597.011.000) 2021-12-08 05:44:13 Image size of job updated: 1323148
	1292  -  MemoryUsage of job (MB)
	1322048  -  ResidentSetSize of job (KB)
...
006 (4597.012.000) 2021-12-08 05:44:14 Image size of job updated: 1321888
	1291  -  MemoryUsage of job (MB)
	1321848  -  ResidentSetSize of job (KB)
...
006 (4597.013.000) 2021-12-08 05:54:12 Image size of job updated: 1322172
	1291  -  MemoryUsage of job (MB)
	1321964  -  ResidentSetSize of job (KB)
...
006 (4597.002.000) 2021-12-08 06:24:15 Image size of job updated: 1321408
	1291  -  MemoryUsage of job (MB)
	1321408  -  ResidentSetSize of job (KB)
...
006 (4597.013.000) 2021-12-08 06:29:16 Image size of job updated: 1322668
	1292  -  MemoryUsage of job (MB)
	1322668  -  ResidentSetSize of job (KB)
...
006 (4597.001.000) 2021-12-08 06:34:12 Image size of job updated: 1323256
	1293  -  MemoryUsage of job (MB)
	1323256  -  ResidentSetSize of job (KB)
...
006 (4597.002.000) 2021-12-08 06:44:19 Image size of job updated: 1323668
	1293  -  MemoryUsage of job (MB)
	1323668  -  ResidentSetSize of job (KB)
...
006 (4597.011.000) 2021-12-08 07:49:26 Image size of job updated: 1323148
	1292  -  MemoryUsage of job (MB)
	1322080  -  ResidentSetSize of job (KB)
...
006 (4597.006.000) 2021-12-08 07:54:19 Image size of job updated: 1323500
	1293  -  MemoryUsage of job (MB)
	1323500  -  ResidentSetSize of job (KB)
...
006 (4597.000.000) 2021-12-08 08:34:17 Image size of job updated: 1321852
	1291  -  MemoryUsage of job (MB)
	1321316  -  ResidentSetSize of job (KB)
...
006 (4597.007.000) 2021-12-08 08:39:24 Image size of job updated: 1322872
	1291  -  MemoryUsage of job (MB)
	1321764  -  ResidentSetSize of job (KB)
...
006 (4597.007.000) 2021-12-08 09:04:27 Image size of job updated: 1322872
	1292  -  MemoryUsage of job (MB)
	1322516  -  ResidentSetSize of job (KB)
...
006 (4597.005.000) 2021-12-08 09:24:16 Image size of job updated: 1321992
	1291  -  MemoryUsage of job (MB)
	1321800  -  ResidentSetSize of job (KB)
...
006 (4597.000.000) 2021-12-08 09:29:23 Image size of job updated: 1322596
	1292  -  MemoryUsage of job (MB)
	1322596  -  ResidentSetSize of job (KB)
...
006 (4597.009.000) 2021-12-08 09:59:32 Image size of job updated: 1322476
	1291  -  MemoryUsage of job (MB)
	1321740  -  ResidentSetSize of job (KB)
...
006 (4597.009.000) 2021-12-08 10:09:32 Image size of job updated: 1324108
	1291  -  MemoryUsage of job (MB)
	1321740  -  ResidentSetSize of job (KB)
...
006 (4597.009.000) 2021-12-08 10:54:38 Image size of job updated: 1324108
	1291  -  MemoryUsage of job (MB)
	1321760  -  ResidentSetSize of job (KB)
...
006 (4597.004.000) 2021-12-08 12:04:49 Image size of job updated: 1322324
	1292  -  MemoryUsage of job (MB)
	1322228  -  ResidentSetSize of job (KB)
...
006 (4597.012.000) 2021-12-08 12:49:59 Image size of job updated: 1321888
	1291  -  MemoryUsage of job (MB)
	1321880  -  ResidentSetSize of job (KB)
...
005 (4597.002.000) 2021-12-08 13:18:41 Job terminated.
	(1) Normal termination (return value 0)
		Usr 0 12:25:26, Sys 0 00:14:49  -  Run Remote Usage
		Usr 0 00:00:00, Sys 0 00:00:00  -  Run Local Usage
		Usr 0 12:25:26, Sys 0 00:14:49  -  Total Remote Usage
		Usr 0 00:00:00, Sys 0 00:00:00  -  Total Local Usage
	0  -  Run Bytes Sent By Job
	661244352  -  Run Bytes Received By Job
	0  -  Total Bytes Sent By Job
	661244352  -  Total Bytes Received By Job
	Partitionable Resources :    Usage  Request Allocated 
	   Cpus                 :        0        2         2 
	   Disk (KB)            :  2668140   750000   2099316 
	   Memory (MB)          :     1293     1500      1536 

	Job terminated of its own accord at 2021-12-08T21:18:31Z with exit-code 0.
...
005 (4597.000.000) 2021-12-08 13:18:42 Job terminated.
	(1) Normal termination (return value 0)
		Usr 0 12:37:32, Sys 0 00:15:05  -  Run Remote Usage
		Usr 0 00:00:00, Sys 0 00:00:00  -  Run Local Usage
		Usr 0 12:37:32, Sys 0 00:15:05  -  Total Remote Usage
		Usr 0 00:00:00, Sys 0 00:00:00  -  Total Local Usage
	0  -  Run Bytes Sent By Job
	661244352  -  Run Bytes Received By Job
	0  -  Total Bytes Sent By Job
	661244352  -  Total Bytes Received By Job
	Partitionable Resources :    Usage  Request Allocated 
	   Cpus                 :        0        2         2 
	   Disk (KB)            :  2669417   750000   2099316 
	   Memory (MB)          :     1292     1500      1536 

	Job terminated of its own accord at 2021-12-08T21:18:31Z with exit-code 0.
...
005 (4597.005.000) 2021-12-08 13:18:42 Job terminated.
	(1) Normal termination (return value 0)
		Usr 0 12:28:16, Sys 0 00:14:37  -  Run Remote Usage
		Usr 0 00:00:00, Sys 0 00:00:00  -  Run Local Usage
		Usr 0 12:28:16, Sys 0 00:14:37  -  Total Remote Usage
		Usr 0 00:00:00, Sys 0 00:00:00  -  Total Local Usage
	0  -  Run Bytes Sent By Job
	661244352  -  Run Bytes Received By Job
	0  -  Total Bytes Sent By Job
	661244352  -  Total Bytes Received By Job
	Partitionable Resources :    Usage  Request Allocated 
	   Cpus                 :        0        2         2 
	   Disk (KB)            :  2671415   750000   2099316 
	   Memory (MB)          :     1291     1500      1536 

	Job terminated of its own accord at 2021-12-08T21:18:31Z with exit-code 0.
...
005 (4597.004.000) 2021-12-08 13:18:42 Job terminated.
	(1) Normal termination (return value 0)
		Usr 0 12:19:53, Sys 0 00:14:36  -  Run Remote Usage
		Usr 0 00:00:00, Sys 0 00:00:00  -  Run Local Usage
		Usr 0 12:19:53, Sys 0 00:14:36  -  Total Remote Usage
		Usr 0 00:00:00, Sys 0 00:00:00  -  Total Local Usage
	0  -  Run Bytes Sent By Job
	661244352  -  Run Bytes Received By Job
	0  -  Total Bytes Sent By Job
	661244352  -  Total Bytes Received By Job
	Partitionable Resources :    Usage  Request Allocated 
	   Cpus                 :        0        2         2 
	   Disk (KB)            :  2667790   750000   2099316 
	   Memory (MB)          :     1292     1500      1536 

	Job terminated of its own accord at 2021-12-08T21:18:31Z with exit-code 0.
...
005 (4597.007.000) 2021-12-08 13:18:42 Job terminated.
	(1) Normal termination (return value 0)
		Usr 0 12:36:04, Sys 0 00:14:53  -  Run Remote Usage
		Usr 0 00:00:00, Sys 0 00:00:00  -  Run Local Usage
		Usr 0 12:36:04, Sys 0 00:14:53  -  Total Remote Usage
		Usr 0 00:00:00, Sys 0 00:00:00  -  Total Local Usage
	0  -  Run Bytes Sent By Job
	661244352  -  Run Bytes Received By Job
	0  -  Total Bytes Sent By Job
	661244352  -  Total Bytes Received By Job
	Partitionable Resources :    Usage  Request Allocated 
	   Cpus                 :        0        2         2 
	   Disk (KB)            :  2668713   750000   2099316 
	   Memory (MB)          :     1292     1500      1536 

	Job terminated of its own accord at 2021-12-08T21:18:31Z with exit-code 0.
...
005 (4597.001.000) 2021-12-08 13:18:42 Job terminated.
	(1) Normal termination (return value 0)
		Usr 0 12:40:36, Sys 0 00:15:14  -  Run Remote Usage
		Usr 0 00:00:00, Sys 0 00:00:00  -  Run Local Usage
		Usr 0 12:40:36, Sys 0 00:15:14  -  Total Remote Usage
		Usr 0 00:00:00, Sys 0 00:00:00  -  Total Local Usage
	0  -  Run Bytes Sent By Job
	661244352  -  Run Bytes Received By Job
	0  -  Total Bytes Sent By Job
	661244352  -  Total Bytes Received By Job
	Partitionable Resources :    Usage  Request Allocated 
	   Cpus                 :        0        2         2 
	   Disk (KB)            :  2667754   750000   2099316 
	   Memory (MB)          :     1293     1500      1536 

	Job terminated of its own accord at 2021-12-08T21:18:31Z with exit-code 0.
...
005 (4597.003.000) 2021-12-08 13:18:42 Job terminated.
	(1) Normal termination (return value 0)
		Usr 0 12:11:32, Sys 0 00:14:54  -  Run Remote Usage
		Usr 0 00:00:00, Sys 0 00:00:00  -  Run Local Usage
		Usr 0 12:11:32, Sys 0 00:14:54  -  Total Remote Usage
		Usr 0 00:00:00, Sys 0 00:00:00  -  Total Local Usage
	0  -  Run Bytes Sent By Job
	661244352  -  Run Bytes Received By Job
	0  -  Total Bytes Sent By Job
	661244352  -  Total Bytes Received By Job
	Partitionable Resources :    Usage  Request Allocated 
	   Cpus                 :        0        2         2 
	   Disk (KB)            :  2667767   750000   2099316 
	   Memory (MB)          :     1294     1500      1536 

	Job terminated of its own accord at 2021-12-08T21:18:31Z with exit-code 0.
...
005 (4597.013.000) 2021-12-08 13:18:42 Job terminated.
	(1) Normal termination (return value 0)
		Usr 0 12:15:08, Sys 0 00:14:38  -  Run Remote Usage
		Usr 0 00:00:00, Sys 0 00:00:00  -  Run Local Usage
		Usr 0 12:15:08, Sys 0 00:14:38  -  Total Remote Usage
		Usr 0 00:00:00, Sys 0 00:00:00  -  Total Local Usage
	0  -  Run Bytes Sent By Job
	661244352  -  Run Bytes Received By Job
	0  -  Total Bytes Sent By Job
	661244352  -  Total Bytes Received By Job
	Partitionable Resources :    Usage  Request Allocated 
	   Cpus                 :        0        2         2 
	   Disk (KB)            :  2674321   750000   2099316 
	   Memory (MB)          :     1292     1500      1536 

	Job terminated of its own accord at 2021-12-08T21:18:31Z with exit-code 0.
...
005 (4597.009.000) 2021-12-08 13:18:42 Job terminated.
	(1) Normal termination (return value 0)
		Usr 0 12:18:30, Sys 0 00:15:04  -  Run Remote Usage
		Usr 0 00:00:00, Sys 0 00:00:00  -  Run Local Usage
		Usr 0 12:18:30, Sys 0 00:15:04  -  Total Remote Usage
		Usr 0 00:00:00, Sys 0 00:00:00  -  Total Local Usage
	0  -  Run Bytes Sent By Job
	661244352  -  Run Bytes Received By Job
	0  -  Total Bytes Sent By Job
	661244352  -  Total Bytes Received By Job
	Partitionable Resources :    Usage  Request Allocated 
	   Cpus                 :        0        2         2 
	   Disk (KB)            :  2667824   750000   2099316 
	   Memory (MB)          :     1291     1500      1536 

	Job terminated of its own accord at 2021-12-08T21:18:31Z with exit-code 0.
...
005 (4597.011.000) 2021-12-08 13:18:42 Job terminated.
	(1) Normal termination (return value 0)
		Usr 0 12:28:18, Sys 0 00:14:36  -  Run Remote Usage
		Usr 0 00:00:00, Sys 0 00:00:00  -  Run Local Usage
		Usr 0 12:28:18, Sys 0 00:14:36  -  Total Remote Usage
		Usr 0 00:00:00, Sys 0 00:00:00  -  Total Local Usage
	0  -  Run Bytes Sent By Job
	661244352  -  Run Bytes Received By Job
	0  -  Total Bytes Sent By Job
	661244352  -  Total Bytes Received By Job
	Partitionable Resources :    Usage  Request Allocated 
	   Cpus                 :        0        2         2 
	   Disk (KB)            :  2668130   750000   2099316 
	   Memory (MB)          :     1292     1500      1536 

	Job terminated of its own accord at 2021-12-08T21:18:31Z with exit-code 0.
...
005 (4597.008.000) 2021-12-08 13:18:42 Job terminated.
	(1) Normal termination (return value 0)
		Usr 0 05:40:22, Sys 0 00:06:47  -  Run Remote Usage
		Usr 0 00:00:00, Sys 0 00:00:00  -  Run Local Usage
		Usr 0 05:40:22, Sys 0 00:06:47  -  Total Remote Usage
		Usr 0 00:00:00, Sys 0 00:00:00  -  Total Local Usage
	0  -  Run Bytes Sent By Job
	661244352  -  Run Bytes Received By Job
	0  -  Total Bytes Sent By Job
	661244352  -  Total Bytes Received By Job
	Partitionable Resources :    Usage  Request Allocated 
	   Cpus                 :        0        2         2 
	   Disk (KB)            :  2675638   750000   2099316 
	   Memory (MB)          :     1290     1500      1536 

	Job terminated of its own accord at 2021-12-08T21:18:31Z with exit-code 0.
...
005 (4597.006.000) 2021-12-08 13:18:45 Job terminated.
	(1) Normal termination (return value -1)
		Usr 0 12:48:41, Sys 0 00:14:25  -  Run Remote Usage
		Usr 0 00:00:00, Sys 0 00:00:00  -  Run Local Usage
		Usr 0 12:48:41, Sys 0 00:14:25  -  Total Remote Usage
		Usr 0 00:00:00, Sys 0 00:00:00  -  Total Local Usage
	0  -  Run Bytes Sent By Job
	661244352  -  Run Bytes Received By Job
	0  -  Total Bytes Sent By Job
	661244352  -  Total Bytes Received By Job
	Partitionable Resources :      Usage  Request Allocated 
	   Cpus                 :       0.05        2         2 
	   Disk (KB)            : 2671328      750000   2099316 
	   Memory (MB)          :    1293        1500      1536 

	Job terminated of its own accord at 2021-12-08T21:18:43Z with exit-code -1.
...
005 (4597.010.000) 2021-12-08 13:18:45 Job terminated.
	(1) Normal termination (return value -1)
		Usr 0 12:49:55, Sys 0 00:14:40  -  Run Remote Usage
		Usr 0 00:00:00, Sys 0 00:00:00  -  Run Local Usage
		Usr 0 12:49:55, Sys 0 00:14:40  -  Total Remote Usage
		Usr 0 00:00:00, Sys 0 00:00:00  -  Total Local Usage
	0  -  Run Bytes Sent By Job
	661244352  -  Run Bytes Received By Job
	0  -  Total Bytes Sent By Job
	661244352  -  Total Bytes Received By Job
	Partitionable Resources :      Usage  Request Allocated 
	   Cpus                 :       0.05        2         2 
	   Disk (KB)            : 2668182      750000   2099316 
	   Memory (MB)          :    1292        1500      1536 

	Job terminated of its own accord at 2021-12-08T21:18:43Z with exit-code -1.
...
005 (4597.012.000) 2021-12-08 13:18:45 Job terminated.
	(1) Normal termination (return value -1)
		Usr 0 12:22:48, Sys 0 00:14:18  -  Run Remote Usage
		Usr 0 00:00:00, Sys 0 00:00:00  -  Run Local Usage
		Usr 0 12:22:48, Sys 0 00:14:18  -  Total Remote Usage
		Usr 0 00:00:00, Sys 0 00:00:00  -  Total Local Usage
	0  -  Run Bytes Sent By Job
	661244352  -  Run Bytes Received By Job
	0  -  Total Bytes Sent By Job
	661244352  -  Total Bytes Received By Job
	Partitionable Resources :      Usage  Request Allocated 
	   Cpus                 :       0.05        2         2 
	   Disk (KB)            : 2668167      750000   2099316 
	   Memory (MB)          :    1291        1500      1536 

	Job terminated of its own accord at 2021-12-08T21:18:43Z with exit-code -1.
...
001 (4597.016.000) 2021-12-08 13:20:35 Job executing on host: <192.168.137.8:9618?sock=startd_11424_7866>
...
001 (4597.017.000) 2021-12-08 13:20:36 Job executing on host: <192.168.137.8:9618?sock=startd_11424_7866>
...
001 (4597.014.000) 2021-12-08 13:20:36 Job executing on host: <192.168.137.8:9618?sock=startd_11424_7866>
...
001 (4597.019.000) 2021-12-08 13:20:36 Job executing on host: <192.168.137.8:9618?sock=startd_11424_7866>
...
001 (4597.018.000) 2021-12-08 13:20:36 Job executing on host: <192.168.137.8:9618?sock=startd_11424_7866>
...
001 (4597.015.000) 2021-12-08 13:20:36 Job executing on host: <192.168.137.8:9618?sock=startd_11424_7866>
...
006 (4597.019.000) 2021-12-08 13:20:44 Image size of job updated: 20740
	21  -  MemoryUsage of job (MB)
	20740  -  ResidentSetSize of job (KB)
...
006 (4597.017.000) 2021-12-08 13:20:44 Image size of job updated: 20740
	21  -  MemoryUsage of job (MB)
	20740  -  ResidentSetSize of job (KB)
...
006 (4597.014.000) 2021-12-08 13:20:44 Image size of job updated: 20724
	21  -  MemoryUsage of job (MB)
	20724  -  ResidentSetSize of job (KB)
...
006 (4597.018.000) 2021-12-08 13:20:44 Image size of job updated: 20724
	21  -  MemoryUsage of job (MB)
	20724  -  ResidentSetSize of job (KB)
...
006 (4597.016.000) 2021-12-08 13:20:44 Image size of job updated: 20724
	21  -  MemoryUsage of job (MB)
	20724  -  ResidentSetSize of job (KB)
...
006 (4597.015.000) 2021-12-08 13:20:44 Image size of job updated: 20732
	21  -  MemoryUsage of job (MB)
	20732  -  ResidentSetSize of job (KB)
...
006 (4597.015.000) 2021-12-08 13:25:44 Image size of job updated: 21124
	21  -  MemoryUsage of job (MB)
	21124  -  ResidentSetSize of job (KB)
...
006 (4597.019.000) 2021-12-08 13:25:46 Image size of job updated: 21124
	21  -  MemoryUsage of job (MB)
	21124  -  ResidentSetSize of job (KB)
...
006 (4597.018.000) 2021-12-08 13:25:46 Image size of job updated: 21128
	21  -  MemoryUsage of job (MB)
	21128  -  ResidentSetSize of job (KB)
...
006 (4597.017.000) 2021-12-08 13:25:46 Image size of job updated: 21128
	21  -  MemoryUsage of job (MB)
	21128  -  ResidentSetSize of job (KB)
...
006 (4597.014.000) 2021-12-08 13:25:46 Image size of job updated: 21128
	21  -  MemoryUsage of job (MB)
	21128  -  ResidentSetSize of job (KB)
...
006 (4597.016.000) 2021-12-08 13:25:46 Image size of job updated: 21120
	21  -  MemoryUsage of job (MB)
	21120  -  ResidentSetSize of job (KB)
...
006 (4597.015.000) 2021-12-08 13:30:44 Image size of job updated: 21280
	21  -  MemoryUsage of job (MB)
	21280  -  ResidentSetSize of job (KB)
...
006 (4597.016.000) 2021-12-08 13:30:45 Image size of job updated: 21288
	21  -  MemoryUsage of job (MB)
	21288  -  ResidentSetSize of job (KB)
...
006 (4597.019.000) 2021-12-08 13:30:45 Image size of job updated: 21208
	21  -  MemoryUsage of job (MB)
	21196  -  ResidentSetSize of job (KB)
...
006 (4597.018.000) 2021-12-08 13:30:45 Image size of job updated: 21280
	21  -  MemoryUsage of job (MB)
	21280  -  ResidentSetSize of job (KB)
...
006 (4597.017.000) 2021-12-08 13:30:45 Image size of job updated: 21296
	21  -  MemoryUsage of job (MB)
	21296  -  ResidentSetSize of job (KB)
...
006 (4597.014.000) 2021-12-08 13:30:46 Image size of job updated: 21276
	21  -  MemoryUsage of job (MB)
	21276  -  ResidentSetSize of job (KB)
...
