001 (4593.000.000) 2021-12-03 19:33:27 Job executing on host: <192.168.137.8:9618?sock=startd_2144_f74a>
...
001 (4593.001.000) 2021-12-03 19:33:30 Job executing on host: <192.168.137.8:9618?sock=startd_2144_f74a>
...
001 (4593.002.000) 2021-12-03 19:33:33 Job executing on host: <192.168.137.8:9618?sock=startd_2144_f74a>
...
006 (4593.000.000) 2021-12-03 19:33:35 Image size of job updated: 20780
	21  -  MemoryUsage of job (MB)
	20780  -  ResidentSetSize of job (KB)
...
001 (4593.003.000) 2021-12-03 19:33:35 Job executing on host: <192.168.137.8:9618?sock=startd_2144_f74a>
...
006 (4593.001.000) 2021-12-03 19:33:38 Image size of job updated: 20772
	21  -  MemoryUsage of job (MB)
	20772  -  ResidentSetSize of job (KB)
...
001 (4593.004.000) 2021-12-03 19:33:38 Job executing on host: <192.168.137.8:9618?sock=startd_2144_f74a>
...
006 (4593.002.000) 2021-12-03 19:33:41 Image size of job updated: 20760
	21  -  MemoryUsage of job (MB)
	20760  -  ResidentSetSize of job (KB)
...
001 (4593.005.000) 2021-12-03 19:33:41 Job executing on host: <192.168.137.8:9618?sock=startd_2144_f74a>
...
006 (4593.003.000) 2021-12-03 19:33:44 Image size of job updated: 20764
	21  -  MemoryUsage of job (MB)
	20764  -  ResidentSetSize of job (KB)
...
001 (4593.006.000) 2021-12-03 19:33:44 Job executing on host: <192.168.137.8:9618?sock=startd_2144_f74a>
...
006 (4593.004.000) 2021-12-03 19:33:46 Image size of job updated: 20740
	21  -  MemoryUsage of job (MB)
	20740  -  ResidentSetSize of job (KB)
...
001 (4593.007.000) 2021-12-03 19:33:47 Job executing on host: <192.168.137.8:9618?sock=startd_2144_f74a>
...
001 (4593.008.000) 2021-12-03 19:33:50 Job executing on host: <192.168.137.8:9618?sock=startd_2144_f74a>
...
006 (4593.005.000) 2021-12-03 19:33:50 Image size of job updated: 20752
	21  -  MemoryUsage of job (MB)
	20752  -  ResidentSetSize of job (KB)
...
001 (4593.009.000) 2021-12-03 19:33:53 Job executing on host: <192.168.137.8:9618?sock=startd_2144_f74a>
...
006 (4593.006.000) 2021-12-03 19:33:53 Image size of job updated: 20732
	21  -  MemoryUsage of job (MB)
	20732  -  ResidentSetSize of job (KB)
...
006 (4593.007.000) 2021-12-03 19:33:55 Image size of job updated: 20728
	21  -  MemoryUsage of job (MB)
	20728  -  ResidentSetSize of job (KB)
...
001 (4593.010.000) 2021-12-03 19:33:56 Job executing on host: <192.168.137.8:9618?sock=startd_2144_f74a>
...
006 (4593.008.000) 2021-12-03 19:33:58 Image size of job updated: 20736
	21  -  MemoryUsage of job (MB)
	20736  -  ResidentSetSize of job (KB)
...
001 (4593.011.000) 2021-12-03 19:33:59 Job executing on host: <192.168.137.8:9618?sock=startd_2144_f74a>
...
006 (4593.009.000) 2021-12-03 19:34:01 Image size of job updated: 20752
	21  -  MemoryUsage of job (MB)
	20752  -  ResidentSetSize of job (KB)
...
001 (4593.012.000) 2021-12-03 19:34:01 Job executing on host: <192.168.137.8:9618?sock=startd_2144_f74a>
...
001 (4593.013.000) 2021-12-03 19:34:04 Job executing on host: <192.168.137.8:9618?sock=startd_2144_f74a>
...
006 (4593.010.000) 2021-12-03 19:34:04 Image size of job updated: 20728
	21  -  MemoryUsage of job (MB)
	20728  -  ResidentSetSize of job (KB)
...
006 (4593.011.000) 2021-12-03 19:34:07 Image size of job updated: 20764
	21  -  MemoryUsage of job (MB)
	20764  -  ResidentSetSize of job (KB)
...
006 (4593.012.000) 2021-12-03 19:34:11 Image size of job updated: 20772
	21  -  MemoryUsage of job (MB)
	20772  -  ResidentSetSize of job (KB)
...
006 (4593.013.000) 2021-12-03 19:34:12 Image size of job updated: 20740
	21  -  MemoryUsage of job (MB)
	20740  -  ResidentSetSize of job (KB)
...
006 (4593.000.000) 2021-12-03 19:38:35 Image size of job updated: 21008
	21  -  MemoryUsage of job (MB)
	21008  -  ResidentSetSize of job (KB)
...
006 (4593.001.000) 2021-12-03 19:38:38 Image size of job updated: 20984
	21  -  MemoryUsage of job (MB)
	20984  -  ResidentSetSize of job (KB)
...
006 (4593.002.000) 2021-12-03 19:38:41 Image size of job updated: 21016
	21  -  MemoryUsage of job (MB)
	21016  -  ResidentSetSize of job (KB)
...
006 (4593.003.000) 2021-12-03 19:38:45 Image size of job updated: 21000
	21  -  MemoryUsage of job (MB)
	21000  -  ResidentSetSize of job (KB)
...
006 (4593.004.000) 2021-12-03 19:38:47 Image size of job updated: 21024
	21  -  MemoryUsage of job (MB)
	21024  -  ResidentSetSize of job (KB)
...
006 (4593.005.000) 2021-12-03 19:38:52 Image size of job updated: 21008
	21  -  MemoryUsage of job (MB)
	21008  -  ResidentSetSize of job (KB)
...
006 (4593.006.000) 2021-12-03 19:38:54 Image size of job updated: 21008
	21  -  MemoryUsage of job (MB)
	21008  -  ResidentSetSize of job (KB)
...
006 (4593.007.000) 2021-12-03 19:38:55 Image size of job updated: 21004
	21  -  MemoryUsage of job (MB)
	21004  -  ResidentSetSize of job (KB)
...
006 (4593.008.000) 2021-12-03 19:38:58 Image size of job updated: 21000
	21  -  MemoryUsage of job (MB)
	21000  -  ResidentSetSize of job (KB)
...
006 (4593.009.000) 2021-12-03 19:39:01 Image size of job updated: 21032
	21  -  MemoryUsage of job (MB)
	21032  -  ResidentSetSize of job (KB)
...
006 (4593.010.000) 2021-12-03 19:39:04 Image size of job updated: 20996
	21  -  MemoryUsage of job (MB)
	20996  -  ResidentSetSize of job (KB)
...
006 (4593.011.000) 2021-12-03 19:39:07 Image size of job updated: 21028
	21  -  MemoryUsage of job (MB)
	21028  -  ResidentSetSize of job (KB)
...
006 (4593.012.000) 2021-12-03 19:39:11 Image size of job updated: 21032
	21  -  MemoryUsage of job (MB)
	21032  -  ResidentSetSize of job (KB)
...
006 (4593.013.000) 2021-12-03 19:39:12 Image size of job updated: 21016
	21  -  MemoryUsage of job (MB)
	21016  -  ResidentSetSize of job (KB)
...
006 (4593.000.000) 2021-12-03 19:43:35 Image size of job updated: 21148
	21  -  MemoryUsage of job (MB)
	21148  -  ResidentSetSize of job (KB)
...
006 (4593.001.000) 2021-12-03 19:43:38 Image size of job updated: 21108
	21  -  MemoryUsage of job (MB)
	21108  -  ResidentSetSize of job (KB)
...
006 (4593.002.000) 2021-12-03 19:43:41 Image size of job updated: 21120
	21  -  MemoryUsage of job (MB)
	21120  -  ResidentSetSize of job (KB)
...
006 (4593.003.000) 2021-12-03 19:43:46 Image size of job updated: 21116
	21  -  MemoryUsage of job (MB)
	21116  -  ResidentSetSize of job (KB)
...
006 (4593.004.000) 2021-12-03 19:43:49 Image size of job updated: 21152
	21  -  MemoryUsage of job (MB)
	21152  -  ResidentSetSize of job (KB)
...
006 (4593.005.000) 2021-12-03 19:43:52 Image size of job updated: 21136
	21  -  MemoryUsage of job (MB)
	21136  -  ResidentSetSize of job (KB)
...
006 (4593.006.000) 2021-12-03 19:43:54 Image size of job updated: 21116
	21  -  MemoryUsage of job (MB)
	21116  -  ResidentSetSize of job (KB)
...
006 (4593.007.000) 2021-12-03 19:43:57 Image size of job updated: 21128
	21  -  MemoryUsage of job (MB)
	21128  -  ResidentSetSize of job (KB)
...
006 (4593.008.000) 2021-12-03 19:44:00 Image size of job updated: 21108
	21  -  MemoryUsage of job (MB)
	21108  -  ResidentSetSize of job (KB)
...
006 (4593.009.000) 2021-12-03 19:44:01 Image size of job updated: 21152
	21  -  MemoryUsage of job (MB)
	21152  -  ResidentSetSize of job (KB)
...
006 (4593.010.000) 2021-12-03 19:44:05 Image size of job updated: 21120
	21  -  MemoryUsage of job (MB)
	21120  -  ResidentSetSize of job (KB)
...
006 (4593.011.000) 2021-12-03 19:44:07 Image size of job updated: 21164
	21  -  MemoryUsage of job (MB)
	21164  -  ResidentSetSize of job (KB)
...
006 (4593.012.000) 2021-12-03 19:44:13 Image size of job updated: 21156
	21  -  MemoryUsage of job (MB)
	21156  -  ResidentSetSize of job (KB)
...
006 (4593.013.000) 2021-12-03 19:44:13 Image size of job updated: 21144
	21  -  MemoryUsage of job (MB)
	21144  -  ResidentSetSize of job (KB)
...
006 (4593.000.000) 2021-12-03 19:48:36 Image size of job updated: 21252
	21  -  MemoryUsage of job (MB)
	21252  -  ResidentSetSize of job (KB)
...
006 (4593.001.000) 2021-12-03 19:48:39 Image size of job updated: 21252
	21  -  MemoryUsage of job (MB)
	21252  -  ResidentSetSize of job (KB)
...
006 (4593.002.000) 2021-12-03 19:48:42 Image size of job updated: 21260
	21  -  MemoryUsage of job (MB)
	21260  -  ResidentSetSize of job (KB)
...
006 (4593.003.000) 2021-12-03 19:48:46 Image size of job updated: 21252
	21  -  MemoryUsage of job (MB)
	21252  -  ResidentSetSize of job (KB)
...
006 (4593.004.000) 2021-12-03 19:48:49 Image size of job updated: 21280
	21  -  MemoryUsage of job (MB)
	21280  -  ResidentSetSize of job (KB)
...
006 (4593.005.000) 2021-12-03 19:48:52 Image size of job updated: 21276
	21  -  MemoryUsage of job (MB)
	21276  -  ResidentSetSize of job (KB)
...
006 (4593.006.000) 2021-12-03 19:48:55 Image size of job updated: 21264
	21  -  MemoryUsage of job (MB)
	21264  -  ResidentSetSize of job (KB)
...
006 (4593.007.000) 2021-12-03 19:48:57 Image size of job updated: 21268
	21  -  MemoryUsage of job (MB)
	21268  -  ResidentSetSize of job (KB)
...
006 (4593.008.000) 2021-12-03 19:49:00 Image size of job updated: 21256
	21  -  MemoryUsage of job (MB)
	21256  -  ResidentSetSize of job (KB)
...
006 (4593.009.000) 2021-12-03 19:49:03 Image size of job updated: 21288
	21  -  MemoryUsage of job (MB)
	21288  -  ResidentSetSize of job (KB)
...
006 (4593.010.000) 2021-12-03 19:49:06 Image size of job updated: 21272
	21  -  MemoryUsage of job (MB)
	21272  -  ResidentSetSize of job (KB)
...
006 (4593.011.000) 2021-12-03 19:49:08 Image size of job updated: 21304
	21  -  MemoryUsage of job (MB)
	21304  -  ResidentSetSize of job (KB)
...
006 (4593.012.000) 2021-12-03 19:49:13 Image size of job updated: 21296
	21  -  MemoryUsage of job (MB)
	21296  -  ResidentSetSize of job (KB)
...
006 (4593.013.000) 2021-12-03 19:49:13 Image size of job updated: 21276
	21  -  MemoryUsage of job (MB)
	21276  -  ResidentSetSize of job (KB)
...
006 (4593.000.000) 2021-12-03 19:53:36 Image size of job updated: 1318832
	557  -  MemoryUsage of job (MB)
	570080  -  ResidentSetSize of job (KB)
...
006 (4593.001.000) 2021-12-03 19:53:39 Image size of job updated: 1321112
	1288  -  MemoryUsage of job (MB)
	1318004  -  ResidentSetSize of job (KB)
...
006 (4593.002.000) 2021-12-03 19:53:42 Image size of job updated: 1321624
	1287  -  MemoryUsage of job (MB)
	1317108  -  ResidentSetSize of job (KB)
...
006 (4593.003.000) 2021-12-03 19:53:47 Image size of job updated: 1320444
	1288  -  MemoryUsage of job (MB)
	1318692  -  ResidentSetSize of job (KB)
...
006 (4593.004.000) 2021-12-03 19:53:50 Image size of job updated: 1318884
	1288  -  MemoryUsage of job (MB)
	1318672  -  ResidentSetSize of job (KB)
...
006 (4593.005.000) 2021-12-03 19:53:53 Image size of job updated: 1320616
	1290  -  MemoryUsage of job (MB)
	1320616  -  ResidentSetSize of job (KB)
...
006 (4593.006.000) 2021-12-03 19:53:56 Image size of job updated: 1318680
	1288  -  MemoryUsage of job (MB)
	1318680  -  ResidentSetSize of job (KB)
...
006 (4593.007.000) 2021-12-03 19:53:57 Image size of job updated: 1320976
	1291  -  MemoryUsage of job (MB)
	1320976  -  ResidentSetSize of job (KB)
...
006 (4593.008.000) 2021-12-03 19:54:00 Image size of job updated: 1319968
	1290  -  MemoryUsage of job (MB)
	1319968  -  ResidentSetSize of job (KB)
...
006 (4593.009.000) 2021-12-03 19:54:03 Image size of job updated: 1322260
	1288  -  MemoryUsage of job (MB)
	1318252  -  ResidentSetSize of job (KB)
...
006 (4593.010.000) 2021-12-03 19:54:06 Image size of job updated: 1322288
	1288  -  MemoryUsage of job (MB)
	1318120  -  ResidentSetSize of job (KB)
...
006 (4593.011.000) 2021-12-03 19:54:09 Image size of job updated: 1321620
	1286  -  MemoryUsage of job (MB)
	1316484  -  ResidentSetSize of job (KB)
...
006 (4593.012.000) 2021-12-03 19:54:13 Image size of job updated: 1322288
	1292  -  MemoryUsage of job (MB)
	1322288  -  ResidentSetSize of job (KB)
...
006 (4593.013.000) 2021-12-03 19:54:14 Image size of job updated: 1320364
	1290  -  MemoryUsage of job (MB)
	1320364  -  ResidentSetSize of job (KB)
...
006 (4593.000.000) 2021-12-03 19:58:36 Image size of job updated: 1319024
	1288  -  MemoryUsage of job (MB)
	1318792  -  ResidentSetSize of job (KB)
...
006 (4593.001.000) 2021-12-03 19:58:39 Image size of job updated: 1321112
	1289  -  MemoryUsage of job (MB)
	1319844  -  ResidentSetSize of job (KB)
...
006 (4593.002.000) 2021-12-03 19:58:42 Image size of job updated: 1321624
	1288  -  MemoryUsage of job (MB)
	1318892  -  ResidentSetSize of job (KB)
...
006 (4593.003.000) 2021-12-03 19:58:48 Image size of job updated: 1320444
	1289  -  MemoryUsage of job (MB)
	1319168  -  ResidentSetSize of job (KB)
...
006 (4593.004.000) 2021-12-03 19:58:50 Image size of job updated: 1319580
	1289  -  MemoryUsage of job (MB)
	1319580  -  ResidentSetSize of job (KB)
...
006 (4593.005.000) 2021-12-03 19:58:54 Image size of job updated: 1320628
	1290  -  MemoryUsage of job (MB)
	1320628  -  ResidentSetSize of job (KB)
...
006 (4593.006.000) 2021-12-03 19:58:57 Image size of job updated: 1319968
	1288  -  MemoryUsage of job (MB)
	1318716  -  ResidentSetSize of job (KB)
...
006 (4593.009.000) 2021-12-03 19:59:04 Image size of job updated: 1322260
	1290  -  MemoryUsage of job (MB)
	1320136  -  ResidentSetSize of job (KB)
...
006 (4593.011.000) 2021-12-03 19:59:09 Image size of job updated: 1321620
	1289  -  MemoryUsage of job (MB)
	1319720  -  ResidentSetSize of job (KB)
...
006 (4593.012.000) 2021-12-03 19:59:14 Image size of job updated: 1322308
	1292  -  MemoryUsage of job (MB)
	1322308  -  ResidentSetSize of job (KB)
...
006 (4593.000.000) 2021-12-03 20:03:37 Image size of job updated: 1319180
	1289  -  MemoryUsage of job (MB)
	1319180  -  ResidentSetSize of job (KB)
...
006 (4593.009.000) 2021-12-03 20:04:04 Image size of job updated: 1322260
	1290  -  MemoryUsage of job (MB)
	1320344  -  ResidentSetSize of job (KB)
...
006 (4593.011.000) 2021-12-03 20:04:10 Image size of job updated: 1321620
	1289  -  MemoryUsage of job (MB)
	1319936  -  ResidentSetSize of job (KB)
...
006 (4593.003.000) 2021-12-03 20:08:49 Image size of job updated: 1320444
	1289  -  MemoryUsage of job (MB)
	1319860  -  ResidentSetSize of job (KB)
...
006 (4593.004.000) 2021-12-03 20:08:51 Image size of job updated: 1323432
	1293  -  MemoryUsage of job (MB)
	1323432  -  ResidentSetSize of job (KB)
...
006 (4593.003.000) 2021-12-03 20:13:49 Image size of job updated: 1320476
	1289  -  MemoryUsage of job (MB)
	1319860  -  ResidentSetSize of job (KB)
...
006 (4593.010.000) 2021-12-03 20:14:08 Image size of job updated: 1322288
	1291  -  MemoryUsage of job (MB)
	1321092  -  ResidentSetSize of job (KB)
...
006 (4593.011.000) 2021-12-03 20:14:10 Image size of job updated: 1321620
	1290  -  MemoryUsage of job (MB)
	1320380  -  ResidentSetSize of job (KB)
...
006 (4593.000.000) 2021-12-03 20:18:39 Image size of job updated: 1319888
	1289  -  MemoryUsage of job (MB)
	1319888  -  ResidentSetSize of job (KB)
...
006 (4593.006.000) 2021-12-03 20:18:58 Image size of job updated: 1319968
	1288  -  MemoryUsage of job (MB)
	1318744  -  ResidentSetSize of job (KB)
...
006 (4593.006.000) 2021-12-03 20:23:58 Image size of job updated: 1321184
	1288  -  MemoryUsage of job (MB)
	1318744  -  ResidentSetSize of job (KB)
...
006 (4593.000.000) 2021-12-03 20:28:40 Image size of job updated: 1321864
	1291  -  MemoryUsage of job (MB)
	1321864  -  ResidentSetSize of job (KB)
...
006 (4593.006.000) 2021-12-03 20:28:59 Image size of job updated: 1321184
	1290  -  MemoryUsage of job (MB)
	1320216  -  ResidentSetSize of job (KB)
...
006 (4593.003.000) 2021-12-03 20:43:51 Image size of job updated: 1321396
	1289  -  MemoryUsage of job (MB)
	1319860  -  ResidentSetSize of job (KB)
...
006 (4593.002.000) 2021-12-03 20:48:46 Image size of job updated: 1321624
	1289  -  MemoryUsage of job (MB)
	1319768  -  ResidentSetSize of job (KB)
...
006 (4593.009.000) 2021-12-03 20:49:09 Image size of job updated: 1322260
	1290  -  MemoryUsage of job (MB)
	1320796  -  ResidentSetSize of job (KB)
...
006 (4593.001.000) 2021-12-03 21:08:45 Image size of job updated: 1321112
	1290  -  MemoryUsage of job (MB)
	1320552  -  ResidentSetSize of job (KB)
...
006 (4593.008.000) 2021-12-03 21:49:10 Image size of job updated: 1322180
	1290  -  MemoryUsage of job (MB)
	1320220  -  ResidentSetSize of job (KB)
...
006 (4593.012.000) 2021-12-03 21:54:27 Image size of job updated: 1323040
	1293  -  MemoryUsage of job (MB)
	1323040  -  ResidentSetSize of job (KB)
...
006 (4593.009.000) 2021-12-03 22:04:16 Image size of job updated: 1322260
	1291  -  MemoryUsage of job (MB)
	1321736  -  ResidentSetSize of job (KB)
...
006 (4593.003.000) 2021-12-03 22:19:01 Image size of job updated: 1321396
	1290  -  MemoryUsage of job (MB)
	1320000  -  ResidentSetSize of job (KB)
...
006 (4593.008.000) 2021-12-03 22:19:14 Image size of job updated: 1322180
	1290  -  MemoryUsage of job (MB)
	1320528  -  ResidentSetSize of job (KB)
...
006 (4593.011.000) 2021-12-03 22:19:23 Image size of job updated: 1321620
	1291  -  MemoryUsage of job (MB)
	1321164  -  ResidentSetSize of job (KB)
...
006 (4593.006.000) 2021-12-03 22:24:09 Image size of job updated: 1321184
	1290  -  MemoryUsage of job (MB)
	1320348  -  ResidentSetSize of job (KB)
...
006 (4593.001.000) 2021-12-03 22:28:52 Image size of job updated: 1321112
	1290  -  MemoryUsage of job (MB)
	1320624  -  ResidentSetSize of job (KB)
...
006 (4593.003.000) 2021-12-03 22:29:02 Image size of job updated: 1322100
	1292  -  MemoryUsage of job (MB)
	1322100  -  ResidentSetSize of job (KB)
...
006 (4593.013.000) 2021-12-03 22:29:34 Image size of job updated: 1322640
	1292  -  MemoryUsage of job (MB)
	1322640  -  ResidentSetSize of job (KB)
...
006 (4593.007.000) 2021-12-03 22:34:14 Image size of job updated: 1321064
	1291  -  MemoryUsage of job (MB)
	1320976  -  ResidentSetSize of job (KB)
...
006 (4593.011.000) 2021-12-03 22:44:25 Image size of job updated: 1321780
	1291  -  MemoryUsage of job (MB)
	1321780  -  ResidentSetSize of job (KB)
...
006 (4593.001.000) 2021-12-03 23:13:56 Image size of job updated: 1321480
	1290  -  MemoryUsage of job (MB)
	1320624  -  ResidentSetSize of job (KB)
...
006 (4593.001.000) 2021-12-03 23:28:57 Image size of job updated: 1321480
	1290  -  MemoryUsage of job (MB)
	1320716  -  ResidentSetSize of job (KB)
...
006 (4593.008.000) 2021-12-03 23:29:20 Image size of job updated: 1322392
	1290  -  MemoryUsage of job (MB)
	1320528  -  ResidentSetSize of job (KB)
...
006 (4593.001.000) 2021-12-03 23:38:58 Image size of job updated: 1321480
	1290  -  MemoryUsage of job (MB)
	1320916  -  ResidentSetSize of job (KB)
...
006 (4593.001.000) 2021-12-03 23:59:01 Image size of job updated: 1321664
	1291  -  MemoryUsage of job (MB)
	1321664  -  ResidentSetSize of job (KB)
...
006 (4593.001.000) 2021-12-04 00:14:02 Image size of job updated: 1321688
	1291  -  MemoryUsage of job (MB)
	1321688  -  ResidentSetSize of job (KB)
...
006 (4593.002.000) 2021-12-04 01:24:14 Image size of job updated: 1321624
	1290  -  MemoryUsage of job (MB)
	1320016  -  ResidentSetSize of job (KB)
...
006 (4593.010.000) 2021-12-04 01:34:43 Image size of job updated: 1322344
	1292  -  MemoryUsage of job (MB)
	1322344  -  ResidentSetSize of job (KB)
...
006 (4593.006.000) 2021-12-04 02:19:33 Image size of job updated: 1321184
	1290  -  MemoryUsage of job (MB)
	1320836  -  ResidentSetSize of job (KB)
...
006 (4593.002.000) 2021-12-04 02:49:24 Image size of job updated: 1321624
	1290  -  MemoryUsage of job (MB)
	1320404  -  ResidentSetSize of job (KB)
...
006 (4593.007.000) 2021-12-04 03:14:36 Image size of job updated: 1321220
	1291  -  MemoryUsage of job (MB)
	1321220  -  ResidentSetSize of job (KB)
...
006 (4593.007.000) 2021-12-04 04:09:40 Image size of job updated: 1321236
	1291  -  MemoryUsage of job (MB)
	1321220  -  ResidentSetSize of job (KB)
...
006 (4593.007.000) 2021-12-04 04:14:41 Image size of job updated: 1321376
	1291  -  MemoryUsage of job (MB)
	1321376  -  ResidentSetSize of job (KB)
...
006 (4593.006.000) 2021-12-04 04:44:50 Image size of job updated: 1322460
	1292  -  MemoryUsage of job (MB)
	1322460  -  ResidentSetSize of job (KB)
...
006 (4593.002.000) 2021-12-04 04:59:34 Image size of job updated: 1323080
	1293  -  MemoryUsage of job (MB)
	1323080  -  ResidentSetSize of job (KB)
...
006 (4593.008.000) 2021-12-04 05:14:59 Image size of job updated: 1322392
	1291  -  MemoryUsage of job (MB)
	1321136  -  ResidentSetSize of job (KB)
...
006 (4593.011.000) 2021-12-04 05:55:08 Image size of job updated: 1322612
	1291  -  MemoryUsage of job (MB)
	1321780  -  ResidentSetSize of job (KB)
...
006 (4593.001.000) 2021-12-04 06:09:41 Image size of job updated: 1322724
	1291  -  MemoryUsage of job (MB)
	1321688  -  ResidentSetSize of job (KB)
...
006 (4593.007.000) 2021-12-04 06:44:55 Image size of job updated: 1321400
	1291  -  MemoryUsage of job (MB)
	1321376  -  ResidentSetSize of job (KB)
...
006 (4593.001.000) 2021-12-04 07:04:45 Image size of job updated: 1322724
	1291  -  MemoryUsage of job (MB)
	1321832  -  ResidentSetSize of job (KB)
...
006 (4593.013.000) 2021-12-04 07:25:27 Image size of job updated: 1322652
	1292  -  MemoryUsage of job (MB)
	1322652  -  ResidentSetSize of job (KB)
...
006 (4593.007.000) 2021-12-04 07:29:57 Image size of job updated: 1321900
	1291  -  MemoryUsage of job (MB)
	1321376  -  ResidentSetSize of job (KB)
...
006 (4593.009.000) 2021-12-04 07:30:05 Image size of job updated: 1322260
	1291  -  MemoryUsage of job (MB)
	1321944  -  ResidentSetSize of job (KB)
...
006 (4593.008.000) 2021-12-04 07:50:14 Image size of job updated: 1322752
	1292  -  MemoryUsage of job (MB)
	1322752  -  ResidentSetSize of job (KB)
...
006 (4593.009.000) 2021-12-04 08:20:10 Image size of job updated: 1323196
	1293  -  MemoryUsage of job (MB)
	1323196  -  ResidentSetSize of job (KB)
...
006 (4593.011.000) 2021-12-04 09:05:27 Image size of job updated: 1322612
	1292  -  MemoryUsage of job (MB)
	1322560  -  ResidentSetSize of job (KB)
...
005 (4593.013.000) 2021-12-04 09:33:55 Job terminated.
	(1) Normal termination (return value 0)
		Usr 0 11:48:55, Sys 0 00:14:07  -  Run Remote Usage
		Usr 0 00:00:00, Sys 0 00:00:00  -  Run Local Usage
		Usr 0 11:48:55, Sys 0 00:14:07  -  Total Remote Usage
		Usr 0 00:00:00, Sys 0 00:00:00  -  Total Local Usage
	0  -  Run Bytes Sent By Job
	661244224  -  Run Bytes Received By Job
	0  -  Total Bytes Sent By Job
	661244224  -  Total Bytes Received By Job
	Partitionable Resources :    Usage  Request Allocated 
	   Cpus                 :        0        2         2 
	   Disk (KB)            :  2669614   750000   1251935 
	   Memory (MB)          :     1292     1500      1536 

	Job terminated of its own accord at 2021-12-04T17:33:44Z with exit-code 0.
...
005 (4593.003.000) 2021-12-04 09:33:55 Job terminated.
	(1) Normal termination (return value 0)
		Usr 0 11:20:09, Sys 0 00:14:03  -  Run Remote Usage
		Usr 0 00:00:00, Sys 0 00:00:00  -  Run Local Usage
		Usr 0 11:20:09, Sys 0 00:14:03  -  Total Remote Usage
		Usr 0 00:00:00, Sys 0 00:00:00  -  Total Local Usage
	0  -  Run Bytes Sent By Job
	661244224  -  Run Bytes Received By Job
	0  -  Total Bytes Sent By Job
	661244224  -  Total Bytes Received By Job
	Partitionable Resources :    Usage  Request Allocated 
	   Cpus                 :        0        2         2 
	   Disk (KB)            :  2669618   750000   1251935 
	   Memory (MB)          :     1292     1500      1536 

	Job terminated of its own accord at 2021-12-04T17:33:44Z with exit-code 0.
...
005 (4593.006.000) 2021-12-04 09:33:56 Job terminated.
	(1) Normal termination (return value 0)
		Usr 0 11:38:59, Sys 0 00:14:02  -  Run Remote Usage
		Usr 0 00:00:00, Sys 0 00:00:00  -  Run Local Usage
		Usr 0 11:38:59, Sys 0 00:14:02  -  Total Remote Usage
		Usr 0 00:00:00, Sys 0 00:00:00  -  Total Local Usage
	0  -  Run Bytes Sent By Job
	661244224  -  Run Bytes Received By Job
	0  -  Total Bytes Sent By Job
	661244224  -  Total Bytes Received By Job
	Partitionable Resources :    Usage  Request Allocated 
	   Cpus                 :        0        2         2 
	   Disk (KB)            :  2669105   750000   1251935 
	   Memory (MB)          :     1292     1500      1536 

	Job terminated of its own accord at 2021-12-04T17:33:44Z with exit-code 0.
...
005 (4593.011.000) 2021-12-04 09:33:56 Job terminated.
	(1) Normal termination (return value 0)
		Usr 0 11:25:13, Sys 0 00:14:16  -  Run Remote Usage
		Usr 0 00:00:00, Sys 0 00:00:00  -  Run Local Usage
		Usr 0 11:25:13, Sys 0 00:14:16  -  Total Remote Usage
		Usr 0 00:00:00, Sys 0 00:00:00  -  Total Local Usage
	0  -  Run Bytes Sent By Job
	661244224  -  Run Bytes Received By Job
	0  -  Total Bytes Sent By Job
	661244224  -  Total Bytes Received By Job
	Partitionable Resources :    Usage  Request Allocated 
	   Cpus                 :        0        2         2 
	   Disk (KB)            :  2674028   750000   1251935 
	   Memory (MB)          :     1292     1500      1536 

	Job terminated of its own accord at 2021-12-04T17:33:44Z with exit-code 0.
...
005 (4593.009.000) 2021-12-04 09:33:56 Job terminated.
	(1) Normal termination (return value 0)
		Usr 0 11:43:06, Sys 0 00:14:06  -  Run Remote Usage
		Usr 0 00:00:00, Sys 0 00:00:00  -  Run Local Usage
		Usr 0 11:43:06, Sys 0 00:14:06  -  Total Remote Usage
		Usr 0 00:00:00, Sys 0 00:00:00  -  Total Local Usage
	0  -  Run Bytes Sent By Job
	661244224  -  Run Bytes Received By Job
	0  -  Total Bytes Sent By Job
	661244224  -  Total Bytes Received By Job
	Partitionable Resources :      Usage  Request Allocated 
	   Cpus                 :       1.01        2         2 
	   Disk (KB)            : 2676251      750000   1251935 
	   Memory (MB)          :    1293        1500      1536 

	Job terminated of its own accord at 2021-12-04T17:33:44Z with exit-code 0.
...
005 (4593.012.000) 2021-12-04 09:33:56 Job terminated.
	(1) Normal termination (return value 0)
		Usr 0 11:51:07, Sys 0 00:14:40  -  Run Remote Usage
		Usr 0 00:00:00, Sys 0 00:00:00  -  Run Local Usage
		Usr 0 11:51:07, Sys 0 00:14:40  -  Total Remote Usage
		Usr 0 00:00:00, Sys 0 00:00:00  -  Total Local Usage
	0  -  Run Bytes Sent By Job
	661244224  -  Run Bytes Received By Job
	0  -  Total Bytes Sent By Job
	661244224  -  Total Bytes Received By Job
	Partitionable Resources :      Usage  Request Allocated 
	   Cpus                 :       0.24        2         2 
	   Disk (KB)            : 2667866      750000   1251935 
	   Memory (MB)          :    1293        1500      1536 

	Job terminated of its own accord at 2021-12-04T17:33:44Z with exit-code 0.
...
005 (4593.010.000) 2021-12-04 09:33:56 Job terminated.
	(1) Normal termination (return value 0)
		Usr 0 11:38:28, Sys 0 00:14:19  -  Run Remote Usage
		Usr 0 00:00:00, Sys 0 00:00:00  -  Run Local Usage
		Usr 0 11:38:28, Sys 0 00:14:19  -  Total Remote Usage
		Usr 0 00:00:00, Sys 0 00:00:00  -  Total Local Usage
	0  -  Run Bytes Sent By Job
	661244224  -  Run Bytes Received By Job
	0  -  Total Bytes Sent By Job
	661244224  -  Total Bytes Received By Job
	Partitionable Resources :    Usage  Request Allocated 
	   Cpus                 :        0        2         2 
	   Disk (KB)            :  2668091   750000   1251935 
	   Memory (MB)          :     1292     1500      1536 

	Job terminated of its own accord at 2021-12-04T17:33:44Z with exit-code 0.
...
005 (4593.000.000) 2021-12-04 09:33:56 Job terminated.
	(1) Normal termination (return value 0)
		Usr 0 12:21:15, Sys 0 00:14:56  -  Run Remote Usage
		Usr 0 00:00:00, Sys 0 00:00:00  -  Run Local Usage
		Usr 0 12:21:15, Sys 0 00:14:56  -  Total Remote Usage
		Usr 0 00:00:00, Sys 0 00:00:00  -  Total Local Usage
	0  -  Run Bytes Sent By Job
	661244224  -  Run Bytes Received By Job
	0  -  Total Bytes Sent By Job
	661244224  -  Total Bytes Received By Job
	Partitionable Resources :    Usage  Request Allocated 
	   Cpus                 :        0        2         2 
	   Disk (KB)            :  2677118   750000   1251935 
	   Memory (MB)          :     1291     1500      1536 

	Job terminated of its own accord at 2021-12-04T17:33:44Z with exit-code 0.
...
005 (4593.008.000) 2021-12-04 09:33:56 Job terminated.
	(1) Normal termination (return value 0)
		Usr 0 11:29:39, Sys 0 00:14:21  -  Run Remote Usage
		Usr 0 00:00:00, Sys 0 00:00:00  -  Run Local Usage
		Usr 0 11:29:39, Sys 0 00:14:21  -  Total Remote Usage
		Usr 0 00:00:00, Sys 0 00:00:00  -  Total Local Usage
	0  -  Run Bytes Sent By Job
	661244224  -  Run Bytes Received By Job
	0  -  Total Bytes Sent By Job
	661244224  -  Total Bytes Received By Job
	Partitionable Resources :    Usage  Request Allocated 
	   Cpus                 :        0        2         2 
	   Disk (KB)            :  2669624   750000   1251935 
	   Memory (MB)          :     1292     1500      1536 

	Job terminated of its own accord at 2021-12-04T17:33:44Z with exit-code 0.
...
005 (4593.007.000) 2021-12-04 09:33:56 Job terminated.
	(1) Normal termination (return value 0)
		Usr 0 11:51:37, Sys 0 00:13:42  -  Run Remote Usage
		Usr 0 00:00:00, Sys 0 00:00:00  -  Run Local Usage
		Usr 0 11:51:37, Sys 0 00:13:42  -  Total Remote Usage
		Usr 0 00:00:00, Sys 0 00:00:00  -  Total Local Usage
	0  -  Run Bytes Sent By Job
	661244224  -  Run Bytes Received By Job
	0  -  Total Bytes Sent By Job
	661244224  -  Total Bytes Received By Job
	Partitionable Resources :    Usage  Request Allocated 
	   Cpus                 :        0        2         2 
	   Disk (KB)            :  2669624   750000   1251935 
	   Memory (MB)          :     1291     1500      1536 

	Job terminated of its own accord at 2021-12-04T17:33:44Z with exit-code 0.
...
005 (4593.001.000) 2021-12-04 09:33:56 Job terminated.
	(1) Normal termination (return value 0)
		Usr 0 11:44:32, Sys 0 00:14:04  -  Run Remote Usage
		Usr 0 00:00:00, Sys 0 00:00:00  -  Run Local Usage
		Usr 0 11:44:32, Sys 0 00:14:04  -  Total Remote Usage
		Usr 0 00:00:00, Sys 0 00:00:00  -  Total Local Usage
	0  -  Run Bytes Sent By Job
	661244224  -  Run Bytes Received By Job
	0  -  Total Bytes Sent By Job
	661244224  -  Total Bytes Received By Job
	Partitionable Resources :    Usage  Request Allocated 
	   Cpus                 :        0        2         2 
	   Disk (KB)            :  2669624   750000   1251935 
	   Memory (MB)          :     1291     1500      1536 

	Job terminated of its own accord at 2021-12-04T17:33:44Z with exit-code 0.
...
005 (4593.004.000) 2021-12-04 09:33:56 Job terminated.
	(1) Normal termination (return value 0)
		Usr 0 11:50:38, Sys 0 00:14:33  -  Run Remote Usage
		Usr 0 00:00:00, Sys 0 00:00:00  -  Run Local Usage
		Usr 0 11:50:38, Sys 0 00:14:33  -  Total Remote Usage
		Usr 0 00:00:00, Sys 0 00:00:00  -  Total Local Usage
	0  -  Run Bytes Sent By Job
	661244224  -  Run Bytes Received By Job
	0  -  Total Bytes Sent By Job
	661244224  -  Total Bytes Received By Job
	Partitionable Resources :      Usage  Request Allocated 
	   Cpus                 :       0.00        2         2 
	   Disk (KB)            : 2667852      750000   1251935 
	   Memory (MB)          :    1293        1500      1536 

	Job terminated of its own accord at 2021-12-04T17:33:44Z with exit-code 0.
...
005 (4593.005.000) 2021-12-04 09:33:56 Job terminated.
	(1) Normal termination (return value 0)
		Usr 0 01:35:21, Sys 0 00:01:46  -  Run Remote Usage
		Usr 0 00:00:00, Sys 0 00:00:00  -  Run Local Usage
		Usr 0 01:35:21, Sys 0 00:01:46  -  Total Remote Usage
		Usr 0 00:00:00, Sys 0 00:00:00  -  Total Local Usage
	0  -  Run Bytes Sent By Job
	661244224  -  Run Bytes Received By Job
	0  -  Total Bytes Sent By Job
	661244224  -  Total Bytes Received By Job
	Partitionable Resources :    Usage  Request Allocated 
	   Cpus                 :        0        2         2 
	   Disk (KB)            :  2676025   750000   1251935 
	   Memory (MB)          :     1290     1500      1536 

	Job terminated of its own accord at 2021-12-04T17:33:44Z with exit-code 0.
...
005 (4593.002.000) 2021-12-04 09:33:56 Job terminated.
	(1) Normal termination (return value 0)
		Usr 0 11:42:09, Sys 0 00:13:35  -  Run Remote Usage
		Usr 0 00:00:00, Sys 0 00:00:00  -  Run Local Usage
		Usr 0 11:42:09, Sys 0 00:13:35  -  Total Remote Usage
		Usr 0 00:00:00, Sys 0 00:00:00  -  Total Local Usage
	0  -  Run Bytes Sent By Job
	661244224  -  Run Bytes Received By Job
	0  -  Total Bytes Sent By Job
	661244224  -  Total Bytes Received By Job
	Partitionable Resources :    Usage  Request Allocated 
	   Cpus                 :        0        2         2 
	   Disk (KB)            :  2674016   750000   1251935 
	   Memory (MB)          :     1293     1500      1536 

	Job terminated of its own accord at 2021-12-04T17:33:44Z with exit-code 0.
...
001 (4593.015.000) 2021-12-04 09:34:31 Job executing on host: <192.168.137.8:9618?sock=startd_2144_f74a>
...
001 (4593.014.000) 2021-12-04 09:34:32 Job executing on host: <192.168.137.8:9618?sock=startd_2144_f74a>
...
001 (4593.017.000) 2021-12-04 09:34:35 Job executing on host: <192.168.137.8:9618?sock=startd_2144_f74a>
...
001 (4593.016.000) 2021-12-04 09:34:35 Job executing on host: <192.168.137.8:9618?sock=startd_2144_f74a>
...
001 (4593.018.000) 2021-12-04 09:34:37 Job executing on host: <192.168.137.8:9618?sock=startd_2144_f74a>
...
001 (4593.019.000) 2021-12-04 09:34:38 Job executing on host: <192.168.137.8:9618?sock=startd_2144_f74a>
...
006 (4593.014.000) 2021-12-04 09:34:40 Image size of job updated: 20788
	21  -  MemoryUsage of job (MB)
	20788  -  ResidentSetSize of job (KB)
...
006 (4593.015.000) 2021-12-04 09:34:40 Image size of job updated: 20740
	21  -  MemoryUsage of job (MB)
	20740  -  ResidentSetSize of job (KB)
...
006 (4593.017.000) 2021-12-04 09:34:43 Image size of job updated: 20736
	21  -  MemoryUsage of job (MB)
	20736  -  ResidentSetSize of job (KB)
...
006 (4593.016.000) 2021-12-04 09:34:43 Image size of job updated: 20744
	21  -  MemoryUsage of job (MB)
	20744  -  ResidentSetSize of job (KB)
...
006 (4593.019.000) 2021-12-04 09:34:46 Image size of job updated: 20744
	21  -  MemoryUsage of job (MB)
	20744  -  ResidentSetSize of job (KB)
...
006 (4593.018.000) 2021-12-04 09:34:46 Image size of job updated: 20744
	21  -  MemoryUsage of job (MB)
	20744  -  ResidentSetSize of job (KB)
...
006 (4593.014.000) 2021-12-04 09:39:40 Image size of job updated: 21112
	21  -  MemoryUsage of job (MB)
	21112  -  ResidentSetSize of job (KB)
...
006 (4593.015.000) 2021-12-04 09:39:41 Image size of job updated: 21084
	21  -  MemoryUsage of job (MB)
	21084  -  ResidentSetSize of job (KB)
...
006 (4593.017.000) 2021-12-04 09:39:43 Image size of job updated: 21096
	21  -  MemoryUsage of job (MB)
	21096  -  ResidentSetSize of job (KB)
...
006 (4593.016.000) 2021-12-04 09:39:43 Image size of job updated: 21112
	21  -  MemoryUsage of job (MB)
	21112  -  ResidentSetSize of job (KB)
...
006 (4593.019.000) 2021-12-04 09:39:46 Image size of job updated: 21104
	21  -  MemoryUsage of job (MB)
	21104  -  ResidentSetSize of job (KB)
...
006 (4593.018.000) 2021-12-04 09:39:47 Image size of job updated: 21104
	21  -  MemoryUsage of job (MB)
	21104  -  ResidentSetSize of job (KB)
...
006 (4593.014.000) 2021-12-04 09:44:40 Image size of job updated: 21200
	21  -  MemoryUsage of job (MB)
	21132  -  ResidentSetSize of job (KB)
...
006 (4593.015.000) 2021-12-04 09:44:41 Image size of job updated: 21168
	21  -  MemoryUsage of job (MB)
	21084  -  ResidentSetSize of job (KB)
...
006 (4593.017.000) 2021-12-04 09:44:43 Image size of job updated: 21176
	21  -  MemoryUsage of job (MB)
	21096  -  ResidentSetSize of job (KB)
...
006 (4593.016.000) 2021-12-04 09:44:44 Image size of job updated: 21188
	21  -  MemoryUsage of job (MB)
	21112  -  ResidentSetSize of job (KB)
...
006 (4593.019.000) 2021-12-04 09:44:46 Image size of job updated: 21184
	21  -  MemoryUsage of job (MB)
	21104  -  ResidentSetSize of job (KB)
...
006 (4593.018.000) 2021-12-04 09:44:49 Image size of job updated: 21184
	21  -  MemoryUsage of job (MB)
	21104  -  ResidentSetSize of job (KB)
...
006 (4593.017.000) 2021-12-04 09:49:44 Image size of job updated: 21176
	21  -  MemoryUsage of job (MB)
	21100  -  ResidentSetSize of job (KB)
...
006 (4593.016.000) 2021-12-05 03:46:23 Image size of job updated: 21640
	22  -  MemoryUsage of job (MB)
	21640  -  ResidentSetSize of job (KB)
...
006 (4593.014.000) 2021-12-05 03:46:27 Image size of job updated: 21656
	22  -  MemoryUsage of job (MB)
	21656  -  ResidentSetSize of job (KB)
...
006 (4593.019.000) 2021-12-05 03:46:27 Image size of job updated: 21624
	22  -  MemoryUsage of job (MB)
	21624  -  ResidentSetSize of job (KB)
...
006 (4593.015.000) 2021-12-05 03:46:29 Image size of job updated: 21620
	22  -  MemoryUsage of job (MB)
	21620  -  ResidentSetSize of job (KB)
...
006 (4593.018.000) 2021-12-05 03:46:29 Image size of job updated: 21608
	22  -  MemoryUsage of job (MB)
	21608  -  ResidentSetSize of job (KB)
...
006 (4593.017.000) 2021-12-05 03:46:37 Image size of job updated: 21636
	22  -  MemoryUsage of job (MB)
	21636  -  ResidentSetSize of job (KB)
...
006 (4593.016.000) 2021-12-05 04:31:27 Image size of job updated: 21656
	22  -  MemoryUsage of job (MB)
	21656  -  ResidentSetSize of job (KB)
...
006 (4593.014.000) 2021-12-05 04:31:29 Image size of job updated: 21672
	22  -  MemoryUsage of job (MB)
	21672  -  ResidentSetSize of job (KB)
...
006 (4593.019.000) 2021-12-05 04:31:33 Image size of job updated: 21636
	22  -  MemoryUsage of job (MB)
	21636  -  ResidentSetSize of job (KB)
...
006 (4593.018.000) 2021-12-05 04:31:34 Image size of job updated: 21620
	22  -  MemoryUsage of job (MB)
	21620  -  ResidentSetSize of job (KB)
...
006 (4593.015.000) 2021-12-05 04:31:35 Image size of job updated: 21632
	22  -  MemoryUsage of job (MB)
	21632  -  ResidentSetSize of job (KB)
...
006 (4593.017.000) 2021-12-05 04:31:41 Image size of job updated: 21652
	22  -  MemoryUsage of job (MB)
	21652  -  ResidentSetSize of job (KB)
...
006 (4593.018.000) 2021-12-05 06:16:44 Image size of job updated: 21624
	22  -  MemoryUsage of job (MB)
	21624  -  ResidentSetSize of job (KB)
...
006 (4593.019.000) 2021-12-05 06:16:46 Image size of job updated: 21640
	22  -  MemoryUsage of job (MB)
	21640  -  ResidentSetSize of job (KB)
...
006 (4593.015.000) 2021-12-05 08:11:54 Image size of job updated: 21636
	22  -  MemoryUsage of job (MB)
	21636  -  ResidentSetSize of job (KB)
...
006 (4593.019.000) 2021-12-05 09:47:02 Image size of job updated: 21656
	22  -  MemoryUsage of job (MB)
	21656  -  ResidentSetSize of job (KB)
...
006 (4593.018.000) 2021-12-05 09:47:11 Image size of job updated: 21640
	22  -  MemoryUsage of job (MB)
	21640  -  ResidentSetSize of job (KB)
...
024 (4593.014.000) 2021-12-06 12:03:38 Job reconnection failed
    Job disconnected too long: JobLeaseDuration (2400 seconds) expired
    Can not reconnect to slot1_1@IGSWCGWWAS1801.gs.doi.net, rescheduling job
...
024 (4593.015.000) 2021-12-06 12:03:38 Job reconnection failed
    Job disconnected too long: JobLeaseDuration (2400 seconds) expired
    Can not reconnect to slot1_2@IGSWCGWWAS1801.gs.doi.net, rescheduling job
...
024 (4593.016.000) 2021-12-06 12:03:38 Job reconnection failed
    Job disconnected too long: JobLeaseDuration (2400 seconds) expired
    Can not reconnect to slot1_3@IGSWCGWWAS1801.gs.doi.net, rescheduling job
...
024 (4593.018.000) 2021-12-06 12:03:38 Job reconnection failed
    Job disconnected too long: JobLeaseDuration (2400 seconds) expired
    Can not reconnect to slot1_5@IGSWCGWWAS1801.gs.doi.net, rescheduling job
...
024 (4593.017.000) 2021-12-06 12:03:38 Job reconnection failed
    Job disconnected too long: JobLeaseDuration (2400 seconds) expired
    Can not reconnect to slot1_4@IGSWCGWWAS1801.gs.doi.net, rescheduling job
...
024 (4593.019.000) 2021-12-06 12:03:38 Job reconnection failed
    Job disconnected too long: JobLeaseDuration (2400 seconds) expired
    Can not reconnect to slot1_6@IGSWCGWWAS1801.gs.doi.net, rescheduling job
...
001 (4593.014.000) 2021-12-06 12:08:24 Job executing on host: <192.168.137.8:9618?sock=startd_11424_7866>
...
001 (4593.015.000) 2021-12-06 12:08:27 Job executing on host: <192.168.137.8:9618?sock=startd_11424_7866>
...
001 (4593.016.000) 2021-12-06 12:08:30 Job executing on host: <192.168.137.8:9618?sock=startd_11424_7866>
...
001 (4593.017.000) 2021-12-06 12:08:33 Job executing on host: <192.168.137.8:9618?sock=startd_11424_7866>
...
001 (4593.018.000) 2021-12-06 12:08:36 Job executing on host: <192.168.137.8:9618?sock=startd_11424_7866>
...
001 (4593.019.000) 2021-12-06 12:08:39 Job executing on host: <192.168.137.8:9618?sock=startd_11424_7866>
...
