001 (4415.002.000) 2021-09-16 18:01:33 Job executing on host: <192.168.137.8:9618?sock=startd_17636_113e>
...
001 (4415.004.000) 2021-09-16 18:01:34 Job executing on host: <192.168.137.8:9618?sock=startd_17636_113e>
...
001 (4415.007.000) 2021-09-16 18:01:35 Job executing on host: <192.168.137.8:9618?sock=startd_17636_113e>
...
001 (4415.003.000) 2021-09-16 18:01:35 Job executing on host: <192.168.137.8:9618?sock=startd_17636_113e>
...
001 (4415.010.000) 2021-09-16 18:01:35 Job executing on host: <192.168.137.8:9618?sock=startd_17636_113e>
...
001 (4415.006.000) 2021-09-16 18:01:36 Job executing on host: <192.168.137.8:9618?sock=startd_17636_113e>
...
001 (4415.000.000) 2021-09-16 18:01:36 Job executing on host: <192.168.137.8:9618?sock=startd_17636_113e>
...
001 (4415.009.000) 2021-09-16 18:01:36 Job executing on host: <192.168.137.8:9618?sock=startd_17636_113e>
...
001 (4415.011.000) 2021-09-16 18:01:36 Job executing on host: <192.168.137.8:9618?sock=startd_17636_113e>
...
001 (4415.008.000) 2021-09-16 18:01:36 Job executing on host: <192.168.137.8:9618?sock=startd_17636_113e>
...
001 (4415.001.000) 2021-09-16 18:01:36 Job executing on host: <192.168.137.8:9618?sock=startd_17636_113e>
...
001 (4415.005.000) 2021-09-16 18:01:36 Job executing on host: <192.168.137.8:9618?sock=startd_17636_113e>
...
001 (4415.013.000) 2021-09-16 18:01:37 Job executing on host: <192.168.137.8:9618?sock=startd_17636_113e>
...
001 (4415.012.000) 2021-09-16 18:01:38 Job executing on host: <192.168.137.8:9618?sock=startd_17636_113e>
...
006 (4415.004.000) 2021-09-16 18:01:42 Image size of job updated: 20800
	21  -  MemoryUsage of job (MB)
	20800  -  ResidentSetSize of job (KB)
...
006 (4415.002.000) 2021-09-16 18:01:42 Image size of job updated: 20796
	21  -  MemoryUsage of job (MB)
	20796  -  ResidentSetSize of job (KB)
...
006 (4415.007.000) 2021-09-16 18:01:43 Image size of job updated: 20896
	21  -  MemoryUsage of job (MB)
	20896  -  ResidentSetSize of job (KB)
...
006 (4415.003.000) 2021-09-16 18:01:43 Image size of job updated: 20796
	21  -  MemoryUsage of job (MB)
	20796  -  ResidentSetSize of job (KB)
...
006 (4415.010.000) 2021-09-16 18:01:43 Image size of job updated: 20756
	21  -  MemoryUsage of job (MB)
	20756  -  ResidentSetSize of job (KB)
...
006 (4415.006.000) 2021-09-16 18:01:44 Image size of job updated: 20812
	21  -  MemoryUsage of job (MB)
	20812  -  ResidentSetSize of job (KB)
...
006 (4415.000.000) 2021-09-16 18:01:44 Image size of job updated: 20800
	21  -  MemoryUsage of job (MB)
	20800  -  ResidentSetSize of job (KB)
...
006 (4415.009.000) 2021-09-16 18:01:44 Image size of job updated: 20752
	21  -  MemoryUsage of job (MB)
	20752  -  ResidentSetSize of job (KB)
...
006 (4415.008.000) 2021-09-16 18:01:44 Image size of job updated: 20796
	21  -  MemoryUsage of job (MB)
	20796  -  ResidentSetSize of job (KB)
...
006 (4415.011.000) 2021-09-16 18:01:44 Image size of job updated: 20744
	21  -  MemoryUsage of job (MB)
	20744  -  ResidentSetSize of job (KB)
...
006 (4415.001.000) 2021-09-16 18:01:44 Image size of job updated: 20784
	21  -  MemoryUsage of job (MB)
	20784  -  ResidentSetSize of job (KB)
...
006 (4415.005.000) 2021-09-16 18:01:44 Image size of job updated: 20808
	21  -  MemoryUsage of job (MB)
	20808  -  ResidentSetSize of job (KB)
...
006 (4415.013.000) 2021-09-16 18:01:45 Image size of job updated: 20752
	21  -  MemoryUsage of job (MB)
	20752  -  ResidentSetSize of job (KB)
...
006 (4415.012.000) 2021-09-16 18:01:46 Image size of job updated: 20756
	21  -  MemoryUsage of job (MB)
	20756  -  ResidentSetSize of job (KB)
...
006 (4415.004.000) 2021-09-16 18:06:42 Image size of job updated: 20940
	21  -  MemoryUsage of job (MB)
	20940  -  ResidentSetSize of job (KB)
...
006 (4415.002.000) 2021-09-16 18:06:43 Image size of job updated: 20936
	21  -  MemoryUsage of job (MB)
	20936  -  ResidentSetSize of job (KB)
...
006 (4415.007.000) 2021-09-16 18:06:43 Image size of job updated: 21028
	21  -  MemoryUsage of job (MB)
	21028  -  ResidentSetSize of job (KB)
...
006 (4415.003.000) 2021-09-16 18:06:43 Image size of job updated: 20952
	21  -  MemoryUsage of job (MB)
	20952  -  ResidentSetSize of job (KB)
...
006 (4415.010.000) 2021-09-16 18:06:43 Image size of job updated: 20904
	21  -  MemoryUsage of job (MB)
	20904  -  ResidentSetSize of job (KB)
...
006 (4415.006.000) 2021-09-16 18:06:44 Image size of job updated: 20952
	21  -  MemoryUsage of job (MB)
	20952  -  ResidentSetSize of job (KB)
...
006 (4415.000.000) 2021-09-16 18:06:44 Image size of job updated: 20936
	21  -  MemoryUsage of job (MB)
	20936  -  ResidentSetSize of job (KB)
...
006 (4415.009.000) 2021-09-16 18:06:44 Image size of job updated: 20908
	21  -  MemoryUsage of job (MB)
	20908  -  ResidentSetSize of job (KB)
...
006 (4415.008.000) 2021-09-16 18:06:44 Image size of job updated: 20936
	21  -  MemoryUsage of job (MB)
	20936  -  ResidentSetSize of job (KB)
...
006 (4415.011.000) 2021-09-16 18:06:44 Image size of job updated: 20892
	21  -  MemoryUsage of job (MB)
	20892  -  ResidentSetSize of job (KB)
...
006 (4415.001.000) 2021-09-16 18:06:45 Image size of job updated: 20908
	21  -  MemoryUsage of job (MB)
	20908  -  ResidentSetSize of job (KB)
...
006 (4415.005.000) 2021-09-16 18:06:45 Image size of job updated: 20956
	21  -  MemoryUsage of job (MB)
	20956  -  ResidentSetSize of job (KB)
...
006 (4415.012.000) 2021-09-16 18:06:46 Image size of job updated: 20912
	21  -  MemoryUsage of job (MB)
	20912  -  ResidentSetSize of job (KB)
...
006 (4415.013.000) 2021-09-16 18:06:46 Image size of job updated: 20908
	21  -  MemoryUsage of job (MB)
	20908  -  ResidentSetSize of job (KB)
...
006 (4415.004.000) 2021-09-16 18:11:42 Image size of job updated: 21060
	21  -  MemoryUsage of job (MB)
	21060  -  ResidentSetSize of job (KB)
...
006 (4415.002.000) 2021-09-16 18:11:43 Image size of job updated: 21068
	21  -  MemoryUsage of job (MB)
	21068  -  ResidentSetSize of job (KB)
...
006 (4415.007.000) 2021-09-16 18:11:43 Image size of job updated: 21128
	21  -  MemoryUsage of job (MB)
	21128  -  ResidentSetSize of job (KB)
...
006 (4415.010.000) 2021-09-16 18:11:43 Image size of job updated: 21040
	21  -  MemoryUsage of job (MB)
	21040  -  ResidentSetSize of job (KB)
...
006 (4415.003.000) 2021-09-16 18:11:43 Image size of job updated: 21116
	21  -  MemoryUsage of job (MB)
	21116  -  ResidentSetSize of job (KB)
...
006 (4415.006.000) 2021-09-16 18:11:44 Image size of job updated: 21068
	21  -  MemoryUsage of job (MB)
	21068  -  ResidentSetSize of job (KB)
...
006 (4415.000.000) 2021-09-16 18:11:44 Image size of job updated: 21076
	21  -  MemoryUsage of job (MB)
	21076  -  ResidentSetSize of job (KB)
...
006 (4415.009.000) 2021-09-16 18:11:45 Image size of job updated: 21048
	21  -  MemoryUsage of job (MB)
	21048  -  ResidentSetSize of job (KB)
...
006 (4415.008.000) 2021-09-16 18:11:46 Image size of job updated: 21072
	21  -  MemoryUsage of job (MB)
	21072  -  ResidentSetSize of job (KB)
...
006 (4415.011.000) 2021-09-16 18:11:46 Image size of job updated: 21056
	21  -  MemoryUsage of job (MB)
	21056  -  ResidentSetSize of job (KB)
...
006 (4415.001.000) 2021-09-16 18:11:46 Image size of job updated: 21016
	21  -  MemoryUsage of job (MB)
	21016  -  ResidentSetSize of job (KB)
...
006 (4415.005.000) 2021-09-16 18:11:47 Image size of job updated: 21096
	21  -  MemoryUsage of job (MB)
	21096  -  ResidentSetSize of job (KB)
...
006 (4415.013.000) 2021-09-16 18:11:47 Image size of job updated: 21048
	21  -  MemoryUsage of job (MB)
	21048  -  ResidentSetSize of job (KB)
...
006 (4415.012.000) 2021-09-16 18:11:47 Image size of job updated: 21064
	21  -  MemoryUsage of job (MB)
	21064  -  ResidentSetSize of job (KB)
...
006 (4415.004.000) 2021-09-16 18:16:43 Image size of job updated: 21220
	21  -  MemoryUsage of job (MB)
	21220  -  ResidentSetSize of job (KB)
...
006 (4415.002.000) 2021-09-16 18:16:43 Image size of job updated: 21220
	21  -  MemoryUsage of job (MB)
	21220  -  ResidentSetSize of job (KB)
...
006 (4415.007.000) 2021-09-16 18:16:43 Image size of job updated: 21276
	21  -  MemoryUsage of job (MB)
	21276  -  ResidentSetSize of job (KB)
...
006 (4415.010.000) 2021-09-16 18:16:44 Image size of job updated: 21188
	21  -  MemoryUsage of job (MB)
	21188  -  ResidentSetSize of job (KB)
...
006 (4415.003.000) 2021-09-16 18:16:44 Image size of job updated: 21228
	21  -  MemoryUsage of job (MB)
	21228  -  ResidentSetSize of job (KB)
...
006 (4415.000.000) 2021-09-16 18:16:45 Image size of job updated: 21224
	21  -  MemoryUsage of job (MB)
	21224  -  ResidentSetSize of job (KB)
...
006 (4415.006.000) 2021-09-16 18:16:45 Image size of job updated: 21232
	21  -  MemoryUsage of job (MB)
	21232  -  ResidentSetSize of job (KB)
...
006 (4415.009.000) 2021-09-16 18:16:46 Image size of job updated: 21184
	21  -  MemoryUsage of job (MB)
	21184  -  ResidentSetSize of job (KB)
...
006 (4415.008.000) 2021-09-16 18:16:46 Image size of job updated: 21224
	21  -  MemoryUsage of job (MB)
	21224  -  ResidentSetSize of job (KB)
...
006 (4415.011.000) 2021-09-16 18:16:46 Image size of job updated: 21176
	21  -  MemoryUsage of job (MB)
	21176  -  ResidentSetSize of job (KB)
...
006 (4415.001.000) 2021-09-16 18:16:47 Image size of job updated: 21168
	21  -  MemoryUsage of job (MB)
	21168  -  ResidentSetSize of job (KB)
...
006 (4415.005.000) 2021-09-16 18:16:47 Image size of job updated: 21232
	21  -  MemoryUsage of job (MB)
	21232  -  ResidentSetSize of job (KB)
...
006 (4415.013.000) 2021-09-16 18:16:48 Image size of job updated: 21180
	21  -  MemoryUsage of job (MB)
	21180  -  ResidentSetSize of job (KB)
...
006 (4415.012.000) 2021-09-16 18:16:48 Image size of job updated: 21192
	21  -  MemoryUsage of job (MB)
	21192  -  ResidentSetSize of job (KB)
...
006 (4415.004.000) 2021-09-16 18:21:43 Image size of job updated: 1321288
	1289  -  MemoryUsage of job (MB)
	1318956  -  ResidentSetSize of job (KB)
...
006 (4415.007.000) 2021-09-16 18:21:44 Image size of job updated: 1320196
	1289  -  MemoryUsage of job (MB)
	1319176  -  ResidentSetSize of job (KB)
...
006 (4415.003.000) 2021-09-16 18:21:44 Image size of job updated: 1320688
	1286  -  MemoryUsage of job (MB)
	1316072  -  ResidentSetSize of job (KB)
...
006 (4415.010.000) 2021-09-16 18:21:45 Image size of job updated: 1319696
	1288  -  MemoryUsage of job (MB)
	1318460  -  ResidentSetSize of job (KB)
...
006 (4415.002.000) 2021-09-16 18:21:46 Image size of job updated: 1320100
	1288  -  MemoryUsage of job (MB)
	1318484  -  ResidentSetSize of job (KB)
...
006 (4415.000.000) 2021-09-16 18:21:48 Image size of job updated: 1320704
	1288  -  MemoryUsage of job (MB)
	1318356  -  ResidentSetSize of job (KB)
...
006 (4415.009.000) 2021-09-16 18:21:49 Image size of job updated: 1318524
	1287  -  MemoryUsage of job (MB)
	1317008  -  ResidentSetSize of job (KB)
...
006 (4415.006.000) 2021-09-16 18:21:49 Image size of job updated: 1321524
	1289  -  MemoryUsage of job (MB)
	1319624  -  ResidentSetSize of job (KB)
...
006 (4415.008.000) 2021-09-16 18:21:50 Image size of job updated: 1321656
	1287  -  MemoryUsage of job (MB)
	1317360  -  ResidentSetSize of job (KB)
...
006 (4415.001.000) 2021-09-16 18:21:51 Image size of job updated: 1320300
	1289  -  MemoryUsage of job (MB)
	1318976  -  ResidentSetSize of job (KB)
...
006 (4415.005.000) 2021-09-16 18:21:52 Image size of job updated: 1321196
	1291  -  MemoryUsage of job (MB)
	1321196  -  ResidentSetSize of job (KB)
...
006 (4415.011.000) 2021-09-16 18:21:52 Image size of job updated: 1319740
	1289  -  MemoryUsage of job (MB)
	1319740  -  ResidentSetSize of job (KB)
...
006 (4415.013.000) 2021-09-16 18:21:53 Image size of job updated: 1320756
	1287  -  MemoryUsage of job (MB)
	1317476  -  ResidentSetSize of job (KB)
...
006 (4415.012.000) 2021-09-16 18:21:53 Image size of job updated: 1320296
	1290  -  MemoryUsage of job (MB)
	1320296  -  ResidentSetSize of job (KB)
...
006 (4415.004.000) 2021-09-16 18:26:44 Image size of job updated: 1321288
	1291  -  MemoryUsage of job (MB)
	1321280  -  ResidentSetSize of job (KB)
...
006 (4415.010.000) 2021-09-16 18:26:44 Image size of job updated: 1319840
	1288  -  MemoryUsage of job (MB)
	1318460  -  ResidentSetSize of job (KB)
...
006 (4415.003.000) 2021-09-16 18:26:45 Image size of job updated: 1320688
	1288  -  MemoryUsage of job (MB)
	1318768  -  ResidentSetSize of job (KB)
...
006 (4415.007.000) 2021-09-16 18:26:45 Image size of job updated: 1321328
	1291  -  MemoryUsage of job (MB)
	1321328  -  ResidentSetSize of job (KB)
...
006 (4415.000.000) 2021-09-16 18:26:46 Image size of job updated: 1320704
	1288  -  MemoryUsage of job (MB)
	1318876  -  ResidentSetSize of job (KB)
...
006 (4415.002.000) 2021-09-16 18:26:46 Image size of job updated: 1321252
	1291  -  MemoryUsage of job (MB)
	1321252  -  ResidentSetSize of job (KB)
...
006 (4415.001.000) 2021-09-16 18:26:48 Image size of job updated: 1320300
	1289  -  MemoryUsage of job (MB)
	1319852  -  ResidentSetSize of job (KB)
...
006 (4415.008.000) 2021-09-16 18:26:49 Image size of job updated: 1321656
	1289  -  MemoryUsage of job (MB)
	1318980  -  ResidentSetSize of job (KB)
...
006 (4415.011.000) 2021-09-16 18:26:52 Image size of job updated: 1319796
	1289  -  MemoryUsage of job (MB)
	1319740  -  ResidentSetSize of job (KB)
...
006 (4415.013.000) 2021-09-16 18:26:52 Image size of job updated: 1320756
	1288  -  MemoryUsage of job (MB)
	1318280  -  ResidentSetSize of job (KB)
...
006 (4415.012.000) 2021-09-16 18:26:52 Image size of job updated: 1320320
	1290  -  MemoryUsage of job (MB)
	1320320  -  ResidentSetSize of job (KB)
...
006 (4415.003.000) 2021-09-16 18:31:46 Image size of job updated: 1321188
	1288  -  MemoryUsage of job (MB)
	1318768  -  ResidentSetSize of job (KB)
...
006 (4415.010.000) 2021-09-16 18:31:46 Image size of job updated: 1319840
	1289  -  MemoryUsage of job (MB)
	1319200  -  ResidentSetSize of job (KB)
...
006 (4415.009.000) 2021-09-16 18:31:52 Image size of job updated: 1320700
	1290  -  MemoryUsage of job (MB)
	1320700  -  ResidentSetSize of job (KB)
...
006 (4415.010.000) 2021-09-16 18:36:45 Image size of job updated: 1319884
	1289  -  MemoryUsage of job (MB)
	1319200  -  ResidentSetSize of job (KB)
...
006 (4415.003.000) 2021-09-16 18:36:46 Image size of job updated: 1321284
	1289  -  MemoryUsage of job (MB)
	1319560  -  ResidentSetSize of job (KB)
...
006 (4415.002.000) 2021-09-16 18:36:47 Image size of job updated: 1321436
	1291  -  MemoryUsage of job (MB)
	1321252  -  ResidentSetSize of job (KB)
...
006 (4415.005.000) 2021-09-16 18:36:49 Image size of job updated: 1321296
	1291  -  MemoryUsage of job (MB)
	1321196  -  ResidentSetSize of job (KB)
...
006 (4415.010.000) 2021-09-16 18:41:47 Image size of job updated: 1320252
	1290  -  MemoryUsage of job (MB)
	1320252  -  ResidentSetSize of job (KB)
...
006 (4415.013.000) 2021-09-16 18:41:54 Image size of job updated: 1321084
	1291  -  MemoryUsage of job (MB)
	1321084  -  ResidentSetSize of job (KB)
...
006 (4415.003.000) 2021-09-16 18:46:45 Image size of job updated: 1321284
	1290  -  MemoryUsage of job (MB)
	1319948  -  ResidentSetSize of job (KB)
...
006 (4415.000.000) 2021-09-16 18:46:50 Image size of job updated: 1321312
	1288  -  MemoryUsage of job (MB)
	1318876  -  ResidentSetSize of job (KB)
...
006 (4415.001.000) 2021-09-16 18:56:49 Image size of job updated: 1320404
	1290  -  MemoryUsage of job (MB)
	1320404  -  ResidentSetSize of job (KB)
...
006 (4415.004.000) 2021-09-16 19:01:46 Image size of job updated: 1321452
	1291  -  MemoryUsage of job (MB)
	1321280  -  ResidentSetSize of job (KB)
...
006 (4415.000.000) 2021-09-16 19:01:51 Image size of job updated: 1321312
	1289  -  MemoryUsage of job (MB)
	1319912  -  ResidentSetSize of job (KB)
...
006 (4415.011.000) 2021-09-16 19:01:52 Image size of job updated: 1320712
	1289  -  MemoryUsage of job (MB)
	1319740  -  ResidentSetSize of job (KB)
...
006 (4415.001.000) 2021-09-16 19:06:50 Image size of job updated: 1321204
	1290  -  MemoryUsage of job (MB)
	1320404  -  ResidentSetSize of job (KB)
...
006 (4415.003.000) 2021-09-16 19:11:48 Image size of job updated: 1321284
	1290  -  MemoryUsage of job (MB)
	1320008  -  ResidentSetSize of job (KB)
...
006 (4415.010.000) 2021-09-16 19:16:49 Image size of job updated: 1320664
	1290  -  MemoryUsage of job (MB)
	1320664  -  ResidentSetSize of job (KB)
...
006 (4415.012.000) 2021-09-16 19:21:55 Image size of job updated: 1320772
	1290  -  MemoryUsage of job (MB)
	1320320  -  ResidentSetSize of job (KB)
...
006 (4415.010.000) 2021-09-16 19:26:50 Image size of job updated: 1321080
	1291  -  MemoryUsage of job (MB)
	1321080  -  ResidentSetSize of job (KB)
...
006 (4415.001.000) 2021-09-16 19:26:51 Image size of job updated: 1321348
	1290  -  MemoryUsage of job (MB)
	1320564  -  ResidentSetSize of job (KB)
...
006 (4415.011.000) 2021-09-16 19:26:54 Image size of job updated: 1320880
	1290  -  MemoryUsage of job (MB)
	1320880  -  ResidentSetSize of job (KB)
...
006 (4415.005.000) 2021-09-16 19:26:55 Image size of job updated: 1321332
	1291  -  MemoryUsage of job (MB)
	1321196  -  ResidentSetSize of job (KB)
...
006 (4415.012.000) 2021-09-16 19:36:57 Image size of job updated: 1320772
	1290  -  MemoryUsage of job (MB)
	1320452  -  ResidentSetSize of job (KB)
...
006 (4415.009.000) 2021-09-16 19:41:53 Image size of job updated: 1320732
	1290  -  MemoryUsage of job (MB)
	1320732  -  ResidentSetSize of job (KB)
...
006 (4415.012.000) 2021-09-16 19:41:57 Image size of job updated: 1320772
	1290  -  MemoryUsage of job (MB)
	1320764  -  ResidentSetSize of job (KB)
...
006 (4415.012.000) 2021-09-16 19:46:57 Image size of job updated: 1321176
	1291  -  MemoryUsage of job (MB)
	1321176  -  ResidentSetSize of job (KB)
...
006 (4415.006.000) 2021-09-16 19:56:53 Image size of job updated: 1321524
	1290  -  MemoryUsage of job (MB)
	1320596  -  ResidentSetSize of job (KB)
...
006 (4415.006.000) 2021-09-16 20:06:54 Image size of job updated: 1321524
	1290  -  MemoryUsage of job (MB)
	1320612  -  ResidentSetSize of job (KB)
...
006 (4415.008.000) 2021-09-16 20:16:59 Image size of job updated: 1321656
	1289  -  MemoryUsage of job (MB)
	1319460  -  ResidentSetSize of job (KB)
...
006 (4415.008.000) 2021-09-16 20:31:59 Image size of job updated: 1321656
	1290  -  MemoryUsage of job (MB)
	1320520  -  ResidentSetSize of job (KB)
...
006 (4415.013.000) 2021-09-16 20:32:03 Image size of job updated: 1321184
	1291  -  MemoryUsage of job (MB)
	1321084  -  ResidentSetSize of job (KB)
...
006 (4415.011.000) 2021-09-16 20:42:02 Image size of job updated: 1321872
	1291  -  MemoryUsage of job (MB)
	1321872  -  ResidentSetSize of job (KB)
...
006 (4415.010.000) 2021-09-16 20:56:59 Image size of job updated: 1322236
	1292  -  MemoryUsage of job (MB)
	1322236  -  ResidentSetSize of job (KB)
...
006 (4415.009.000) 2021-09-16 21:02:02 Image size of job updated: 1322408
	1290  -  MemoryUsage of job (MB)
	1320732  -  ResidentSetSize of job (KB)
...
006 (4415.008.000) 2021-09-16 21:02:03 Image size of job updated: 1321656
	1290  -  MemoryUsage of job (MB)
	1320588  -  ResidentSetSize of job (KB)
...
006 (4415.012.000) 2021-09-16 21:02:06 Image size of job updated: 1322012
	1292  -  MemoryUsage of job (MB)
	1322012  -  ResidentSetSize of job (KB)
...
006 (4415.009.000) 2021-09-16 21:07:02 Image size of job updated: 1322408
	1291  -  MemoryUsage of job (MB)
	1321832  -  ResidentSetSize of job (KB)
...
006 (4415.000.000) 2021-09-16 21:07:03 Image size of job updated: 1321312
	1290  -  MemoryUsage of job (MB)
	1320248  -  ResidentSetSize of job (KB)
...
006 (4415.011.000) 2021-09-16 21:17:07 Image size of job updated: 1322064
	1292  -  MemoryUsage of job (MB)
	1322064  -  ResidentSetSize of job (KB)
...
006 (4415.003.000) 2021-09-16 21:21:57 Image size of job updated: 1321284
	1290  -  MemoryUsage of job (MB)
	1320632  -  ResidentSetSize of job (KB)
...
006 (4415.000.000) 2021-09-16 21:22:04 Image size of job updated: 1321312
	1290  -  MemoryUsage of job (MB)
	1320388  -  ResidentSetSize of job (KB)
...
006 (4415.008.000) 2021-09-16 21:32:07 Image size of job updated: 1321656
	1290  -  MemoryUsage of job (MB)
	1320764  -  ResidentSetSize of job (KB)
...
006 (4415.006.000) 2021-09-16 21:42:03 Image size of job updated: 1321524
	1290  -  MemoryUsage of job (MB)
	1320664  -  ResidentSetSize of job (KB)
...
006 (4415.013.000) 2021-09-16 21:47:14 Image size of job updated: 1321260
	1291  -  MemoryUsage of job (MB)
	1321084  -  ResidentSetSize of job (KB)
...
006 (4415.001.000) 2021-09-16 21:57:04 Image size of job updated: 1322256
	1292  -  MemoryUsage of job (MB)
	1322256  -  ResidentSetSize of job (KB)
...
006 (4415.000.000) 2021-09-16 22:22:11 Image size of job updated: 1322052
	1292  -  MemoryUsage of job (MB)
	1322052  -  ResidentSetSize of job (KB)
...
006 (4415.005.000) 2021-09-16 23:17:17 Image size of job updated: 1322040
	1292  -  MemoryUsage of job (MB)
	1322040  -  ResidentSetSize of job (KB)
...
006 (4415.002.000) 2021-09-16 23:27:14 Image size of job updated: 1321576
	1291  -  MemoryUsage of job (MB)
	1321252  -  ResidentSetSize of job (KB)
...
006 (4415.008.000) 2021-09-16 23:37:21 Image size of job updated: 1321656
	1291  -  MemoryUsage of job (MB)
	1321080  -  ResidentSetSize of job (KB)
...
005 (4415.004.000) 2021-09-17 00:27:11 Job terminated.
	(1) Normal termination (return value 0)
		Usr 0 05:07:02, Sys 0 00:04:31  -  Run Remote Usage
		Usr 0 00:00:00, Sys 0 00:00:00  -  Run Local Usage
		Usr 0 05:07:02, Sys 0 00:04:31  -  Total Remote Usage
		Usr 0 00:00:00, Sys 0 00:00:00  -  Total Local Usage
	0  -  Run Bytes Sent By Job
	660308224  -  Run Bytes Received By Job
	0  -  Total Bytes Sent By Job
	660308224  -  Total Bytes Received By Job
	Partitionable Resources :    Usage  Request Allocated 
	   Cpus                 :        0        2         2 
	   Disk (KB)            :  2664949   750000   2333390 
	   Memory (MB)          :     1291     1500      1536 

	Job terminated of its own accord at 2021-09-17T07:26:59Z.
...
005 (4415.008.000) 2021-09-17 00:27:12 Job terminated.
	(1) Normal termination (return value 0)
		Usr 0 05:12:51, Sys 0 00:04:34  -  Run Remote Usage
		Usr 0 00:00:00, Sys 0 00:00:00  -  Run Local Usage
		Usr 0 05:12:51, Sys 0 00:04:34  -  Total Remote Usage
		Usr 0 00:00:00, Sys 0 00:00:00  -  Total Local Usage
	0  -  Run Bytes Sent By Job
	660308224  -  Run Bytes Received By Job
	0  -  Total Bytes Sent By Job
	660308224  -  Total Bytes Received By Job
	Partitionable Resources :      Usage  Request Allocated 
	   Cpus                 :       0.02        2         2 
	   Disk (KB)            : 2670207      750000   2333390 
	   Memory (MB)          :    1291        1500      1536 

	Job terminated of its own accord at 2021-09-17T07:26:59Z.
...
005 (4415.005.000) 2021-09-17 00:27:12 Job terminated.
	(1) Normal termination (return value 0)
		Usr 0 05:06:38, Sys 0 00:04:53  -  Run Remote Usage
		Usr 0 00:00:00, Sys 0 00:00:00  -  Run Local Usage
		Usr 0 05:06:38, Sys 0 00:04:53  -  Total Remote Usage
		Usr 0 00:00:00, Sys 0 00:00:00  -  Total Local Usage
	0  -  Run Bytes Sent By Job
	660308224  -  Run Bytes Received By Job
	0  -  Total Bytes Sent By Job
	660308224  -  Total Bytes Received By Job
	Partitionable Resources :    Usage  Request Allocated 
	   Cpus                 :        0        2         2 
	   Disk (KB)            :  2667261   750000   2333390 
	   Memory (MB)          :     1292     1500      1536 

	Job terminated of its own accord at 2021-09-17T07:26:59Z.
...
005 (4415.009.000) 2021-09-17 00:27:12 Job terminated.
	(1) Normal termination (return value 0)
		Usr 0 05:13:09, Sys 0 00:05:07  -  Run Remote Usage
		Usr 0 00:00:00, Sys 0 00:00:00  -  Run Local Usage
		Usr 0 05:13:09, Sys 0 00:05:07  -  Total Remote Usage
		Usr 0 00:00:00, Sys 0 00:00:00  -  Total Local Usage
	0  -  Run Bytes Sent By Job
	660308224  -  Run Bytes Received By Job
	0  -  Total Bytes Sent By Job
	660308224  -  Total Bytes Received By Job
	Partitionable Resources :    Usage  Request Allocated 
	   Cpus                 :        0        2         2 
	   Disk (KB)            :  2673311   750000   2333390 
	   Memory (MB)          :     1291     1500      1536 

	Job terminated of its own accord at 2021-09-17T07:26:59Z.
...
005 (4415.002.000) 2021-09-17 00:27:12 Job terminated.
	(1) Normal termination (return value 0)
		Usr 0 04:50:16, Sys 0 00:04:39  -  Run Remote Usage
		Usr 0 00:00:00, Sys 0 00:00:00  -  Run Local Usage
		Usr 0 04:50:16, Sys 0 00:04:39  -  Total Remote Usage
		Usr 0 00:00:00, Sys 0 00:00:00  -  Total Local Usage
	0  -  Run Bytes Sent By Job
	660308224  -  Run Bytes Received By Job
	0  -  Total Bytes Sent By Job
	660308224  -  Total Bytes Received By Job
	Partitionable Resources :    Usage  Request Allocated 
	   Cpus                 :        0        2         2 
	   Disk (KB)            :  2664732   750000   2333390 
	   Memory (MB)          :     1291     1500      1536 

	Job terminated of its own accord at 2021-09-17T07:26:59Z.
...
005 (4415.006.000) 2021-09-17 00:27:12 Job terminated.
	(1) Normal termination (return value 0)
		Usr 0 05:05:36, Sys 0 00:04:32  -  Run Remote Usage
		Usr 0 00:00:00, Sys 0 00:00:00  -  Run Local Usage
		Usr 0 05:05:36, Sys 0 00:04:32  -  Total Remote Usage
		Usr 0 00:00:00, Sys 0 00:00:00  -  Total Local Usage
	0  -  Run Bytes Sent By Job
	660308224  -  Run Bytes Received By Job
	0  -  Total Bytes Sent By Job
	660308224  -  Total Bytes Received By Job
	Partitionable Resources :    Usage  Request Allocated 
	   Cpus                 :        0        2         2 
	   Disk (KB)            :  2668643   750000   2333390 
	   Memory (MB)          :     1290     1500      1536 

	Job terminated of its own accord at 2021-09-17T07:26:59Z.
...
005 (4415.003.000) 2021-09-17 00:27:12 Job terminated.
	(1) Normal termination (return value 0)
		Usr 0 03:20:28, Sys 0 00:03:27  -  Run Remote Usage
		Usr 0 00:00:00, Sys 0 00:00:00  -  Run Local Usage
		Usr 0 03:20:28, Sys 0 00:03:27  -  Total Remote Usage
		Usr 0 00:00:00, Sys 0 00:00:00  -  Total Local Usage
	0  -  Run Bytes Sent By Job
	660308224  -  Run Bytes Received By Job
	0  -  Total Bytes Sent By Job
	660308224  -  Total Bytes Received By Job
	Partitionable Resources :    Usage  Request Allocated 
	   Cpus                 :        0        2         2 
	   Disk (KB)            :  2664658   750000   2333390 
	   Memory (MB)          :     1290     1500      1536 

	Job terminated of its own accord at 2021-09-17T07:26:59Z.
...
005 (4415.010.000) 2021-09-17 00:27:12 Job terminated.
	(1) Normal termination (return value 0)
		Usr 0 05:12:53, Sys 0 00:04:49  -  Run Remote Usage
		Usr 0 00:00:00, Sys 0 00:00:00  -  Run Local Usage
		Usr 0 05:12:53, Sys 0 00:04:49  -  Total Remote Usage
		Usr 0 00:00:00, Sys 0 00:00:00  -  Total Local Usage
	0  -  Run Bytes Sent By Job
	660308224  -  Run Bytes Received By Job
	0  -  Total Bytes Sent By Job
	660308224  -  Total Bytes Received By Job
	Partitionable Resources :      Usage  Request Allocated 
	   Cpus                 :       1.01        2         2 
	   Disk (KB)            : 2670220      750000   2333390 
	   Memory (MB)          :    1292        1500      1536 

	Job terminated of its own accord at 2021-09-17T07:26:59Z.
...
005 (4415.001.000) 2021-09-17 00:27:12 Job terminated.
	(1) Normal termination (return value 0)
		Usr 0 05:09:57, Sys 0 00:04:33  -  Run Remote Usage
		Usr 0 00:00:00, Sys 0 00:00:00  -  Run Local Usage
		Usr 0 05:09:57, Sys 0 00:04:33  -  Total Remote Usage
		Usr 0 00:00:00, Sys 0 00:00:00  -  Total Local Usage
	0  -  Run Bytes Sent By Job
	660308224  -  Run Bytes Received By Job
	0  -  Total Bytes Sent By Job
	660308224  -  Total Bytes Received By Job
	Partitionable Resources :      Usage  Request Allocated 
	   Cpus                 :       1.01        2         2 
	   Disk (KB)            : 2672341      750000   2333390 
	   Memory (MB)          :    1292        1500      1536 

	Job terminated of its own accord at 2021-09-17T07:26:59Z.
...
005 (4415.007.000) 2021-09-17 00:27:12 Job terminated.
	(1) Normal termination (return value 0)
		Usr 0 04:49:18, Sys 0 00:04:33  -  Run Remote Usage
		Usr 0 00:00:00, Sys 0 00:00:00  -  Run Local Usage
		Usr 0 04:49:18, Sys 0 00:04:33  -  Total Remote Usage
		Usr 0 00:00:00, Sys 0 00:00:00  -  Total Local Usage
	0  -  Run Bytes Sent By Job
	660308224  -  Run Bytes Received By Job
	0  -  Total Bytes Sent By Job
	660308224  -  Total Bytes Received By Job
	Partitionable Resources :    Usage  Request Allocated 
	   Cpus                 :        0        2         2 
	   Disk (KB)            :  2664810   750000   2333390 
	   Memory (MB)          :     1291     1500      1536 

	Job terminated of its own accord at 2021-09-17T07:26:59Z.
...
005 (4415.012.000) 2021-09-17 00:27:12 Job terminated.
	(1) Normal termination (return value 0)
		Usr 0 04:55:38, Sys 0 00:04:37  -  Run Remote Usage
		Usr 0 00:00:00, Sys 0 00:00:00  -  Run Local Usage
		Usr 0 04:55:38, Sys 0 00:04:37  -  Total Remote Usage
		Usr 0 00:00:00, Sys 0 00:00:00  -  Total Local Usage
	0  -  Run Bytes Sent By Job
	660308224  -  Run Bytes Received By Job
	0  -  Total Bytes Sent By Job
	660308224  -  Total Bytes Received By Job
	Partitionable Resources :    Usage  Request Allocated 
	   Cpus                 :        0        2         2 
	   Disk (KB)            :  2673311   750000   2333390 
	   Memory (MB)          :     1292     1500      1536 

	Job terminated of its own accord at 2021-09-17T07:26:59Z.
...
005 (4415.011.000) 2021-09-17 00:27:12 Job terminated.
	(1) Normal termination (return value 0)
		Usr 0 05:10:10, Sys 0 00:04:49  -  Run Remote Usage
		Usr 0 00:00:00, Sys 0 00:00:00  -  Run Local Usage
		Usr 0 05:10:10, Sys 0 00:04:49  -  Total Remote Usage
		Usr 0 00:00:00, Sys 0 00:00:00  -  Total Local Usage
	0  -  Run Bytes Sent By Job
	660308224  -  Run Bytes Received By Job
	0  -  Total Bytes Sent By Job
	660308224  -  Total Bytes Received By Job
	Partitionable Resources :    Usage  Request Allocated 
	   Cpus                 :        0        2         2 
	   Disk (KB)            :  2670302   750000   2333390 
	   Memory (MB)          :     1292     1500      1536 

	Job terminated of its own accord at 2021-09-17T07:26:59Z.
...
005 (4415.000.000) 2021-09-17 00:27:12 Job terminated.
	(1) Normal termination (return value 0)
		Usr 0 04:50:09, Sys 0 00:04:32  -  Run Remote Usage
		Usr 0 00:00:00, Sys 0 00:00:00  -  Run Local Usage
		Usr 0 04:50:09, Sys 0 00:04:32  -  Total Remote Usage
		Usr 0 00:00:00, Sys 0 00:00:00  -  Total Local Usage
	0  -  Run Bytes Sent By Job
	660308224  -  Run Bytes Received By Job
	0  -  Total Bytes Sent By Job
	660308224  -  Total Bytes Received By Job
	Partitionable Resources :    Usage  Request Allocated 
	   Cpus                 :        0        2         2 
	   Disk (KB)            :  2673325   750000   2333390 
	   Memory (MB)          :     1292     1500      1536 

	Job terminated of its own accord at 2021-09-17T07:26:59Z.
...
005 (4415.013.000) 2021-09-17 00:27:12 Job terminated.
	(1) Normal termination (return value 0)
		Usr 0 04:51:40, Sys 0 00:04:23  -  Run Remote Usage
		Usr 0 00:00:00, Sys 0 00:00:00  -  Run Local Usage
		Usr 0 04:51:40, Sys 0 00:04:23  -  Total Remote Usage
		Usr 0 00:00:00, Sys 0 00:00:00  -  Total Local Usage
	0  -  Run Bytes Sent By Job
	660308224  -  Run Bytes Received By Job
	0  -  Total Bytes Sent By Job
	660308224  -  Total Bytes Received By Job
	Partitionable Resources :    Usage  Request Allocated 
	   Cpus                 :        0        2         2 
	   Disk (KB)            :  2664834   750000   2333390 
	   Memory (MB)          :     1291     1500      1536 

	Job terminated of its own accord at 2021-09-17T07:26:59Z.
...
001 (4415.016.000) 2021-09-17 00:28:36 Job executing on host: <192.168.137.8:9618?sock=startd_17636_113e>
...
001 (4415.017.000) 2021-09-17 00:28:36 Job executing on host: <192.168.137.8:9618?sock=startd_17636_113e>
...
001 (4415.015.000) 2021-09-17 00:28:36 Job executing on host: <192.168.137.8:9618?sock=startd_17636_113e>
...
001 (4415.014.000) 2021-09-17 00:28:36 Job executing on host: <192.168.137.8:9618?sock=startd_17636_113e>
...
001 (4415.019.000) 2021-09-17 00:28:36 Job executing on host: <192.168.137.8:9618?sock=startd_17636_113e>
...
001 (4415.018.000) 2021-09-17 00:28:36 Job executing on host: <192.168.137.8:9618?sock=startd_17636_113e>
...
006 (4415.016.000) 2021-09-17 00:28:44 Image size of job updated: 20700
	21  -  MemoryUsage of job (MB)
	20700  -  ResidentSetSize of job (KB)
...
006 (4415.017.000) 2021-09-17 00:28:44 Image size of job updated: 20784
	21  -  MemoryUsage of job (MB)
	20784  -  ResidentSetSize of job (KB)
...
006 (4415.015.000) 2021-09-17 00:28:45 Image size of job updated: 5368
	6  -  MemoryUsage of job (MB)
	5368  -  ResidentSetSize of job (KB)
...
006 (4415.014.000) 2021-09-17 00:28:45 Image size of job updated: 1300
	2  -  MemoryUsage of job (MB)
	1300  -  ResidentSetSize of job (KB)
...
006 (4415.018.000) 2021-09-17 00:28:45 Image size of job updated: 2004
	2  -  MemoryUsage of job (MB)
	2004  -  ResidentSetSize of job (KB)
...
006 (4415.019.000) 2021-09-17 00:28:45 Image size of job updated: 1
	1  -  MemoryUsage of job (MB)
	92  -  ResidentSetSize of job (KB)
...
006 (4415.016.000) 2021-09-17 00:33:44 Image size of job updated: 21164
	21  -  MemoryUsage of job (MB)
	21164  -  ResidentSetSize of job (KB)
...
006 (4415.017.000) 2021-09-17 00:33:44 Image size of job updated: 21172
	21  -  MemoryUsage of job (MB)
	21172  -  ResidentSetSize of job (KB)
...
006 (4415.015.000) 2021-09-17 00:33:47 Image size of job updated: 21164
	21  -  MemoryUsage of job (MB)
	21164  -  ResidentSetSize of job (KB)
...
006 (4415.014.000) 2021-09-17 00:33:47 Image size of job updated: 21176
	21  -  MemoryUsage of job (MB)
	21176  -  ResidentSetSize of job (KB)
...
006 (4415.018.000) 2021-09-17 00:33:48 Image size of job updated: 21204
	21  -  MemoryUsage of job (MB)
	21204  -  ResidentSetSize of job (KB)
...
006 (4415.019.000) 2021-09-17 00:33:48 Image size of job updated: 21336
	21  -  MemoryUsage of job (MB)
	21336  -  ResidentSetSize of job (KB)
...
006 (4415.016.000) 2021-09-17 00:38:44 Image size of job updated: 21432
	21  -  MemoryUsage of job (MB)
	21432  -  ResidentSetSize of job (KB)
...
006 (4415.017.000) 2021-09-17 00:38:45 Image size of job updated: 21488
	21  -  MemoryUsage of job (MB)
	21488  -  ResidentSetSize of job (KB)
...
006 (4415.014.000) 2021-09-17 00:38:47 Image size of job updated: 21448
	21  -  MemoryUsage of job (MB)
	21448  -  ResidentSetSize of job (KB)
...
006 (4415.015.000) 2021-09-17 00:38:47 Image size of job updated: 21480
	21  -  MemoryUsage of job (MB)
	21480  -  ResidentSetSize of job (KB)
...
006 (4415.019.000) 2021-09-17 00:38:48 Image size of job updated: 21504
	21  -  MemoryUsage of job (MB)
	21504  -  ResidentSetSize of job (KB)
...
006 (4415.018.000) 2021-09-17 00:38:48 Image size of job updated: 21492
	21  -  MemoryUsage of job (MB)
	21492  -  ResidentSetSize of job (KB)
...
006 (4415.016.000) 2021-09-17 02:03:52 Image size of job updated: 21976
	22  -  MemoryUsage of job (MB)
	21976  -  ResidentSetSize of job (KB)
...
006 (4415.017.000) 2021-09-17 02:03:53 Image size of job updated: 22024
	22  -  MemoryUsage of job (MB)
	22024  -  ResidentSetSize of job (KB)
...
006 (4415.019.000) 2021-09-17 02:03:55 Image size of job updated: 22048
	22  -  MemoryUsage of job (MB)
	22048  -  ResidentSetSize of job (KB)
...
006 (4415.014.000) 2021-09-17 02:03:55 Image size of job updated: 21988
	22  -  MemoryUsage of job (MB)
	21988  -  ResidentSetSize of job (KB)
...
006 (4415.015.000) 2021-09-17 02:03:56 Image size of job updated: 22016
	22  -  MemoryUsage of job (MB)
	22016  -  ResidentSetSize of job (KB)
...
006 (4415.018.000) 2021-09-17 02:03:56 Image size of job updated: 22028
	22  -  MemoryUsage of job (MB)
	22028  -  ResidentSetSize of job (KB)
...
006 (4415.018.000) 2021-09-17 02:08:57 Image size of job updated: 22032
	22  -  MemoryUsage of job (MB)
	22032  -  ResidentSetSize of job (KB)
...
006 (4415.017.000) 2021-09-17 03:34:02 Image size of job updated: 22032
	22  -  MemoryUsage of job (MB)
	22032  -  ResidentSetSize of job (KB)
...
006 (4415.015.000) 2021-09-17 03:34:03 Image size of job updated: 22020
	22  -  MemoryUsage of job (MB)
	22020  -  ResidentSetSize of job (KB)
...
006 (4415.018.000) 2021-09-17 03:34:06 Image size of job updated: 22040
	22  -  MemoryUsage of job (MB)
	22040  -  ResidentSetSize of job (KB)
...
006 (4415.014.000) 2021-09-17 03:34:06 Image size of job updated: 21992
	22  -  MemoryUsage of job (MB)
	21992  -  ResidentSetSize of job (KB)
...
006 (4415.016.000) 2021-09-17 05:19:14 Image size of job updated: 21980
	22  -  MemoryUsage of job (MB)
	21980  -  ResidentSetSize of job (KB)
...
006 (4415.019.000) 2021-09-17 07:09:25 Image size of job updated: 22052
	22  -  MemoryUsage of job (MB)
	22052  -  ResidentSetSize of job (KB)
...
006 (4415.014.000) 2021-09-17 08:54:33 Image size of job updated: 21996
	22  -  MemoryUsage of job (MB)
	21996  -  ResidentSetSize of job (KB)
...
