001 (4598.002.000) 2021-12-10 16:42:25 Job executing on host: <192.168.137.8:9618?sock=startd_11424_7866>
...
001 (4598.004.000) 2021-12-10 16:42:25 Job executing on host: <192.168.137.8:9618?sock=startd_11424_7866>
...
001 (4598.005.000) 2021-12-10 16:42:25 Job executing on host: <192.168.137.8:9618?sock=startd_11424_7866>
...
001 (4598.003.000) 2021-12-10 16:42:25 Job executing on host: <192.168.137.8:9618?sock=startd_11424_7866>
...
001 (4598.001.000) 2021-12-10 16:42:26 Job executing on host: <192.168.137.8:9618?sock=startd_11424_7866>
...
001 (4598.006.000) 2021-12-10 16:42:26 Job executing on host: <192.168.137.8:9618?sock=startd_11424_7866>
...
001 (4598.000.000) 2021-12-10 16:42:26 Job executing on host: <192.168.137.8:9618?sock=startd_11424_7866>
...
001 (4598.009.000) 2021-12-10 16:42:30 Job executing on host: <192.168.137.8:9618?sock=startd_11424_7866>
...
001 (4598.012.000) 2021-12-10 16:42:30 Job executing on host: <192.168.137.8:9618?sock=startd_11424_7866>
...
001 (4598.010.000) 2021-12-10 16:42:30 Job executing on host: <192.168.137.8:9618?sock=startd_11424_7866>
...
001 (4598.007.000) 2021-12-10 16:42:30 Job executing on host: <192.168.137.8:9618?sock=startd_11424_7866>
...
001 (4598.008.000) 2021-12-10 16:42:30 Job executing on host: <192.168.137.8:9618?sock=startd_11424_7866>
...
006 (4598.001.000) 2021-12-10 16:42:34 Image size of job updated: 20752
	21  -  MemoryUsage of job (MB)
	20752  -  ResidentSetSize of job (KB)
...
006 (4598.006.000) 2021-12-10 16:42:34 Image size of job updated: 20732
	21  -  MemoryUsage of job (MB)
	20732  -  ResidentSetSize of job (KB)
...
006 (4598.000.000) 2021-12-10 16:42:34 Image size of job updated: 20732
	21  -  MemoryUsage of job (MB)
	20732  -  ResidentSetSize of job (KB)
...
006 (4598.002.000) 2021-12-10 16:42:34 Image size of job updated: 20728
	21  -  MemoryUsage of job (MB)
	20728  -  ResidentSetSize of job (KB)
...
006 (4598.004.000) 2021-12-10 16:42:34 Image size of job updated: 20740
	21  -  MemoryUsage of job (MB)
	20740  -  ResidentSetSize of job (KB)
...
006 (4598.003.000) 2021-12-10 16:42:34 Image size of job updated: 20728
	21  -  MemoryUsage of job (MB)
	20728  -  ResidentSetSize of job (KB)
...
006 (4598.005.000) 2021-12-10 16:42:34 Image size of job updated: 20752
	21  -  MemoryUsage of job (MB)
	20752  -  ResidentSetSize of job (KB)
...
006 (4598.009.000) 2021-12-10 16:42:40 Image size of job updated: 15632
	16  -  MemoryUsage of job (MB)
	15632  -  ResidentSetSize of job (KB)
...
006 (4598.010.000) 2021-12-10 16:42:40 Image size of job updated: 15628
	16  -  MemoryUsage of job (MB)
	15628  -  ResidentSetSize of job (KB)
...
001 (4598.013.000) 2021-12-10 16:42:40 Job executing on host: <192.168.137.8:9618?sock=startd_11424_7866>
...
001 (4598.011.000) 2021-12-10 16:42:40 Job executing on host: <192.168.137.8:9618?sock=startd_11424_7866>
...
006 (4598.012.000) 2021-12-10 16:42:40 Image size of job updated: 20744
	21  -  MemoryUsage of job (MB)
	20744  -  ResidentSetSize of job (KB)
...
006 (4598.008.000) 2021-12-10 16:42:40 Image size of job updated: 20756
	21  -  MemoryUsage of job (MB)
	20756  -  ResidentSetSize of job (KB)
...
006 (4598.007.000) 2021-12-10 16:42:40 Image size of job updated: 20752
	21  -  MemoryUsage of job (MB)
	20752  -  ResidentSetSize of job (KB)
...
006 (4598.013.000) 2021-12-10 16:42:48 Image size of job updated: 20740
	21  -  MemoryUsage of job (MB)
	20740  -  ResidentSetSize of job (KB)
...
006 (4598.011.000) 2021-12-10 16:42:48 Image size of job updated: 20732
	21  -  MemoryUsage of job (MB)
	20732  -  ResidentSetSize of job (KB)
...
006 (4598.001.000) 2021-12-10 16:47:34 Image size of job updated: 20928
	21  -  MemoryUsage of job (MB)
	20928  -  ResidentSetSize of job (KB)
...
006 (4598.006.000) 2021-12-10 16:47:34 Image size of job updated: 20908
	21  -  MemoryUsage of job (MB)
	20908  -  ResidentSetSize of job (KB)
...
006 (4598.000.000) 2021-12-10 16:47:34 Image size of job updated: 20904
	21  -  MemoryUsage of job (MB)
	20904  -  ResidentSetSize of job (KB)
...
006 (4598.004.000) 2021-12-10 16:47:35 Image size of job updated: 20912
	21  -  MemoryUsage of job (MB)
	20912  -  ResidentSetSize of job (KB)
...
006 (4598.003.000) 2021-12-10 16:47:35 Image size of job updated: 20916
	21  -  MemoryUsage of job (MB)
	20916  -  ResidentSetSize of job (KB)
...
006 (4598.005.000) 2021-12-10 16:47:35 Image size of job updated: 20932
	21  -  MemoryUsage of job (MB)
	20932  -  ResidentSetSize of job (KB)
...
006 (4598.002.000) 2021-12-10 16:47:35 Image size of job updated: 20908
	21  -  MemoryUsage of job (MB)
	20908  -  ResidentSetSize of job (KB)
...
006 (4598.009.000) 2021-12-10 16:47:40 Image size of job updated: 20904
	21  -  MemoryUsage of job (MB)
	20904  -  ResidentSetSize of job (KB)
...
006 (4598.010.000) 2021-12-10 16:47:40 Image size of job updated: 20904
	21  -  MemoryUsage of job (MB)
	20904  -  ResidentSetSize of job (KB)
...
006 (4598.008.000) 2021-12-10 16:47:40 Image size of job updated: 20932
	21  -  MemoryUsage of job (MB)
	20932  -  ResidentSetSize of job (KB)
...
006 (4598.012.000) 2021-12-10 16:47:40 Image size of job updated: 20916
	21  -  MemoryUsage of job (MB)
	20916  -  ResidentSetSize of job (KB)
...
006 (4598.007.000) 2021-12-10 16:47:40 Image size of job updated: 20928
	21  -  MemoryUsage of job (MB)
	20928  -  ResidentSetSize of job (KB)
...
006 (4598.013.000) 2021-12-10 16:47:48 Image size of job updated: 20884
	21  -  MemoryUsage of job (MB)
	20884  -  ResidentSetSize of job (KB)
...
006 (4598.011.000) 2021-12-10 16:47:48 Image size of job updated: 20880
	21  -  MemoryUsage of job (MB)
	20880  -  ResidentSetSize of job (KB)
...
006 (4598.001.000) 2021-12-10 16:52:34 Image size of job updated: 21048
	21  -  MemoryUsage of job (MB)
	21048  -  ResidentSetSize of job (KB)
...
006 (4598.006.000) 2021-12-10 16:52:34 Image size of job updated: 21028
	21  -  MemoryUsage of job (MB)
	21028  -  ResidentSetSize of job (KB)
...
006 (4598.000.000) 2021-12-10 16:52:35 Image size of job updated: 21028
	21  -  MemoryUsage of job (MB)
	21028  -  ResidentSetSize of job (KB)
...
006 (4598.004.000) 2021-12-10 16:52:35 Image size of job updated: 21036
	21  -  MemoryUsage of job (MB)
	21036  -  ResidentSetSize of job (KB)
...
006 (4598.005.000) 2021-12-10 16:52:36 Image size of job updated: 21048
	21  -  MemoryUsage of job (MB)
	21048  -  ResidentSetSize of job (KB)
...
006 (4598.003.000) 2021-12-10 16:52:36 Image size of job updated: 21060
	21  -  MemoryUsage of job (MB)
	21060  -  ResidentSetSize of job (KB)
...
006 (4598.002.000) 2021-12-10 16:52:36 Image size of job updated: 21024
	21  -  MemoryUsage of job (MB)
	21024  -  ResidentSetSize of job (KB)
...
006 (4598.009.000) 2021-12-10 16:52:40 Image size of job updated: 21028
	21  -  MemoryUsage of job (MB)
	21028  -  ResidentSetSize of job (KB)
...
006 (4598.010.000) 2021-12-10 16:52:40 Image size of job updated: 21052
	21  -  MemoryUsage of job (MB)
	21052  -  ResidentSetSize of job (KB)
...
006 (4598.008.000) 2021-12-10 16:52:41 Image size of job updated: 21056
	21  -  MemoryUsage of job (MB)
	21056  -  ResidentSetSize of job (KB)
...
006 (4598.012.000) 2021-12-10 16:52:41 Image size of job updated: 21056
	21  -  MemoryUsage of job (MB)
	21056  -  ResidentSetSize of job (KB)
...
006 (4598.007.000) 2021-12-10 16:52:41 Image size of job updated: 21044
	21  -  MemoryUsage of job (MB)
	21044  -  ResidentSetSize of job (KB)
...
006 (4598.013.000) 2021-12-10 16:52:48 Image size of job updated: 21024
	21  -  MemoryUsage of job (MB)
	21024  -  ResidentSetSize of job (KB)
...
006 (4598.011.000) 2021-12-10 16:52:48 Image size of job updated: 21016
	21  -  MemoryUsage of job (MB)
	21016  -  ResidentSetSize of job (KB)
...
006 (4598.001.000) 2021-12-10 16:57:34 Image size of job updated: 21220
	21  -  MemoryUsage of job (MB)
	21220  -  ResidentSetSize of job (KB)
...
006 (4598.006.000) 2021-12-10 16:57:35 Image size of job updated: 21200
	21  -  MemoryUsage of job (MB)
	21200  -  ResidentSetSize of job (KB)
...
006 (4598.000.000) 2021-12-10 16:57:35 Image size of job updated: 21196
	21  -  MemoryUsage of job (MB)
	21196  -  ResidentSetSize of job (KB)
...
006 (4598.005.000) 2021-12-10 16:57:36 Image size of job updated: 21208
	21  -  MemoryUsage of job (MB)
	21208  -  ResidentSetSize of job (KB)
...
006 (4598.003.000) 2021-12-10 16:57:36 Image size of job updated: 21204
	21  -  MemoryUsage of job (MB)
	21204  -  ResidentSetSize of job (KB)
...
006 (4598.002.000) 2021-12-10 16:57:36 Image size of job updated: 21196
	21  -  MemoryUsage of job (MB)
	21196  -  ResidentSetSize of job (KB)
...
006 (4598.004.000) 2021-12-10 16:57:38 Image size of job updated: 21204
	21  -  MemoryUsage of job (MB)
	21204  -  ResidentSetSize of job (KB)
...
006 (4598.009.000) 2021-12-10 16:57:41 Image size of job updated: 21196
	21  -  MemoryUsage of job (MB)
	21196  -  ResidentSetSize of job (KB)
...
006 (4598.010.000) 2021-12-10 16:57:41 Image size of job updated: 21196
	21  -  MemoryUsage of job (MB)
	21196  -  ResidentSetSize of job (KB)
...
006 (4598.008.000) 2021-12-10 16:57:42 Image size of job updated: 21220
	21  -  MemoryUsage of job (MB)
	21220  -  ResidentSetSize of job (KB)
...
006 (4598.012.000) 2021-12-10 16:57:42 Image size of job updated: 21208
	21  -  MemoryUsage of job (MB)
	21208  -  ResidentSetSize of job (KB)
...
006 (4598.007.000) 2021-12-10 16:57:42 Image size of job updated: 21216
	21  -  MemoryUsage of job (MB)
	21216  -  ResidentSetSize of job (KB)
...
006 (4598.013.000) 2021-12-10 16:57:49 Image size of job updated: 21192
	21  -  MemoryUsage of job (MB)
	21192  -  ResidentSetSize of job (KB)
...
006 (4598.011.000) 2021-12-10 16:57:49 Image size of job updated: 21180
	21  -  MemoryUsage of job (MB)
	21180  -  ResidentSetSize of job (KB)
...
006 (4598.001.000) 2021-12-10 17:02:34 Image size of job updated: 1319396
	1289  -  MemoryUsage of job (MB)
	1319396  -  ResidentSetSize of job (KB)
...
006 (4598.000.000) 2021-12-10 17:02:35 Image size of job updated: 1320080
	1289  -  MemoryUsage of job (MB)
	1319176  -  ResidentSetSize of job (KB)
...
006 (4598.006.000) 2021-12-10 17:02:36 Image size of job updated: 1318680
	1288  -  MemoryUsage of job (MB)
	1318652  -  ResidentSetSize of job (KB)
...
006 (4598.003.000) 2021-12-10 17:02:36 Image size of job updated: 1318228
	1288  -  MemoryUsage of job (MB)
	1318228  -  ResidentSetSize of job (KB)
...
006 (4598.005.000) 2021-12-10 17:02:37 Image size of job updated: 1318944
	1289  -  MemoryUsage of job (MB)
	1318944  -  ResidentSetSize of job (KB)
...
006 (4598.002.000) 2021-12-10 17:02:37 Image size of job updated: 1319028
	1289  -  MemoryUsage of job (MB)
	1319028  -  ResidentSetSize of job (KB)
...
006 (4598.004.000) 2021-12-10 17:02:38 Image size of job updated: 1319112
	1289  -  MemoryUsage of job (MB)
	1319112  -  ResidentSetSize of job (KB)
...
006 (4598.008.000) 2021-12-10 17:02:42 Image size of job updated: 1318092
	22  -  MemoryUsage of job (MB)
	21744  -  ResidentSetSize of job (KB)
...
006 (4598.007.000) 2021-12-10 17:02:42 Image size of job updated: 1318052
	140  -  MemoryUsage of job (MB)
	142576  -  ResidentSetSize of job (KB)
...
006 (4598.010.000) 2021-12-10 17:02:43 Image size of job updated: 1319152
	1289  -  MemoryUsage of job (MB)
	1319152  -  ResidentSetSize of job (KB)
...
006 (4598.009.000) 2021-12-10 17:02:44 Image size of job updated: 1320304
	1290  -  MemoryUsage of job (MB)
	1320304  -  ResidentSetSize of job (KB)
...
006 (4598.012.000) 2021-12-10 17:02:44 Image size of job updated: 1320400
	1290  -  MemoryUsage of job (MB)
	1320400  -  ResidentSetSize of job (KB)
...
006 (4598.013.000) 2021-12-10 17:02:49 Image size of job updated: 1322420
	1286  -  MemoryUsage of job (MB)
	1316448  -  ResidentSetSize of job (KB)
...
006 (4598.011.000) 2021-12-10 17:02:49 Image size of job updated: 1320304
	1290  -  MemoryUsage of job (MB)
	1320304  -  ResidentSetSize of job (KB)
...
006 (4598.003.000) 2021-12-10 17:07:36 Image size of job updated: 1318736
	1288  -  MemoryUsage of job (MB)
	1318736  -  ResidentSetSize of job (KB)
...
006 (4598.002.000) 2021-12-10 17:07:37 Image size of job updated: 1320640
	1289  -  MemoryUsage of job (MB)
	1319456  -  ResidentSetSize of job (KB)
...
006 (4598.004.000) 2021-12-10 17:07:38 Image size of job updated: 1320724
	1290  -  MemoryUsage of job (MB)
	1320724  -  ResidentSetSize of job (KB)
...
006 (4598.007.000) 2021-12-10 17:07:42 Image size of job updated: 1318052
	1287  -  MemoryUsage of job (MB)
	1317452  -  ResidentSetSize of job (KB)
...
006 (4598.008.000) 2021-12-10 17:07:42 Image size of job updated: 1319496
	1289  -  MemoryUsage of job (MB)
	1319496  -  ResidentSetSize of job (KB)
...
006 (4598.010.000) 2021-12-10 17:07:43 Image size of job updated: 1320300
	1289  -  MemoryUsage of job (MB)
	1319152  -  ResidentSetSize of job (KB)
...
006 (4598.011.000) 2021-12-10 17:07:49 Image size of job updated: 1320728
	1290  -  MemoryUsage of job (MB)
	1320304  -  ResidentSetSize of job (KB)
...
006 (4598.001.000) 2021-12-10 17:12:36 Image size of job updated: 1320732
	1289  -  MemoryUsage of job (MB)
	1319396  -  ResidentSetSize of job (KB)
...
006 (4598.006.000) 2021-12-10 17:12:40 Image size of job updated: 1319948
	1290  -  MemoryUsage of job (MB)
	1319948  -  ResidentSetSize of job (KB)
...
006 (4598.007.000) 2021-12-10 17:12:42 Image size of job updated: 1320144
	1290  -  MemoryUsage of job (MB)
	1320144  -  ResidentSetSize of job (KB)
...
006 (4598.010.000) 2021-12-10 17:12:44 Image size of job updated: 1320624
	1289  -  MemoryUsage of job (MB)
	1319152  -  ResidentSetSize of job (KB)
...
006 (4598.001.000) 2021-12-10 17:17:36 Image size of job updated: 1320732
	1290  -  MemoryUsage of job (MB)
	1320032  -  ResidentSetSize of job (KB)
...
006 (4598.005.000) 2021-12-10 17:17:36 Image size of job updated: 1320780
	1290  -  MemoryUsage of job (MB)
	1320632  -  ResidentSetSize of job (KB)
...
006 (4598.003.000) 2021-12-10 17:17:38 Image size of job updated: 1320092
	1290  -  MemoryUsage of job (MB)
	1320092  -  ResidentSetSize of job (KB)
...
006 (4598.008.000) 2021-12-10 17:17:43 Image size of job updated: 1320464
	1289  -  MemoryUsage of job (MB)
	1319496  -  ResidentSetSize of job (KB)
...
006 (4598.009.000) 2021-12-10 17:17:44 Image size of job updated: 1320332
	1290  -  MemoryUsage of job (MB)
	1320332  -  ResidentSetSize of job (KB)
...
006 (4598.013.000) 2021-12-10 17:17:52 Image size of job updated: 1322420
	1287  -  MemoryUsage of job (MB)
	1317636  -  ResidentSetSize of job (KB)
...
006 (4598.000.000) 2021-12-10 17:22:37 Image size of job updated: 1320080
	1289  -  MemoryUsage of job (MB)
	1319360  -  ResidentSetSize of job (KB)
...
006 (4598.006.000) 2021-12-10 17:22:37 Image size of job updated: 1320852
	1290  -  MemoryUsage of job (MB)
	1320248  -  ResidentSetSize of job (KB)
...
006 (4598.013.000) 2021-12-10 17:22:53 Image size of job updated: 1322420
	1288  -  MemoryUsage of job (MB)
	1318420  -  ResidentSetSize of job (KB)
...
006 (4598.001.000) 2021-12-10 17:27:36 Image size of job updated: 1321328
	1290  -  MemoryUsage of job (MB)
	1320032  -  ResidentSetSize of job (KB)
...
006 (4598.003.000) 2021-12-10 17:27:38 Image size of job updated: 1321488
	1291  -  MemoryUsage of job (MB)
	1321488  -  ResidentSetSize of job (KB)
...
006 (4598.008.000) 2021-12-10 17:27:43 Image size of job updated: 1321472
	1289  -  MemoryUsage of job (MB)
	1319496  -  ResidentSetSize of job (KB)
...
006 (4598.010.000) 2021-12-10 17:27:45 Image size of job updated: 1320624
	1289  -  MemoryUsage of job (MB)
	1319480  -  ResidentSetSize of job (KB)
...
006 (4598.008.000) 2021-12-10 17:37:43 Image size of job updated: 1321472
	1290  -  MemoryUsage of job (MB)
	1320508  -  ResidentSetSize of job (KB)
...
006 (4598.013.000) 2021-12-10 17:37:54 Image size of job updated: 1322420
	1289  -  MemoryUsage of job (MB)
	1319028  -  ResidentSetSize of job (KB)
...
006 (4598.002.000) 2021-12-10 17:42:42 Image size of job updated: 1320896
	1289  -  MemoryUsage of job (MB)
	1319456  -  ResidentSetSize of job (KB)
...
006 (4598.007.000) 2021-12-10 17:42:47 Image size of job updated: 1320152
	1290  -  MemoryUsage of job (MB)
	1320152  -  ResidentSetSize of job (KB)
...
006 (4598.012.000) 2021-12-10 17:42:49 Image size of job updated: 1320644
	1290  -  MemoryUsage of job (MB)
	1320644  -  ResidentSetSize of job (KB)
...
006 (4598.001.000) 2021-12-10 17:47:37 Image size of job updated: 1321328
	1290  -  MemoryUsage of job (MB)
	1320144  -  ResidentSetSize of job (KB)
...
006 (4598.010.000) 2021-12-10 17:47:47 Image size of job updated: 1320624
	1290  -  MemoryUsage of job (MB)
	1319988  -  ResidentSetSize of job (KB)
...
006 (4598.004.000) 2021-12-10 17:52:40 Image size of job updated: 1320772
	1290  -  MemoryUsage of job (MB)
	1320724  -  ResidentSetSize of job (KB)
...
006 (4598.000.000) 2021-12-10 17:52:41 Image size of job updated: 1321788
	1289  -  MemoryUsage of job (MB)
	1319360  -  ResidentSetSize of job (KB)
...
006 (4598.006.000) 2021-12-10 17:52:42 Image size of job updated: 1320852
	1290  -  MemoryUsage of job (MB)
	1320356  -  ResidentSetSize of job (KB)
...
006 (4598.009.000) 2021-12-10 17:52:49 Image size of job updated: 1321504
	1290  -  MemoryUsage of job (MB)
	1320332  -  ResidentSetSize of job (KB)
...
006 (4598.013.000) 2021-12-10 17:52:55 Image size of job updated: 1322420
	1290  -  MemoryUsage of job (MB)
	1320060  -  ResidentSetSize of job (KB)
...
006 (4598.006.000) 2021-12-10 18:02:42 Image size of job updated: 1321904
	1291  -  MemoryUsage of job (MB)
	1321904  -  ResidentSetSize of job (KB)
...
006 (4598.007.000) 2021-12-10 18:02:48 Image size of job updated: 1321052
	1290  -  MemoryUsage of job (MB)
	1320152  -  ResidentSetSize of job (KB)
...
006 (4598.012.000) 2021-12-10 18:02:53 Image size of job updated: 1320664
	1290  -  MemoryUsage of job (MB)
	1320644  -  ResidentSetSize of job (KB)
...
006 (4598.011.000) 2021-12-10 18:02:56 Image size of job updated: 1321080
	1291  -  MemoryUsage of job (MB)
	1321080  -  ResidentSetSize of job (KB)
...
006 (4598.002.000) 2021-12-10 18:12:47 Image size of job updated: 1320932
	1290  -  MemoryUsage of job (MB)
	1320932  -  ResidentSetSize of job (KB)
...
006 (4598.000.000) 2021-12-10 18:17:42 Image size of job updated: 1321788
	1290  -  MemoryUsage of job (MB)
	1320368  -  ResidentSetSize of job (KB)
...
006 (4598.012.000) 2021-12-10 18:17:54 Image size of job updated: 1321120
	1291  -  MemoryUsage of job (MB)
	1321120  -  ResidentSetSize of job (KB)
...
006 (4598.005.000) 2021-12-10 18:27:38 Image size of job updated: 1321316
	1290  -  MemoryUsage of job (MB)
	1320632  -  ResidentSetSize of job (KB)
...
006 (4598.001.000) 2021-12-10 18:37:42 Image size of job updated: 1321328
	1290  -  MemoryUsage of job (MB)
	1320688  -  ResidentSetSize of job (KB)
...
006 (4598.009.000) 2021-12-10 18:42:54 Image size of job updated: 1321504
	1291  -  MemoryUsage of job (MB)
	1321364  -  ResidentSetSize of job (KB)
...
006 (4598.007.000) 2021-12-10 18:47:52 Image size of job updated: 1321052
	1290  -  MemoryUsage of job (MB)
	1320732  -  ResidentSetSize of job (KB)
...
006 (4598.005.000) 2021-12-10 18:57:41 Image size of job updated: 1321316
	1290  -  MemoryUsage of job (MB)
	1320744  -  ResidentSetSize of job (KB)
...
006 (4598.001.000) 2021-12-10 19:02:43 Image size of job updated: 1321508
	1291  -  MemoryUsage of job (MB)
	1321508  -  ResidentSetSize of job (KB)
...
006 (4598.007.000) 2021-12-10 19:07:54 Image size of job updated: 1321232
	1291  -  MemoryUsage of job (MB)
	1321232  -  ResidentSetSize of job (KB)
...
006 (4598.010.000) 2021-12-10 19:37:57 Image size of job updated: 1321028
	1291  -  MemoryUsage of job (MB)
	1321028  -  ResidentSetSize of job (KB)
...
006 (4598.000.000) 2021-12-10 19:42:50 Image size of job updated: 1321788
	1290  -  MemoryUsage of job (MB)
	1320744  -  ResidentSetSize of job (KB)
...
006 (4598.008.000) 2021-12-10 20:18:03 Image size of job updated: 1321472
	1291  -  MemoryUsage of job (MB)
	1321312  -  ResidentSetSize of job (KB)
...
006 (4598.009.000) 2021-12-10 21:08:08 Image size of job updated: 1322248
	1291  -  MemoryUsage of job (MB)
	1321952  -  ResidentSetSize of job (KB)
...
006 (4598.010.000) 2021-12-10 21:13:04 Image size of job updated: 1322320
	1291  -  MemoryUsage of job (MB)
	1321028  -  ResidentSetSize of job (KB)
...
006 (4598.000.000) 2021-12-10 21:32:58 Image size of job updated: 1321788
	1290  -  MemoryUsage of job (MB)
	1320764  -  ResidentSetSize of job (KB)
...
006 (4598.013.000) 2021-12-10 21:33:16 Image size of job updated: 1322420
	1290  -  MemoryUsage of job (MB)
	1320684  -  ResidentSetSize of job (KB)
...
006 (4598.006.000) 2021-12-10 21:53:04 Image size of job updated: 1323652
	1293  -  MemoryUsage of job (MB)
	1323652  -  ResidentSetSize of job (KB)
...
006 (4598.002.000) 2021-12-10 21:53:08 Image size of job updated: 1320948
	1290  -  MemoryUsage of job (MB)
	1320932  -  ResidentSetSize of job (KB)
...
006 (4598.008.000) 2021-12-10 22:38:16 Image size of job updated: 1321780
	1291  -  MemoryUsage of job (MB)
	1321780  -  ResidentSetSize of job (KB)
...
006 (4598.004.000) 2021-12-10 22:53:08 Image size of job updated: 1322160
	1290  -  MemoryUsage of job (MB)
	1320724  -  ResidentSetSize of job (KB)
...
006 (4598.008.000) 2021-12-10 23:13:21 Image size of job updated: 1321964
	1291  -  MemoryUsage of job (MB)
	1321964  -  ResidentSetSize of job (KB)
...
006 (4598.000.000) 2021-12-10 23:23:12 Image size of job updated: 1322084
	1290  -  MemoryUsage of job (MB)
	1320764  -  ResidentSetSize of job (KB)
...
006 (4598.012.000) 2021-12-11 00:03:32 Image size of job updated: 1321568
	1291  -  MemoryUsage of job (MB)
	1321568  -  ResidentSetSize of job (KB)
...
006 (4598.000.000) 2021-12-11 00:08:17 Image size of job updated: 1322084
	1290  -  MemoryUsage of job (MB)
	1320904  -  ResidentSetSize of job (KB)
...
006 (4598.001.000) 2021-12-11 00:13:18 Image size of job updated: 1321912
	1291  -  MemoryUsage of job (MB)
	1321508  -  ResidentSetSize of job (KB)
...
006 (4598.005.000) 2021-12-11 00:23:07 Image size of job updated: 1321316
	1290  -  MemoryUsage of job (MB)
	1320888  -  ResidentSetSize of job (KB)
...
006 (4598.005.000) 2021-12-11 00:33:08 Image size of job updated: 1321316
	1291  -  MemoryUsage of job (MB)
	1321248  -  ResidentSetSize of job (KB)
...
006 (4598.005.000) 2021-12-11 00:43:10 Image size of job updated: 1321888
	1291  -  MemoryUsage of job (MB)
	1321248  -  ResidentSetSize of job (KB)
...
006 (4598.013.000) 2021-12-11 00:53:39 Image size of job updated: 1322420
	1291  -  MemoryUsage of job (MB)
	1321392  -  ResidentSetSize of job (KB)
...
006 (4598.001.000) 2021-12-11 01:23:26 Image size of job updated: 1322296
	1292  -  MemoryUsage of job (MB)
	1322296  -  ResidentSetSize of job (KB)
...
006 (4598.004.000) 2021-12-11 01:28:24 Image size of job updated: 1322160
	1291  -  MemoryUsage of job (MB)
	1321184  -  ResidentSetSize of job (KB)
...
006 (4598.000.000) 2021-12-11 01:38:26 Image size of job updated: 1322084
	1291  -  MemoryUsage of job (MB)
	1321012  -  ResidentSetSize of job (KB)
...
006 (4598.011.000) 2021-12-11 01:43:39 Image size of job updated: 1322620
	1292  -  MemoryUsage of job (MB)
	1322620  -  ResidentSetSize of job (KB)
...
006 (4598.010.000) 2021-12-11 02:08:36 Image size of job updated: 1322320
	1291  -  MemoryUsage of job (MB)
	1321580  -  ResidentSetSize of job (KB)
...
006 (4598.013.000) 2021-12-11 02:13:48 Image size of job updated: 1322420
	1291  -  MemoryUsage of job (MB)
	1321640  -  ResidentSetSize of job (KB)
...
006 (4598.004.000) 2021-12-11 02:48:29 Image size of job updated: 1322160
	1291  -  MemoryUsage of job (MB)
	1321280  -  ResidentSetSize of job (KB)
...
006 (4598.000.000) 2021-12-11 03:38:41 Image size of job updated: 1322084
	1291  -  MemoryUsage of job (MB)
	1321540  -  ResidentSetSize of job (KB)
...
006 (4598.007.000) 2021-12-11 03:43:44 Image size of job updated: 1321260
	1291  -  MemoryUsage of job (MB)
	1321260  -  ResidentSetSize of job (KB)
...
006 (4598.002.000) 2021-12-11 04:18:46 Image size of job updated: 1321720
	1291  -  MemoryUsage of job (MB)
	1321720  -  ResidentSetSize of job (KB)
...
006 (4598.007.000) 2021-12-11 05:08:53 Image size of job updated: 1321636
	1291  -  MemoryUsage of job (MB)
	1321260  -  ResidentSetSize of job (KB)
...
006 (4598.000.000) 2021-12-11 05:23:49 Image size of job updated: 1322368
	1291  -  MemoryUsage of job (MB)
	1321540  -  ResidentSetSize of job (KB)
...
006 (4598.005.000) 2021-12-11 05:33:35 Image size of job updated: 1321888
	1291  -  MemoryUsage of job (MB)
	1321828  -  ResidentSetSize of job (KB)
...
006 (4598.005.000) 2021-12-11 06:08:37 Image size of job updated: 1321888
	1291  -  MemoryUsage of job (MB)
	1321852  -  ResidentSetSize of job (KB)
...
006 (4598.007.000) 2021-12-11 06:09:01 Image size of job updated: 1322324
	1291  -  MemoryUsage of job (MB)
	1321260  -  ResidentSetSize of job (KB)
...
006 (4598.002.000) 2021-12-11 06:23:58 Image size of job updated: 1322912
	1292  -  MemoryUsage of job (MB)
	1322912  -  ResidentSetSize of job (KB)
...
005 (4598.006.000) 2021-12-11 06:32:06 Job terminated.
	(1) Normal termination (return value 0)
		Usr 0 11:57:59, Sys 0 00:14:53  -  Run Remote Usage
		Usr 0 00:00:00, Sys 0 00:00:00  -  Run Local Usage
		Usr 0 11:57:59, Sys 0 00:14:53  -  Total Remote Usage
		Usr 0 00:00:00, Sys 0 00:00:00  -  Total Local Usage
	0  -  Run Bytes Sent By Job
	661244480  -  Run Bytes Received By Job
	0  -  Total Bytes Sent By Job
	661244480  -  Total Bytes Received By Job
	Partitionable Resources :      Usage  Request Allocated 
	   Cpus                 :       1.01        2         2 
	   Disk (KB)            : 2676724      750000   2099316 
	   Memory (MB)          :    1293        1500      1536 

	Job terminated of its own accord at 2021-12-11T14:31:54Z with exit-code 0.
...
005 (4598.004.000) 2021-12-11 06:32:07 Job terminated.
	(1) Normal termination (return value 0)
		Usr 0 11:34:27, Sys 0 00:13:13  -  Run Remote Usage
		Usr 0 00:00:00, Sys 0 00:00:00  -  Run Local Usage
		Usr 0 11:34:27, Sys 0 00:13:13  -  Total Remote Usage
		Usr 0 00:00:00, Sys 0 00:00:00  -  Total Local Usage
	0  -  Run Bytes Sent By Job
	661244480  -  Run Bytes Received By Job
	0  -  Total Bytes Sent By Job
	661244480  -  Total Bytes Received By Job
	Partitionable Resources :    Usage  Request Allocated 
	   Cpus                 :        0        2         2 
	   Disk (KB)            :  2677203   750000   2099316 
	   Memory (MB)          :     1291     1500      1536 

	Job terminated of its own accord at 2021-12-11T14:31:54Z with exit-code 0.
...
005 (4598.001.000) 2021-12-11 06:32:07 Job terminated.
	(1) Normal termination (return value 0)
		Usr 0 12:03:48, Sys 0 00:14:11  -  Run Remote Usage
		Usr 0 00:00:00, Sys 0 00:00:00  -  Run Local Usage
		Usr 0 12:03:48, Sys 0 00:14:11  -  Total Remote Usage
		Usr 0 00:00:00, Sys 0 00:00:00  -  Total Local Usage
	0  -  Run Bytes Sent By Job
	661244480  -  Run Bytes Received By Job
	0  -  Total Bytes Sent By Job
	661244480  -  Total Bytes Received By Job
	Partitionable Resources :      Usage  Request Allocated 
	   Cpus                 :       1.01        2         2 
	   Disk (KB)            : 2668013      750000   2099316 
	   Memory (MB)          :    1292        1500      1536 

	Job terminated of its own accord at 2021-12-11T14:31:54Z with exit-code 0.
...
005 (4598.009.000) 2021-12-11 06:32:07 Job terminated.
	(1) Normal termination (return value 0)
		Usr 0 12:11:04, Sys 0 00:13:57  -  Run Remote Usage
		Usr 0 00:00:00, Sys 0 00:00:00  -  Run Local Usage
		Usr 0 12:11:04, Sys 0 00:13:57  -  Total Remote Usage
		Usr 0 00:00:00, Sys 0 00:00:00  -  Total Local Usage
	0  -  Run Bytes Sent By Job
	661244480  -  Run Bytes Received By Job
	0  -  Total Bytes Sent By Job
	661244480  -  Total Bytes Received By Job
	Partitionable Resources :      Usage  Request Allocated 
	   Cpus                 :       1.01        2         2 
	   Disk (KB)            : 2668194      750000   2099316 
	   Memory (MB)          :    1291        1500      1536 

	Job terminated of its own accord at 2021-12-11T14:31:54Z with exit-code 0.
...
005 (4598.012.000) 2021-12-11 06:32:07 Job terminated.
	(1) Normal termination (return value 0)
		Usr 0 12:01:48, Sys 0 00:15:03  -  Run Remote Usage
		Usr 0 00:00:00, Sys 0 00:00:00  -  Run Local Usage
		Usr 0 12:01:48, Sys 0 00:15:03  -  Total Remote Usage
		Usr 0 00:00:00, Sys 0 00:00:00  -  Total Local Usage
	0  -  Run Bytes Sent By Job
	661244480  -  Run Bytes Received By Job
	0  -  Total Bytes Sent By Job
	661244480  -  Total Bytes Received By Job
	Partitionable Resources :      Usage  Request Allocated 
	   Cpus                 :       1.01        2         2 
	   Disk (KB)            : 2669213      750000   2099316 
	   Memory (MB)          :    1291        1500      1536 

	Job terminated of its own accord at 2021-12-11T14:31:54Z with exit-code 0.
...
005 (4598.010.000) 2021-12-11 06:32:07 Job terminated.
	(1) Normal termination (return value 0)
		Usr 0 11:46:48, Sys 0 00:14:03  -  Run Remote Usage
		Usr 0 00:00:00, Sys 0 00:00:00  -  Run Local Usage
		Usr 0 11:46:48, Sys 0 00:14:03  -  Total Remote Usage
		Usr 0 00:00:00, Sys 0 00:00:00  -  Total Local Usage
	0  -  Run Bytes Sent By Job
	661244480  -  Run Bytes Received By Job
	0  -  Total Bytes Sent By Job
	661244480  -  Total Bytes Received By Job
	Partitionable Resources :      Usage  Request Allocated 
	   Cpus                 :       1.01        2         2 
	   Disk (KB)            : 2667915      750000   2099316 
	   Memory (MB)          :    1291        1500      1536 

	Job terminated of its own accord at 2021-12-11T14:31:54Z with exit-code 0.
...
005 (4598.007.000) 2021-12-11 06:32:07 Job terminated.
	(1) Normal termination (return value 0)
		Usr 0 11:47:45, Sys 0 00:14:22  -  Run Remote Usage
		Usr 0 00:00:00, Sys 0 00:00:00  -  Run Local Usage
		Usr 0 11:47:45, Sys 0 00:14:22  -  Total Remote Usage
		Usr 0 00:00:00, Sys 0 00:00:00  -  Total Local Usage
	0  -  Run Bytes Sent By Job
	661244480  -  Run Bytes Received By Job
	0  -  Total Bytes Sent By Job
	661244480  -  Total Bytes Received By Job
	Partitionable Resources :      Usage  Request Allocated 
	   Cpus                 :       1.01        2         2 
	   Disk (KB)            : 2668197      750000   2099316 
	   Memory (MB)          :    1291        1500      1536 

	Job terminated of its own accord at 2021-12-11T14:31:54Z with exit-code 0.
...
005 (4598.011.000) 2021-12-11 06:32:07 Job terminated.
	(1) Normal termination (return value 0)
		Usr 0 11:34:59, Sys 0 00:13:27  -  Run Remote Usage
		Usr 0 00:00:00, Sys 0 00:00:00  -  Run Local Usage
		Usr 0 11:34:59, Sys 0 00:13:27  -  Total Remote Usage
		Usr 0 00:00:00, Sys 0 00:00:00  -  Total Local Usage
	0  -  Run Bytes Sent By Job
	661244480  -  Run Bytes Received By Job
	0  -  Total Bytes Sent By Job
	661244480  -  Total Bytes Received By Job
	Partitionable Resources :    Usage  Request Allocated 
	   Cpus                 :        0        2         2 
	   Disk (KB)            :  2675155   750000   2099316 
	   Memory (MB)          :     1292     1500      1536 

	Job terminated of its own accord at 2021-12-11T14:31:54Z with exit-code 0.
...
005 (4598.008.000) 2021-12-11 06:32:07 Job terminated.
	(1) Normal termination (return value 0)
		Usr 0 11:54:51, Sys 0 00:14:29  -  Run Remote Usage
		Usr 0 00:00:00, Sys 0 00:00:00  -  Run Local Usage
		Usr 0 11:54:51, Sys 0 00:14:29  -  Total Remote Usage
		Usr 0 00:00:00, Sys 0 00:00:00  -  Total Local Usage
	0  -  Run Bytes Sent By Job
	661244480  -  Run Bytes Received By Job
	0  -  Total Bytes Sent By Job
	661244480  -  Total Bytes Received By Job
	Partitionable Resources :      Usage  Request Allocated 
	   Cpus                 :       1.01        2         2 
	   Disk (KB)            : 2669623      750000   2099316 
	   Memory (MB)          :    1291        1500      1536 

	Job terminated of its own accord at 2021-12-11T14:31:54Z with exit-code 0.
...
005 (4598.005.000) 2021-12-11 06:32:07 Job terminated.
	(1) Normal termination (return value 0)
		Usr 0 11:29:28, Sys 0 00:13:56  -  Run Remote Usage
		Usr 0 00:00:00, Sys 0 00:00:00  -  Run Local Usage
		Usr 0 11:29:28, Sys 0 00:13:56  -  Total Remote Usage
		Usr 0 00:00:00, Sys 0 00:00:00  -  Total Local Usage
	0  -  Run Bytes Sent By Job
	661244480  -  Run Bytes Received By Job
	0  -  Total Bytes Sent By Job
	661244480  -  Total Bytes Received By Job
	Partitionable Resources :    Usage  Request Allocated 
	   Cpus                 :        0        2         2 
	   Disk (KB)            :  2676639   750000   2099316 
	   Memory (MB)          :     1291     1500      1536 

	Job terminated of its own accord at 2021-12-11T14:31:54Z with exit-code 0.
...
005 (4598.013.000) 2021-12-11 06:32:07 Job terminated.
	(1) Normal termination (return value 0)
		Usr 0 12:16:39, Sys 0 00:14:36  -  Run Remote Usage
		Usr 0 00:00:00, Sys 0 00:00:00  -  Run Local Usage
		Usr 0 12:16:39, Sys 0 00:14:36  -  Total Remote Usage
		Usr 0 00:00:00, Sys 0 00:00:00  -  Total Local Usage
	0  -  Run Bytes Sent By Job
	661244480  -  Run Bytes Received By Job
	0  -  Total Bytes Sent By Job
	661244480  -  Total Bytes Received By Job
	Partitionable Resources :      Usage  Request Allocated 
	   Cpus                 :       1.01        2         2 
	   Disk (KB)            : 2675360      750000   2099316 
	   Memory (MB)          :    1291        1500      1536 

	Job terminated of its own accord at 2021-12-11T14:31:54Z with exit-code 0.
...
005 (4598.002.000) 2021-12-11 06:32:07 Job terminated.
	(1) Normal termination (return value 0)
		Usr 0 11:54:46, Sys 0 00:14:57  -  Run Remote Usage
		Usr 0 00:00:00, Sys 0 00:00:00  -  Run Local Usage
		Usr 0 11:54:46, Sys 0 00:14:57  -  Total Remote Usage
		Usr 0 00:00:00, Sys 0 00:00:00  -  Total Local Usage
	0  -  Run Bytes Sent By Job
	661244480  -  Run Bytes Received By Job
	0  -  Total Bytes Sent By Job
	661244480  -  Total Bytes Received By Job
	Partitionable Resources :      Usage  Request Allocated 
	   Cpus                 :       1.01        2         2 
	   Disk (KB)            : 2670186      750000   2099316 
	   Memory (MB)          :    1292        1500      1536 

	Job terminated of its own accord at 2021-12-11T14:31:54Z with exit-code 0.
...
005 (4598.000.000) 2021-12-11 06:32:07 Job terminated.
	(1) Normal termination (return value 0)
		Usr 0 11:50:16, Sys 0 00:13:59  -  Run Remote Usage
		Usr 0 00:00:00, Sys 0 00:00:00  -  Run Local Usage
		Usr 0 11:50:16, Sys 0 00:13:59  -  Total Remote Usage
		Usr 0 00:00:00, Sys 0 00:00:00  -  Total Local Usage
	0  -  Run Bytes Sent By Job
	661244480  -  Run Bytes Received By Job
	0  -  Total Bytes Sent By Job
	661244480  -  Total Bytes Received By Job
	Partitionable Resources :      Usage  Request Allocated 
	   Cpus                 :       1.01        2         2 
	   Disk (KB)            : 2668414      750000   2099316 
	   Memory (MB)          :    1291        1500      1536 

	Job terminated of its own accord at 2021-12-11T14:31:54Z with exit-code 0.
...
005 (4598.003.000) 2021-12-11 06:32:07 Job terminated.
	(1) Normal termination (return value 0)
		Usr 0 01:15:04, Sys 0 00:01:39  -  Run Remote Usage
		Usr 0 00:00:00, Sys 0 00:00:00  -  Run Local Usage
		Usr 0 01:15:04, Sys 0 00:01:39  -  Total Remote Usage
		Usr 0 00:00:00, Sys 0 00:00:00  -  Total Local Usage
	0  -  Run Bytes Sent By Job
	661244480  -  Run Bytes Received By Job
	0  -  Total Bytes Sent By Job
	661244480  -  Total Bytes Received By Job
	Partitionable Resources :    Usage  Request Allocated 
	   Cpus                 :        0        2         2 
	   Disk (KB)            :  2661408   750000   2099316 
	   Memory (MB)          :     1291     1500      1536 

	Job terminated of its own accord at 2021-12-11T14:31:54Z with exit-code 0.
...
001 (4598.014.000) 2021-12-11 06:32:40 Job executing on host: <192.168.137.8:9618?sock=startd_11424_7866>
...
006 (4598.014.000) 2021-12-11 06:32:49 Image size of job updated: 20732
	21  -  MemoryUsage of job (MB)
	20732  -  ResidentSetSize of job (KB)
...
001 (4598.015.000) 2021-12-11 06:33:40 Job executing on host: <192.168.137.8:9618?sock=startd_11424_7866>
...
001 (4598.017.000) 2021-12-11 06:33:40 Job executing on host: <192.168.137.8:9618?sock=startd_11424_7866>
...
001 (4598.016.000) 2021-12-11 06:33:40 Job executing on host: <192.168.137.8:9618?sock=startd_11424_7866>
...
001 (4598.018.000) 2021-12-11 06:33:40 Job executing on host: <192.168.137.8:9618?sock=startd_11424_7866>
...
001 (4598.019.000) 2021-12-11 06:33:40 Job executing on host: <192.168.137.8:9618?sock=startd_11424_7866>
...
006 (4598.015.000) 2021-12-11 06:33:48 Image size of job updated: 20696
	21  -  MemoryUsage of job (MB)
	20696  -  ResidentSetSize of job (KB)
...
006 (4598.017.000) 2021-12-11 06:33:49 Image size of job updated: 5616
	6  -  MemoryUsage of job (MB)
	5616  -  ResidentSetSize of job (KB)
...
006 (4598.018.000) 2021-12-11 06:33:49 Image size of job updated: 2412
	3  -  MemoryUsage of job (MB)
	2412  -  ResidentSetSize of job (KB)
...
006 (4598.016.000) 2021-12-11 06:33:49 Image size of job updated: 1304
	2  -  MemoryUsage of job (MB)
	1304  -  ResidentSetSize of job (KB)
...
006 (4598.019.000) 2021-12-11 06:33:49 Image size of job updated: 1
	1  -  MemoryUsage of job (MB)
	96  -  ResidentSetSize of job (KB)
...
006 (4598.014.000) 2021-12-11 06:37:50 Image size of job updated: 21184
	21  -  MemoryUsage of job (MB)
	21092  -  ResidentSetSize of job (KB)
...
006 (4598.015.000) 2021-12-11 06:38:50 Image size of job updated: 21156
	21  -  MemoryUsage of job (MB)
	21156  -  ResidentSetSize of job (KB)
...
006 (4598.017.000) 2021-12-11 06:38:52 Image size of job updated: 21176
	21  -  MemoryUsage of job (MB)
	21176  -  ResidentSetSize of job (KB)
...
006 (4598.016.000) 2021-12-11 06:38:52 Image size of job updated: 21156
	21  -  MemoryUsage of job (MB)
	21156  -  ResidentSetSize of job (KB)
...
006 (4598.018.000) 2021-12-11 06:38:52 Image size of job updated: 21160
	21  -  MemoryUsage of job (MB)
	21160  -  ResidentSetSize of job (KB)
...
006 (4598.019.000) 2021-12-11 06:38:52 Image size of job updated: 21148
	21  -  MemoryUsage of job (MB)
	21148  -  ResidentSetSize of job (KB)
...
006 (4598.015.000) 2021-12-11 06:43:50 Image size of job updated: 21284
	21  -  MemoryUsage of job (MB)
	21284  -  ResidentSetSize of job (KB)
...
006 (4598.016.000) 2021-12-11 06:43:51 Image size of job updated: 21292
	21  -  MemoryUsage of job (MB)
	21292  -  ResidentSetSize of job (KB)
...
006 (4598.019.000) 2021-12-11 06:43:52 Image size of job updated: 21276
	21  -  MemoryUsage of job (MB)
	21276  -  ResidentSetSize of job (KB)
...
006 (4598.017.000) 2021-12-11 06:43:52 Image size of job updated: 21220
	21  -  MemoryUsage of job (MB)
	21188  -  ResidentSetSize of job (KB)
...
006 (4598.018.000) 2021-12-11 06:43:53 Image size of job updated: 21288
	21  -  MemoryUsage of job (MB)
	21288  -  ResidentSetSize of job (KB)
...
006 (4598.014.000) 2021-12-11 06:47:50 Image size of job updated: 21184
	21  -  MemoryUsage of job (MB)
	21100  -  ResidentSetSize of job (KB)
...
006 (4598.015.000) 2021-12-11 06:48:50 Image size of job updated: 21292
	21  -  MemoryUsage of job (MB)
	21292  -  ResidentSetSize of job (KB)
...
006 (4598.017.000) 2021-12-11 06:48:51 Image size of job updated: 21220
	21  -  MemoryUsage of job (MB)
	21192  -  ResidentSetSize of job (KB)
...
006 (4598.016.000) 2021-12-11 06:48:51 Image size of job updated: 21300
	21  -  MemoryUsage of job (MB)
	21300  -  ResidentSetSize of job (KB)
...
006 (4598.018.000) 2021-12-11 06:48:52 Image size of job updated: 21296
	21  -  MemoryUsage of job (MB)
	21296  -  ResidentSetSize of job (KB)
...
006 (4598.018.000) 2021-12-12 05:06:00 Image size of job updated: 21824
	22  -  MemoryUsage of job (MB)
	21824  -  ResidentSetSize of job (KB)
...
006 (4598.017.000) 2021-12-12 05:06:00 Image size of job updated: 21716
	22  -  MemoryUsage of job (MB)
	21716  -  ResidentSetSize of job (KB)
...
006 (4598.015.000) 2021-12-12 05:06:13 Image size of job updated: 21816
	22  -  MemoryUsage of job (MB)
	21816  -  ResidentSetSize of job (KB)
...
006 (4598.016.000) 2021-12-12 05:06:14 Image size of job updated: 21828
	22  -  MemoryUsage of job (MB)
	21828  -  ResidentSetSize of job (KB)
...
006 (4598.019.000) 2021-12-12 05:06:21 Image size of job updated: 21796
	22  -  MemoryUsage of job (MB)
	21796  -  ResidentSetSize of job (KB)
...
006 (4598.014.000) 2021-12-12 05:10:08 Image size of job updated: 21632
	22  -  MemoryUsage of job (MB)
	21632  -  ResidentSetSize of job (KB)
...
006 (4598.014.000) 2021-12-12 05:40:11 Image size of job updated: 21664
	22  -  MemoryUsage of job (MB)
	21664  -  ResidentSetSize of job (KB)
...
006 (4598.017.000) 2021-12-12 05:41:02 Image size of job updated: 21748
	22  -  MemoryUsage of job (MB)
	21748  -  ResidentSetSize of job (KB)
...
006 (4598.018.000) 2021-12-12 05:41:03 Image size of job updated: 21836
	22  -  MemoryUsage of job (MB)
	21836  -  ResidentSetSize of job (KB)
...
006 (4598.015.000) 2021-12-12 05:41:18 Image size of job updated: 21832
	22  -  MemoryUsage of job (MB)
	21832  -  ResidentSetSize of job (KB)
...
006 (4598.016.000) 2021-12-12 05:41:18 Image size of job updated: 21844
	22  -  MemoryUsage of job (MB)
	21844  -  ResidentSetSize of job (KB)
...
006 (4598.019.000) 2021-12-12 05:41:27 Image size of job updated: 21808
	22  -  MemoryUsage of job (MB)
	21808  -  ResidentSetSize of job (KB)
...
006 (4598.018.000) 2021-12-12 07:26:08 Image size of job updated: 21840
	22  -  MemoryUsage of job (MB)
	21840  -  ResidentSetSize of job (KB)
...
006 (4598.015.000) 2021-12-12 07:26:26 Image size of job updated: 21848
	22  -  MemoryUsage of job (MB)
	21848  -  ResidentSetSize of job (KB)
...
006 (4598.019.000) 2021-12-12 07:26:38 Image size of job updated: 21824
	22  -  MemoryUsage of job (MB)
	21824  -  ResidentSetSize of job (KB)
...
006 (4598.019.000) 2021-12-12 09:26:48 Image size of job updated: 21828
	22  -  MemoryUsage of job (MB)
	21828  -  ResidentSetSize of job (KB)
...
