001 (4359.003.000) 2021-08-26 14:13:34 Job executing on host: <192.168.137.8:9618?sock=startd_17636_113e>
...
001 (4359.002.000) 2021-08-26 14:13:34 Job executing on host: <192.168.137.8:9618?sock=startd_17636_113e>
...
001 (4359.000.000) 2021-08-26 14:13:34 Job executing on host: <192.168.137.8:9618?sock=startd_17636_113e>
...
001 (4359.001.000) 2021-08-26 14:13:34 Job executing on host: <192.168.137.8:9618?sock=startd_17636_113e>
...
001 (4359.004.000) 2021-08-26 14:13:34 Job executing on host: <192.168.137.8:9618?sock=startd_17636_113e>
...
001 (4359.005.000) 2021-08-26 14:13:34 Job executing on host: <192.168.137.8:9618?sock=startd_17636_113e>
...
001 (4359.007.000) 2021-08-26 14:13:34 Job executing on host: <192.168.137.8:9618?sock=startd_17636_113e>
...
001 (4359.006.000) 2021-08-26 14:13:35 Job executing on host: <192.168.137.8:9618?sock=startd_17636_113e>
...
001 (4359.011.000) 2021-08-26 14:13:37 Job executing on host: <192.168.137.8:9618?sock=startd_17636_113e>
...
001 (4359.008.000) 2021-08-26 14:13:37 Job executing on host: <192.168.137.8:9618?sock=startd_17636_113e>
...
001 (4359.010.000) 2021-08-26 14:13:38 Job executing on host: <192.168.137.8:9618?sock=startd_17636_113e>
...
001 (4359.012.000) 2021-08-26 14:13:38 Job executing on host: <192.168.137.8:9618?sock=startd_17636_113e>
...
001 (4359.009.000) 2021-08-26 14:13:38 Job executing on host: <192.168.137.8:9618?sock=startd_17636_113e>
...
001 (4359.013.000) 2021-08-26 14:13:39 Job executing on host: <192.168.137.8:9618?sock=startd_17636_113e>
...
006 (4359.003.000) 2021-08-26 14:13:42 Image size of job updated: 20792
	21  -  MemoryUsage of job (MB)
	20792  -  ResidentSetSize of job (KB)
...
006 (4359.002.000) 2021-08-26 14:13:42 Image size of job updated: 20792
	21  -  MemoryUsage of job (MB)
	20792  -  ResidentSetSize of job (KB)
...
006 (4359.000.000) 2021-08-26 14:13:42 Image size of job updated: 20796
	21  -  MemoryUsage of job (MB)
	20796  -  ResidentSetSize of job (KB)
...
006 (4359.001.000) 2021-08-26 14:13:42 Image size of job updated: 20816
	21  -  MemoryUsage of job (MB)
	20816  -  ResidentSetSize of job (KB)
...
006 (4359.007.000) 2021-08-26 14:13:43 Image size of job updated: 20772
	21  -  MemoryUsage of job (MB)
	20772  -  ResidentSetSize of job (KB)
...
006 (4359.006.000) 2021-08-26 14:13:43 Image size of job updated: 20780
	21  -  MemoryUsage of job (MB)
	20780  -  ResidentSetSize of job (KB)
...
006 (4359.004.000) 2021-08-26 14:13:43 Image size of job updated: 20800
	21  -  MemoryUsage of job (MB)
	20800  -  ResidentSetSize of job (KB)
...
006 (4359.005.000) 2021-08-26 14:13:43 Image size of job updated: 20784
	21  -  MemoryUsage of job (MB)
	20784  -  ResidentSetSize of job (KB)
...
006 (4359.008.000) 2021-08-26 14:13:46 Image size of job updated: 20776
	21  -  MemoryUsage of job (MB)
	20776  -  ResidentSetSize of job (KB)
...
006 (4359.010.000) 2021-08-26 14:13:46 Image size of job updated: 20760
	21  -  MemoryUsage of job (MB)
	20760  -  ResidentSetSize of job (KB)
...
006 (4359.012.000) 2021-08-26 14:13:46 Image size of job updated: 20744
	21  -  MemoryUsage of job (MB)
	20744  -  ResidentSetSize of job (KB)
...
006 (4359.011.000) 2021-08-26 14:13:46 Image size of job updated: 20732
	21  -  MemoryUsage of job (MB)
	20732  -  ResidentSetSize of job (KB)
...
006 (4359.009.000) 2021-08-26 14:13:47 Image size of job updated: 20744
	21  -  MemoryUsage of job (MB)
	20744  -  ResidentSetSize of job (KB)
...
006 (4359.013.000) 2021-08-26 14:13:48 Image size of job updated: 20772
	21  -  MemoryUsage of job (MB)
	20772  -  ResidentSetSize of job (KB)
...
006 (4359.003.000) 2021-08-26 14:18:42 Image size of job updated: 20924
	21  -  MemoryUsage of job (MB)
	20924  -  ResidentSetSize of job (KB)
...
006 (4359.002.000) 2021-08-26 14:18:42 Image size of job updated: 20948
	21  -  MemoryUsage of job (MB)
	20948  -  ResidentSetSize of job (KB)
...
006 (4359.000.000) 2021-08-26 14:18:42 Image size of job updated: 20948
	21  -  MemoryUsage of job (MB)
	20948  -  ResidentSetSize of job (KB)
...
006 (4359.001.000) 2021-08-26 14:18:43 Image size of job updated: 20972
	21  -  MemoryUsage of job (MB)
	20972  -  ResidentSetSize of job (KB)
...
006 (4359.006.000) 2021-08-26 14:18:44 Image size of job updated: 20928
	21  -  MemoryUsage of job (MB)
	20928  -  ResidentSetSize of job (KB)
...
006 (4359.007.000) 2021-08-26 14:18:44 Image size of job updated: 20932
	21  -  MemoryUsage of job (MB)
	20932  -  ResidentSetSize of job (KB)
...
006 (4359.004.000) 2021-08-26 14:18:44 Image size of job updated: 20952
	21  -  MemoryUsage of job (MB)
	20952  -  ResidentSetSize of job (KB)
...
006 (4359.005.000) 2021-08-26 14:18:45 Image size of job updated: 20940
	21  -  MemoryUsage of job (MB)
	20940  -  ResidentSetSize of job (KB)
...
006 (4359.010.000) 2021-08-26 14:18:46 Image size of job updated: 20892
	21  -  MemoryUsage of job (MB)
	20892  -  ResidentSetSize of job (KB)
...
006 (4359.008.000) 2021-08-26 14:18:46 Image size of job updated: 20936
	21  -  MemoryUsage of job (MB)
	20936  -  ResidentSetSize of job (KB)
...
006 (4359.012.000) 2021-08-26 14:18:46 Image size of job updated: 20888
	21  -  MemoryUsage of job (MB)
	20888  -  ResidentSetSize of job (KB)
...
006 (4359.011.000) 2021-08-26 14:18:47 Image size of job updated: 20888
	21  -  MemoryUsage of job (MB)
	20888  -  ResidentSetSize of job (KB)
...
006 (4359.009.000) 2021-08-26 14:18:48 Image size of job updated: 20900
	21  -  MemoryUsage of job (MB)
	20900  -  ResidentSetSize of job (KB)
...
006 (4359.013.000) 2021-08-26 14:18:49 Image size of job updated: 20916
	21  -  MemoryUsage of job (MB)
	20916  -  ResidentSetSize of job (KB)
...
006 (4359.003.000) 2021-08-26 14:23:42 Image size of job updated: 21028
	21  -  MemoryUsage of job (MB)
	21028  -  ResidentSetSize of job (KB)
...
006 (4359.002.000) 2021-08-26 14:23:42 Image size of job updated: 21068
	21  -  MemoryUsage of job (MB)
	21068  -  ResidentSetSize of job (KB)
...
006 (4359.000.000) 2021-08-26 14:23:42 Image size of job updated: 21072
	21  -  MemoryUsage of job (MB)
	21072  -  ResidentSetSize of job (KB)
...
006 (4359.001.000) 2021-08-26 14:23:43 Image size of job updated: 21092
	21  -  MemoryUsage of job (MB)
	21092  -  ResidentSetSize of job (KB)
...
006 (4359.007.000) 2021-08-26 14:23:45 Image size of job updated: 21060
	21  -  MemoryUsage of job (MB)
	21060  -  ResidentSetSize of job (KB)
...
006 (4359.004.000) 2021-08-26 14:23:45 Image size of job updated: 21076
	21  -  MemoryUsage of job (MB)
	21076  -  ResidentSetSize of job (KB)
...
006 (4359.005.000) 2021-08-26 14:23:45 Image size of job updated: 21072
	21  -  MemoryUsage of job (MB)
	21072  -  ResidentSetSize of job (KB)
...
006 (4359.006.000) 2021-08-26 14:23:46 Image size of job updated: 21016
	21  -  MemoryUsage of job (MB)
	21016  -  ResidentSetSize of job (KB)
...
006 (4359.010.000) 2021-08-26 14:23:46 Image size of job updated: 21000
	21  -  MemoryUsage of job (MB)
	21000  -  ResidentSetSize of job (KB)
...
006 (4359.012.000) 2021-08-26 14:23:46 Image size of job updated: 20996
	21  -  MemoryUsage of job (MB)
	20996  -  ResidentSetSize of job (KB)
...
006 (4359.008.000) 2021-08-26 14:23:47 Image size of job updated: 21096
	21  -  MemoryUsage of job (MB)
	21096  -  ResidentSetSize of job (KB)
...
006 (4359.011.000) 2021-08-26 14:23:47 Image size of job updated: 21048
	21  -  MemoryUsage of job (MB)
	21048  -  ResidentSetSize of job (KB)
...
006 (4359.009.000) 2021-08-26 14:23:49 Image size of job updated: 21048
	21  -  MemoryUsage of job (MB)
	21048  -  ResidentSetSize of job (KB)
...
006 (4359.013.000) 2021-08-26 14:23:49 Image size of job updated: 21072
	21  -  MemoryUsage of job (MB)
	21072  -  ResidentSetSize of job (KB)
...
006 (4359.003.000) 2021-08-26 14:28:42 Image size of job updated: 21176
	21  -  MemoryUsage of job (MB)
	21176  -  ResidentSetSize of job (KB)
...
006 (4359.002.000) 2021-08-26 14:28:42 Image size of job updated: 21220
	21  -  MemoryUsage of job (MB)
	21220  -  ResidentSetSize of job (KB)
...
006 (4359.000.000) 2021-08-26 14:28:42 Image size of job updated: 21220
	21  -  MemoryUsage of job (MB)
	21220  -  ResidentSetSize of job (KB)
...
006 (4359.001.000) 2021-08-26 14:28:44 Image size of job updated: 21244
	21  -  MemoryUsage of job (MB)
	21244  -  ResidentSetSize of job (KB)
...
006 (4359.007.000) 2021-08-26 14:28:45 Image size of job updated: 21204
	21  -  MemoryUsage of job (MB)
	21204  -  ResidentSetSize of job (KB)
...
006 (4359.004.000) 2021-08-26 14:28:46 Image size of job updated: 21224
	21  -  MemoryUsage of job (MB)
	21224  -  ResidentSetSize of job (KB)
...
006 (4359.005.000) 2021-08-26 14:28:46 Image size of job updated: 21216
	21  -  MemoryUsage of job (MB)
	21216  -  ResidentSetSize of job (KB)
...
006 (4359.006.000) 2021-08-26 14:28:46 Image size of job updated: 21168
	21  -  MemoryUsage of job (MB)
	21168  -  ResidentSetSize of job (KB)
...
006 (4359.010.000) 2021-08-26 14:28:47 Image size of job updated: 21144
	21  -  MemoryUsage of job (MB)
	21144  -  ResidentSetSize of job (KB)
...
006 (4359.012.000) 2021-08-26 14:28:47 Image size of job updated: 21144
	21  -  MemoryUsage of job (MB)
	21144  -  ResidentSetSize of job (KB)
...
006 (4359.008.000) 2021-08-26 14:28:48 Image size of job updated: 21212
	21  -  MemoryUsage of job (MB)
	21212  -  ResidentSetSize of job (KB)
...
006 (4359.011.000) 2021-08-26 14:28:48 Image size of job updated: 21168
	21  -  MemoryUsage of job (MB)
	21168  -  ResidentSetSize of job (KB)
...
006 (4359.013.000) 2021-08-26 14:28:49 Image size of job updated: 21216
	21  -  MemoryUsage of job (MB)
	21216  -  ResidentSetSize of job (KB)
...
006 (4359.009.000) 2021-08-26 14:28:49 Image size of job updated: 21180
	21  -  MemoryUsage of job (MB)
	21180  -  ResidentSetSize of job (KB)
...
006 (4359.002.000) 2021-08-26 14:33:42 Image size of job updated: 1320960
	1290  -  MemoryUsage of job (MB)
	1320960  -  ResidentSetSize of job (KB)
...
006 (4359.000.000) 2021-08-26 14:33:42 Image size of job updated: 1318188
	1287  -  MemoryUsage of job (MB)
	1317664  -  ResidentSetSize of job (KB)
...
006 (4359.003.000) 2021-08-26 14:33:43 Image size of job updated: 1317580
	1287  -  MemoryUsage of job (MB)
	1317580  -  ResidentSetSize of job (KB)
...
006 (4359.001.000) 2021-08-26 14:33:44 Image size of job updated: 1321036
	1291  -  MemoryUsage of job (MB)
	1321036  -  ResidentSetSize of job (KB)
...
006 (4359.005.000) 2021-08-26 14:33:46 Image size of job updated: 1320420
	1289  -  MemoryUsage of job (MB)
	1319864  -  ResidentSetSize of job (KB)
...
006 (4359.007.000) 2021-08-26 14:33:46 Image size of job updated: 1320120
	269  -  MemoryUsage of job (MB)
	274904  -  ResidentSetSize of job (KB)
...
006 (4359.006.000) 2021-08-26 14:33:46 Image size of job updated: 1319724
	1287  -  MemoryUsage of job (MB)
	1317028  -  ResidentSetSize of job (KB)
...
006 (4359.004.000) 2021-08-26 14:33:47 Image size of job updated: 1320808
	1290  -  MemoryUsage of job (MB)
	1320056  -  ResidentSetSize of job (KB)
...
006 (4359.012.000) 2021-08-26 14:33:48 Image size of job updated: 1318372
	1288  -  MemoryUsage of job (MB)
	1318372  -  ResidentSetSize of job (KB)
...
006 (4359.010.000) 2021-08-26 14:33:48 Image size of job updated: 1321448
	1288  -  MemoryUsage of job (MB)
	1318676  -  ResidentSetSize of job (KB)
...
006 (4359.011.000) 2021-08-26 14:33:49 Image size of job updated: 1320424
	1290  -  MemoryUsage of job (MB)
	1319976  -  ResidentSetSize of job (KB)
...
006 (4359.008.000) 2021-08-26 14:33:49 Image size of job updated: 1319000
	1287  -  MemoryUsage of job (MB)
	1317020  -  ResidentSetSize of job (KB)
...
006 (4359.013.000) 2021-08-26 14:33:49 Image size of job updated: 1321160
	1291  -  MemoryUsage of job (MB)
	1321160  -  ResidentSetSize of job (KB)
...
006 (4359.009.000) 2021-08-26 14:33:50 Image size of job updated: 1320320
	557  -  MemoryUsage of job (MB)
	570288  -  ResidentSetSize of job (KB)
...
006 (4359.000.000) 2021-08-26 14:38:42 Image size of job updated: 1319880
	1289  -  MemoryUsage of job (MB)
	1319880  -  ResidentSetSize of job (KB)
...
006 (4359.005.000) 2021-08-26 14:38:47 Image size of job updated: 1320960
	1289  -  MemoryUsage of job (MB)
	1319864  -  ResidentSetSize of job (KB)
...
006 (4359.007.000) 2021-08-26 14:38:47 Image size of job updated: 1320120
	1289  -  MemoryUsage of job (MB)
	1319372  -  ResidentSetSize of job (KB)
...
006 (4359.006.000) 2021-08-26 14:38:48 Image size of job updated: 1319868
	1289  -  MemoryUsage of job (MB)
	1319868  -  ResidentSetSize of job (KB)
...
006 (4359.010.000) 2021-08-26 14:38:48 Image size of job updated: 1321448
	1289  -  MemoryUsage of job (MB)
	1319472  -  ResidentSetSize of job (KB)
...
006 (4359.008.000) 2021-08-26 14:38:49 Image size of job updated: 1319276
	1288  -  MemoryUsage of job (MB)
	1317924  -  ResidentSetSize of job (KB)
...
006 (4359.009.000) 2021-08-26 14:38:51 Image size of job updated: 1320320
	1289  -  MemoryUsage of job (MB)
	1319440  -  ResidentSetSize of job (KB)
...
006 (4359.000.000) 2021-08-26 14:43:42 Image size of job updated: 1320984
	1291  -  MemoryUsage of job (MB)
	1320984  -  ResidentSetSize of job (KB)
...
006 (4359.003.000) 2021-08-26 14:43:44 Image size of job updated: 1319560
	1289  -  MemoryUsage of job (MB)
	1319228  -  ResidentSetSize of job (KB)
...
006 (4359.006.000) 2021-08-26 14:43:49 Image size of job updated: 1320236
	1289  -  MemoryUsage of job (MB)
	1319868  -  ResidentSetSize of job (KB)
...
006 (4359.008.000) 2021-08-26 14:43:50 Image size of job updated: 1322880
	1289  -  MemoryUsage of job (MB)
	1319004  -  ResidentSetSize of job (KB)
...
006 (4359.013.000) 2021-08-26 14:43:52 Image size of job updated: 1321436
	1291  -  MemoryUsage of job (MB)
	1321160  -  ResidentSetSize of job (KB)
...
006 (4359.003.000) 2021-08-26 14:48:44 Image size of job updated: 1321640
	1289  -  MemoryUsage of job (MB)
	1319812  -  ResidentSetSize of job (KB)
...
006 (4359.005.000) 2021-08-26 14:48:48 Image size of job updated: 1321176
	1291  -  MemoryUsage of job (MB)
	1321176  -  ResidentSetSize of job (KB)
...
006 (4359.004.000) 2021-08-26 14:48:48 Image size of job updated: 1320808
	1290  -  MemoryUsage of job (MB)
	1320452  -  ResidentSetSize of job (KB)
...
006 (4359.012.000) 2021-08-26 14:48:49 Image size of job updated: 1319440
	1289  -  MemoryUsage of job (MB)
	1319440  -  ResidentSetSize of job (KB)
...
006 (4359.013.000) 2021-08-26 14:48:53 Image size of job updated: 1321640
	1291  -  MemoryUsage of job (MB)
	1321160  -  ResidentSetSize of job (KB)
...
006 (4359.002.000) 2021-08-26 14:53:43 Image size of job updated: 1321416
	1290  -  MemoryUsage of job (MB)
	1320960  -  ResidentSetSize of job (KB)
...
006 (4359.003.000) 2021-08-26 14:53:45 Image size of job updated: 1321640
	1291  -  MemoryUsage of job (MB)
	1321236  -  ResidentSetSize of job (KB)
...
006 (4359.007.000) 2021-08-26 14:53:47 Image size of job updated: 1320668
	1290  -  MemoryUsage of job (MB)
	1320668  -  ResidentSetSize of job (KB)
...
006 (4359.006.000) 2021-08-26 14:53:48 Image size of job updated: 1320348
	1289  -  MemoryUsage of job (MB)
	1319868  -  ResidentSetSize of job (KB)
...
006 (4359.006.000) 2021-08-26 14:58:50 Image size of job updated: 1320844
	1289  -  MemoryUsage of job (MB)
	1319868  -  ResidentSetSize of job (KB)
...
006 (4359.011.000) 2021-08-26 14:58:55 Image size of job updated: 1320424
	1290  -  MemoryUsage of job (MB)
	1320212  -  ResidentSetSize of job (KB)
...
006 (4359.007.000) 2021-08-26 15:03:47 Image size of job updated: 1321984
	1291  -  MemoryUsage of job (MB)
	1321984  -  ResidentSetSize of job (KB)
...
006 (4359.008.000) 2021-08-26 15:03:53 Image size of job updated: 1322880
	1289  -  MemoryUsage of job (MB)
	1319936  -  ResidentSetSize of job (KB)
...
006 (4359.005.000) 2021-08-26 15:08:50 Image size of job updated: 1321408
	1291  -  MemoryUsage of job (MB)
	1321176  -  ResidentSetSize of job (KB)
...
006 (4359.010.000) 2021-08-26 15:08:50 Image size of job updated: 1321448
	1289  -  MemoryUsage of job (MB)
	1319728  -  ResidentSetSize of job (KB)
...
006 (4359.002.000) 2021-08-26 15:13:45 Image size of job updated: 1321416
	1291  -  MemoryUsage of job (MB)
	1321084  -  ResidentSetSize of job (KB)
...
006 (4359.012.000) 2021-08-26 15:13:52 Image size of job updated: 1320580
	1290  -  MemoryUsage of job (MB)
	1320580  -  ResidentSetSize of job (KB)
...
006 (4359.003.000) 2021-08-26 15:18:48 Image size of job updated: 1321640
	1291  -  MemoryUsage of job (MB)
	1321480  -  ResidentSetSize of job (KB)
...
006 (4359.010.000) 2021-08-26 15:18:52 Image size of job updated: 1321592
	1291  -  MemoryUsage of job (MB)
	1321592  -  ResidentSetSize of job (KB)
...
006 (4359.012.000) 2021-08-26 15:18:52 Image size of job updated: 1320792
	1290  -  MemoryUsage of job (MB)
	1320580  -  ResidentSetSize of job (KB)
...
006 (4359.009.000) 2021-08-26 15:18:54 Image size of job updated: 1320576
	1289  -  MemoryUsage of job (MB)
	1319440  -  ResidentSetSize of job (KB)
...
006 (4359.009.000) 2021-08-26 15:23:54 Image size of job updated: 1320576
	1290  -  MemoryUsage of job (MB)
	1319968  -  ResidentSetSize of job (KB)
...
006 (4359.003.000) 2021-08-26 15:28:49 Image size of job updated: 1322272
	1292  -  MemoryUsage of job (MB)
	1322272  -  ResidentSetSize of job (KB)
...
006 (4359.004.000) 2021-08-26 15:28:54 Image size of job updated: 1320988
	1290  -  MemoryUsage of job (MB)
	1320452  -  ResidentSetSize of job (KB)
...
006 (4359.005.000) 2021-08-26 15:33:51 Image size of job updated: 1322184
	1291  -  MemoryUsage of job (MB)
	1321176  -  ResidentSetSize of job (KB)
...
006 (4359.009.000) 2021-08-26 15:33:56 Image size of job updated: 1320576
	1290  -  MemoryUsage of job (MB)
	1320284  -  ResidentSetSize of job (KB)
...
006 (4359.004.000) 2021-08-26 15:58:58 Image size of job updated: 1321272
	1290  -  MemoryUsage of job (MB)
	1320452  -  ResidentSetSize of job (KB)
...
006 (4359.009.000) 2021-08-26 15:58:59 Image size of job updated: 1320712
	1290  -  MemoryUsage of job (MB)
	1320284  -  ResidentSetSize of job (KB)
...
006 (4359.001.000) 2021-08-26 16:03:57 Image size of job updated: 1321384
	1291  -  MemoryUsage of job (MB)
	1321036  -  ResidentSetSize of job (KB)
...
006 (4359.012.000) 2021-08-26 16:03:58 Image size of job updated: 1321968
	1291  -  MemoryUsage of job (MB)
	1321968  -  ResidentSetSize of job (KB)
...
006 (4359.008.000) 2021-08-26 16:03:58 Image size of job updated: 1322880
	1290  -  MemoryUsage of job (MB)
	1320124  -  ResidentSetSize of job (KB)
...
006 (4359.013.000) 2021-08-26 16:03:59 Image size of job updated: 1323716
	1291  -  MemoryUsage of job (MB)
	1321160  -  ResidentSetSize of job (KB)
...
006 (4359.009.000) 2021-08-26 16:04:00 Image size of job updated: 1321988
	1290  -  MemoryUsage of job (MB)
	1320284  -  ResidentSetSize of job (KB)
...
006 (4359.011.000) 2021-08-26 16:04:02 Image size of job updated: 1321972
	1291  -  MemoryUsage of job (MB)
	1321940  -  ResidentSetSize of job (KB)
...
006 (4359.006.000) 2021-08-26 16:08:55 Image size of job updated: 1320916
	1289  -  MemoryUsage of job (MB)
	1319868  -  ResidentSetSize of job (KB)
...
006 (4359.009.000) 2021-08-26 16:14:01 Image size of job updated: 1321988
	1292  -  MemoryUsage of job (MB)
	1321988  -  ResidentSetSize of job (KB)
...
006 (4359.011.000) 2021-08-26 16:14:03 Image size of job updated: 1322640
	1292  -  MemoryUsage of job (MB)
	1322640  -  ResidentSetSize of job (KB)
...
006 (4359.012.000) 2021-08-26 16:24:01 Image size of job updated: 1322640
	1291  -  MemoryUsage of job (MB)
	1321968  -  ResidentSetSize of job (KB)
...
006 (4359.009.000) 2021-08-26 16:29:03 Image size of job updated: 1321996
	1292  -  MemoryUsage of job (MB)
	1321996  -  ResidentSetSize of job (KB)
...
006 (4359.010.000) 2021-08-26 16:29:03 Image size of job updated: 1323560
	1291  -  MemoryUsage of job (MB)
	1321592  -  ResidentSetSize of job (KB)
...
006 (4359.004.000) 2021-08-26 16:44:01 Image size of job updated: 1321368
	1290  -  MemoryUsage of job (MB)
	1320452  -  ResidentSetSize of job (KB)
...
006 (4359.000.000) 2021-08-26 16:48:57 Image size of job updated: 1321008
	1291  -  MemoryUsage of job (MB)
	1321008  -  ResidentSetSize of job (KB)
...
006 (4359.008.000) 2021-08-26 16:49:01 Image size of job updated: 1322880
	1291  -  MemoryUsage of job (MB)
	1321472  -  ResidentSetSize of job (KB)
...
006 (4359.013.000) 2021-08-26 16:49:03 Image size of job updated: 1323716
	1293  -  MemoryUsage of job (MB)
	1323584  -  ResidentSetSize of job (KB)
...
006 (4359.001.000) 2021-08-26 16:59:05 Image size of job updated: 1321428
	1291  -  MemoryUsage of job (MB)
	1321036  -  ResidentSetSize of job (KB)
...
006 (4359.000.000) 2021-08-26 17:03:58 Image size of job updated: 1321648
	1291  -  MemoryUsage of job (MB)
	1321008  -  ResidentSetSize of job (KB)
...
006 (4359.006.000) 2021-08-26 17:04:00 Image size of job updated: 1320916
	1290  -  MemoryUsage of job (MB)
	1320332  -  ResidentSetSize of job (KB)
...
006 (4359.003.000) 2021-08-26 17:04:02 Image size of job updated: 1322336
	1292  -  MemoryUsage of job (MB)
	1322272  -  ResidentSetSize of job (KB)
...
006 (4359.000.000) 2021-08-26 17:08:58 Image size of job updated: 1321660
	1291  -  MemoryUsage of job (MB)
	1321008  -  ResidentSetSize of job (KB)
...
006 (4359.005.000) 2021-08-26 17:09:00 Image size of job updated: 1322696
	1291  -  MemoryUsage of job (MB)
	1321176  -  ResidentSetSize of job (KB)
...
006 (4359.006.000) 2021-08-26 17:29:01 Image size of job updated: 1321544
	1290  -  MemoryUsage of job (MB)
	1320332  -  ResidentSetSize of job (KB)
...
006 (4359.003.000) 2021-08-26 17:29:03 Image size of job updated: 1323592
	1292  -  MemoryUsage of job (MB)
	1322272  -  ResidentSetSize of job (KB)
...
006 (4359.000.000) 2021-08-26 17:39:00 Image size of job updated: 1321744
	1291  -  MemoryUsage of job (MB)
	1321008  -  ResidentSetSize of job (KB)
...
006 (4359.000.000) 2021-08-26 17:44:00 Image size of job updated: 1322428
	1291  -  MemoryUsage of job (MB)
	1321008  -  ResidentSetSize of job (KB)
...
006 (4359.003.000) 2021-08-26 17:54:06 Image size of job updated: 1323604
	1292  -  MemoryUsage of job (MB)
	1322272  -  ResidentSetSize of job (KB)
...
006 (4359.006.000) 2021-08-26 18:04:04 Image size of job updated: 1321544
	1291  -  MemoryUsage of job (MB)
	1321400  -  ResidentSetSize of job (KB)
...
006 (4359.009.000) 2021-08-26 18:04:12 Image size of job updated: 1322060
	1292  -  MemoryUsage of job (MB)
	1322060  -  ResidentSetSize of job (KB)
...
006 (4359.010.000) 2021-08-26 18:19:13 Image size of job updated: 1323560
	1291  -  MemoryUsage of job (MB)
	1321644  -  ResidentSetSize of job (KB)
...
006 (4359.009.000) 2021-08-26 18:19:14 Image size of job updated: 1322220
	1292  -  MemoryUsage of job (MB)
	1322220  -  ResidentSetSize of job (KB)
...
006 (4359.012.000) 2021-08-26 18:39:13 Image size of job updated: 1322708
	1291  -  MemoryUsage of job (MB)
	1321968  -  ResidentSetSize of job (KB)
...
006 (4359.004.000) 2021-08-26 18:39:15 Image size of job updated: 1321368
	1291  -  MemoryUsage of job (MB)
	1321000  -  ResidentSetSize of job (KB)
...
006 (4359.010.000) 2021-08-26 18:39:17 Image size of job updated: 1323560
	1292  -  MemoryUsage of job (MB)
	1322628  -  ResidentSetSize of job (KB)
...
006 (4359.012.000) 2021-08-26 18:44:13 Image size of job updated: 1322708
	1292  -  MemoryUsage of job (MB)
	1322040  -  ResidentSetSize of job (KB)
...
006 (4359.001.000) 2021-08-26 18:54:15 Image size of job updated: 1321856
	1291  -  MemoryUsage of job (MB)
	1321856  -  ResidentSetSize of job (KB)
...
006 (4359.003.000) 2021-08-26 19:09:10 Image size of job updated: 1323640
	1292  -  MemoryUsage of job (MB)
	1322272  -  ResidentSetSize of job (KB)
...
006 (4359.005.000) 2021-08-26 19:14:12 Image size of job updated: 1322696
	1291  -  MemoryUsage of job (MB)
	1321236  -  ResidentSetSize of job (KB)
...
006 (4359.013.000) 2021-08-26 19:14:14 Image size of job updated: 1323716
	1293  -  MemoryUsage of job (MB)
	1323604  -  ResidentSetSize of job (KB)
...
006 (4359.004.000) 2021-08-26 19:14:18 Image size of job updated: 1321520
	1291  -  MemoryUsage of job (MB)
	1321000  -  ResidentSetSize of job (KB)
...
005 (4359.010.000) 2021-08-27 09:53:23 Job terminated.
	(1) Normal termination (return value -1)
		Usr 0 04:08:05, Sys 0 00:04:01  -  Run Remote Usage
		Usr 0 00:00:00, Sys 0 00:00:00  -  Run Local Usage
		Usr 0 04:08:05, Sys 0 00:04:01  -  Total Remote Usage
		Usr 0 00:00:00, Sys 0 00:00:00  -  Total Local Usage
	0  -  Run Bytes Sent By Job
	661408064  -  Run Bytes Received By Job
	0  -  Total Bytes Sent By Job
	661408064  -  Total Bytes Received By Job
	Partitionable Resources :    Usage  Request Allocated 
	   Cpus                 :        0        2         2 
	   Disk (KB)            :  2666038   750000   2333390 
	   Memory (MB)          :     1292     1500      1536 

	Job terminated of its own accord at 2021-08-27T16:53:13Z.
...
005 (4359.000.000) 2021-08-27 09:53:24 Job terminated.
	(1) Normal termination (return value -1)
		Usr 0 04:03:33, Sys 0 00:03:58  -  Run Remote Usage
		Usr 0 00:00:00, Sys 0 00:00:00  -  Run Local Usage
		Usr 0 04:03:33, Sys 0 00:03:58  -  Total Remote Usage
		Usr 0 00:00:00, Sys 0 00:00:00  -  Total Local Usage
	0  -  Run Bytes Sent By Job
	661408064  -  Run Bytes Received By Job
	0  -  Total Bytes Sent By Job
	661408064  -  Total Bytes Received By Job
	Partitionable Resources :    Usage  Request Allocated 
	   Cpus                 :        0        2         2 
	   Disk (KB)            :  2668719   750000   2333390 
	   Memory (MB)          :     1291     1500      1536 

	Job terminated of its own accord at 2021-08-27T16:53:13Z.
...
005 (4359.009.000) 2021-08-27 09:53:24 Job terminated.
	(1) Normal termination (return value -1)
		Usr 0 04:15:05, Sys 0 00:03:50  -  Run Remote Usage
		Usr 0 00:00:00, Sys 0 00:00:00  -  Run Local Usage
		Usr 0 04:15:05, Sys 0 00:03:50  -  Total Remote Usage
		Usr 0 00:00:00, Sys 0 00:00:00  -  Total Local Usage
	0  -  Run Bytes Sent By Job
	661408064  -  Run Bytes Received By Job
	0  -  Total Bytes Sent By Job
	661408064  -  Total Bytes Received By Job
	Partitionable Resources :    Usage  Request Allocated 
	   Cpus                 :        0        2         2 
	   Disk (KB)            :  2665695   750000   2333390 
	   Memory (MB)          :     1292     1500      1536 

	Job terminated of its own accord at 2021-08-27T16:53:13Z.
...
005 (4359.008.000) 2021-08-27 09:53:24 Job terminated.
	(1) Normal termination (return value -1)
		Usr 0 04:08:40, Sys 0 00:04:07  -  Run Remote Usage
		Usr 0 00:00:00, Sys 0 00:00:00  -  Run Local Usage
		Usr 0 04:08:40, Sys 0 00:04:07  -  Total Remote Usage
		Usr 0 00:00:00, Sys 0 00:00:00  -  Total Local Usage
	0  -  Run Bytes Sent By Job
	661408064  -  Run Bytes Received By Job
	0  -  Total Bytes Sent By Job
	661408064  -  Total Bytes Received By Job
	Partitionable Resources :    Usage  Request Allocated 
	   Cpus                 :        0        2         2 
	   Disk (KB)            :  2665815   750000   2333390 
	   Memory (MB)          :     1291     1500      1536 

	Job terminated of its own accord at 2021-08-27T16:53:13Z.
...
005 (4359.002.000) 2021-08-27 09:53:24 Job terminated.
	(1) Normal termination (return value -1)
		Usr 0 04:15:28, Sys 0 00:03:58  -  Run Remote Usage
		Usr 0 00:00:00, Sys 0 00:00:00  -  Run Local Usage
		Usr 0 04:15:28, Sys 0 00:03:58  -  Total Remote Usage
		Usr 0 00:00:00, Sys 0 00:00:00  -  Total Local Usage
	0  -  Run Bytes Sent By Job
	661408064  -  Run Bytes Received By Job
	0  -  Total Bytes Sent By Job
	661408064  -  Total Bytes Received By Job
	Partitionable Resources :    Usage  Request Allocated 
	   Cpus                 :        0        2         2 
	   Disk (KB)            :  2667663   750000   2333390 
	   Memory (MB)          :     1291     1500      1536 

	Job terminated of its own accord at 2021-08-27T16:53:13Z.
...
005 (4359.003.000) 2021-08-27 09:53:24 Job terminated.
	(1) Normal termination (return value -1)
		Usr 0 03:57:18, Sys 0 00:03:54  -  Run Remote Usage
		Usr 0 00:00:00, Sys 0 00:00:00  -  Run Local Usage
		Usr 0 03:57:18, Sys 0 00:03:54  -  Total Remote Usage
		Usr 0 00:00:00, Sys 0 00:00:00  -  Total Local Usage
	0  -  Run Bytes Sent By Job
	661408064  -  Run Bytes Received By Job
	0  -  Total Bytes Sent By Job
	661408064  -  Total Bytes Received By Job
	Partitionable Resources :    Usage  Request Allocated 
	   Cpus                 :        0        2         2 
	   Disk (KB)            :  2665680   750000   2333390 
	   Memory (MB)          :     1292     1500      1536 

	Job terminated of its own accord at 2021-08-27T16:53:13Z.
...
005 (4359.005.000) 2021-08-27 09:53:25 Job terminated.
	(1) Normal termination (return value -1)
		Usr 0 04:20:05, Sys 0 00:04:20  -  Run Remote Usage
		Usr 0 00:00:00, Sys 0 00:00:00  -  Run Local Usage
		Usr 0 04:20:05, Sys 0 00:04:20  -  Total Remote Usage
		Usr 0 00:00:00, Sys 0 00:00:00  -  Total Local Usage
	0  -  Run Bytes Sent By Job
	661408064  -  Run Bytes Received By Job
	0  -  Total Bytes Sent By Job
	661408064  -  Total Bytes Received By Job
	Partitionable Resources :    Usage  Request Allocated 
	   Cpus                 :        0        2         2 
	   Disk (KB)            :  2665693   750000   2333390 
	   Memory (MB)          :     1291     1500      1536 

	Job terminated of its own accord at 2021-08-27T16:53:13Z.
...
005 (4359.011.000) 2021-08-27 09:53:25 Job terminated.
	(1) Normal termination (return value -1)
		Usr 0 04:01:09, Sys 0 00:03:45  -  Run Remote Usage
		Usr 0 00:00:00, Sys 0 00:00:00  -  Run Local Usage
		Usr 0 04:01:09, Sys 0 00:03:45  -  Total Remote Usage
		Usr 0 00:00:00, Sys 0 00:00:00  -  Total Local Usage
	0  -  Run Bytes Sent By Job
	661408064  -  Run Bytes Received By Job
	0  -  Total Bytes Sent By Job
	661408064  -  Total Bytes Received By Job
	Partitionable Resources :    Usage  Request Allocated 
	   Cpus                 :        0        2         2 
	   Disk (KB)            :  2673866   750000   2333390 
	   Memory (MB)          :     1292     1500      1536 

	Job terminated of its own accord at 2021-08-27T16:53:13Z.
...
005 (4359.001.000) 2021-08-27 09:53:25 Job terminated.
	(1) Normal termination (return value -1)
		Usr 0 04:23:58, Sys 0 00:04:14  -  Run Remote Usage
		Usr 0 00:00:00, Sys 0 00:00:00  -  Run Local Usage
		Usr 0 04:23:58, Sys 0 00:04:14  -  Total Remote Usage
		Usr 0 00:00:00, Sys 0 00:00:00  -  Total Local Usage
	0  -  Run Bytes Sent By Job
	661408064  -  Run Bytes Received By Job
	0  -  Total Bytes Sent By Job
	661408064  -  Total Bytes Received By Job
	Partitionable Resources :    Usage  Request Allocated 
	   Cpus                 :        0        2         2 
	   Disk (KB)            :  2665645   750000   2333390 
	   Memory (MB)          :     1291     1500      1536 

	Job terminated of its own accord at 2021-08-27T16:53:13Z.
...
005 (4359.012.000) 2021-08-27 09:53:25 Job terminated.
	(1) Normal termination (return value -1)
		Usr 0 04:02:47, Sys 0 00:03:50  -  Run Remote Usage
		Usr 0 00:00:00, Sys 0 00:00:00  -  Run Local Usage
		Usr 0 04:02:47, Sys 0 00:03:50  -  Total Remote Usage
		Usr 0 00:00:00, Sys 0 00:00:00  -  Total Local Usage
	0  -  Run Bytes Sent By Job
	661408064  -  Run Bytes Received By Job
	0  -  Total Bytes Sent By Job
	661408064  -  Total Bytes Received By Job
	Partitionable Resources :    Usage  Request Allocated 
	   Cpus                 :        0        2         2 
	   Disk (KB)            :  2665752   750000   2333390 
	   Memory (MB)          :     1292     1500      1536 

	Job terminated of its own accord at 2021-08-27T16:53:13Z.
...
005 (4359.004.000) 2021-08-27 09:53:25 Job terminated.
	(1) Normal termination (return value -1)
		Usr 0 04:14:58, Sys 0 00:03:51  -  Run Remote Usage
		Usr 0 00:00:00, Sys 0 00:00:00  -  Run Local Usage
		Usr 0 04:14:58, Sys 0 00:03:51  -  Total Remote Usage
		Usr 0 00:00:00, Sys 0 00:00:00  -  Total Local Usage
	0  -  Run Bytes Sent By Job
	661408064  -  Run Bytes Received By Job
	0  -  Total Bytes Sent By Job
	661408064  -  Total Bytes Received By Job
	Partitionable Resources :    Usage  Request Allocated 
	   Cpus                 :        0        2         2 
	   Disk (KB)            :  2665730   750000   2333390 
	   Memory (MB)          :     1291     1500      1536 

	Job terminated of its own accord at 2021-08-27T16:53:13Z.
...
005 (4359.007.000) 2021-08-27 09:53:25 Job terminated.
	(1) Normal termination (return value -1)
		Usr 0 04:12:02, Sys 0 00:04:05  -  Run Remote Usage
		Usr 0 00:00:00, Sys 0 00:00:00  -  Run Local Usage
		Usr 0 04:12:02, Sys 0 00:04:05  -  Total Remote Usage
		Usr 0 00:00:00, Sys 0 00:00:00  -  Total Local Usage
	0  -  Run Bytes Sent By Job
	661408064  -  Run Bytes Received By Job
	0  -  Total Bytes Sent By Job
	661408064  -  Total Bytes Received By Job
	Partitionable Resources :    Usage  Request Allocated 
	   Cpus                 :        0        2         2 
	   Disk (KB)            :  2673884   750000   2333390 
	   Memory (MB)          :     1291     1500      1536 

	Job terminated of its own accord at 2021-08-27T16:53:13Z.
...
005 (4359.006.000) 2021-08-27 09:53:25 Job terminated.
	(1) Normal termination (return value -1)
		Usr 0 04:11:04, Sys 0 00:04:04  -  Run Remote Usage
		Usr 0 00:00:00, Sys 0 00:00:00  -  Run Local Usage
		Usr 0 04:11:04, Sys 0 00:04:04  -  Total Remote Usage
		Usr 0 00:00:00, Sys 0 00:00:00  -  Total Local Usage
	0  -  Run Bytes Sent By Job
	661408064  -  Run Bytes Received By Job
	0  -  Total Bytes Sent By Job
	661408064  -  Total Bytes Received By Job
	Partitionable Resources :    Usage  Request Allocated 
	   Cpus                 :        0        2         2 
	   Disk (KB)            :  2673878   750000   2333390 
	   Memory (MB)          :     1291     1500      1536 

	Job terminated of its own accord at 2021-08-27T16:53:13Z.
...
005 (4359.013.000) 2021-08-27 09:53:25 Job terminated.
	(1) Normal termination (return value -1)
		Usr 0 04:09:09, Sys 0 00:03:48  -  Run Remote Usage
		Usr 0 00:00:00, Sys 0 00:00:00  -  Run Local Usage
		Usr 0 04:09:09, Sys 0 00:03:48  -  Total Remote Usage
		Usr 0 00:00:00, Sys 0 00:00:00  -  Total Local Usage
	0  -  Run Bytes Sent By Job
	661408064  -  Run Bytes Received By Job
	0  -  Total Bytes Sent By Job
	661408064  -  Total Bytes Received By Job
	Partitionable Resources :    Usage  Request Allocated 
	   Cpus                 :        0        2         2 
	   Disk (KB)            :  2673118   750000   2333390 
	   Memory (MB)          :     1293     1500      1536 

	Job terminated of its own accord at 2021-08-27T16:53:13Z.
...
001 (4359.016.000) 2021-08-27 09:54:51 Job executing on host: <192.168.137.8:9618?sock=startd_17636_113e>
...
001 (4359.017.000) 2021-08-27 09:54:51 Job executing on host: <192.168.137.8:9618?sock=startd_17636_113e>
...
001 (4359.018.000) 2021-08-27 09:54:51 Job executing on host: <192.168.137.8:9618?sock=startd_17636_113e>
...
001 (4359.014.000) 2021-08-27 09:54:52 Job executing on host: <192.168.137.8:9618?sock=startd_17636_113e>
...
001 (4359.022.000) 2021-08-27 09:54:52 Job executing on host: <192.168.137.8:9618?sock=startd_17636_113e>
...
001 (4359.020.000) 2021-08-27 09:54:52 Job executing on host: <192.168.137.8:9618?sock=startd_17636_113e>
...
001 (4359.019.000) 2021-08-27 09:54:52 Job executing on host: <192.168.137.8:9618?sock=startd_17636_113e>
...
001 (4359.021.000) 2021-08-27 09:54:52 Job executing on host: <192.168.137.8:9618?sock=startd_17636_113e>
...
001 (4359.015.000) 2021-08-27 09:54:53 Job executing on host: <192.168.137.8:9618?sock=startd_17636_113e>
...
006 (4359.014.000) 2021-08-27 09:55:00 Image size of job updated: 20780
	21  -  MemoryUsage of job (MB)
	20780  -  ResidentSetSize of job (KB)
...
006 (4359.019.000) 2021-08-27 09:55:00 Image size of job updated: 20772
	21  -  MemoryUsage of job (MB)
	20772  -  ResidentSetSize of job (KB)
...
006 (4359.022.000) 2021-08-27 09:55:00 Image size of job updated: 20760
	21  -  MemoryUsage of job (MB)
	20760  -  ResidentSetSize of job (KB)
...
006 (4359.020.000) 2021-08-27 09:55:00 Image size of job updated: 20796
	21  -  MemoryUsage of job (MB)
	20796  -  ResidentSetSize of job (KB)
...
006 (4359.016.000) 2021-08-27 09:55:00 Image size of job updated: 20796
	21  -  MemoryUsage of job (MB)
	20796  -  ResidentSetSize of job (KB)
...
006 (4359.018.000) 2021-08-27 09:55:00 Image size of job updated: 20780
	21  -  MemoryUsage of job (MB)
	20780  -  ResidentSetSize of job (KB)
...
006 (4359.021.000) 2021-08-27 09:55:01 Image size of job updated: 20772
	21  -  MemoryUsage of job (MB)
	20772  -  ResidentSetSize of job (KB)
...
006 (4359.015.000) 2021-08-27 09:55:01 Image size of job updated: 20776
	21  -  MemoryUsage of job (MB)
	20776  -  ResidentSetSize of job (KB)
...
006 (4359.017.000) 2021-08-27 09:55:09 Image size of job updated: 20788
	21  -  MemoryUsage of job (MB)
	20788  -  ResidentSetSize of job (KB)
...
001 (4359.024.000) 2021-08-27 09:55:13 Job executing on host: <192.168.137.8:9618?sock=startd_17636_113e>
...
001 (4359.023.000) 2021-08-27 09:55:13 Job executing on host: <192.168.137.8:9618?sock=startd_17636_113e>
...
006 (4359.023.000) 2021-08-27 09:55:21 Image size of job updated: 20744
	21  -  MemoryUsage of job (MB)
	20744  -  ResidentSetSize of job (KB)
...
006 (4359.024.000) 2021-08-27 09:55:27 Image size of job updated: 20720
	21  -  MemoryUsage of job (MB)
	20720  -  ResidentSetSize of job (KB)
...
006 (4359.019.000) 2021-08-27 10:00:00 Image size of job updated: 21464
	21  -  MemoryUsage of job (MB)
	21464  -  ResidentSetSize of job (KB)
...
006 (4359.022.000) 2021-08-27 10:00:02 Image size of job updated: 21440
	21  -  MemoryUsage of job (MB)
	21440  -  ResidentSetSize of job (KB)
...
006 (4359.014.000) 2021-08-27 10:00:02 Image size of job updated: 21448
	21  -  MemoryUsage of job (MB)
	21448  -  ResidentSetSize of job (KB)
...
006 (4359.020.000) 2021-08-27 10:00:03 Image size of job updated: 21464
	21  -  MemoryUsage of job (MB)
	21464  -  ResidentSetSize of job (KB)
...
006 (4359.015.000) 2021-08-27 10:00:03 Image size of job updated: 21448
	21  -  MemoryUsage of job (MB)
	21448  -  ResidentSetSize of job (KB)
...
006 (4359.018.000) 2021-08-27 10:00:04 Image size of job updated: 21460
	21  -  MemoryUsage of job (MB)
	21460  -  ResidentSetSize of job (KB)
...
006 (4359.017.000) 2021-08-27 10:00:04 Image size of job updated: 21392
	21  -  MemoryUsage of job (MB)
	21392  -  ResidentSetSize of job (KB)
...
006 (4359.021.000) 2021-08-27 10:00:05 Image size of job updated: 21476
	21  -  MemoryUsage of job (MB)
	21476  -  ResidentSetSize of job (KB)
...
006 (4359.016.000) 2021-08-27 10:00:05 Image size of job updated: 21488
	21  -  MemoryUsage of job (MB)
	21488  -  ResidentSetSize of job (KB)
...
006 (4359.023.000) 2021-08-27 10:00:22 Image size of job updated: 21440
	21  -  MemoryUsage of job (MB)
	21440  -  ResidentSetSize of job (KB)
...
006 (4359.024.000) 2021-08-27 10:00:22 Image size of job updated: 21420
	21  -  MemoryUsage of job (MB)
	21420  -  ResidentSetSize of job (KB)
...
006 (4359.022.000) 2021-08-27 10:05:02 Image size of job updated: 21476
	21  -  MemoryUsage of job (MB)
	21476  -  ResidentSetSize of job (KB)
...
006 (4359.014.000) 2021-08-27 10:05:03 Image size of job updated: 21476
	21  -  MemoryUsage of job (MB)
	21476  -  ResidentSetSize of job (KB)
...
006 (4359.020.000) 2021-08-27 10:05:04 Image size of job updated: 21496
	21  -  MemoryUsage of job (MB)
	21496  -  ResidentSetSize of job (KB)
...
006 (4359.015.000) 2021-08-27 10:05:04 Image size of job updated: 21484
	21  -  MemoryUsage of job (MB)
	21484  -  ResidentSetSize of job (KB)
...
006 (4359.018.000) 2021-08-27 10:05:05 Image size of job updated: 21472
	21  -  MemoryUsage of job (MB)
	21472  -  ResidentSetSize of job (KB)
...
006 (4359.021.000) 2021-08-27 10:05:05 Image size of job updated: 21480
	21  -  MemoryUsage of job (MB)
	21480  -  ResidentSetSize of job (KB)
...
006 (4359.016.000) 2021-08-27 10:05:05 Image size of job updated: 21492
	21  -  MemoryUsage of job (MB)
	21492  -  ResidentSetSize of job (KB)
...
006 (4359.019.000) 2021-08-27 10:15:01 Image size of job updated: 21556
	22  -  MemoryUsage of job (MB)
	21556  -  ResidentSetSize of job (KB)
...
006 (4359.022.000) 2021-08-27 10:15:03 Image size of job updated: 21564
	22  -  MemoryUsage of job (MB)
	21564  -  ResidentSetSize of job (KB)
...
006 (4359.014.000) 2021-08-27 10:15:05 Image size of job updated: 21564
	22  -  MemoryUsage of job (MB)
	21564  -  ResidentSetSize of job (KB)
...
006 (4359.020.000) 2021-08-27 10:15:05 Image size of job updated: 21572
	22  -  MemoryUsage of job (MB)
	21572  -  ResidentSetSize of job (KB)
...
006 (4359.015.000) 2021-08-27 10:15:05 Image size of job updated: 21576
	22  -  MemoryUsage of job (MB)
	21576  -  ResidentSetSize of job (KB)
...
006 (4359.018.000) 2021-08-27 10:15:06 Image size of job updated: 21556
	22  -  MemoryUsage of job (MB)
	21556  -  ResidentSetSize of job (KB)
...
006 (4359.017.000) 2021-08-27 10:15:06 Image size of job updated: 21488
	21  -  MemoryUsage of job (MB)
	21488  -  ResidentSetSize of job (KB)
...
006 (4359.021.000) 2021-08-27 10:15:06 Image size of job updated: 21568
	22  -  MemoryUsage of job (MB)
	21568  -  ResidentSetSize of job (KB)
...
006 (4359.016.000) 2021-08-27 10:15:07 Image size of job updated: 21576
	22  -  MemoryUsage of job (MB)
	21576  -  ResidentSetSize of job (KB)
...
006 (4359.023.000) 2021-08-27 10:15:23 Image size of job updated: 21528
	22  -  MemoryUsage of job (MB)
	21528  -  ResidentSetSize of job (KB)
...
006 (4359.024.000) 2021-08-27 10:15:25 Image size of job updated: 21512
	22  -  MemoryUsage of job (MB)
	21512  -  ResidentSetSize of job (KB)
...
