time,elapsed_seconds,message
13:57:50,7.21e-05,PEST++ performance logger started
13:57:50,0.000652,starting to process control file
13:57:50,0.004729,finished processing control file
13:57:50,0.0251764,loading parcov
13:57:51,0.0101507,beginning iteration 1
13:57:51,0.000154,commencing to build jacobian parameter sets
13:57:51,0.0380939,jacobian parameter sets built, commencing model runs
15:20:00,4929.44,jacobian runs complete, processing runs
15:20:00,0.0377321,processing jacobian runs complete
15:20:00,3.8e-05,saving jacobian and sen files
15:20:00,0.0075651,commencing calculation of upgrade vector
15:20:00,0.0015976,forming JtQJ matrix
15:20:00,0.0039041,commencing to scale JtQJ matrix- first SVD...
15:20:00,3.51e-05,starting REDSVD
15:20:01,0.4866,retrieving REDSVD components
15:20:01,0.0039987,triming REDSVD components to 115elements
15:20:01,0.002177,done REDSVD
15:20:01,0.0310581,S info: rows = 317: cols = 317: size = 100489: nonzeros = 283
15:20:01,4.77e-05,JS
15:20:01,0.0003878,JS.transpose() * q_mat * JS + lambda * S.transpose() * S
15:20:01,0.0075331,S info: rows = 317: cols = 317: size = 100489: nonzeros = 283
15:20:01,4.56e-05,commencing SVD factorization of lambda-scaled JtQJ
15:20:01,2.12e-05,starting REDSVD
15:20:01,0.4855,retrieving REDSVD components
15:20:01,0.0048062,triming REDSVD components to 95elements
15:20:01,0.0022031,done REDSVD
15:20:01,0.0003735,SVD factorization complete
15:20:01,0.057016,commencing linear algebra multiplication to compute ugrade
15:20:01,3.57e-05,S info: rows = 317: cols = 317: size = 100489: nonzeros = 283Vt info: rows = 95: cols = 317: size = 30115: nonzeros = 26885
15:20:01,2.58e-05,U info: rows = 317: cols = 95: size = 30115: nonzeros = 26885
15:20:01,2.39e-05,jac info: rows = 178: cols = 317: size = 56426: nonzeros = 3674
15:20:01,0.075072,linear algebra multiplication to compute ugrade complete
15:20:01,0.0013631,commencing check of parameter bounds and gradients
15:20:01,0.0032445,beginning upgrade vector calculations, lambda = 0.1
15:20:01,0.0001895,commencing calculation of upgrade vector
15:20:01,0.0024781,forming JtQJ matrix
15:20:01,0.0062932,commencing to scale JtQJ matrix- first SVD...
15:20:01,3.7e-05,starting REDSVD
15:20:02,0.487747,retrieving REDSVD components
15:20:02,0.0040189,triming REDSVD components to 114elements
15:20:02,0.0021322,done REDSVD
15:20:02,0.0297019,S info: rows = 314: cols = 314: size = 98596: nonzeros = 280
15:20:02,4.71e-05,JS
15:20:02,0.0003256,JS.transpose() * q_mat * JS + lambda * S.transpose() * S
15:20:02,0.0070844,S info: rows = 314: cols = 314: size = 98596: nonzeros = 280
15:20:02,4.34e-05,commencing SVD factorization of lambda-scaled JtQJ
15:20:02,2.1e-05,starting REDSVD
15:20:02,0.550284,retrieving REDSVD components
15:20:02,0.0055186,triming REDSVD components to 153elements
15:20:02,0.0036503,done REDSVD
15:20:02,0.0004175,SVD factorization complete
15:20:02,0.0883376,commencing linear algebra multiplication to compute ugrade
15:20:02,3.37e-05,S info: rows = 314: cols = 314: size = 98596: nonzeros = 280Vt info: rows = 153: cols = 314: size = 48042: nonzeros = 42840
15:20:02,2.44e-05,U info: rows = 314: cols = 153: size = 48042: nonzeros = 42840
15:20:02,2.34e-05,jac info: rows = 178: cols = 314: size = 55892: nonzeros = 3627
15:20:02,0.0408975,linear algebra multiplication to compute ugrade complete
15:20:02,0.0015398,commencing check of parameter bounds and gradients
15:20:02,0.0001942,commencing calculation of upgrade vector
15:20:02,0.0037413,forming JtQJ matrix
15:20:02,0.0075696,commencing to scale JtQJ matrix- first SVD...
15:20:02,4.54e-05,starting REDSVD
15:20:03,0.442561,retrieving REDSVD components
15:20:03,0.0041282,triming REDSVD components to 115elements
15:20:03,0.0024903,done REDSVD
15:20:03,0.0314662,S info: rows = 313: cols = 313: size = 97969: nonzeros = 279
15:20:03,5.04e-05,JS
15:20:03,0.0003377,JS.transpose() * q_mat * JS + lambda * S.transpose() * S
15:20:03,0.0075915,S info: rows = 313: cols = 313: size = 97969: nonzeros = 279
15:20:03,4.72e-05,commencing SVD factorization of lambda-scaled JtQJ
15:20:03,0.0001423,starting REDSVD
15:20:03,0.452787,retrieving REDSVD components
15:20:03,0.0056152,triming REDSVD components to 153elements
15:20:03,0.0035953,done REDSVD
15:20:03,0.0004723,SVD factorization complete
15:20:03,0.0853742,commencing linear algebra multiplication to compute ugrade
15:20:03,1.75e-05,S info: rows = 313: cols = 313: size = 97969: nonzeros = 279Vt info: rows = 153: cols = 313: size = 47889: nonzeros = 42687
15:20:03,1.28e-05,U info: rows = 313: cols = 153: size = 47889: nonzeros = 42687
15:20:03,1.17e-05,jac info: rows = 178: cols = 313: size = 55714: nonzeros = 3607
15:20:04,0.0909357,linear algebra multiplication to compute ugrade complete
15:20:04,0.0014092,commencing check of parameter bounds
15:20:04,0.000167,limiting out of bounds pars
15:20:04,0.0003593,change limit/bound enforement for lambda 0.1: upper bound,KS_6, scaling factor: 6.91219e-18
15:20:04,0.0014391,checking for denormal floating point values
15:20:04,0.0001099,transforming upgrade pars to model pars
15:20:04,9.8e-05,writing upgrade vector to csv file
15:20:04,0.0045323,beginning upgrade vector calculations, lambda = 1
15:20:04,0.0001763,commencing calculation of upgrade vector
15:20:04,0.0035492,forming JtQJ matrix
15:20:04,0.0072543,commencing to scale JtQJ matrix- first SVD...
15:20:04,4.77e-05,starting REDSVD
15:20:04,0.669716,retrieving REDSVD components
15:20:04,0.0040855,triming REDSVD components to 114elements
15:20:04,0.0021277,done REDSVD
15:20:04,0.0297452,S info: rows = 314: cols = 314: size = 98596: nonzeros = 280
15:20:04,4.81e-05,JS
15:20:04,0.0003512,JS.transpose() * q_mat * JS + lambda * S.transpose() * S
15:20:04,0.0072945,S info: rows = 314: cols = 314: size = 98596: nonzeros = 280
15:20:04,4.83e-05,commencing SVD factorization of lambda-scaled JtQJ
15:20:04,2.27e-05,starting REDSVD
15:20:05,0.674851,retrieving REDSVD components
15:20:05,0.0054272,triming REDSVD components to 172elements
15:20:05,0.0037197,done REDSVD
15:20:05,0.0004666,SVD factorization complete
15:20:05,0.0816414,commencing linear algebra multiplication to compute ugrade
15:20:05,2.55e-05,S info: rows = 314: cols = 314: size = 98596: nonzeros = 280Vt info: rows = 172: cols = 314: size = 54008: nonzeros = 48160
15:20:05,1.26e-05,U info: rows = 314: cols = 172: size = 54008: nonzeros = 48160
15:20:05,1.15e-05,jac info: rows = 178: cols = 314: size = 55892: nonzeros = 3627
15:20:05,0.016655,linear algebra multiplication to compute ugrade complete
15:20:05,0.0013666,commencing check of parameter bounds and gradients
15:20:05,0.0001958,commencing calculation of upgrade vector
15:20:05,0.0036432,forming JtQJ matrix
15:20:05,0.0070073,commencing to scale JtQJ matrix- first SVD...
15:20:05,4.77e-05,starting REDSVD
15:20:06,0.551518,retrieving REDSVD components
15:20:06,0.0041414,triming REDSVD components to 115elements
15:20:06,0.0021347,done REDSVD
15:20:06,0.0306058,S info: rows = 313: cols = 313: size = 97969: nonzeros = 279
15:20:06,4.61e-05,JS
15:20:06,0.0003005,JS.transpose() * q_mat * JS + lambda * S.transpose() * S
15:20:06,0.007242,S info: rows = 313: cols = 313: size = 97969: nonzeros = 279
15:20:06,4.5e-05,commencing SVD factorization of lambda-scaled JtQJ
15:20:06,2.07e-05,starting REDSVD
15:20:06,0.658605,retrieving REDSVD components
15:20:06,0.0055539,triming REDSVD components to 170elements
15:20:06,0.0035596,done REDSVD
15:20:06,0.0004058,SVD factorization complete
15:20:06,0.0719935,commencing linear algebra multiplication to compute ugrade
15:20:06,1.72e-05,S info: rows = 313: cols = 313: size = 97969: nonzeros = 279Vt info: rows = 170: cols = 313: size = 53210: nonzeros = 47430
15:20:06,1.22e-05,U info: rows = 313: cols = 170: size = 53210: nonzeros = 47430
15:20:06,1.15e-05,jac info: rows = 178: cols = 313: size = 55714: nonzeros = 3607
15:20:07,0.0732487,linear algebra multiplication to compute ugrade complete
15:20:07,0.0012606,commencing check of parameter bounds
15:20:07,0.0001601,limiting out of bounds pars
15:20:07,0.0003277,change limit/bound enforement for lambda 1: upper change limit,KS_93, scaling factor: 2.90901e-10
15:20:07,0.0765379,checking for denormal floating point values
15:20:07,4.94e-05,transforming upgrade pars to model pars
15:20:07,4.47e-05,writing upgrade vector to csv file
15:20:07,0.0019689,beginning upgrade vector calculations, lambda = 10
15:20:07,8.84e-05,commencing calculation of upgrade vector
15:20:07,0.0016487,forming JtQJ matrix
15:20:07,0.0037399,commencing to scale JtQJ matrix- first SVD...
15:20:07,2.48e-05,starting REDSVD
15:20:07,0.571691,retrieving REDSVD components
15:20:07,0.0040555,triming REDSVD components to 114elements
15:20:07,0.0022055,done REDSVD
15:20:07,0.0287761,S info: rows = 314: cols = 314: size = 98596: nonzeros = 280
15:20:07,4.69e-05,JS
15:20:07,0.0003291,JS.transpose() * q_mat * JS + lambda * S.transpose() * S
15:20:07,0.0072451,S info: rows = 314: cols = 314: size = 98596: nonzeros = 280
15:20:07,4.44e-05,commencing SVD factorization of lambda-scaled JtQJ
15:20:07,2.02e-05,starting REDSVD
15:20:08,0.754298,retrieving REDSVD components
15:20:08,0.005727,triming REDSVD components to 176elements
15:20:08,0.0037321,done REDSVD
15:20:08,0.0004663,SVD factorization complete
15:20:08,0.0962509,commencing linear algebra multiplication to compute ugrade
15:20:08,1.84e-05,S info: rows = 314: cols = 314: size = 98596: nonzeros = 280Vt info: rows = 176: cols = 314: size = 55264: nonzeros = 49280
15:20:08,1.27e-05,U info: rows = 314: cols = 176: size = 55264: nonzeros = 49280
15:20:08,1.17e-05,jac info: rows = 178: cols = 314: size = 55892: nonzeros = 3627
15:20:08,0.0796931,linear algebra multiplication to compute ugrade complete
15:20:08,0.0013366,commencing check of parameter bounds and gradients
15:20:08,0.0001947,commencing calculation of upgrade vector
15:20:08,0.003404,forming JtQJ matrix
15:20:08,0.0068782,commencing to scale JtQJ matrix- first SVD...
15:20:08,4.56e-05,starting REDSVD
15:20:09,0.520962,retrieving REDSVD components
15:20:09,0.004219,triming REDSVD components to 115elements
15:20:09,0.0022443,done REDSVD
15:20:09,0.0307115,S info: rows = 313: cols = 313: size = 97969: nonzeros = 279
15:20:09,4.98e-05,JS
15:20:09,0.0003186,JS.transpose() * q_mat * JS + lambda * S.transpose() * S
15:20:09,0.0073736,S info: rows = 313: cols = 313: size = 97969: nonzeros = 279
15:20:09,4.57e-05,commencing SVD factorization of lambda-scaled JtQJ
15:20:09,2.15e-05,starting REDSVD
15:20:09,0.689243,retrieving REDSVD components
15:20:09,0.0055753,triming REDSVD components to 171elements
15:20:09,0.0036473,done REDSVD
15:20:09,0.000458,SVD factorization complete
15:20:09,0.0819121,commencing linear algebra multiplication to compute ugrade
15:20:09,1.85e-05,S info: rows = 313: cols = 313: size = 97969: nonzeros = 279Vt info: rows = 171: cols = 313: size = 53523: nonzeros = 47709
15:20:09,1.26e-05,U info: rows = 313: cols = 171: size = 53523: nonzeros = 47709
15:20:09,1.15e-05,jac info: rows = 178: cols = 313: size = 55714: nonzeros = 3607
15:20:10,0.063082,linear algebra multiplication to compute ugrade complete
15:20:10,0.0013683,commencing check of parameter bounds
15:20:10,0.0001608,limiting out of bounds pars
15:20:10,0.0003312,change limit/bound enforement for lambda 10: upper change limit,KS_93, scaling factor: 3.75949e-08
15:20:10,0.0451994,checking for denormal floating point values
15:20:10,5.49e-05,transforming upgrade pars to model pars
15:20:10,4.71e-05,writing upgrade vector to csv file
15:20:10,0.001933,beginning upgrade vector calculations, lambda = 100
15:20:10,9.2e-05,commencing calculation of upgrade vector
15:20:10,0.0016229,forming JtQJ matrix
15:20:10,0.003832,commencing to scale JtQJ matrix- first SVD...
15:20:10,2.54e-05,starting REDSVD
15:20:10,0.587505,retrieving REDSVD components
15:20:10,0.0041885,triming REDSVD components to 114elements
15:20:10,0.0022289,done REDSVD
15:20:10,0.0303456,S info: rows = 314: cols = 314: size = 98596: nonzeros = 280
15:20:10,4.77e-05,JS
15:20:10,0.0003186,JS.transpose() * q_mat * JS + lambda * S.transpose() * S
15:20:10,0.0072712,S info: rows = 314: cols = 314: size = 98596: nonzeros = 280
15:20:10,4.8e-05,commencing SVD factorization of lambda-scaled JtQJ
15:20:10,2.13e-05,starting REDSVD
15:20:11,0.721677,retrieving REDSVD components
15:20:11,0.0054774,triming REDSVD components to 163elements
15:20:11,0.0037214,done REDSVD
15:20:11,0.0004592,SVD factorization complete
15:20:11,0.0881329,commencing linear algebra multiplication to compute ugrade
15:20:11,1.77e-05,S info: rows = 314: cols = 314: size = 98596: nonzeros = 280Vt info: rows = 163: cols = 314: size = 51182: nonzeros = 45640
15:20:11,1.22e-05,U info: rows = 314: cols = 163: size = 51182: nonzeros = 45640
15:20:11,1.16e-05,jac info: rows = 178: cols = 314: size = 55892: nonzeros = 3627
15:20:11,0.0249806,linear algebra multiplication to compute ugrade complete
15:20:11,0.001408,commencing check of parameter bounds and gradients
15:20:11,0.0002109,commencing calculation of upgrade vector
15:20:11,0.0034518,forming JtQJ matrix
15:20:11,0.0073174,commencing to scale JtQJ matrix- first SVD...
15:20:11,4.82e-05,starting REDSVD
15:20:12,0.488024,retrieving REDSVD components
15:20:12,0.002122,triming REDSVD components to 115elements
15:20:12,0.0011217,done REDSVD
15:20:12,0.0126028,S info: rows = 313: cols = 313: size = 97969: nonzeros = 279
15:20:12,2.35e-05,JS
15:20:12,0.0001654,JS.transpose() * q_mat * JS + lambda * S.transpose() * S
15:20:12,0.0035929,S info: rows = 313: cols = 313: size = 97969: nonzeros = 279
15:20:12,2.34e-05,commencing SVD factorization of lambda-scaled JtQJ
15:20:12,1.04e-05,starting REDSVD
15:20:12,0.683403,retrieving REDSVD components
15:20:12,0.0029773,triming REDSVD components to 154elements
15:20:12,0.0018035,done REDSVD
15:20:12,0.0002235,SVD factorization complete
15:20:12,0.0391907,commencing linear algebra multiplication to compute ugrade
15:20:12,1.75e-05,S info: rows = 313: cols = 313: size = 97969: nonzeros = 279Vt info: rows = 154: cols = 313: size = 48202: nonzeros = 42966
15:20:12,1.21e-05,U info: rows = 313: cols = 154: size = 48202: nonzeros = 42966
15:20:12,1.18e-05,jac info: rows = 178: cols = 313: size = 55714: nonzeros = 3607
15:20:12,0.0020669,linear algebra multiplication to compute ugrade complete
15:20:12,0.001129,commencing check of parameter bounds
15:20:12,0.0001575,limiting out of bounds pars
15:20:12,0.0002992,change limit/bound enforement for lambda 100: ,, scaling factor: 1
15:20:12,3.39e-05,checking for denormal floating point values
15:20:12,6.78e-05,transforming upgrade pars to model pars
15:20:12,7.98e-05,writing upgrade vector to csv file
15:20:12,0.0040367,beginning upgrade vector calculations, lambda = 1000
15:20:12,0.0002443,commencing calculation of upgrade vector
15:20:12,0.0035568,forming JtQJ matrix
15:20:12,0.0069673,commencing to scale JtQJ matrix- first SVD...
15:20:12,5.08e-05,starting REDSVD
15:20:13,0.40682,retrieving REDSVD components
15:20:13,0.0040789,triming REDSVD components to 114elements
15:20:13,0.0021767,done REDSVD
15:20:13,0.0292647,S info: rows = 314: cols = 314: size = 98596: nonzeros = 280
15:20:13,4.88e-05,JS
15:20:13,0.0003223,JS.transpose() * q_mat * JS + lambda * S.transpose() * S
15:20:13,0.0070189,S info: rows = 314: cols = 314: size = 98596: nonzeros = 280
15:20:13,4.51e-05,commencing SVD factorization of lambda-scaled JtQJ
15:20:13,2.08e-05,starting REDSVD
15:20:13,0.628836,retrieving REDSVD components
15:20:13,0.0058472,triming REDSVD components to 159elements
15:20:13,0.0035985,done REDSVD
15:20:13,0.0004508,SVD factorization complete
15:20:14,0.0696295,commencing linear algebra multiplication to compute ugrade
15:20:14,1.8e-05,S info: rows = 314: cols = 314: size = 98596: nonzeros = 280Vt info: rows = 159: cols = 314: size = 49926: nonzeros = 44520
15:20:14,1.23e-05,U info: rows = 314: cols = 159: size = 49926: nonzeros = 44520
15:20:14,1.17e-05,jac info: rows = 178: cols = 314: size = 55892: nonzeros = 3627
15:20:14,0.0127314,linear algebra multiplication to compute ugrade complete
15:20:14,0.0014241,commencing check of parameter bounds and gradients
15:20:14,0.0002086,commencing calculation of upgrade vector
15:20:14,0.003481,forming JtQJ matrix
15:20:14,0.0076275,commencing to scale JtQJ matrix- first SVD...
15:20:14,4.71e-05,starting REDSVD
15:20:14,0.426143,retrieving REDSVD components
15:20:14,0.0041001,triming REDSVD components to 115elements
15:20:14,0.002135,done REDSVD
15:20:14,0.0288745,S info: rows = 313: cols = 313: size = 97969: nonzeros = 279
15:20:14,4.76e-05,JS
15:20:14,0.0003084,JS.transpose() * q_mat * JS + lambda * S.transpose() * S
15:20:14,0.007464,S info: rows = 313: cols = 313: size = 97969: nonzeros = 279
15:20:14,4.39e-05,commencing SVD factorization of lambda-scaled JtQJ
15:20:14,2.06e-05,starting REDSVD
15:20:15,0.581727,retrieving REDSVD components
15:20:15,0.0053309,triming REDSVD components to 152elements
15:20:15,0.003521,done REDSVD
15:20:15,0.0004265,SVD factorization complete
15:20:15,0.0857051,commencing linear algebra multiplication to compute ugrade
15:20:15,2.04e-05,S info: rows = 313: cols = 313: size = 97969: nonzeros = 279Vt info: rows = 152: cols = 313: size = 47576: nonzeros = 42408
15:20:15,1.23e-05,U info: rows = 313: cols = 152: size = 47576: nonzeros = 42408
15:20:15,1.15e-05,jac info: rows = 178: cols = 313: size = 55714: nonzeros = 3607
15:20:15,0.0285849,linear algebra multiplication to compute ugrade complete
15:20:15,0.0008936,commencing check of parameter bounds
15:20:15,0.0001251,limiting out of bounds pars
15:20:15,0.0002181,change limit/bound enforement for lambda 1000: ,, scaling factor: 1
15:20:15,2.56e-05,checking for denormal floating point values
15:20:15,5.29e-05,transforming upgrade pars to model pars
15:20:15,5.79e-05,writing upgrade vector to csv file
15:20:15,0.0043597,LinearAnalysis::glm_iter_fosm
15:20:15,4.59e-05,starting FOSM uncertainty analyses for iteration 0
15:20:15,0.0041728,loading obscov
15:20:15,8.46e-05,loading parcov
15:20:15,0.0001844,setting predictions
15:20:15,3.32e-05,set_predictions
15:20:15,0.0001001,extracting prediction BSFLO_10 from jacobian
15:20:15,0.0013291,Prediction BSFLO_10 has no non-zero entries in jacobian row/
15:20:15,5.88e-05,extracting prediction BSFLO_11 from jacobian
15:20:15,0.0013569,Prediction BSFLO_11 has no non-zero entries in jacobian row/
15:20:15,5.27e-05,extracting prediction BSFLO_12 from jacobian
15:20:15,0.0017,Prediction BSFLO_12 has no non-zero entries in jacobian row/
15:20:15,6.14e-05,extracting prediction BSFLO_14 from jacobian
15:20:15,0.0016799,Prediction BSFLO_14 has no non-zero entries in jacobian row/
15:20:15,6.35e-05,extracting prediction BSFLO_15 from jacobian
15:20:15,0.0016791,Prediction BSFLO_15 has no non-zero entries in jacobian row/
15:20:15,6.63e-05,extracting prediction BSFLO_17 from jacobian
15:20:15,0.0016947,Prediction BSFLO_17 has no non-zero entries in jacobian row/
15:20:15,5.73e-05,extracting prediction BSFLO_19 from jacobian
15:20:15,0.0017092,Prediction BSFLO_19 has no non-zero entries in jacobian row/
15:20:15,6.04e-05,extracting prediction BSFLO_20 from jacobian
15:20:15,0.0017547,extracting prediction BSFLO_3 from jacobian
15:20:15,0.0016887,Prediction BSFLO_3 has no non-zero entries in jacobian row/
15:20:15,6.58e-05,extracting prediction BSFLO_4 from jacobian
15:20:15,0.0017184,Prediction BSFLO_4 has no non-zero entries in jacobian row/
15:20:15,5.47e-05,extracting prediction BSFLO_7 from jacobian
15:20:15,0.0017041,Prediction BSFLO_7 has no non-zero entries in jacobian row/
15:20:15,5.06e-05,extracting prediction BSFLO_8 from jacobian
15:20:15,0.0016682,Prediction BSFLO_8 has no non-zero entries in jacobian row/
15:20:15,5.01e-05,extracting prediction BSFLO_9 from jacobian
15:20:15,0.0016954,Prediction BSFLO_9 has no non-zero entries in jacobian row/
15:20:15,5.27e-05,extracting prediction GFLO_1 from jacobian
15:20:15,0.0017368,extracting prediction GFLO_10 from jacobian
15:20:15,0.0017287,Prediction GFLO_10 has no non-zero entries in jacobian row/
15:20:15,4.87e-05,extracting prediction GFLO_11 from jacobian
15:20:15,0.0016451,Prediction GFLO_11 has no non-zero entries in jacobian row/
15:20:15,4.78e-05,extracting prediction GFLO_12 from jacobian
15:20:15,0.001732,Prediction GFLO_12 has no non-zero entries in jacobian row/
15:20:15,5.81e-05,extracting prediction GFLO_13 from jacobian
15:20:15,0.0017109,extracting prediction GFLO_14 from jacobian
15:20:15,0.0016777,Prediction GFLO_14 has no non-zero entries in jacobian row/
15:20:15,4.52e-05,extracting prediction GFLO_15 from jacobian
15:20:15,0.0017353,extracting prediction GFLO_16 from jacobian
15:20:15,0.0016522,extracting prediction GFLO_17 from jacobian
15:20:15,0.001701,Prediction GFLO_17 has no non-zero entries in jacobian row/
15:20:15,5.04e-05,extracting prediction GFLO_18 from jacobian
15:20:15,0.0016534,extracting prediction GFLO_19 from jacobian
15:20:15,0.0016008,Prediction GFLO_19 has no non-zero entries in jacobian row/
15:20:15,4.79e-05,extracting prediction GFLO_2 from jacobian
15:20:15,0.0016668,extracting prediction GFLO_20 from jacobian
15:20:15,0.0017041,extracting prediction GFLO_3 from jacobian
15:20:15,0.0016384,extracting prediction GFLO_4 from jacobian
15:20:15,0.001698,Prediction GFLO_4 has no non-zero entries in jacobian row/
15:20:15,4.86e-05,extracting prediction GFLO_5 from jacobian
15:20:15,0.0016418,extracting prediction GFLO_6 from jacobian
15:20:15,0.0016241,extracting prediction GFLO_7 from jacobian
15:20:15,0.001715,Prediction GFLO_7 has no non-zero entries in jacobian row/
15:20:15,6.05e-05,extracting prediction GFLO_8 from jacobian
15:20:15,0.0015749,Prediction GFLO_8 has no non-zero entries in jacobian row/
15:20:15,4.61e-05,extracting prediction GFLO_9 from jacobian
15:20:15,0.0016483,Prediction GFLO_9 has no non-zero entries in jacobian row/
15:20:15,4.46e-05,extracting prediction PMPCHG from jacobian
15:20:15,0.0017197,parameter fosm calcs
15:20:15,4.65e-05,LinearAnalysis::calc_posterior
15:20:15,2.11e-05,LinearAnalysis::align
15:20:15,0.0011059,LinearAnalysis::prior_prediction_variance()::invert obscov
15:20:15,2.89e-05,inverting diagonal matrix in place
15:20:15,3.71e-05,LinearAnalysis::calc_posterior() form JtQJ
15:20:15,0.009,LinearAnalysis::calc_posterior() invert prior parcov
15:20:15,0.0001587,LinearAnalysis::calc_posterior() form posterior parcov
15:20:15,0.0039678,LinearAnalysis::calc_posterior() invert posterior parcov
15:20:15,4.39e-05,inverting non-diagonal matrix in place
15:20:15,0.261585,forecast FOSM calcs
15:20:15,0.0004507,LinearAnalysis::prior_prediction_variance
15:20:15,0.0002374,LinearAnalysis::prior_prediction_variance
15:27:49,454.318,completed iteration 1
15:27:49,0.0349194,beginning iteration 2
15:27:49,0.0001107,commencing to build jacobian parameter sets
15:27:49,0.0379153,jacobian parameter sets built, commencing model runs
16:53:19,5129.4,jacobian runs complete, processing runs
16:53:19,0.0379247,processing jacobian runs complete
16:53:19,3.33e-05,saving jacobian and sen files
16:53:19,0.0095845,commencing calculation of upgrade vector
16:53:19,0.0026653,forming JtQJ matrix
16:53:19,0.0073076,commencing to scale JtQJ matrix- first SVD...
16:53:19,2.8e-05,starting REDSVD
16:53:19,0.359003,retrieving REDSVD components
16:53:19,0.0036712,triming REDSVD components to 112elements
16:53:19,0.0010057,done REDSVD
16:53:19,0.0339666,S info: rows = 302: cols = 302: size = 91204: nonzeros = 302
16:53:19,4.72e-05,JS
16:53:19,0.0005892,JS.transpose() * q_mat * JS + lambda * S.transpose() * S
16:53:19,0.0109341,S info: rows = 302: cols = 302: size = 91204: nonzeros = 302
16:53:19,4.94e-05,commencing SVD factorization of lambda-scaled JtQJ
16:53:19,2.09e-05,starting REDSVD
16:53:19,0.164904,retrieving REDSVD components
16:53:19,0.0037187,triming REDSVD components to 74elements
16:53:19,0.000901,done REDSVD
16:53:19,0.0008325,SVD factorization complete
16:53:20,0.0433524,commencing linear algebra multiplication to compute ugrade
16:53:20,3.31e-05,S info: rows = 302: cols = 302: size = 91204: nonzeros = 302Vt info: rows = 74: cols = 302: size = 22348: nonzeros = 22348
16:53:20,2.84e-05,U info: rows = 302: cols = 74: size = 22348: nonzeros = 22348
16:53:20,2.54e-05,jac info: rows = 178: cols = 302: size = 53756: nonzeros = 8542
16:53:20,0.0049654,linear algebra multiplication to compute ugrade complete
16:53:20,0.0012686,commencing check of parameter bounds and gradients
16:53:20,0.0036977,beginning upgrade vector calculations, lambda = 0.1
16:53:20,0.0002631,commencing calculation of upgrade vector
16:53:20,0.0059561,forming JtQJ matrix
16:53:20,0.0124816,commencing to scale JtQJ matrix- first SVD...
16:53:20,4.95e-05,starting REDSVD
16:53:20,0.146711,retrieving REDSVD components
16:53:20,0.0037573,triming REDSVD components to 111elements
16:53:20,0.0013468,done REDSVD
16:53:20,0.0315702,S info: rows = 298: cols = 298: size = 88804: nonzeros = 298
16:53:20,4.6e-05,JS
16:53:20,0.0005847,JS.transpose() * q_mat * JS + lambda * S.transpose() * S
16:53:20,0.0124119,S info: rows = 298: cols = 298: size = 88804: nonzeros = 298
16:53:20,4.73e-05,commencing SVD factorization of lambda-scaled JtQJ
16:53:20,2.07e-05,starting REDSVD
16:53:21,0.816532,retrieving REDSVD components
16:53:21,0.0069832,triming REDSVD components to 134elements
16:53:21,0.0030226,done REDSVD
16:53:21,0.0007432,SVD factorization complete
16:53:21,0.0755319,commencing linear algebra multiplication to compute ugrade
16:53:21,3.54e-05,S info: rows = 298: cols = 298: size = 88804: nonzeros = 298Vt info: rows = 134: cols = 298: size = 39932: nonzeros = 39932
16:53:21,2.56e-05,U info: rows = 298: cols = 134: size = 39932: nonzeros = 39932
16:53:21,2.54e-05,jac info: rows = 178: cols = 298: size = 53044: nonzeros = 8407
16:53:21,0.0012037,linear algebra multiplication to compute ugrade complete
16:53:21,0.001578,commencing check of parameter bounds and gradients
16:53:21,0.0001945,commencing calculation of upgrade vector
16:53:21,0.0052847,forming JtQJ matrix
16:53:21,0.0116028,commencing to scale JtQJ matrix- first SVD...
16:53:21,4.74e-05,starting REDSVD
16:53:21,0.150498,retrieving REDSVD components
16:53:21,0.0037543,triming REDSVD components to 111elements
16:53:21,0.0009869,done REDSVD
16:53:21,0.0328978,S info: rows = 298: cols = 298: size = 88804: nonzeros = 298
16:53:21,4.64e-05,JS
16:53:21,0.0006353,JS.transpose() * q_mat * JS + lambda * S.transpose() * S
16:53:21,0.0124865,S info: rows = 298: cols = 298: size = 88804: nonzeros = 298
16:53:21,4.69e-05,commencing SVD factorization of lambda-scaled JtQJ
16:53:21,2.07e-05,starting REDSVD
16:53:21,0.540525,retrieving REDSVD components
16:53:21,0.0071373,triming REDSVD components to 134elements
16:53:21,0.0025933,done REDSVD
16:53:21,0.0003959,SVD factorization complete
16:53:22,0.0763084,commencing linear algebra multiplication to compute ugrade
16:53:22,3.56e-05,S info: rows = 298: cols = 298: size = 88804: nonzeros = 298Vt info: rows = 134: cols = 298: size = 39932: nonzeros = 39932
16:53:22,2.58e-05,U info: rows = 298: cols = 134: size = 39932: nonzeros = 39932
16:53:22,2.48e-05,jac info: rows = 178: cols = 298: size = 53044: nonzeros = 8407
16:53:22,0.001245,linear algebra multiplication to compute ugrade complete
16:53:22,0.001648,commencing check of parameter bounds
16:53:22,0.000169,limiting out of bounds pars
16:53:22,0.0003598,change limit/bound enforement for lambda 0.1: upper change limit,SURFK_1_2, scaling factor: 2.36665e-15
16:53:22,0.0016091,checking for denormal floating point values
16:53:22,8.02e-05,transforming upgrade pars to model pars
16:53:22,8.62e-05,writing upgrade vector to csv file
16:53:22,0.0049319,beginning upgrade vector calculations, lambda = 1
16:53:22,0.000175,commencing calculation of upgrade vector
16:53:22,0.0060068,forming JtQJ matrix
16:53:22,0.0127034,commencing to scale JtQJ matrix- first SVD...
16:53:22,4.91e-05,starting REDSVD
16:53:22,0.151146,retrieving REDSVD components
16:53:22,0.002826,triming REDSVD components to 111elements
16:53:22,0.0013646,done REDSVD
16:53:22,0.0333144,S info: rows = 298: cols = 298: size = 88804: nonzeros = 298
16:53:22,5.16e-05,JS
16:53:22,0.0005807,JS.transpose() * q_mat * JS + lambda * S.transpose() * S
16:53:22,0.0126001,S info: rows = 298: cols = 298: size = 88804: nonzeros = 298
16:53:22,4.6e-05,commencing SVD factorization of lambda-scaled JtQJ
16:53:22,2.15e-05,starting REDSVD
16:53:22,0.642243,retrieving REDSVD components
16:53:22,0.0066808,triming REDSVD components to 166elements
16:53:22,0.0018744,done REDSVD
16:53:22,0.000851,SVD factorization complete
16:53:22,0.0920585,commencing linear algebra multiplication to compute ugrade
16:53:22,1.8e-05,S info: rows = 298: cols = 298: size = 88804: nonzeros = 298Vt info: rows = 166: cols = 298: size = 49468: nonzeros = 49468
16:53:22,1.22e-05,U info: rows = 298: cols = 166: size = 49468: nonzeros = 49468
16:53:22,1.17e-05,jac info: rows = 178: cols = 298: size = 53044: nonzeros = 8407
16:53:22,0.003385,linear algebra multiplication to compute ugrade complete
16:53:22,0.001544,commencing check of parameter bounds and gradients
16:53:22,0.0001896,commencing calculation of upgrade vector
16:53:22,0.0054082,forming JtQJ matrix
16:53:23,0.0126851,commencing to scale JtQJ matrix- first SVD...
16:53:23,4.85e-05,starting REDSVD
16:53:23,0.232146,retrieving REDSVD components
16:53:23,0.0038825,triming REDSVD components to 111elements
16:53:23,0.0011039,done REDSVD
16:53:23,0.0316627,S info: rows = 298: cols = 298: size = 88804: nonzeros = 298
16:53:23,4.81e-05,JS
16:53:23,0.0005907,JS.transpose() * q_mat * JS + lambda * S.transpose() * S
16:53:23,0.0125313,S info: rows = 298: cols = 298: size = 88804: nonzeros = 298
16:53:23,4.7e-05,commencing SVD factorization of lambda-scaled JtQJ
16:53:23,2.15e-05,starting REDSVD
16:53:23,0.556414,retrieving REDSVD components
16:53:23,0.0069245,triming REDSVD components to 166elements
16:53:23,0.0043415,done REDSVD
16:53:23,0.0004228,SVD factorization complete
16:53:23,0.0934048,commencing linear algebra multiplication to compute ugrade
16:53:23,1.88e-05,S info: rows = 298: cols = 298: size = 88804: nonzeros = 298Vt info: rows = 166: cols = 298: size = 49468: nonzeros = 49468
16:53:23,1.25e-05,U info: rows = 298: cols = 166: size = 49468: nonzeros = 49468
16:53:23,1.18e-05,jac info: rows = 178: cols = 298: size = 53044: nonzeros = 8407
16:53:23,0.005346,linear algebra multiplication to compute ugrade complete
16:53:23,0.0017413,commencing check of parameter bounds
16:53:23,0.0001754,limiting out of bounds pars
16:53:23,0.0003324,change limit/bound enforement for lambda 1: upper change limit,KS_93, scaling factor: 7.5595e-10
16:53:23,0.0020742,checking for denormal floating point values
16:53:23,0.0001121,transforming upgrade pars to model pars
16:53:23,0.0001007,writing upgrade vector to csv file
16:53:23,0.0055848,beginning upgrade vector calculations, lambda = 10
16:53:23,0.0007362,commencing calculation of upgrade vector
16:53:23,0.0057708,forming JtQJ matrix
16:53:23,0.0110503,commencing to scale JtQJ matrix- first SVD...
16:53:23,5.8e-05,starting REDSVD
16:53:24,0.157985,retrieving REDSVD components
16:53:24,0.0038633,triming REDSVD components to 111elements
16:53:24,0.0011113,done REDSVD
16:53:24,0.0317138,S info: rows = 298: cols = 298: size = 88804: nonzeros = 298
16:53:24,5.41e-05,JS
16:53:24,0.0005861,JS.transpose() * q_mat * JS + lambda * S.transpose() * S
16:53:24,0.0111109,S info: rows = 298: cols = 298: size = 88804: nonzeros = 298
16:53:24,5.22e-05,commencing SVD factorization of lambda-scaled JtQJ
16:53:24,2.4e-05,starting REDSVD
16:53:24,0.580106,retrieving REDSVD components
16:53:24,0.0068424,triming REDSVD components to 192elements
16:53:24,0.003016,done REDSVD
16:53:24,0.0004293,SVD factorization complete
16:53:24,0.0999986,commencing linear algebra multiplication to compute ugrade
16:53:24,1.97e-05,S info: rows = 298: cols = 298: size = 88804: nonzeros = 298Vt info: rows = 192: cols = 298: size = 57216: nonzeros = 57216
16:53:24,1.35e-05,U info: rows = 298: cols = 192: size = 57216: nonzeros = 57216
16:53:24,1.26e-05,jac info: rows = 178: cols = 298: size = 53044: nonzeros = 8407
16:53:24,0.0375997,linear algebra multiplication to compute ugrade complete
16:53:24,0.0018443,commencing check of parameter bounds and gradients
16:53:24,0.0002096,commencing calculation of upgrade vector
16:53:24,0.0052894,forming JtQJ matrix
16:53:24,0.0124963,commencing to scale JtQJ matrix- first SVD...
16:53:24,5.98e-05,starting REDSVD
16:53:25,0.601014,retrieving REDSVD components
16:53:25,0.0032638,triming REDSVD components to 111elements
16:53:25,0.0014897,done REDSVD
16:53:25,0.0342699,S info: rows = 298: cols = 298: size = 88804: nonzeros = 298
16:53:25,5.78e-05,JS
16:53:25,0.0006065,JS.transpose() * q_mat * JS + lambda * S.transpose() * S
16:53:25,0.01117,S info: rows = 298: cols = 298: size = 88804: nonzeros = 298
16:53:25,7.93e-05,commencing SVD factorization of lambda-scaled JtQJ
16:53:25,6.12e-05,starting REDSVD
16:53:26,0.619034,retrieving REDSVD components
16:53:26,0.0076997,triming REDSVD components to 192elements
16:53:26,0.0022031,done REDSVD
16:53:26,0.0009427,SVD factorization complete
16:53:26,0.098083,commencing linear algebra multiplication to compute ugrade
16:53:26,2.05e-05,S info: rows = 298: cols = 298: size = 88804: nonzeros = 298Vt info: rows = 192: cols = 298: size = 57216: nonzeros = 57216
16:53:26,1.29e-05,U info: rows = 298: cols = 192: size = 57216: nonzeros = 57216
16:53:26,1.18e-05,jac info: rows = 178: cols = 298: size = 53044: nonzeros = 8407
16:53:26,0.0009894,linear algebra multiplication to compute ugrade complete
16:53:26,0.0017415,commencing check of parameter bounds
16:53:26,0.0001786,limiting out of bounds pars
16:53:26,0.0003221,change limit/bound enforement for lambda 10: upper change limit,KS_93, scaling factor: 3.64996e-08
16:53:26,0.0029649,checking for denormal floating point values
16:53:26,0.000119,transforming upgrade pars to model pars
16:53:26,9.91e-05,writing upgrade vector to csv file
16:53:26,0.004837,beginning upgrade vector calculations, lambda = 100
16:53:26,0.0008863,commencing calculation of upgrade vector
16:53:26,0.0054158,forming JtQJ matrix
16:53:26,0.0127031,commencing to scale JtQJ matrix- first SVD...
16:53:26,5.13e-05,starting REDSVD
16:53:26,0.152785,retrieving REDSVD components
16:53:26,0.0027437,triming REDSVD components to 111elements
16:53:26,0.0006124,done REDSVD
16:53:26,0.0318508,S info: rows = 298: cols = 298: size = 88804: nonzeros = 298
16:53:26,5.19e-05,JS
16:53:26,0.0005791,JS.transpose() * q_mat * JS + lambda * S.transpose() * S
16:53:26,0.0136845,S info: rows = 298: cols = 298: size = 88804: nonzeros = 298
16:53:26,4.96e-05,commencing SVD factorization of lambda-scaled JtQJ
16:53:26,2.18e-05,starting REDSVD
16:53:27,0.883929,retrieving REDSVD components
16:53:27,0.0037671,triming REDSVD components to 248elements
16:53:27,0.0013407,done REDSVD
16:53:27,0.0003719,SVD factorization complete
16:53:27,0.061489,commencing linear algebra multiplication to compute ugrade
16:53:27,1.95e-05,S info: rows = 298: cols = 298: size = 88804: nonzeros = 298Vt info: rows = 248: cols = 298: size = 73904: nonzeros = 73904
16:53:27,1.28e-05,U info: rows = 298: cols = 248: size = 73904: nonzeros = 73904
16:53:27,1.25e-05,jac info: rows = 178: cols = 298: size = 53044: nonzeros = 8407
16:53:27,0.0885509,linear algebra multiplication to compute ugrade complete
16:53:27,0.001661,commencing check of parameter bounds and gradients
16:53:27,0.0002033,commencing calculation of upgrade vector
16:53:27,0.0053363,forming JtQJ matrix
16:53:27,0.011264,commencing to scale JtQJ matrix- first SVD...
16:53:27,4.98e-05,starting REDSVD
16:53:27,0.305157,retrieving REDSVD components
16:53:27,0.0038304,triming REDSVD components to 111elements
16:53:27,0.0008186,done REDSVD
16:53:27,0.0321061,S info: rows = 298: cols = 298: size = 88804: nonzeros = 298
16:53:27,4.93e-05,JS
16:53:27,0.0005978,JS.transpose() * q_mat * JS + lambda * S.transpose() * S
16:53:27,0.0130951,S info: rows = 298: cols = 298: size = 88804: nonzeros = 298
16:53:27,4.8e-05,commencing SVD factorization of lambda-scaled JtQJ
16:53:27,2.69e-05,starting REDSVD
16:53:28,0.792771,retrieving REDSVD components
16:53:28,0.0071832,triming REDSVD components to 248elements
16:53:28,0.0041136,done REDSVD
16:53:28,0.0004258,SVD factorization complete
16:53:28,0.110349,commencing linear algebra multiplication to compute ugrade
16:53:28,2.37e-05,S info: rows = 298: cols = 298: size = 88804: nonzeros = 298Vt info: rows = 248: cols = 298: size = 73904: nonzeros = 73904
16:53:28,1.28e-05,U info: rows = 298: cols = 248: size = 73904: nonzeros = 73904
16:53:28,1.19e-05,jac info: rows = 178: cols = 298: size = 53044: nonzeros = 8407
16:53:28,0.0604018,linear algebra multiplication to compute ugrade complete
16:53:28,0.0016405,commencing check of parameter bounds
16:53:28,0.0002091,limiting out of bounds pars
16:53:28,0.0002701,change limit/bound enforement for lambda 100: upper bound,KS_23, scaling factor: 0.849156
16:53:28,5.36e-05,checking for denormal floating point values
16:53:28,8.36e-05,transforming upgrade pars to model pars
16:53:28,9.04e-05,writing upgrade vector to csv file
16:53:28,0.0038857,beginning upgrade vector calculations, lambda = 1000
16:53:28,0.0014729,commencing calculation of upgrade vector
16:53:28,0.0053608,forming JtQJ matrix
16:53:28,0.0112204,commencing to scale JtQJ matrix- first SVD...
16:53:28,4.84e-05,starting REDSVD
16:53:29,0.21104,retrieving REDSVD components
16:53:29,0.0042669,triming REDSVD components to 111elements
16:53:29,0.0008921,done REDSVD
16:53:29,0.0369741,S info: rows = 298: cols = 298: size = 88804: nonzeros = 298
16:53:29,5.7e-05,JS
16:53:29,0.0005423,JS.transpose() * q_mat * JS + lambda * S.transpose() * S
16:53:29,0.0102261,S info: rows = 298: cols = 298: size = 88804: nonzeros = 298
16:53:29,4.89e-05,commencing SVD factorization of lambda-scaled JtQJ
16:53:29,2.21e-05,starting REDSVD
16:53:30,1.0039,retrieving REDSVD components
16:53:30,0.328444,triming REDSVD components to 245elements
16:53:30,0.0008879,done REDSVD
16:53:30,0.0004337,SVD factorization complete
16:53:30,0.0604846,commencing linear algebra multiplication to compute ugrade
16:53:30,1.95e-05,S info: rows = 298: cols = 298: size = 88804: nonzeros = 298Vt info: rows = 245: cols = 298: size = 73010: nonzeros = 73010
16:53:30,1.33e-05,U info: rows = 298: cols = 245: size = 73010: nonzeros = 73010
16:53:30,1.24e-05,jac info: rows = 178: cols = 298: size = 53044: nonzeros = 8407
16:53:30,0.0010024,linear algebra multiplication to compute ugrade complete
16:53:30,0.0016662,commencing check of parameter bounds and gradients
16:53:30,0.0002106,commencing calculation of upgrade vector
16:53:30,0.0054071,forming JtQJ matrix
16:53:30,0.0130727,commencing to scale JtQJ matrix- first SVD...
16:53:30,5.66e-05,starting REDSVD
16:53:31,0.439391,retrieving REDSVD components
16:53:31,0.0027159,triming REDSVD components to 111elements
16:53:31,0.0007664,done REDSVD
16:53:31,0.0317812,S info: rows = 298: cols = 298: size = 88804: nonzeros = 298
16:53:31,5.09e-05,JS
16:53:31,0.0006337,JS.transpose() * q_mat * JS + lambda * S.transpose() * S
16:53:31,0.0109885,S info: rows = 298: cols = 298: size = 88804: nonzeros = 298
16:53:31,4.72e-05,commencing SVD factorization of lambda-scaled JtQJ
16:53:31,2.1e-05,starting REDSVD
16:53:32,0.996529,retrieving REDSVD components
16:53:32,0.0066148,triming REDSVD components to 245elements
16:53:32,0.0019876,done REDSVD
16:53:32,0.0009064,SVD factorization complete
16:53:32,0.107055,commencing linear algebra multiplication to compute ugrade
16:53:32,1.84e-05,S info: rows = 298: cols = 298: size = 88804: nonzeros = 298Vt info: rows = 245: cols = 298: size = 73010: nonzeros = 73010
16:53:32,1.24e-05,U info: rows = 298: cols = 245: size = 73010: nonzeros = 73010
16:53:32,1.17e-05,jac info: rows = 178: cols = 298: size = 53044: nonzeros = 8407
16:53:32,0.032548,linear algebra multiplication to compute ugrade complete
16:53:32,0.0016547,commencing check of parameter bounds
16:53:32,0.0001835,limiting out of bounds pars
16:53:32,0.0003125,change limit/bound enforement for lambda 1000: ,, scaling factor: 1
16:53:32,4.4e-05,checking for denormal floating point values
16:53:32,7.43e-05,transforming upgrade pars to model pars
16:53:32,8.56e-05,writing upgrade vector to csv file
16:53:32,0.0169907,LinearAnalysis::glm_iter_fosm
16:53:32,6.66e-05,starting FOSM uncertainty analyses for iteration 1
16:53:32,0.00558,loading obscov
16:53:32,0.0001167,loading parcov
16:53:32,0.0002529,setting predictions
16:53:32,2.58e-05,set_predictions
16:53:32,0.0001499,extracting prediction BSFLO_10 from jacobian
16:53:32,0.0026071,Prediction BSFLO_10 has no non-zero entries in jacobian row/
16:53:32,6.42e-05,extracting prediction BSFLO_11 from jacobian
16:53:32,0.0024419,Prediction BSFLO_11 has no non-zero entries in jacobian row/
16:53:32,8.03e-05,extracting prediction BSFLO_12 from jacobian
16:53:32,0.0029899,Prediction BSFLO_12 has no non-zero entries in jacobian row/
16:53:32,7.35e-05,extracting prediction BSFLO_14 from jacobian
16:53:32,0.0026073,Prediction BSFLO_14 has no non-zero entries in jacobian row/
16:53:32,5.92e-05,extracting prediction BSFLO_15 from jacobian
16:53:32,0.0025721,Prediction BSFLO_15 has no non-zero entries in jacobian row/
16:53:32,9.24e-05,extracting prediction BSFLO_17 from jacobian
16:53:32,0.0028268,Prediction BSFLO_17 has no non-zero entries in jacobian row/
16:53:32,6.67e-05,extracting prediction BSFLO_19 from jacobian
16:53:32,0.0024404,Prediction BSFLO_19 has no non-zero entries in jacobian row/
16:53:32,6.1e-05,extracting prediction BSFLO_20 from jacobian
16:53:32,0.0024596,extracting prediction BSFLO_3 from jacobian
16:53:32,0.0028127,Prediction BSFLO_3 has no non-zero entries in jacobian row/
16:53:32,6.89e-05,extracting prediction BSFLO_4 from jacobian
16:53:32,0.0024462,Prediction BSFLO_4 has no non-zero entries in jacobian row/
16:53:32,6.07e-05,extracting prediction BSFLO_7 from jacobian
16:53:32,0.0024083,Prediction BSFLO_7 has no non-zero entries in jacobian row/
16:53:32,7.58e-05,extracting prediction BSFLO_8 from jacobian
16:53:32,0.0028262,Prediction BSFLO_8 has no non-zero entries in jacobian row/
16:53:32,7.26e-05,extracting prediction BSFLO_9 from jacobian
16:53:32,0.0023722,Prediction BSFLO_9 has no non-zero entries in jacobian row/
16:53:32,5.88e-05,extracting prediction GFLO_1 from jacobian
16:53:32,0.002416,extracting prediction GFLO_10 from jacobian
16:53:32,0.0025056,Prediction GFLO_10 has no non-zero entries in jacobian row/
16:53:32,5.99e-05,extracting prediction GFLO_11 from jacobian
16:53:32,0.0024501,Prediction GFLO_11 has no non-zero entries in jacobian row/
16:53:32,5.73e-05,extracting prediction GFLO_12 from jacobian
16:53:32,0.0023953,Prediction GFLO_12 has no non-zero entries in jacobian row/
16:53:32,6.34e-05,extracting prediction GFLO_13 from jacobian
16:53:32,0.0024786,extracting prediction GFLO_14 from jacobian
16:53:32,0.0023807,Prediction GFLO_14 has no non-zero entries in jacobian row/
16:53:32,5.81e-05,extracting prediction GFLO_15 from jacobian
16:53:32,0.0021959,extracting prediction GFLO_16 from jacobian
16:53:32,0.0021317,extracting prediction GFLO_17 from jacobian
16:53:32,0.0022534,Prediction GFLO_17 has no non-zero entries in jacobian row/
16:53:32,5.51e-05,extracting prediction GFLO_18 from jacobian
16:53:32,0.002752,extracting prediction GFLO_19 from jacobian
16:53:32,0.0024136,Prediction GFLO_19 has no non-zero entries in jacobian row/
16:53:32,5.89e-05,extracting prediction GFLO_2 from jacobian
16:53:32,0.0021097,extracting prediction GFLO_20 from jacobian
16:53:32,0.0020888,extracting prediction GFLO_3 from jacobian
16:53:32,0.0023196,extracting prediction GFLO_4 from jacobian
16:53:32,0.0022626,Prediction GFLO_4 has no non-zero entries in jacobian row/
16:53:32,5.8e-05,extracting prediction GFLO_5 from jacobian
16:53:32,0.0020577,extracting prediction GFLO_6 from jacobian
16:53:32,0.0016325,Prediction GFLO_6 has no non-zero entries in jacobian row/
16:53:32,3.01e-05,extracting prediction GFLO_7 from jacobian
16:53:32,0.0009334,Prediction GFLO_7 has no non-zero entries in jacobian row/
16:53:32,2.93e-05,extracting prediction GFLO_8 from jacobian
16:53:32,0.0009374,Prediction GFLO_8 has no non-zero entries in jacobian row/
16:53:32,2.7e-05,extracting prediction GFLO_9 from jacobian
16:53:32,0.0009301,Prediction GFLO_9 has no non-zero entries in jacobian row/
16:53:32,2.66e-05,extracting prediction PMPCHG from jacobian
16:53:32,0.0009695,parameter fosm calcs
16:53:32,2.08e-05,LinearAnalysis::calc_posterior
16:53:32,1e-05,LinearAnalysis::align
16:53:32,0.0004722,LinearAnalysis::prior_prediction_variance()::invert obscov
16:53:32,1.77e-05,inverting diagonal matrix in place
16:53:32,1.78e-05,LinearAnalysis::calc_posterior() form JtQJ
16:53:32,0.0069502,LinearAnalysis::calc_posterior() invert prior parcov
16:53:32,7.5e-05,LinearAnalysis::calc_posterior() form posterior parcov
16:53:32,0.0018233,LinearAnalysis::calc_posterior() invert posterior parcov
16:53:32,2.59e-05,inverting non-diagonal matrix in place
16:53:32,0.217616,forecast FOSM calcs
16:53:32,0.0004484,LinearAnalysis::prior_prediction_variance
16:53:32,0.0002001,LinearAnalysis::prior_prediction_variance
17:13:42,1209.79,completed iteration 2
17:13:42,0.0390249,beginning iteration 3
17:13:42,0.0001092,commencing to build jacobian parameter sets
17:13:42,0.0693731,jacobian parameter sets built, commencing model runs
19:57:51,9849.02,jacobian runs complete, processing runs
19:57:51,0.148654,processing jacobian runs complete
19:57:51,3.52e-05,saving jacobian and sen files
19:57:51,0.0253164,commencing calculation of upgrade vector
19:57:51,0.0110384,forming JtQJ matrix
19:57:51,0.0161023,commencing to scale JtQJ matrix- first SVD...
19:57:51,2.73e-05,starting REDSVD
19:57:52,0.381344,retrieving REDSVD components
19:57:52,0.0027617,triming REDSVD components to 115elements
19:57:52,0.0010195,done REDSVD
19:57:52,0.0372826,S info: rows = 318: cols = 318: size = 101124: nonzeros = 318
19:57:52,4.75e-05,JS
19:57:52,0.0018128,JS.transpose() * q_mat * JS + lambda * S.transpose() * S
19:57:52,0.0299895,S info: rows = 318: cols = 318: size = 101124: nonzeros = 318
19:57:52,2.69e-05,commencing SVD factorization of lambda-scaled JtQJ
19:57:52,1.06e-05,starting REDSVD
19:57:52,0.607229,retrieving REDSVD components
19:57:52,0.0029624,triming REDSVD components to 80elements
19:57:52,0.0007561,done REDSVD
19:57:52,0.0013856,SVD factorization complete
19:57:52,0.049931,commencing linear algebra multiplication to compute ugrade
19:57:52,3.82e-05,S info: rows = 318: cols = 318: size = 101124: nonzeros = 318Vt info: rows = 80: cols = 318: size = 25440: nonzeros = 25440
19:57:52,2.71e-05,U info: rows = 318: cols = 80: size = 25440: nonzeros = 25440
19:57:52,2.72e-05,jac info: rows = 178: cols = 318: size = 56604: nonzeros = 47283
19:57:52,0.0995038,linear algebra multiplication to compute ugrade complete
19:57:52,0.0016752,commencing check of parameter bounds and gradients
19:57:52,0.0037913,beginning upgrade vector calculations, lambda = 0.1
19:57:52,0.0002889,commencing calculation of upgrade vector
19:57:52,0.0168029,forming JtQJ matrix
19:57:53,0.0649181,commencing to scale JtQJ matrix- first SVD...
19:57:53,4e-05,starting REDSVD
19:57:53,0.61871,retrieving REDSVD components
19:57:53,0.0025862,triming REDSVD components to 115elements
19:57:53,0.0029046,done REDSVD
19:57:53,0.0350686,S info: rows = 314: cols = 314: size = 98596: nonzeros = 314
19:57:53,4.96e-05,JS
19:57:53,0.0016219,JS.transpose() * q_mat * JS + lambda * S.transpose() * S
19:57:53,0.0150406,S info: rows = 314: cols = 314: size = 98596: nonzeros = 314
19:57:53,2.69e-05,commencing SVD factorization of lambda-scaled JtQJ
19:57:53,1.1e-05,starting REDSVD
19:57:54,0.925294,retrieving REDSVD components
19:57:54,0.0074192,triming REDSVD components to 155elements
19:57:54,0.0019837,done REDSVD
19:57:54,0.000387,SVD factorization complete
19:57:54,0.0782847,commencing linear algebra multiplication to compute ugrade
19:57:54,1.88e-05,S info: rows = 314: cols = 314: size = 98596: nonzeros = 314Vt info: rows = 155: cols = 314: size = 48670: nonzeros = 48670
19:57:54,1.5e-05,U info: rows = 314: cols = 155: size = 48670: nonzeros = 48670
19:57:54,1.33e-05,jac info: rows = 178: cols = 314: size = 55892: nonzeros = 46571
19:57:54,0.0839283,linear algebra multiplication to compute ugrade complete
19:57:54,0.0016915,commencing check of parameter bounds and gradients
19:57:54,0.0002024,commencing calculation of upgrade vector
19:57:54,0.0235646,forming JtQJ matrix
19:57:54,0.0328237,commencing to scale JtQJ matrix- first SVD...
19:57:54,5.73e-05,starting REDSVD
19:57:55,0.753472,retrieving REDSVD components
19:57:55,0.001888,triming REDSVD components to 116elements
19:57:55,0.0007393,done REDSVD
19:57:55,0.037526,S info: rows = 313: cols = 313: size = 97969: nonzeros = 313
19:57:55,5.1e-05,JS
19:57:55,0.0038316,JS.transpose() * q_mat * JS + lambda * S.transpose() * S
19:57:55,0.0251282,S info: rows = 313: cols = 313: size = 97969: nonzeros = 313
19:57:55,2.69e-05,commencing SVD factorization of lambda-scaled JtQJ
19:57:55,1.09e-05,starting REDSVD
19:57:56,0.915848,retrieving REDSVD components
19:57:56,0.0063188,triming REDSVD components to 152elements
19:57:56,0.0011999,done REDSVD
19:57:56,0.0004835,SVD factorization complete
19:57:56,0.07835,commencing linear algebra multiplication to compute ugrade
19:57:56,1.87e-05,S info: rows = 313: cols = 313: size = 97969: nonzeros = 313Vt info: rows = 152: cols = 313: size = 47576: nonzeros = 47576
19:57:56,1.27e-05,U info: rows = 313: cols = 152: size = 47576: nonzeros = 47576
19:57:56,1.2e-05,jac info: rows = 178: cols = 313: size = 55714: nonzeros = 46393
19:57:56,0.0657607,linear algebra multiplication to compute ugrade complete
19:57:56,0.001674,commencing check of parameter bounds
19:57:56,0.0001766,limiting out of bounds pars
19:57:56,0.0003664,change limit/bound enforement for lambda 0.1: upper change limit,SFR_K_12, scaling factor: 1.43917e-18
19:57:56,0.0014205,checking for denormal floating point values
19:57:56,7.59e-05,transforming upgrade pars to model pars
19:57:56,8.41e-05,writing upgrade vector to csv file
19:57:56,0.0045109,beginning upgrade vector calculations, lambda = 1
19:57:56,0.0001742,commencing calculation of upgrade vector
19:57:56,0.0228551,forming JtQJ matrix
19:57:56,0.0317246,commencing to scale JtQJ matrix- first SVD...
19:57:56,4.93e-05,starting REDSVD
19:57:57,0.481242,retrieving REDSVD components
19:57:57,0.0032629,triming REDSVD components to 115elements
19:57:57,0.0007015,done REDSVD
19:57:57,0.0347209,S info: rows = 314: cols = 314: size = 98596: nonzeros = 314
19:57:57,4.73e-05,JS
19:57:57,0.0018986,JS.transpose() * q_mat * JS + lambda * S.transpose() * S
19:57:57,0.0297897,S info: rows = 314: cols = 314: size = 98596: nonzeros = 314
19:57:57,2.56e-05,commencing SVD factorization of lambda-scaled JtQJ
19:57:57,1.05e-05,starting REDSVD
19:57:58,1.23235,retrieving REDSVD components
19:57:58,0.0057066,triming REDSVD components to 190elements
19:57:58,0.0013304,done REDSVD
19:57:58,0.0005098,SVD factorization complete
19:57:58,0.079576,commencing linear algebra multiplication to compute ugrade
19:57:58,1.82e-05,S info: rows = 314: cols = 314: size = 98596: nonzeros = 314Vt info: rows = 190: cols = 314: size = 59660: nonzeros = 59660
19:57:58,1.31e-05,U info: rows = 314: cols = 190: size = 59660: nonzeros = 59660
19:57:58,1.19e-05,jac info: rows = 178: cols = 314: size = 55892: nonzeros = 46571
19:57:58,0.0532219,linear algebra multiplication to compute ugrade complete
19:57:58,0.0017129,commencing check of parameter bounds and gradients
19:57:58,0.000208,commencing calculation of upgrade vector
19:57:58,0.0231183,forming JtQJ matrix
19:57:58,0.0342189,commencing to scale JtQJ matrix- first SVD...
19:57:58,4.97e-05,starting REDSVD
19:57:59,0.306154,retrieving REDSVD components
19:57:59,0.0015222,triming REDSVD components to 116elements
19:57:59,0.0006746,done REDSVD
19:57:59,0.0328889,S info: rows = 313: cols = 313: size = 97969: nonzeros = 313
19:57:59,4.8e-05,JS
19:57:59,0.0015382,JS.transpose() * q_mat * JS + lambda * S.transpose() * S
19:57:59,0.031174,S info: rows = 313: cols = 313: size = 97969: nonzeros = 313
19:57:59,4.64e-05,commencing SVD factorization of lambda-scaled JtQJ
19:57:59,2.07e-05,starting REDSVD
19:58:00,1.00794,retrieving REDSVD components
19:58:00,0.006225,triming REDSVD components to 191elements
19:58:00,0.0014049,done REDSVD
19:58:00,0.0003885,SVD factorization complete
19:58:00,0.105034,commencing linear algebra multiplication to compute ugrade
19:58:00,1.9e-05,S info: rows = 313: cols = 313: size = 97969: nonzeros = 313Vt info: rows = 191: cols = 313: size = 59783: nonzeros = 59783
19:58:00,1.29e-05,U info: rows = 313: cols = 191: size = 59783: nonzeros = 59783
19:58:00,1.21e-05,jac info: rows = 178: cols = 313: size = 55714: nonzeros = 46393
19:58:00,0.115752,linear algebra multiplication to compute ugrade complete
19:58:00,0.0018865,commencing check of parameter bounds
19:58:00,0.0001812,limiting out of bounds pars
19:58:00,0.0003289,change limit/bound enforement for lambda 1: upper change limit,KS_93, scaling factor: 4.67385e-16
19:58:00,0.0014313,checking for denormal floating point values
19:58:00,9.92e-05,transforming upgrade pars to model pars
19:58:00,9.96e-05,writing upgrade vector to csv file
19:58:00,0.0042476,beginning upgrade vector calculations, lambda = 10
19:58:00,0.0001977,commencing calculation of upgrade vector
19:58:00,0.0239516,forming JtQJ matrix
19:58:00,0.0330293,commencing to scale JtQJ matrix- first SVD...
19:58:00,5.22e-05,starting REDSVD
19:58:00,0.310282,retrieving REDSVD components
19:58:00,0.0027472,triming REDSVD components to 115elements
19:58:00,0.0007512,done REDSVD
19:58:00,0.0328459,S info: rows = 314: cols = 314: size = 98596: nonzeros = 314
19:58:00,4.74e-05,JS
19:58:00,0.001662,JS.transpose() * q_mat * JS + lambda * S.transpose() * S
19:58:00,0.0277114,S info: rows = 314: cols = 314: size = 98596: nonzeros = 314
19:58:00,2.73e-05,commencing SVD factorization of lambda-scaled JtQJ
19:58:00,1.06e-05,starting REDSVD
19:58:01,0.857438,retrieving REDSVD components
19:58:01,0.004169,triming REDSVD components to 241elements
19:58:01,0.0016264,done REDSVD
19:58:01,0.0012938,SVD factorization complete
19:58:01,0.118677,commencing linear algebra multiplication to compute ugrade
19:58:01,2.01e-05,S info: rows = 314: cols = 314: size = 98596: nonzeros = 314Vt info: rows = 241: cols = 314: size = 75674: nonzeros = 75674
19:58:01,1.25e-05,U info: rows = 314: cols = 241: size = 75674: nonzeros = 75674
19:58:01,1.23e-05,jac info: rows = 178: cols = 314: size = 55892: nonzeros = 46571
19:58:01,0.0036351,linear algebra multiplication to compute ugrade complete
19:58:01,0.001958,commencing check of parameter bounds and gradients
19:58:01,0.0002177,commencing calculation of upgrade vector
19:58:01,0.0209623,forming JtQJ matrix
19:58:01,0.0309427,commencing to scale JtQJ matrix- first SVD...
19:58:01,5.23e-05,starting REDSVD
19:58:02,0.45578,retrieving REDSVD components
19:58:02,0.0017065,triming REDSVD components to 116elements
19:58:02,0.0029627,done REDSVD
19:58:02,0.0360665,S info: rows = 313: cols = 313: size = 97969: nonzeros = 313
19:58:02,4.83e-05,JS
19:58:02,0.002001,JS.transpose() * q_mat * JS + lambda * S.transpose() * S
19:58:02,0.0328275,S info: rows = 313: cols = 313: size = 97969: nonzeros = 313
19:58:02,4.76e-05,commencing SVD factorization of lambda-scaled JtQJ
19:58:02,2.11e-05,starting REDSVD
19:58:03,0.930043,retrieving REDSVD components
19:58:03,0.0042837,triming REDSVD components to 238elements
19:58:03,0.0015512,done REDSVD
19:58:03,0.0003962,SVD factorization complete
19:58:03,0.115077,commencing linear algebra multiplication to compute ugrade
19:58:03,1.82e-05,S info: rows = 313: cols = 313: size = 97969: nonzeros = 313Vt info: rows = 238: cols = 313: size = 74494: nonzeros = 74494
19:58:03,1.25e-05,U info: rows = 313: cols = 238: size = 74494: nonzeros = 74494
19:58:03,1.22e-05,jac info: rows = 178: cols = 313: size = 55714: nonzeros = 46393
19:58:03,0.0134732,linear algebra multiplication to compute ugrade complete
19:58:03,0.0026996,commencing check of parameter bounds
19:58:03,0.0001819,limiting out of bounds pars
19:58:03,0.0003318,change limit/bound enforement for lambda 10: upper change limit,KS_93, scaling factor: 0.000193089
19:58:03,0.0014174,checking for denormal floating point values
19:58:03,7.46e-05,transforming upgrade pars to model pars
19:58:03,7.05e-05,writing upgrade vector to csv file
19:58:03,0.0040903,beginning upgrade vector calculations, lambda = 100
19:58:03,0.0001897,commencing calculation of upgrade vector
19:58:03,0.0217428,forming JtQJ matrix
19:58:03,0.02984,commencing to scale JtQJ matrix- first SVD...
19:58:03,5.06e-05,starting REDSVD
19:58:03,0.331278,retrieving REDSVD components
19:58:03,0.0015485,triming REDSVD components to 115elements
19:58:03,0.0006561,done REDSVD
19:58:03,0.0341189,S info: rows = 314: cols = 314: size = 98596: nonzeros = 314
19:58:03,5.22e-05,JS
19:58:03,0.0035648,JS.transpose() * q_mat * JS + lambda * S.transpose() * S
19:58:03,0.032448,S info: rows = 314: cols = 314: size = 98596: nonzeros = 314
19:58:03,4.81e-05,commencing SVD factorization of lambda-scaled JtQJ
19:58:03,2.11e-05,starting REDSVD
19:58:04,0.894909,retrieving REDSVD components
19:58:04,0.0047556,triming REDSVD components to 267elements
19:58:04,0.0044797,done REDSVD
19:58:04,0.0009424,SVD factorization complete
19:58:04,0.115262,commencing linear algebra multiplication to compute ugrade
19:58:04,1.78e-05,S info: rows = 314: cols = 314: size = 98596: nonzeros = 314Vt info: rows = 267: cols = 314: size = 83838: nonzeros = 83838
19:58:04,1.24e-05,U info: rows = 314: cols = 267: size = 83838: nonzeros = 83838
19:58:04,1.18e-05,jac info: rows = 178: cols = 314: size = 55892: nonzeros = 46571
19:58:05,0.144228,linear algebra multiplication to compute ugrade complete
19:58:05,0.001924,commencing check of parameter bounds and gradients
19:58:05,0.0002124,commencing calculation of upgrade vector
19:58:05,0.0212204,forming JtQJ matrix
19:58:05,0.0303602,commencing to scale JtQJ matrix- first SVD...
19:58:05,4.87e-05,starting REDSVD
19:58:05,0.363319,retrieving REDSVD components
19:58:05,0.0035852,triming REDSVD components to 116elements
19:58:05,0.0008532,done REDSVD
19:58:05,0.034608,S info: rows = 313: cols = 313: size = 97969: nonzeros = 313
19:58:05,4.53e-05,JS
19:58:05,0.0016531,JS.transpose() * q_mat * JS + lambda * S.transpose() * S
19:58:05,0.0313469,S info: rows = 313: cols = 313: size = 97969: nonzeros = 313
19:58:05,4.9e-05,commencing SVD factorization of lambda-scaled JtQJ
19:58:05,2.15e-05,starting REDSVD
19:58:06,0.86143,retrieving REDSVD components
19:58:06,0.0041507,triming REDSVD components to 240elements
19:58:06,0.0016591,done REDSVD
19:58:06,0.0003624,SVD factorization complete
19:58:06,0.114492,commencing linear algebra multiplication to compute ugrade
19:58:06,2.12e-05,S info: rows = 313: cols = 313: size = 97969: nonzeros = 313Vt info: rows = 240: cols = 313: size = 75120: nonzeros = 75120
19:58:06,1.25e-05,U info: rows = 313: cols = 240: size = 75120: nonzeros = 75120
19:58:06,1.21e-05,jac info: rows = 178: cols = 313: size = 55714: nonzeros = 46393
19:58:06,0.133506,linear algebra multiplication to compute ugrade complete
19:58:06,0.0018573,commencing check of parameter bounds
19:58:06,0.0001811,limiting out of bounds pars
19:58:06,0.0003262,change limit/bound enforement for lambda 100: lower change limit,VKA_RATIO_3, scaling factor: 0.079573
19:58:06,3.56e-05,checking for denormal floating point values
19:58:06,7.18e-05,transforming upgrade pars to model pars
19:58:06,8.19e-05,writing upgrade vector to csv file
19:58:06,0.0041946,beginning upgrade vector calculations, lambda = 1000
19:58:06,0.0002854,commencing calculation of upgrade vector
19:58:06,0.021018,forming JtQJ matrix
19:58:06,0.0304533,commencing to scale JtQJ matrix- first SVD...
19:58:06,5.03e-05,starting REDSVD
19:58:07,0.456981,retrieving REDSVD components
19:58:07,0.0017691,triming REDSVD components to 115elements
19:58:07,0.0006361,done REDSVD
19:58:07,0.0319422,S info: rows = 314: cols = 314: size = 98596: nonzeros = 314
19:58:07,4.77e-05,JS
19:58:07,0.001486,JS.transpose() * q_mat * JS + lambda * S.transpose() * S
19:58:07,0.0298528,S info: rows = 314: cols = 314: size = 98596: nonzeros = 314
19:58:07,4.73e-05,commencing SVD factorization of lambda-scaled JtQJ
19:58:07,2.03e-05,starting REDSVD
19:58:08,1.00075,retrieving REDSVD components
19:58:08,0.0037704,triming REDSVD components to 258elements
19:58:08,0.0032097,done REDSVD
19:58:08,0.0003824,SVD factorization complete
19:58:08,0.120845,commencing linear algebra multiplication to compute ugrade
19:58:08,1.92e-05,S info: rows = 314: cols = 314: size = 98596: nonzeros = 314Vt info: rows = 258: cols = 314: size = 81012: nonzeros = 81012
19:58:08,1.24e-05,U info: rows = 314: cols = 258: size = 81012: nonzeros = 81012
19:58:08,1.22e-05,jac info: rows = 178: cols = 314: size = 55892: nonzeros = 46571
19:58:08,0.100575,linear algebra multiplication to compute ugrade complete
19:58:08,0.0033084,commencing check of parameter bounds and gradients
19:58:08,0.0002126,commencing calculation of upgrade vector
19:58:08,0.0247676,forming JtQJ matrix
19:58:08,0.032089,commencing to scale JtQJ matrix- first SVD...
19:58:08,4.78e-05,starting REDSVD
19:58:08,0.283896,retrieving REDSVD components
19:58:08,0.0016262,triming REDSVD components to 116elements
19:58:08,0.0006346,done REDSVD
19:58:08,0.0324687,S info: rows = 313: cols = 313: size = 97969: nonzeros = 313
19:58:08,4.55e-05,JS
19:58:08,0.0014813,JS.transpose() * q_mat * JS + lambda * S.transpose() * S
19:58:08,0.0313399,S info: rows = 313: cols = 313: size = 97969: nonzeros = 313
19:58:08,4.7e-05,commencing SVD factorization of lambda-scaled JtQJ
19:58:08,2.09e-05,starting REDSVD
19:58:10,1.13587,retrieving REDSVD components
19:58:10,0.0049377,triming REDSVD components to 233elements
19:58:10,0.0015727,done REDSVD
19:58:10,0.0003963,SVD factorization complete
19:58:10,0.0997227,commencing linear algebra multiplication to compute ugrade
19:58:10,1.98e-05,S info: rows = 313: cols = 313: size = 97969: nonzeros = 313Vt info: rows = 233: cols = 313: size = 72929: nonzeros = 72929
19:58:10,1.28e-05,U info: rows = 313: cols = 233: size = 72929: nonzeros = 72929
19:58:10,1.21e-05,jac info: rows = 178: cols = 313: size = 55714: nonzeros = 46393
19:58:10,0.126435,linear algebra multiplication to compute ugrade complete
19:58:10,0.0019403,commencing check of parameter bounds
19:58:10,0.0001801,limiting out of bounds pars
19:58:10,0.0003277,change limit/bound enforement for lambda 1000: upper bound,KS_23, scaling factor: 0.511791
19:58:10,3.7e-05,checking for denormal floating point values
19:58:10,7.22e-05,transforming upgrade pars to model pars
19:58:10,8.36e-05,writing upgrade vector to csv file
19:58:10,0.006493,LinearAnalysis::glm_iter_fosm
19:58:10,6.04e-05,starting FOSM uncertainty analyses for iteration 2
19:58:10,0.0055556,loading obscov
19:58:10,0.0001181,loading parcov
19:58:10,0.0002485,setting predictions
19:58:10,2.33e-05,set_predictions
19:58:10,0.0001228,extracting prediction BSFLO_10 from jacobian
19:58:10,0.0114571,extracting prediction BSFLO_11 from jacobian
19:58:10,0.0087331,extracting prediction BSFLO_12 from jacobian
19:58:10,0.0086534,extracting prediction BSFLO_14 from jacobian
19:58:10,0.0086103,extracting prediction BSFLO_15 from jacobian
19:58:10,0.0085576,extracting prediction BSFLO_17 from jacobian
19:58:10,0.0085419,extracting prediction BSFLO_19 from jacobian
19:58:10,0.0084932,extracting prediction BSFLO_20 from jacobian
19:58:10,0.0039816,extracting prediction BSFLO_3 from jacobian
19:58:10,0.0039441,extracting prediction BSFLO_4 from jacobian
19:58:10,0.0039531,extracting prediction BSFLO_7 from jacobian
19:58:10,0.0039326,extracting prediction BSFLO_8 from jacobian
19:58:10,0.003902,extracting prediction BSFLO_9 from jacobian
19:58:10,0.0038994,extracting prediction GFLO_1 from jacobian
19:58:10,0.0039124,extracting prediction GFLO_10 from jacobian
19:58:10,0.0039565,extracting prediction GFLO_11 from jacobian
19:58:10,0.0038512,extracting prediction GFLO_12 from jacobian
19:58:10,0.0038118,extracting prediction GFLO_13 from jacobian
19:58:10,0.0037891,extracting prediction GFLO_14 from jacobian
19:58:10,0.0037746,extracting prediction GFLO_15 from jacobian
19:58:10,0.0037503,extracting prediction GFLO_16 from jacobian
19:58:10,0.0037408,extracting prediction GFLO_17 from jacobian
19:58:10,0.0037081,extracting prediction GFLO_18 from jacobian
19:58:10,0.0036829,extracting prediction GFLO_19 from jacobian
19:58:10,0.0036791,extracting prediction GFLO_2 from jacobian
19:58:10,0.0036577,extracting prediction GFLO_20 from jacobian
19:58:10,0.0043081,extracting prediction GFLO_3 from jacobian
19:58:10,0.004821,extracting prediction GFLO_4 from jacobian
19:58:10,0.0036069,extracting prediction GFLO_5 from jacobian
19:58:10,0.0036046,extracting prediction GFLO_6 from jacobian
19:58:10,0.0035736,extracting prediction GFLO_7 from jacobian
19:58:10,0.0041165,extracting prediction GFLO_8 from jacobian
19:58:10,0.0047609,extracting prediction GFLO_9 from jacobian
19:58:10,0.0035475,extracting prediction PMPCHG from jacobian
19:58:10,0.0035874,parameter fosm calcs
19:58:10,2.35e-05,LinearAnalysis::calc_posterior
19:58:10,9.8e-06,LinearAnalysis::align
19:58:10,0.0004825,LinearAnalysis::prior_prediction_variance()::invert obscov
19:58:10,1.55e-05,inverting diagonal matrix in place
19:58:10,1.81e-05,LinearAnalysis::calc_posterior() form JtQJ
19:58:10,0.0152214,LinearAnalysis::calc_posterior() invert prior parcov
19:58:10,7.93e-05,LinearAnalysis::calc_posterior() form posterior parcov
19:58:10,0.0010552,LinearAnalysis::calc_posterior() invert posterior parcov
19:58:10,2.43e-05,inverting non-diagonal matrix in place
19:58:10,0.240588,forecast FOSM calcs
19:58:10,0.0004475,LinearAnalysis::prior_prediction_variance
19:58:10,0.0005834,LinearAnalysis::prior_prediction_variance
20:01:27,197.093,completed iteration 3
20:01:27,0.0631503,beginning iteration 4
20:01:27,0.0001077,commencing to build jacobian parameter sets
20:01:27,0.0685953,jacobian parameter sets built, commencing model runs
22:42:12,9644.75,jacobian runs complete, processing runs
22:42:12,0.136453,processing jacobian runs complete
22:42:12,3.62e-05,saving jacobian and sen files
22:42:12,0.0212874,commencing calculation of upgrade vector
22:42:12,0.0072079,forming JtQJ matrix
22:42:12,0.0103093,commencing to scale JtQJ matrix- first SVD...
22:42:12,2.33e-05,starting REDSVD
22:42:13,0.346087,retrieving REDSVD components
22:42:13,0.0015391,triming REDSVD components to 100elements
22:42:13,0.000501,done REDSVD
22:42:13,0.0199376,S info: rows = 265: cols = 265: size = 70225: nonzeros = 265
22:42:13,4.69e-05,JS
22:42:13,0.0012812,JS.transpose() * q_mat * JS + lambda * S.transpose() * S
22:42:13,0.0233564,S info: rows = 265: cols = 265: size = 70225: nonzeros = 265
22:42:13,4.66e-05,commencing SVD factorization of lambda-scaled JtQJ
22:42:13,2.29e-05,starting REDSVD
22:42:13,0.698626,retrieving REDSVD components
22:42:13,0.0018562,triming REDSVD components to 76elements
22:42:13,0.0006165,done REDSVD
22:42:13,0.0003168,SVD factorization complete
22:42:14,0.0388048,commencing linear algebra multiplication to compute ugrade
22:42:14,3.36e-05,S info: rows = 265: cols = 265: size = 70225: nonzeros = 265Vt info: rows = 76: cols = 265: size = 20140: nonzeros = 20140
22:42:14,2.6e-05,U info: rows = 265: cols = 76: size = 20140: nonzeros = 20140
22:42:14,2.48e-05,jac info: rows = 178: cols = 265: size = 47170: nonzeros = 39483
22:42:14,0.173806,linear algebra multiplication to compute ugrade complete
22:42:14,0.0014328,commencing check of parameter bounds and gradients
22:42:14,0.0036911,beginning upgrade vector calculations, lambda = 0.1
22:42:14,0.0002851,commencing calculation of upgrade vector
22:42:14,0.0168972,forming JtQJ matrix
22:42:14,0.0222998,commencing to scale JtQJ matrix- first SVD...
22:42:14,4.91e-05,starting REDSVD
22:42:14,0.443608,retrieving REDSVD components
22:42:14,0.0014348,triming REDSVD components to 100elements
22:42:14,0.0005294,done REDSVD
22:42:14,0.0196868,S info: rows = 262: cols = 262: size = 68644: nonzeros = 262
22:42:14,6.39e-05,JS
22:42:14,0.0014664,JS.transpose() * q_mat * JS + lambda * S.transpose() * S
22:42:14,0.0226766,S info: rows = 262: cols = 262: size = 68644: nonzeros = 262
22:42:14,5.04e-05,commencing SVD factorization of lambda-scaled JtQJ
22:42:14,2.24e-05,starting REDSVD
22:42:15,0.616733,retrieving REDSVD components
22:42:15,0.0035542,triming REDSVD components to 89elements
22:42:15,0.0006308,done REDSVD
22:42:15,0.0004166,SVD factorization complete
22:42:15,0.0457082,commencing linear algebra multiplication to compute ugrade
22:42:15,3.74e-05,S info: rows = 262: cols = 262: size = 68644: nonzeros = 262Vt info: rows = 89: cols = 262: size = 23318: nonzeros = 23318
22:42:15,2.67e-05,U info: rows = 262: cols = 89: size = 23318: nonzeros = 23318
22:42:15,2.64e-05,jac info: rows = 178: cols = 262: size = 46636: nonzeros = 38949
22:42:15,0.0197335,linear algebra multiplication to compute ugrade complete
22:42:15,0.0016574,commencing check of parameter bounds and gradients
22:42:15,0.000214,commencing calculation of upgrade vector
22:42:15,0.0178739,forming JtQJ matrix
22:42:15,0.0256834,commencing to scale JtQJ matrix- first SVD...
22:42:15,6.13e-05,starting REDSVD
22:42:15,0.439291,retrieving REDSVD components
22:42:15,0.0018304,triming REDSVD components to 100elements
22:42:15,0.0007249,done REDSVD
22:42:15,0.0200454,S info: rows = 262: cols = 262: size = 68644: nonzeros = 262
22:42:15,4.83e-05,JS
22:42:15,0.0015521,JS.transpose() * q_mat * JS + lambda * S.transpose() * S
22:42:15,0.022132,S info: rows = 262: cols = 262: size = 68644: nonzeros = 262
22:42:15,4.44e-05,commencing SVD factorization of lambda-scaled JtQJ
22:42:15,2.11e-05,starting REDSVD
22:42:16,0.6078,retrieving REDSVD components
22:42:16,0.0015107,triming REDSVD components to 89elements
22:42:16,0.0002811,done REDSVD
22:42:16,0.0002235,SVD factorization complete
22:42:16,0.0259158,commencing linear algebra multiplication to compute ugrade
22:42:16,2.66e-05,S info: rows = 262: cols = 262: size = 68644: nonzeros = 262Vt info: rows = 89: cols = 262: size = 23318: nonzeros = 23318
22:42:16,1.88e-05,U info: rows = 262: cols = 89: size = 23318: nonzeros = 23318
22:42:16,1.85e-05,jac info: rows = 178: cols = 262: size = 46636: nonzeros = 38949
22:42:16,0.0171602,linear algebra multiplication to compute ugrade complete
22:42:16,0.0014814,commencing check of parameter bounds
22:42:16,0.0001414,limiting out of bounds pars
22:42:16,0.0003035,change limit/bound enforement for lambda 0.1: upper change limit,KS_165, scaling factor: 1.38592e-23
22:42:16,0.0012027,checking for denormal floating point values
22:42:16,7.24e-05,transforming upgrade pars to model pars
22:42:16,7.37e-05,writing upgrade vector to csv file
22:42:16,0.0051679,beginning upgrade vector calculations, lambda = 1
22:42:16,0.0001914,commencing calculation of upgrade vector
22:42:16,0.0174117,forming JtQJ matrix
22:42:16,0.023334,commencing to scale JtQJ matrix- first SVD...
22:42:16,6.43e-05,starting REDSVD
22:42:17,0.418455,retrieving REDSVD components
22:42:17,0.0013139,triming REDSVD components to 100elements
22:42:17,0.0003343,done REDSVD
22:42:17,0.0177153,S info: rows = 262: cols = 262: size = 68644: nonzeros = 262
22:42:17,6.19e-05,JS
22:42:17,0.0014917,JS.transpose() * q_mat * JS + lambda * S.transpose() * S
22:42:17,0.0225782,S info: rows = 262: cols = 262: size = 68644: nonzeros = 262
22:42:17,5.32e-05,commencing SVD factorization of lambda-scaled JtQJ
22:42:17,2.38e-05,starting REDSVD
22:42:17,0.353211,retrieving REDSVD components
22:42:17,0.0026015,triming REDSVD components to 110elements
22:42:17,0.0006227,done REDSVD
22:42:17,0.0012999,SVD factorization complete
22:42:17,0.0553906,commencing linear algebra multiplication to compute ugrade
22:42:17,3.38e-05,S info: rows = 262: cols = 262: size = 68644: nonzeros = 262Vt info: rows = 110: cols = 262: size = 28820: nonzeros = 28820
22:42:17,2.87e-05,U info: rows = 262: cols = 110: size = 28820: nonzeros = 28820
22:42:17,2.6e-05,jac info: rows = 178: cols = 262: size = 46636: nonzeros = 38949
22:42:17,0.0255285,linear algebra multiplication to compute ugrade complete
22:42:17,0.0015485,commencing check of parameter bounds and gradients
22:42:17,0.0002364,commencing calculation of upgrade vector
22:42:17,0.0167372,forming JtQJ matrix
22:42:17,0.021289,commencing to scale JtQJ matrix- first SVD...
22:42:17,4.5e-05,starting REDSVD
22:42:17,0.102641,retrieving REDSVD components
22:42:17,0.0012424,triming REDSVD components to 100elements
22:42:17,0.0005225,done REDSVD
22:42:17,0.0232275,S info: rows = 262: cols = 262: size = 68644: nonzeros = 262
22:42:17,4.83e-05,JS
22:42:17,0.0014769,JS.transpose() * q_mat * JS + lambda * S.transpose() * S
22:42:17,0.0216736,S info: rows = 262: cols = 262: size = 68644: nonzeros = 262
22:42:17,6.51e-05,commencing SVD factorization of lambda-scaled JtQJ
22:42:17,2.18e-05,starting REDSVD
22:42:18,0.368592,retrieving REDSVD components
22:42:18,0.0029426,triming REDSVD components to 110elements
22:42:18,0.0007245,done REDSVD
22:42:18,0.0003115,SVD factorization complete
22:42:18,0.0552193,commencing linear algebra multiplication to compute ugrade
22:42:18,3.42e-05,S info: rows = 262: cols = 262: size = 68644: nonzeros = 262Vt info: rows = 110: cols = 262: size = 28820: nonzeros = 28820
22:42:18,2.52e-05,U info: rows = 262: cols = 110: size = 28820: nonzeros = 28820
22:42:18,2.51e-05,jac info: rows = 178: cols = 262: size = 46636: nonzeros = 38949
22:42:18,0.0191228,linear algebra multiplication to compute ugrade complete
22:42:18,0.0027051,commencing check of parameter bounds
22:42:18,0.0001722,limiting out of bounds pars
22:42:18,0.0003272,change limit/bound enforement for lambda 1: upper change limit,SFR_K_12, scaling factor: 5.52442e-07
22:42:18,0.0014093,checking for denormal floating point values
22:42:18,7.11e-05,transforming upgrade pars to model pars
22:42:18,8.56e-05,writing upgrade vector to csv file
22:42:18,0.005712,beginning upgrade vector calculations, lambda = 10
22:42:18,0.0001837,commencing calculation of upgrade vector
22:42:18,0.0169912,forming JtQJ matrix
22:42:18,0.0212687,commencing to scale JtQJ matrix- first SVD...
22:42:18,4.61e-05,starting REDSVD
22:42:18,0.113865,retrieving REDSVD components
22:42:18,0.0011756,triming REDSVD components to 100elements
22:42:18,0.0004756,done REDSVD
22:42:18,0.0223669,S info: rows = 262: cols = 262: size = 68644: nonzeros = 262
22:42:18,4.72e-05,JS
22:42:18,0.0030199,JS.transpose() * q_mat * JS + lambda * S.transpose() * S
22:42:18,0.0229956,S info: rows = 262: cols = 262: size = 68644: nonzeros = 262
22:42:18,4.67e-05,commencing SVD factorization of lambda-scaled JtQJ
22:42:18,2.02e-05,starting REDSVD
22:42:18,0.380646,retrieving REDSVD components
22:42:18,0.0027167,triming REDSVD components to 135elements
22:42:18,0.0008735,done REDSVD
22:42:18,0.0003403,SVD factorization complete
22:42:18,0.0668102,commencing linear algebra multiplication to compute ugrade
22:42:18,3.37e-05,S info: rows = 262: cols = 262: size = 68644: nonzeros = 262Vt info: rows = 135: cols = 262: size = 35370: nonzeros = 35370
22:42:18,2.53e-05,U info: rows = 262: cols = 135: size = 35370: nonzeros = 35370
22:42:18,2.54e-05,jac info: rows = 178: cols = 262: size = 46636: nonzeros = 38949
22:42:18,0.121857,linear algebra multiplication to compute ugrade complete
22:42:18,0.0026968,commencing check of parameter bounds and gradients
22:42:18,0.0002219,commencing calculation of upgrade vector
22:42:19,0.0177649,forming JtQJ matrix
22:42:19,0.0219069,commencing to scale JtQJ matrix- first SVD...
22:42:19,4.78e-05,starting REDSVD
22:42:19,0.799445,retrieving REDSVD components
22:42:19,0.0011584,triming REDSVD components to 100elements
22:42:19,0.0002403,done REDSVD
22:42:19,0.0077284,S info: rows = 262: cols = 262: size = 68644: nonzeros = 262
22:42:19,3.36e-05,JS
22:42:19,0.0007373,JS.transpose() * q_mat * JS + lambda * S.transpose() * S
22:42:19,0.0116545,S info: rows = 262: cols = 262: size = 68644: nonzeros = 262
22:42:19,3.62e-05,commencing SVD factorization of lambda-scaled JtQJ
22:42:19,1.76e-05,starting REDSVD
22:42:20,0.345894,retrieving REDSVD components
22:42:20,0.0027774,triming REDSVD components to 135elements
22:42:20,0.000949,done REDSVD
22:42:20,0.0003558,SVD factorization complete
22:42:20,0.0478824,commencing linear algebra multiplication to compute ugrade
22:42:20,3.36e-05,S info: rows = 262: cols = 262: size = 68644: nonzeros = 262Vt info: rows = 135: cols = 262: size = 35370: nonzeros = 35370
22:42:20,2.53e-05,U info: rows = 262: cols = 135: size = 35370: nonzeros = 35370
22:42:20,2.46e-05,jac info: rows = 178: cols = 262: size = 46636: nonzeros = 38949
22:42:20,0.0243888,linear algebra multiplication to compute ugrade complete
22:42:20,0.0015333,commencing check of parameter bounds
22:42:20,0.0001768,limiting out of bounds pars
22:42:20,0.0003231,change limit/bound enforement for lambda 10: upper change limit,KS_45, scaling factor: 0.000883335
22:42:20,0.0013554,checking for denormal floating point values
22:42:20,6.97e-05,transforming upgrade pars to model pars
22:42:20,8.86e-05,writing upgrade vector to csv file
22:42:20,0.0055433,beginning upgrade vector calculations, lambda = 100
22:42:20,0.0001853,commencing calculation of upgrade vector
22:42:20,0.0167866,forming JtQJ matrix
22:42:20,0.0210739,commencing to scale JtQJ matrix- first SVD...
22:42:20,4.59e-05,starting REDSVD
22:42:20,0.113281,retrieving REDSVD components
22:42:20,0.0011808,triming REDSVD components to 100elements
22:42:20,0.0004749,done REDSVD
22:42:20,0.0197344,S info: rows = 262: cols = 262: size = 68644: nonzeros = 262
22:42:20,4.7e-05,JS
22:42:20,0.0013637,JS.transpose() * q_mat * JS + lambda * S.transpose() * S
22:42:20,0.0210118,S info: rows = 262: cols = 262: size = 68644: nonzeros = 262
22:42:20,4.43e-05,commencing SVD factorization of lambda-scaled JtQJ
22:42:20,2.04e-05,starting REDSVD
22:42:20,0.366905,retrieving REDSVD components
22:42:20,0.0023996,triming REDSVD components to 167elements
22:42:20,0.0008638,done REDSVD
22:42:20,0.0014026,SVD factorization complete
22:42:20,0.0821124,commencing linear algebra multiplication to compute ugrade
22:42:20,3.41e-05,S info: rows = 262: cols = 262: size = 68644: nonzeros = 262Vt info: rows = 167: cols = 262: size = 43754: nonzeros = 43754
22:42:20,2.82e-05,U info: rows = 262: cols = 167: size = 43754: nonzeros = 43754
22:42:20,2.51e-05,jac info: rows = 178: cols = 262: size = 46636: nonzeros = 38949
22:42:20,0.0209976,linear algebra multiplication to compute ugrade complete
22:42:20,0.0015156,commencing check of parameter bounds and gradients
22:42:20,0.0001938,commencing calculation of upgrade vector
22:42:20,0.0165455,forming JtQJ matrix
22:42:20,0.0212553,commencing to scale JtQJ matrix- first SVD...
22:42:20,4.36e-05,starting REDSVD
22:42:21,0.114983,retrieving REDSVD components
22:42:21,0.0010648,triming REDSVD components to 100elements
22:42:21,0.0004861,done REDSVD
22:42:21,0.0205646,S info: rows = 262: cols = 262: size = 68644: nonzeros = 262
22:42:21,4.81e-05,JS
22:42:21,0.0012708,JS.transpose() * q_mat * JS + lambda * S.transpose() * S
22:42:21,0.0213581,S info: rows = 262: cols = 262: size = 68644: nonzeros = 262
22:42:21,4.81e-05,commencing SVD factorization of lambda-scaled JtQJ
22:42:21,2.04e-05,starting REDSVD
22:42:21,0.376269,retrieving REDSVD components
22:42:21,0.0024863,triming REDSVD components to 167elements
22:42:21,0.0009072,done REDSVD
22:42:21,0.0002928,SVD factorization complete
22:42:21,0.0824757,commencing linear algebra multiplication to compute ugrade
22:42:21,3.52e-05,S info: rows = 262: cols = 262: size = 68644: nonzeros = 262Vt info: rows = 167: cols = 262: size = 43754: nonzeros = 43754
22:42:21,2.56e-05,U info: rows = 262: cols = 167: size = 43754: nonzeros = 43754
22:42:21,2.49e-05,jac info: rows = 178: cols = 262: size = 46636: nonzeros = 38949
22:42:21,0.0188815,linear algebra multiplication to compute ugrade complete
22:42:21,0.0009966,commencing check of parameter bounds
22:42:21,0.0001593,limiting out of bounds pars
22:42:21,0.0003191,change limit/bound enforement for lambda 100: lower change limit,VKA_RATIO_1, scaling factor: 0.328259
22:42:21,4.41e-05,checking for denormal floating point values
22:42:21,6.42e-05,transforming upgrade pars to model pars
22:42:21,8.09e-05,writing upgrade vector to csv file
22:42:21,0.0055896,beginning upgrade vector calculations, lambda = 1000
22:42:21,0.0002579,commencing calculation of upgrade vector
22:42:21,0.016583,forming JtQJ matrix
22:42:21,0.0225877,commencing to scale JtQJ matrix- first SVD...
22:42:21,4.73e-05,starting REDSVD
22:42:21,0.0615139,retrieving REDSVD components
22:42:21,0.0005574,triming REDSVD components to 100elements
22:42:21,0.0002258,done REDSVD
22:42:21,0.0081767,S info: rows = 262: cols = 262: size = 68644: nonzeros = 262
22:42:21,3.13e-05,JS
22:42:21,0.0007547,JS.transpose() * q_mat * JS + lambda * S.transpose() * S
22:42:21,0.0091751,S info: rows = 262: cols = 262: size = 68644: nonzeros = 262
22:42:21,3.13e-05,commencing SVD factorization of lambda-scaled JtQJ
22:42:21,1.65e-05,starting REDSVD
22:42:22,0.305892,retrieving REDSVD components
22:42:22,0.0024983,triming REDSVD components to 187elements
22:42:22,0.0009792,done REDSVD
22:42:22,0.0002838,SVD factorization complete
22:42:22,0.0905232,commencing linear algebra multiplication to compute ugrade
22:42:22,3.36e-05,S info: rows = 262: cols = 262: size = 68644: nonzeros = 262Vt info: rows = 187: cols = 262: size = 48994: nonzeros = 48994
22:42:22,2.55e-05,U info: rows = 262: cols = 187: size = 48994: nonzeros = 48994
22:42:22,2.5e-05,jac info: rows = 178: cols = 262: size = 46636: nonzeros = 38949
22:42:22,0.0300926,linear algebra multiplication to compute ugrade complete
22:42:22,0.001066,commencing check of parameter bounds and gradients
22:42:22,0.0001918,commencing calculation of upgrade vector
22:42:22,0.0139488,forming JtQJ matrix
22:42:22,0.0209397,commencing to scale JtQJ matrix- first SVD...
22:42:22,5.53e-05,starting REDSVD
22:42:22,0.0600418,retrieving REDSVD components
22:42:22,0.0005498,triming REDSVD components to 100elements
22:42:22,0.0002218,done REDSVD
22:42:22,0.0081257,S info: rows = 262: cols = 262: size = 68644: nonzeros = 262
22:42:22,3.29e-05,JS
22:42:22,0.0006704,JS.transpose() * q_mat * JS + lambda * S.transpose() * S
22:42:22,0.0089518,S info: rows = 262: cols = 262: size = 68644: nonzeros = 262
22:42:22,3.28e-05,commencing SVD factorization of lambda-scaled JtQJ
22:42:22,1.48e-05,starting REDSVD
22:42:22,0.351015,retrieving REDSVD components
22:42:22,0.0025979,triming REDSVD components to 187elements
22:42:22,0.0009744,done REDSVD
22:42:22,0.0002934,SVD factorization complete
22:42:22,0.0911554,commencing linear algebra multiplication to compute ugrade
22:42:22,3.46e-05,S info: rows = 262: cols = 262: size = 68644: nonzeros = 262Vt info: rows = 187: cols = 262: size = 48994: nonzeros = 48994
22:42:22,2.89e-05,U info: rows = 262: cols = 187: size = 48994: nonzeros = 48994
22:42:22,2.73e-05,jac info: rows = 178: cols = 262: size = 46636: nonzeros = 38949
22:42:22,0.032585,linear algebra multiplication to compute ugrade complete
22:42:22,0.0010414,commencing check of parameter bounds
22:42:22,0.0001661,limiting out of bounds pars
22:42:22,0.0003152,change limit/bound enforement for lambda 1000: upper bound,KS_23, scaling factor: 0.537047
22:42:22,4.43e-05,checking for denormal floating point values
22:42:22,6.34e-05,transforming upgrade pars to model pars
22:42:22,8.38e-05,writing upgrade vector to csv file
22:42:22,0.0104295,LinearAnalysis::glm_iter_fosm
22:42:22,5.84e-05,starting FOSM uncertainty analyses for iteration 3
22:42:22,0.0054711,loading obscov
22:42:22,0.0001127,loading parcov
22:42:22,0.0002542,setting predictions
22:42:22,2.43e-05,set_predictions
22:42:22,0.0001203,extracting prediction BSFLO_10 from jacobian
22:42:22,0.009413,extracting prediction BSFLO_11 from jacobian
22:42:22,0.0066175,extracting prediction BSFLO_12 from jacobian
22:42:22,0.0075379,extracting prediction BSFLO_14 from jacobian
22:42:22,0.0073093,extracting prediction BSFLO_15 from jacobian
22:42:22,0.0072665,extracting prediction BSFLO_17 from jacobian
22:42:22,0.0071417,extracting prediction BSFLO_19 from jacobian
22:42:22,0.0071496,extracting prediction BSFLO_20 from jacobian
22:42:22,0.0071135,extracting prediction BSFLO_3 from jacobian
22:42:22,0.0077502,extracting prediction BSFLO_4 from jacobian
22:42:22,0.0090291,extracting prediction BSFLO_7 from jacobian
22:42:22,0.0070885,extracting prediction BSFLO_8 from jacobian
22:42:22,0.0069886,extracting prediction BSFLO_9 from jacobian
22:42:22,0.0032766,extracting prediction GFLO_1 from jacobian
22:42:22,0.0032726,extracting prediction GFLO_10 from jacobian
22:42:22,0.0032345,extracting prediction GFLO_11 from jacobian
22:42:22,0.0032097,extracting prediction GFLO_12 from jacobian
22:42:22,0.0032109,extracting prediction GFLO_13 from jacobian
22:42:22,0.0031834,extracting prediction GFLO_14 from jacobian
22:42:22,0.0031691,extracting prediction GFLO_15 from jacobian
22:42:22,0.0031682,extracting prediction GFLO_16 from jacobian
22:42:22,0.0031392,extracting prediction GFLO_17 from jacobian
22:42:22,0.0031163,extracting prediction GFLO_18 from jacobian
22:42:22,0.0031061,extracting prediction GFLO_19 from jacobian
22:42:22,0.0030932,extracting prediction GFLO_2 from jacobian
22:42:22,0.0043942,extracting prediction GFLO_20 from jacobian
22:42:22,0.0039646,extracting prediction GFLO_3 from jacobian
22:42:22,0.0032315,extracting prediction GFLO_4 from jacobian
22:42:22,0.0029707,extracting prediction GFLO_5 from jacobian
22:42:22,0.0029648,extracting prediction GFLO_6 from jacobian
22:42:22,0.0031621,extracting prediction GFLO_7 from jacobian
22:42:22,0.003911,extracting prediction GFLO_8 from jacobian
22:42:22,0.0029266,extracting prediction GFLO_9 from jacobian
22:42:22,0.0029007,extracting prediction PMPCHG from jacobian
22:42:22,0.0030436,parameter fosm calcs
22:42:22,2.14e-05,LinearAnalysis::calc_posterior
22:42:22,9.9e-06,LinearAnalysis::align
22:42:22,0.0004456,LinearAnalysis::prior_prediction_variance()::invert obscov
22:42:22,1.4e-05,inverting diagonal matrix in place
22:42:22,1.69e-05,LinearAnalysis::calc_posterior() form JtQJ
22:42:22,0.0103952,LinearAnalysis::calc_posterior() invert prior parcov
22:42:22,6.76e-05,LinearAnalysis::calc_posterior() form posterior parcov
22:42:22,0.0007659,LinearAnalysis::calc_posterior() invert posterior parcov
22:42:22,2.35e-05,inverting non-diagonal matrix in place
22:42:23,0.164188,forecast FOSM calcs
22:42:23,0.0004361,LinearAnalysis::prior_prediction_variance
22:42:23,0.0005242,LinearAnalysis::prior_prediction_variance
22:45:39,196.09,completed iteration 4
22:45:39,0.0655087,FOSM-based posterior unc calcs
22:45:39,0.0001618,starting FOSM uncertainty analyses for iteration -999
22:45:39,0.0026282,loading obscov
22:45:39,5.93e-05,loading parcov
22:45:39,0.0001459,setting predictions
22:45:39,1.18e-05,set_predictions
22:45:39,5.97e-05,extracting prediction BSFLO_10 from jacobian
22:45:39,0.0043846,extracting prediction BSFLO_11 from jacobian
22:45:39,0.0044511,extracting prediction BSFLO_12 from jacobian
22:45:39,0.0036042,extracting prediction BSFLO_14 from jacobian
22:45:39,0.0034167,extracting prediction BSFLO_15 from jacobian
22:45:39,0.0033821,extracting prediction BSFLO_17 from jacobian
22:45:39,0.0035814,extracting prediction BSFLO_19 from jacobian
22:45:39,0.0044792,extracting prediction BSFLO_20 from jacobian
22:45:39,0.0033698,extracting prediction BSFLO_3 from jacobian
22:45:39,0.0033472,extracting prediction BSFLO_4 from jacobian
22:45:39,0.003358,extracting prediction BSFLO_7 from jacobian
22:45:39,0.0032892,extracting prediction BSFLO_8 from jacobian
22:45:39,0.0032825,extracting prediction BSFLO_9 from jacobian
22:45:39,0.0032717,extracting prediction GFLO_1 from jacobian
22:45:39,0.0032705,extracting prediction GFLO_10 from jacobian
22:45:39,0.0032357,extracting prediction GFLO_11 from jacobian
22:45:39,0.003214,extracting prediction GFLO_12 from jacobian
22:45:39,0.0032052,extracting prediction GFLO_13 from jacobian
22:45:39,0.0031819,extracting prediction GFLO_14 from jacobian
22:45:39,0.0031715,extracting prediction GFLO_15 from jacobian
22:45:39,0.0031568,extracting prediction GFLO_16 from jacobian
22:45:39,0.003139,extracting prediction GFLO_17 from jacobian
22:45:39,0.0031073,extracting prediction GFLO_18 from jacobian
22:45:39,0.0030987,extracting prediction GFLO_19 from jacobian
22:45:39,0.0030882,extracting prediction GFLO_2 from jacobian
22:45:39,0.0030768,extracting prediction GFLO_20 from jacobian
22:45:39,0.0030444,extracting prediction GFLO_3 from jacobian
22:45:39,0.003189,extracting prediction GFLO_4 from jacobian
22:45:39,0.0029765,extracting prediction GFLO_5 from jacobian
22:45:39,0.0029706,extracting prediction GFLO_6 from jacobian
22:45:39,0.00294,extracting prediction GFLO_7 from jacobian
22:45:39,0.0029318,extracting prediction GFLO_8 from jacobian
22:45:39,0.0029189,extracting prediction GFLO_9 from jacobian
22:45:39,0.0028997,extracting prediction PMPCHG from jacobian
22:45:39,0.0030497,parameter fosm calcs
22:45:39,2.33e-05,LinearAnalysis::calc_posterior
22:45:39,1.04e-05,LinearAnalysis::align
22:45:39,0.0004414,LinearAnalysis::prior_prediction_variance()::invert obscov
22:45:39,1.43e-05,inverting diagonal matrix in place
22:45:39,1.67e-05,LinearAnalysis::calc_posterior() form JtQJ
22:45:39,0.0104286,LinearAnalysis::calc_posterior() invert prior parcov
22:45:39,6.51e-05,LinearAnalysis::calc_posterior() form posterior parcov
22:45:39,0.0008282,LinearAnalysis::calc_posterior() invert posterior parcov
22:45:39,2.3e-05,inverting non-diagonal matrix in place
22:45:39,0.166264,forecast FOSM calcs
22:45:39,0.0004557,LinearAnalysis::prior_prediction_variance
22:45:39,0.0005386,LinearAnalysis::prior_prediction_variance
