001 (4421.002.000) 2021-09-17 18:12:40 Job executing on host: <192.168.137.8:9618?sock=startd_17636_113e>
...
001 (4421.000.000) 2021-09-17 18:12:40 Job executing on host: <192.168.137.8:9618?sock=startd_17636_113e>
...
001 (4421.001.000) 2021-09-17 18:12:40 Job executing on host: <192.168.137.8:9618?sock=startd_17636_113e>
...
001 (4421.003.000) 2021-09-17 18:12:41 Job executing on host: <192.168.137.8:9618?sock=startd_17636_113e>
...
001 (4421.005.000) 2021-09-17 18:12:41 Job executing on host: <192.168.137.8:9618?sock=startd_17636_113e>
...
001 (4421.004.000) 2021-09-17 18:12:41 Job executing on host: <192.168.137.8:9618?sock=startd_17636_113e>
...
001 (4421.006.000) 2021-09-17 18:12:41 Job executing on host: <192.168.137.8:9618?sock=startd_17636_113e>
...
001 (4421.007.000) 2021-09-17 18:12:42 Job executing on host: <192.168.137.8:9618?sock=startd_17636_113e>
...
001 (4421.010.000) 2021-09-17 18:12:41 Job executing on host: <192.168.137.8:9618?sock=startd_17636_113e>
...
001 (4421.009.000) 2021-09-17 18:12:42 Job executing on host: <192.168.137.8:9618?sock=startd_17636_113e>
...
001 (4421.008.000) 2021-09-17 18:12:42 Job executing on host: <192.168.137.8:9618?sock=startd_17636_113e>
...
001 (4421.012.000) 2021-09-17 18:12:42 Job executing on host: <192.168.137.8:9618?sock=startd_17636_113e>
...
001 (4421.011.000) 2021-09-17 18:12:42 Job executing on host: <192.168.137.8:9618?sock=startd_17636_113e>
...
001 (4421.013.000) 2021-09-17 18:12:43 Job executing on host: <192.168.137.8:9618?sock=startd_17636_113e>
...
006 (4421.002.000) 2021-09-17 18:12:48 Image size of job updated: 20788
	21  -  MemoryUsage of job (MB)
	20788  -  ResidentSetSize of job (KB)
...
006 (4421.000.000) 2021-09-17 18:12:49 Image size of job updated: 20800
	21  -  MemoryUsage of job (MB)
	20800  -  ResidentSetSize of job (KB)
...
006 (4421.005.000) 2021-09-17 18:12:49 Image size of job updated: 20788
	21  -  MemoryUsage of job (MB)
	20788  -  ResidentSetSize of job (KB)
...
006 (4421.003.000) 2021-09-17 18:12:49 Image size of job updated: 20804
	21  -  MemoryUsage of job (MB)
	20804  -  ResidentSetSize of job (KB)
...
006 (4421.001.000) 2021-09-17 18:12:49 Image size of job updated: 20800
	21  -  MemoryUsage of job (MB)
	20800  -  ResidentSetSize of job (KB)
...
006 (4421.004.000) 2021-09-17 18:12:49 Image size of job updated: 20792
	21  -  MemoryUsage of job (MB)
	20792  -  ResidentSetSize of job (KB)
...
006 (4421.010.000) 2021-09-17 18:12:50 Image size of job updated: 20748
	21  -  MemoryUsage of job (MB)
	20748  -  ResidentSetSize of job (KB)
...
006 (4421.006.000) 2021-09-17 18:12:50 Image size of job updated: 20788
	21  -  MemoryUsage of job (MB)
	20788  -  ResidentSetSize of job (KB)
...
006 (4421.007.000) 2021-09-17 18:12:50 Image size of job updated: 20800
	21  -  MemoryUsage of job (MB)
	20800  -  ResidentSetSize of job (KB)
...
006 (4421.009.000) 2021-09-17 18:12:51 Image size of job updated: 20768
	21  -  MemoryUsage of job (MB)
	20768  -  ResidentSetSize of job (KB)
...
006 (4421.012.000) 2021-09-17 18:12:51 Image size of job updated: 20756
	21  -  MemoryUsage of job (MB)
	20756  -  ResidentSetSize of job (KB)
...
006 (4421.008.000) 2021-09-17 18:12:51 Image size of job updated: 20780
	21  -  MemoryUsage of job (MB)
	20780  -  ResidentSetSize of job (KB)
...
006 (4421.011.000) 2021-09-17 18:12:51 Image size of job updated: 20736
	21  -  MemoryUsage of job (MB)
	20736  -  ResidentSetSize of job (KB)
...
006 (4421.013.000) 2021-09-17 18:12:53 Image size of job updated: 1
	1  -  MemoryUsage of job (MB)
	92  -  ResidentSetSize of job (KB)
...
006 (4421.002.000) 2021-09-17 18:17:48 Image size of job updated: 20940
	21  -  MemoryUsage of job (MB)
	20940  -  ResidentSetSize of job (KB)
...
006 (4421.000.000) 2021-09-17 18:17:49 Image size of job updated: 20960
	21  -  MemoryUsage of job (MB)
	20960  -  ResidentSetSize of job (KB)
...
006 (4421.003.000) 2021-09-17 18:17:49 Image size of job updated: 20956
	21  -  MemoryUsage of job (MB)
	20956  -  ResidentSetSize of job (KB)
...
006 (4421.005.000) 2021-09-17 18:17:49 Image size of job updated: 20948
	21  -  MemoryUsage of job (MB)
	20948  -  ResidentSetSize of job (KB)
...
006 (4421.001.000) 2021-09-17 18:17:49 Image size of job updated: 20960
	21  -  MemoryUsage of job (MB)
	20960  -  ResidentSetSize of job (KB)
...
006 (4421.004.000) 2021-09-17 18:17:50 Image size of job updated: 20948
	21  -  MemoryUsage of job (MB)
	20948  -  ResidentSetSize of job (KB)
...
006 (4421.010.000) 2021-09-17 18:17:50 Image size of job updated: 20908
	21  -  MemoryUsage of job (MB)
	20908  -  ResidentSetSize of job (KB)
...
006 (4421.006.000) 2021-09-17 18:17:50 Image size of job updated: 20956
	21  -  MemoryUsage of job (MB)
	20956  -  ResidentSetSize of job (KB)
...
006 (4421.007.000) 2021-09-17 18:17:51 Image size of job updated: 20952
	21  -  MemoryUsage of job (MB)
	20952  -  ResidentSetSize of job (KB)
...
006 (4421.009.000) 2021-09-17 18:17:51 Image size of job updated: 20920
	21  -  MemoryUsage of job (MB)
	20920  -  ResidentSetSize of job (KB)
...
006 (4421.012.000) 2021-09-17 18:17:51 Image size of job updated: 20908
	21  -  MemoryUsage of job (MB)
	20908  -  ResidentSetSize of job (KB)
...
006 (4421.008.000) 2021-09-17 18:17:51 Image size of job updated: 20920
	21  -  MemoryUsage of job (MB)
	20920  -  ResidentSetSize of job (KB)
...
006 (4421.011.000) 2021-09-17 18:17:51 Image size of job updated: 20888
	21  -  MemoryUsage of job (MB)
	20888  -  ResidentSetSize of job (KB)
...
006 (4421.013.000) 2021-09-17 18:17:53 Image size of job updated: 20916
	21  -  MemoryUsage of job (MB)
	20916  -  ResidentSetSize of job (KB)
...
006 (4421.002.000) 2021-09-17 18:22:49 Image size of job updated: 21032
	21  -  MemoryUsage of job (MB)
	21032  -  ResidentSetSize of job (KB)
...
006 (4421.000.000) 2021-09-17 18:22:49 Image size of job updated: 21076
	21  -  MemoryUsage of job (MB)
	21076  -  ResidentSetSize of job (KB)
...
006 (4421.004.000) 2021-09-17 18:22:50 Image size of job updated: 21048
	21  -  MemoryUsage of job (MB)
	21048  -  ResidentSetSize of job (KB)
...
006 (4421.010.000) 2021-09-17 18:22:50 Image size of job updated: 21032
	21  -  MemoryUsage of job (MB)
	21032  -  ResidentSetSize of job (KB)
...
006 (4421.006.000) 2021-09-17 18:22:50 Image size of job updated: 21064
	21  -  MemoryUsage of job (MB)
	21064  -  ResidentSetSize of job (KB)
...
006 (4421.003.000) 2021-09-17 18:22:51 Image size of job updated: 21036
	21  -  MemoryUsage of job (MB)
	21036  -  ResidentSetSize of job (KB)
...
006 (4421.005.000) 2021-09-17 18:22:51 Image size of job updated: 21064
	21  -  MemoryUsage of job (MB)
	21064  -  ResidentSetSize of job (KB)
...
006 (4421.001.000) 2021-09-17 18:22:51 Image size of job updated: 21076
	21  -  MemoryUsage of job (MB)
	21076  -  ResidentSetSize of job (KB)
...
006 (4421.007.000) 2021-09-17 18:22:52 Image size of job updated: 21056
	21  -  MemoryUsage of job (MB)
	21056  -  ResidentSetSize of job (KB)
...
006 (4421.009.000) 2021-09-17 18:22:52 Image size of job updated: 21020
	21  -  MemoryUsage of job (MB)
	21020  -  ResidentSetSize of job (KB)
...
006 (4421.012.000) 2021-09-17 18:22:52 Image size of job updated: 21008
	21  -  MemoryUsage of job (MB)
	21008  -  ResidentSetSize of job (KB)
...
006 (4421.008.000) 2021-09-17 18:22:52 Image size of job updated: 21040
	21  -  MemoryUsage of job (MB)
	21040  -  ResidentSetSize of job (KB)
...
006 (4421.011.000) 2021-09-17 18:22:53 Image size of job updated: 20996
	21  -  MemoryUsage of job (MB)
	20996  -  ResidentSetSize of job (KB)
...
006 (4421.013.000) 2021-09-17 18:22:54 Image size of job updated: 21044
	21  -  MemoryUsage of job (MB)
	21044  -  ResidentSetSize of job (KB)
...
006 (4421.002.000) 2021-09-17 18:27:49 Image size of job updated: 21196
	21  -  MemoryUsage of job (MB)
	21196  -  ResidentSetSize of job (KB)
...
006 (4421.004.000) 2021-09-17 18:27:50 Image size of job updated: 21212
	21  -  MemoryUsage of job (MB)
	21212  -  ResidentSetSize of job (KB)
...
006 (4421.012.000) 2021-09-17 18:27:52 Image size of job updated: 21160
	21  -  MemoryUsage of job (MB)
	21160  -  ResidentSetSize of job (KB)
...
006 (4421.000.000) 2021-09-17 18:27:52 Image size of job updated: 21228
	21  -  MemoryUsage of job (MB)
	21228  -  ResidentSetSize of job (KB)
...
006 (4421.006.000) 2021-09-17 18:27:52 Image size of job updated: 21224
	21  -  MemoryUsage of job (MB)
	21224  -  ResidentSetSize of job (KB)
...
006 (4421.003.000) 2021-09-17 18:27:54 Image size of job updated: 21192
	21  -  MemoryUsage of job (MB)
	21192  -  ResidentSetSize of job (KB)
...
006 (4421.007.000) 2021-09-17 18:27:55 Image size of job updated: 21220
	21  -  MemoryUsage of job (MB)
	21220  -  ResidentSetSize of job (KB)
...
006 (4421.009.000) 2021-09-17 18:27:56 Image size of job updated: 21176
	21  -  MemoryUsage of job (MB)
	21176  -  ResidentSetSize of job (KB)
...
006 (4421.005.000) 2021-09-17 18:27:56 Image size of job updated: 21220
	21  -  MemoryUsage of job (MB)
	21220  -  ResidentSetSize of job (KB)
...
006 (4421.011.000) 2021-09-17 18:27:56 Image size of job updated: 21144
	21  -  MemoryUsage of job (MB)
	21144  -  ResidentSetSize of job (KB)
...
006 (4421.010.000) 2021-09-17 18:27:56 Image size of job updated: 21188
	21  -  MemoryUsage of job (MB)
	21188  -  ResidentSetSize of job (KB)
...
006 (4421.001.000) 2021-09-17 18:27:56 Image size of job updated: 21228
	21  -  MemoryUsage of job (MB)
	21228  -  ResidentSetSize of job (KB)
...
006 (4421.008.000) 2021-09-17 18:27:56 Image size of job updated: 21204
	21  -  MemoryUsage of job (MB)
	21204  -  ResidentSetSize of job (KB)
...
006 (4421.013.000) 2021-09-17 18:27:59 Image size of job updated: 21196
	21  -  MemoryUsage of job (MB)
	21196  -  ResidentSetSize of job (KB)
...
006 (4421.002.000) 2021-09-17 18:32:49 Image size of job updated: 1320404
	1287  -  MemoryUsage of job (MB)
	1317028  -  ResidentSetSize of job (KB)
...
006 (4421.003.000) 2021-09-17 18:32:51 Image size of job updated: 1320976
	1290  -  MemoryUsage of job (MB)
	1320028  -  ResidentSetSize of job (KB)
...
006 (4421.004.000) 2021-09-17 18:32:51 Image size of job updated: 1320656
	1286  -  MemoryUsage of job (MB)
	1316500  -  ResidentSetSize of job (KB)
...
006 (4421.006.000) 2021-09-17 18:32:53 Image size of job updated: 1321188
	1289  -  MemoryUsage of job (MB)
	1319660  -  ResidentSetSize of job (KB)
...
006 (4421.000.000) 2021-09-17 18:32:55 Image size of job updated: 1319560
	1288  -  MemoryUsage of job (MB)
	1318164  -  ResidentSetSize of job (KB)
...
006 (4421.012.000) 2021-09-17 18:32:56 Image size of job updated: 1318236
	1288  -  MemoryUsage of job (MB)
	1318236  -  ResidentSetSize of job (KB)
...
006 (4421.009.000) 2021-09-17 18:32:57 Image size of job updated: 1319816
	1289  -  MemoryUsage of job (MB)
	1319816  -  ResidentSetSize of job (KB)
...
006 (4421.007.000) 2021-09-17 18:32:57 Image size of job updated: 1318256
	1286  -  MemoryUsage of job (MB)
	1316088  -  ResidentSetSize of job (KB)
...
006 (4421.008.000) 2021-09-17 18:32:57 Image size of job updated: 1318680
	1288  -  MemoryUsage of job (MB)
	1318680  -  ResidentSetSize of job (KB)
...
006 (4421.005.000) 2021-09-17 18:32:57 Image size of job updated: 1320312
	1289  -  MemoryUsage of job (MB)
	1319016  -  ResidentSetSize of job (KB)
...
006 (4421.010.000) 2021-09-17 18:32:58 Image size of job updated: 1319396
	1289  -  MemoryUsage of job (MB)
	1319396  -  ResidentSetSize of job (KB)
...
006 (4421.001.000) 2021-09-17 18:32:58 Image size of job updated: 1319484
	1289  -  MemoryUsage of job (MB)
	1319484  -  ResidentSetSize of job (KB)
...
006 (4421.011.000) 2021-09-17 18:32:58 Image size of job updated: 1317824
	1287  -  MemoryUsage of job (MB)
	1317824  -  ResidentSetSize of job (KB)
...
006 (4421.013.000) 2021-09-17 18:32:59 Image size of job updated: 1318656
	1288  -  MemoryUsage of job (MB)
	1318656  -  ResidentSetSize of job (KB)
...
006 (4421.002.000) 2021-09-17 18:37:49 Image size of job updated: 1320404
	1289  -  MemoryUsage of job (MB)
	1318940  -  ResidentSetSize of job (KB)
...
006 (4421.000.000) 2021-09-17 18:37:52 Image size of job updated: 1320932
	1288  -  MemoryUsage of job (MB)
	1318164  -  ResidentSetSize of job (KB)
...
006 (4421.004.000) 2021-09-17 18:37:53 Image size of job updated: 1320656
	1289  -  MemoryUsage of job (MB)
	1319176  -  ResidentSetSize of job (KB)
...
006 (4421.007.000) 2021-09-17 18:37:57 Image size of job updated: 1318256
	1288  -  MemoryUsage of job (MB)
	1317920  -  ResidentSetSize of job (KB)
...
006 (4421.005.000) 2021-09-17 18:37:57 Image size of job updated: 1320312
	1289  -  MemoryUsage of job (MB)
	1319896  -  ResidentSetSize of job (KB)
...
006 (4421.008.000) 2021-09-17 18:37:58 Image size of job updated: 1322360
	1292  -  MemoryUsage of job (MB)
	1322360  -  ResidentSetSize of job (KB)
...
006 (4421.012.000) 2021-09-17 18:37:58 Image size of job updated: 1319740
	1289  -  MemoryUsage of job (MB)
	1319740  -  ResidentSetSize of job (KB)
...
006 (4421.011.000) 2021-09-17 18:37:58 Image size of job updated: 1318820
	1288  -  MemoryUsage of job (MB)
	1318820  -  ResidentSetSize of job (KB)
...
006 (4421.001.000) 2021-09-17 18:37:59 Image size of job updated: 1319492
	1289  -  MemoryUsage of job (MB)
	1319492  -  ResidentSetSize of job (KB)
...
006 (4421.013.000) 2021-09-17 18:38:00 Image size of job updated: 1320332
	1288  -  MemoryUsage of job (MB)
	1318656  -  ResidentSetSize of job (KB)
...
006 (4421.007.000) 2021-09-17 18:42:52 Image size of job updated: 1318368
	1288  -  MemoryUsage of job (MB)
	1317920  -  ResidentSetSize of job (KB)
...
006 (4421.006.000) 2021-09-17 18:42:53 Image size of job updated: 1321188
	1290  -  MemoryUsage of job (MB)
	1320072  -  ResidentSetSize of job (KB)
...
006 (4421.000.000) 2021-09-17 18:42:57 Image size of job updated: 1320932
	1289  -  MemoryUsage of job (MB)
	1319068  -  ResidentSetSize of job (KB)
...
006 (4421.011.000) 2021-09-17 18:42:58 Image size of job updated: 1319088
	1288  -  MemoryUsage of job (MB)
	1318820  -  ResidentSetSize of job (KB)
...
006 (4421.013.000) 2021-09-17 18:43:00 Image size of job updated: 1320332
	1290  -  MemoryUsage of job (MB)
	1320244  -  ResidentSetSize of job (KB)
...
006 (4421.002.000) 2021-09-17 18:47:51 Image size of job updated: 1320404
	1289  -  MemoryUsage of job (MB)
	1319492  -  ResidentSetSize of job (KB)
...
006 (4421.007.000) 2021-09-17 18:47:52 Image size of job updated: 1318368
	1288  -  MemoryUsage of job (MB)
	1318156  -  ResidentSetSize of job (KB)
...
006 (4421.006.000) 2021-09-17 18:47:54 Image size of job updated: 1321188
	1290  -  MemoryUsage of job (MB)
	1320164  -  ResidentSetSize of job (KB)
...
006 (4421.011.000) 2021-09-17 18:47:55 Image size of job updated: 1320152
	1288  -  MemoryUsage of job (MB)
	1318820  -  ResidentSetSize of job (KB)
...
006 (4421.001.000) 2021-09-17 18:47:58 Image size of job updated: 1320092
	1289  -  MemoryUsage of job (MB)
	1319492  -  ResidentSetSize of job (KB)
...
006 (4421.012.000) 2021-09-17 18:47:59 Image size of job updated: 1321124
	1289  -  MemoryUsage of job (MB)
	1319740  -  ResidentSetSize of job (KB)
...
006 (4421.010.000) 2021-09-17 18:47:59 Image size of job updated: 1320504
	1289  -  MemoryUsage of job (MB)
	1319396  -  ResidentSetSize of job (KB)
...
006 (4421.005.000) 2021-09-17 18:52:56 Image size of job updated: 1323388
	1290  -  MemoryUsage of job (MB)
	1320016  -  ResidentSetSize of job (KB)
...
006 (4421.001.000) 2021-09-17 18:52:57 Image size of job updated: 1320332
	1289  -  MemoryUsage of job (MB)
	1319492  -  ResidentSetSize of job (KB)
...
006 (4421.000.000) 2021-09-17 18:57:57 Image size of job updated: 1321048
	1289  -  MemoryUsage of job (MB)
	1319068  -  ResidentSetSize of job (KB)
...
006 (4421.011.000) 2021-09-17 18:58:00 Image size of job updated: 1320668
	1288  -  MemoryUsage of job (MB)
	1318820  -  ResidentSetSize of job (KB)
...
006 (4421.007.000) 2021-09-17 19:02:53 Image size of job updated: 1318772
	1288  -  MemoryUsage of job (MB)
	1318772  -  ResidentSetSize of job (KB)
...
006 (4421.004.000) 2021-09-17 19:02:59 Image size of job updated: 1320656
	1289  -  MemoryUsage of job (MB)
	1319936  -  ResidentSetSize of job (KB)
...
006 (4421.013.000) 2021-09-17 19:03:01 Image size of job updated: 1321084
	1291  -  MemoryUsage of job (MB)
	1321084  -  ResidentSetSize of job (KB)
...
006 (4421.003.000) 2021-09-17 19:07:55 Image size of job updated: 1321032
	1290  -  MemoryUsage of job (MB)
	1320028  -  ResidentSetSize of job (KB)
...
006 (4421.000.000) 2021-09-17 19:07:57 Image size of job updated: 1321048
	1289  -  MemoryUsage of job (MB)
	1319236  -  ResidentSetSize of job (KB)
...
006 (4421.003.000) 2021-09-17 19:12:54 Image size of job updated: 1321032
	1290  -  MemoryUsage of job (MB)
	1320288  -  ResidentSetSize of job (KB)
...
006 (4421.001.000) 2021-09-17 19:12:57 Image size of job updated: 1320332
	1289  -  MemoryUsage of job (MB)
	1319868  -  ResidentSetSize of job (KB)
...
006 (4421.011.000) 2021-09-17 19:12:59 Image size of job updated: 1320816
	1290  -  MemoryUsage of job (MB)
	1319964  -  ResidentSetSize of job (KB)
...
006 (4421.002.000) 2021-09-17 19:17:53 Image size of job updated: 1320920
	1290  -  MemoryUsage of job (MB)
	1320920  -  ResidentSetSize of job (KB)
...
006 (4421.000.000) 2021-09-17 19:17:57 Image size of job updated: 1321048
	1289  -  MemoryUsage of job (MB)
	1319336  -  ResidentSetSize of job (KB)
...
006 (4421.001.000) 2021-09-17 19:18:00 Image size of job updated: 1320880
	1289  -  MemoryUsage of job (MB)
	1319868  -  ResidentSetSize of job (KB)
...
006 (4421.005.000) 2021-09-17 19:22:55 Image size of job updated: 1323388
	1290  -  MemoryUsage of job (MB)
	1320440  -  ResidentSetSize of job (KB)
...
006 (4421.007.000) 2021-09-17 19:22:57 Image size of job updated: 1320744
	1290  -  MemoryUsage of job (MB)
	1320292  -  ResidentSetSize of job (KB)
...
006 (4421.007.000) 2021-09-17 19:27:56 Image size of job updated: 1321920
	1290  -  MemoryUsage of job (MB)
	1320292  -  ResidentSetSize of job (KB)
...
006 (4421.008.000) 2021-09-17 19:27:57 Image size of job updated: 1323560
	1292  -  MemoryUsage of job (MB)
	1322360  -  ResidentSetSize of job (KB)
...
006 (4421.009.000) 2021-09-17 19:27:58 Image size of job updated: 1320756
	1289  -  MemoryUsage of job (MB)
	1319816  -  ResidentSetSize of job (KB)
...
006 (4421.001.000) 2021-09-17 19:28:00 Image size of job updated: 1321028
	1291  -  MemoryUsage of job (MB)
	1321028  -  ResidentSetSize of job (KB)
...
006 (4421.009.000) 2021-09-17 19:32:59 Image size of job updated: 1320944
	1289  -  MemoryUsage of job (MB)
	1319816  -  ResidentSetSize of job (KB)
...
006 (4421.002.000) 2021-09-17 19:37:54 Image size of job updated: 1321224
	1290  -  MemoryUsage of job (MB)
	1320920  -  ResidentSetSize of job (KB)
...
006 (4421.011.000) 2021-09-17 19:42:59 Image size of job updated: 1321048
	1290  -  MemoryUsage of job (MB)
	1320248  -  ResidentSetSize of job (KB)
...
006 (4421.010.000) 2021-09-17 19:48:03 Image size of job updated: 1321188
	1291  -  MemoryUsage of job (MB)
	1321188  -  ResidentSetSize of job (KB)
...
006 (4421.009.000) 2021-09-17 19:52:59 Image size of job updated: 1321228
	1291  -  MemoryUsage of job (MB)
	1321228  -  ResidentSetSize of job (KB)
...
006 (4421.004.000) 2021-09-17 20:03:01 Image size of job updated: 1320772
	1289  -  MemoryUsage of job (MB)
	1319936  -  ResidentSetSize of job (KB)
...
006 (4421.012.000) 2021-09-17 20:03:04 Image size of job updated: 1322840
	1289  -  MemoryUsage of job (MB)
	1319740  -  ResidentSetSize of job (KB)
...
006 (4421.013.000) 2021-09-17 20:03:05 Image size of job updated: 1321856
	1291  -  MemoryUsage of job (MB)
	1321856  -  ResidentSetSize of job (KB)
...
006 (4421.005.000) 2021-09-17 20:12:59 Image size of job updated: 1323388
	1291  -  MemoryUsage of job (MB)
	1321268  -  ResidentSetSize of job (KB)
...
006 (4421.000.000) 2021-09-17 20:13:00 Image size of job updated: 1321048
	1290  -  MemoryUsage of job (MB)
	1320208  -  ResidentSetSize of job (KB)
...
006 (4421.009.000) 2021-09-17 20:28:01 Image size of job updated: 1321284
	1291  -  MemoryUsage of job (MB)
	1321228  -  ResidentSetSize of job (KB)
...
006 (4421.011.000) 2021-09-17 20:28:02 Image size of job updated: 1321068
	1291  -  MemoryUsage of job (MB)
	1321068  -  ResidentSetSize of job (KB)
...
006 (4421.012.000) 2021-09-17 20:28:08 Image size of job updated: 1322840
	1290  -  MemoryUsage of job (MB)
	1320532  -  ResidentSetSize of job (KB)
...
006 (4421.003.000) 2021-09-17 20:33:00 Image size of job updated: 1321104
	1291  -  MemoryUsage of job (MB)
	1321104  -  ResidentSetSize of job (KB)
...
006 (4421.009.000) 2021-09-17 20:33:02 Image size of job updated: 1321316
	1291  -  MemoryUsage of job (MB)
	1321260  -  ResidentSetSize of job (KB)
...
006 (4421.012.000) 2021-09-17 20:33:08 Image size of job updated: 1322840
	1290  -  MemoryUsage of job (MB)
	1320568  -  ResidentSetSize of job (KB)
...
006 (4421.007.000) 2021-09-17 20:38:04 Image size of job updated: 1321920
	1290  -  MemoryUsage of job (MB)
	1320892  -  ResidentSetSize of job (KB)
...
006 (4421.011.000) 2021-09-17 20:43:03 Image size of job updated: 1321280
	1291  -  MemoryUsage of job (MB)
	1321280  -  ResidentSetSize of job (KB)
...
006 (4421.000.000) 2021-09-17 21:08:07 Image size of job updated: 1321048
	1290  -  MemoryUsage of job (MB)
	1320520  -  ResidentSetSize of job (KB)
...
006 (4421.010.000) 2021-09-17 21:08:10 Image size of job updated: 1321788
	1291  -  MemoryUsage of job (MB)
	1321788  -  ResidentSetSize of job (KB)
...
006 (4421.001.000) 2021-09-17 21:08:11 Image size of job updated: 1321368
	1291  -  MemoryUsage of job (MB)
	1321368  -  ResidentSetSize of job (KB)
...
006 (4421.004.000) 2021-09-17 21:28:14 Image size of job updated: 1320772
	1290  -  MemoryUsage of job (MB)
	1320036  -  ResidentSetSize of job (KB)
...
006 (4421.012.000) 2021-09-17 21:33:15 Image size of job updated: 1322840
	1291  -  MemoryUsage of job (MB)
	1321244  -  ResidentSetSize of job (KB)
...
006 (4421.013.000) 2021-09-17 21:38:16 Image size of job updated: 1322108
	1291  -  MemoryUsage of job (MB)
	1321856  -  ResidentSetSize of job (KB)
...
006 (4421.004.000) 2021-09-17 21:43:15 Image size of job updated: 1321132
	1290  -  MemoryUsage of job (MB)
	1320036  -  ResidentSetSize of job (KB)
...
006 (4421.006.000) 2021-09-17 21:48:15 Image size of job updated: 1321188
	1290  -  MemoryUsage of job (MB)
	1320932  -  ResidentSetSize of job (KB)
...
006 (4421.011.000) 2021-09-17 21:53:12 Image size of job updated: 1321920
	1291  -  MemoryUsage of job (MB)
	1321280  -  ResidentSetSize of job (KB)
...
006 (4421.005.000) 2021-09-17 21:58:08 Image size of job updated: 1323388
	1291  -  MemoryUsage of job (MB)
	1321464  -  ResidentSetSize of job (KB)
...
006 (4421.003.000) 2021-09-17 22:13:09 Image size of job updated: 1321116
	1291  -  MemoryUsage of job (MB)
	1321104  -  ResidentSetSize of job (KB)
...
006 (4421.010.000) 2021-09-17 22:28:16 Image size of job updated: 1321792
	1291  -  MemoryUsage of job (MB)
	1321788  -  ResidentSetSize of job (KB)
...
006 (4421.004.000) 2021-09-17 22:53:22 Image size of job updated: 1321132
	1290  -  MemoryUsage of job (MB)
	1320548  -  ResidentSetSize of job (KB)
...
006 (4421.010.000) 2021-09-17 22:58:20 Image size of job updated: 1322444
	1292  -  MemoryUsage of job (MB)
	1322444  -  ResidentSetSize of job (KB)
...
006 (4421.004.000) 2021-09-17 23:53:29 Image size of job updated: 1321132
	1290  -  MemoryUsage of job (MB)
	1320584  -  ResidentSetSize of job (KB)
...
006 (4421.012.000) 2021-09-17 23:53:30 Image size of job updated: 1322840
	1291  -  MemoryUsage of job (MB)
	1321588  -  ResidentSetSize of job (KB)
...
006 (4421.007.000) 2021-09-17 23:58:35 Image size of job updated: 1322864
	1290  -  MemoryUsage of job (MB)
	1320892  -  ResidentSetSize of job (KB)
...
006 (4421.002.000) 2021-09-18 00:28:18 Image size of job updated: 1321548
	1291  -  MemoryUsage of job (MB)
	1321548  -  ResidentSetSize of job (KB)
...
006 (4421.009.000) 2021-09-18 00:28:24 Image size of job updated: 1321616
	1291  -  MemoryUsage of job (MB)
	1321616  -  ResidentSetSize of job (KB)
...
005 (4421.013.000) 2021-09-18 00:47:26 Job terminated.
	(1) Normal termination (return value 0)
		Usr 0 05:18:33, Sys 0 00:04:39  -  Run Remote Usage
		Usr 0 00:00:00, Sys 0 00:00:00  -  Run Local Usage
		Usr 0 05:18:33, Sys 0 00:04:39  -  Total Remote Usage
		Usr 0 00:00:00, Sys 0 00:00:00  -  Total Local Usage
	0  -  Run Bytes Sent By Job
	660308544  -  Run Bytes Received By Job
	0  -  Total Bytes Sent By Job
	660308544  -  Total Bytes Received By Job
	Partitionable Resources :    Usage  Request Allocated 
	   Cpus                 :        0        2         2 
	   Disk (KB)            :  2664894   750000   2333390 
	   Memory (MB)          :     1291     1500      1536 

	Job terminated of its own accord at 2021-09-18T07:47:14Z.
...
005 (4421.009.000) 2021-09-18 00:47:26 Job terminated.
	(1) Normal termination (return value 0)
		Usr 0 04:55:58, Sys 0 00:04:29  -  Run Remote Usage
		Usr 0 00:00:00, Sys 0 00:00:00  -  Run Local Usage
		Usr 0 04:55:58, Sys 0 00:04:29  -  Total Remote Usage
		Usr 0 00:00:00, Sys 0 00:00:00  -  Total Local Usage
	0  -  Run Bytes Sent By Job
	660308544  -  Run Bytes Received By Job
	0  -  Total Bytes Sent By Job
	660308544  -  Total Bytes Received By Job
	Partitionable Resources :    Usage  Request Allocated 
	   Cpus                 :        0        2         2 
	   Disk (KB)            :  2664940   750000   2333390 
	   Memory (MB)          :     1291     1500      1536 

	Job terminated of its own accord at 2021-09-18T07:47:14Z.
...
005 (4421.003.000) 2021-09-18 00:47:26 Job terminated.
	(1) Normal termination (return value 0)
		Usr 0 04:51:44, Sys 0 00:04:26  -  Run Remote Usage
		Usr 0 00:00:00, Sys 0 00:00:00  -  Run Local Usage
		Usr 0 04:51:44, Sys 0 00:04:26  -  Total Remote Usage
		Usr 0 00:00:00, Sys 0 00:00:00  -  Total Local Usage
	0  -  Run Bytes Sent By Job
	660308544  -  Run Bytes Received By Job
	0  -  Total Bytes Sent By Job
	660308544  -  Total Bytes Received By Job
	Partitionable Resources :    Usage  Request Allocated 
	   Cpus                 :        0        2         2 
	   Disk (KB)            :  2664833   750000   2333390 
	   Memory (MB)          :     1291     1500      1536 

	Job terminated of its own accord at 2021-09-18T07:47:14Z.
...
005 (4421.005.000) 2021-09-18 00:47:26 Job terminated.
	(1) Normal termination (return value 0)
		Usr 0 05:11:25, Sys 0 00:04:38  -  Run Remote Usage
		Usr 0 00:00:00, Sys 0 00:00:00  -  Run Local Usage
		Usr 0 05:11:25, Sys 0 00:04:38  -  Total Remote Usage
		Usr 0 00:00:00, Sys 0 00:00:00  -  Total Local Usage
	0  -  Run Bytes Sent By Job
	660308544  -  Run Bytes Received By Job
	0  -  Total Bytes Sent By Job
	660308544  -  Total Bytes Received By Job
	Partitionable Resources :    Usage  Request Allocated 
	   Cpus                 :        0        2         2 
	   Disk (KB)            :  2664956   750000   2333390 
	   Memory (MB)          :     1291     1500      1536 

	Job terminated of its own accord at 2021-09-18T07:47:14Z.
...
005 (4421.012.000) 2021-09-18 00:47:26 Job terminated.
	(1) Normal termination (return value 0)
		Usr 0 04:41:38, Sys 0 00:04:19  -  Run Remote Usage
		Usr 0 00:00:00, Sys 0 00:00:00  -  Run Local Usage
		Usr 0 04:41:38, Sys 0 00:04:19  -  Total Remote Usage
		Usr 0 00:00:00, Sys 0 00:00:00  -  Total Local Usage
	0  -  Run Bytes Sent By Job
	660308544  -  Run Bytes Received By Job
	0  -  Total Bytes Sent By Job
	660308544  -  Total Bytes Received By Job
	Partitionable Resources :    Usage  Request Allocated 
	   Cpus                 :        0        2         2 
	   Disk (KB)            :  2672342   750000   2333390 
	   Memory (MB)          :     1291     1500      1536 

	Job terminated of its own accord at 2021-09-18T07:47:14Z.
...
005 (4421.007.000) 2021-09-18 00:47:26 Job terminated.
	(1) Normal termination (return value 0)
		Usr 0 05:15:59, Sys 0 00:04:43  -  Run Remote Usage
		Usr 0 00:00:00, Sys 0 00:00:00  -  Run Local Usage
		Usr 0 05:15:59, Sys 0 00:04:43  -  Total Remote Usage
		Usr 0 00:00:00, Sys 0 00:00:00  -  Total Local Usage
	0  -  Run Bytes Sent By Job
	660308544  -  Run Bytes Received By Job
	0  -  Total Bytes Sent By Job
	660308544  -  Total Bytes Received By Job
	Partitionable Resources :      Usage  Request Allocated 
	   Cpus                 :       1.00        2         2 
	   Disk (KB)            : 2670216      750000   2333390 
	   Memory (MB)          :    1290        1500      1536 

	Job terminated of its own accord at 2021-09-18T07:47:14Z.
...
005 (4421.004.000) 2021-09-18 00:47:26 Job terminated.
	(1) Normal termination (return value 0)
		Usr 0 05:14:56, Sys 0 00:04:22  -  Run Remote Usage
		Usr 0 00:00:00, Sys 0 00:00:00  -  Run Local Usage
		Usr 0 05:14:56, Sys 0 00:04:22  -  Total Remote Usage
		Usr 0 00:00:00, Sys 0 00:00:00  -  Total Local Usage
	0  -  Run Bytes Sent By Job
	660308544  -  Run Bytes Received By Job
	0  -  Total Bytes Sent By Job
	660308544  -  Total Bytes Received By Job
	Partitionable Resources :      Usage  Request Allocated 
	   Cpus                 :       1.00        2         2 
	   Disk (KB)            : 2670219      750000   2333390 
	   Memory (MB)          :    1290        1500      1536 

	Job terminated of its own accord at 2021-09-18T07:47:14Z.
...
005 (4421.011.000) 2021-09-18 00:47:26 Job terminated.
	(1) Normal termination (return value 0)
		Usr 0 03:08:35, Sys 0 00:03:06  -  Run Remote Usage
		Usr 0 00:00:00, Sys 0 00:00:00  -  Run Local Usage
		Usr 0 03:08:35, Sys 0 00:03:06  -  Total Remote Usage
		Usr 0 00:00:00, Sys 0 00:00:00  -  Total Local Usage
	0  -  Run Bytes Sent By Job
	660308544  -  Run Bytes Received By Job
	0  -  Total Bytes Sent By Job
	660308544  -  Total Bytes Received By Job
	Partitionable Resources :    Usage  Request Allocated 
	   Cpus                 :        0        2         2 
	   Disk (KB)            :  2664801   750000   2333390 
	   Memory (MB)          :     1291     1500      1536 

	Job terminated of its own accord at 2021-09-18T07:47:14Z.
...
005 (4421.002.000) 2021-09-18 00:47:26 Job terminated.
	(1) Normal termination (return value 0)
		Usr 0 05:11:05, Sys 0 00:04:51  -  Run Remote Usage
		Usr 0 00:00:00, Sys 0 00:00:00  -  Run Local Usage
		Usr 0 05:11:05, Sys 0 00:04:51  -  Total Remote Usage
		Usr 0 00:00:00, Sys 0 00:00:00  -  Total Local Usage
	0  -  Run Bytes Sent By Job
	660308544  -  Run Bytes Received By Job
	0  -  Total Bytes Sent By Job
	660308544  -  Total Bytes Received By Job
	Partitionable Resources :    Usage  Request Allocated 
	   Cpus                 :        0        2         2 
	   Disk (KB)            :  2667265   750000   2333390 
	   Memory (MB)          :     1291     1500      1536 

	Job terminated of its own accord at 2021-09-18T07:47:14Z.
...
005 (4421.001.000) 2021-09-18 00:47:26 Job terminated.
	(1) Normal termination (return value 0)
		Usr 0 04:52:00, Sys 0 00:04:45  -  Run Remote Usage
		Usr 0 00:00:00, Sys 0 00:00:00  -  Run Local Usage
		Usr 0 04:52:00, Sys 0 00:04:45  -  Total Remote Usage
		Usr 0 00:00:00, Sys 0 00:00:00  -  Total Local Usage
	0  -  Run Bytes Sent By Job
	660308544  -  Run Bytes Received By Job
	0  -  Total Bytes Sent By Job
	660308544  -  Total Bytes Received By Job
	Partitionable Resources :    Usage  Request Allocated 
	   Cpus                 :        0        2         2 
	   Disk (KB)            :  2670303   750000   2333390 
	   Memory (MB)          :     1291     1500      1536 

	Job terminated of its own accord at 2021-09-18T07:47:14Z.
...
005 (4421.006.000) 2021-09-18 00:47:26 Job terminated.
	(1) Normal termination (return value 0)
		Usr 0 05:10:22, Sys 0 00:04:37  -  Run Remote Usage
		Usr 0 00:00:00, Sys 0 00:00:00  -  Run Local Usage
		Usr 0 05:10:22, Sys 0 00:04:37  -  Total Remote Usage
		Usr 0 00:00:00, Sys 0 00:00:00  -  Total Local Usage
	0  -  Run Bytes Sent By Job
	660308544  -  Run Bytes Received By Job
	0  -  Total Bytes Sent By Job
	660308544  -  Total Bytes Received By Job
	Partitionable Resources :    Usage  Request Allocated 
	   Cpus                 :        0        2         2 
	   Disk (KB)            :  2673312   750000   2333390 
	   Memory (MB)          :     1290     1500      1536 

	Job terminated of its own accord at 2021-09-18T07:47:14Z.
...
005 (4421.000.000) 2021-09-18 00:47:26 Job terminated.
	(1) Normal termination (return value 0)
		Usr 0 04:59:40, Sys 0 00:04:43  -  Run Remote Usage
		Usr 0 00:00:00, Sys 0 00:00:00  -  Run Local Usage
		Usr 0 04:59:40, Sys 0 00:04:43  -  Total Remote Usage
		Usr 0 00:00:00, Sys 0 00:00:00  -  Total Local Usage
	0  -  Run Bytes Sent By Job
	660308544  -  Run Bytes Received By Job
	0  -  Total Bytes Sent By Job
	660308544  -  Total Bytes Received By Job
	Partitionable Resources :    Usage  Request Allocated 
	   Cpus                 :        0        2         2 
	   Disk (KB)            :  2664940   750000   2333390 
	   Memory (MB)          :     1290     1500      1536 

	Job terminated of its own accord at 2021-09-18T07:47:14Z.
...
005 (4421.008.000) 2021-09-18 00:47:26 Job terminated.
	(1) Normal termination (return value 0)
		Usr 0 05:08:42, Sys 0 00:04:42  -  Run Remote Usage
		Usr 0 00:00:00, Sys 0 00:00:00  -  Run Local Usage
		Usr 0 05:08:42, Sys 0 00:04:42  -  Total Remote Usage
		Usr 0 00:00:00, Sys 0 00:00:00  -  Total Local Usage
	0  -  Run Bytes Sent By Job
	660308544  -  Run Bytes Received By Job
	0  -  Total Bytes Sent By Job
	660308544  -  Total Bytes Received By Job
	Partitionable Resources :      Usage  Request Allocated 
	   Cpus                 :       1.00        2         2 
	   Disk (KB)            : 2673760      750000   2333390 
	   Memory (MB)          :    1292        1500      1536 

	Job terminated of its own accord at 2021-09-18T07:47:14Z.
...
005 (4421.010.000) 2021-09-18 00:47:26 Job terminated.
	(1) Normal termination (return value 0)
		Usr 0 04:52:34, Sys 0 00:04:44  -  Run Remote Usage
		Usr 0 00:00:00, Sys 0 00:00:00  -  Run Local Usage
		Usr 0 04:52:34, Sys 0 00:04:44  -  Total Remote Usage
		Usr 0 00:00:00, Sys 0 00:00:00  -  Total Local Usage
	0  -  Run Bytes Sent By Job
	660308544  -  Run Bytes Received By Job
	0  -  Total Bytes Sent By Job
	660308544  -  Total Bytes Received By Job
	Partitionable Resources :    Usage  Request Allocated 
	   Cpus                 :        0        2         2 
	   Disk (KB)            :  2673312   750000   2333390 
	   Memory (MB)          :     1292     1500      1536 

	Job terminated of its own accord at 2021-09-18T07:47:14Z.
...
001 (4421.016.000) 2021-09-18 00:48:42 Job executing on host: <192.168.137.8:9618?sock=startd_17636_113e>
...
001 (4421.017.000) 2021-09-18 00:48:43 Job executing on host: <192.168.137.8:9618?sock=startd_17636_113e>
...
001 (4421.014.000) 2021-09-18 00:48:43 Job executing on host: <192.168.137.8:9618?sock=startd_17636_113e>
...
001 (4421.015.000) 2021-09-18 00:48:43 Job executing on host: <192.168.137.8:9618?sock=startd_17636_113e>
...
001 (4421.018.000) 2021-09-18 00:48:43 Job executing on host: <192.168.137.8:9618?sock=startd_17636_113e>
...
001 (4421.019.000) 2021-09-18 00:48:43 Job executing on host: <192.168.137.8:9618?sock=startd_17636_113e>
...
006 (4421.016.000) 2021-09-18 00:48:50 Image size of job updated: 20812
	21  -  MemoryUsage of job (MB)
	20812  -  ResidentSetSize of job (KB)
...
006 (4421.017.000) 2021-09-18 00:48:51 Image size of job updated: 20772
	21  -  MemoryUsage of job (MB)
	20772  -  ResidentSetSize of job (KB)
...
006 (4421.014.000) 2021-09-18 00:48:51 Image size of job updated: 20792
	21  -  MemoryUsage of job (MB)
	20792  -  ResidentSetSize of job (KB)
...
006 (4421.015.000) 2021-09-18 00:48:51 Image size of job updated: 20784
	21  -  MemoryUsage of job (MB)
	20784  -  ResidentSetSize of job (KB)
...
006 (4421.018.000) 2021-09-18 00:48:51 Image size of job updated: 20780
	21  -  MemoryUsage of job (MB)
	20780  -  ResidentSetSize of job (KB)
...
006 (4421.019.000) 2021-09-18 00:48:51 Image size of job updated: 1
	1  -  MemoryUsage of job (MB)
	92  -  ResidentSetSize of job (KB)
...
006 (4421.016.000) 2021-09-18 00:53:50 Image size of job updated: 21160
	21  -  MemoryUsage of job (MB)
	21160  -  ResidentSetSize of job (KB)
...
006 (4421.014.000) 2021-09-18 00:53:52 Image size of job updated: 21128
	21  -  MemoryUsage of job (MB)
	21128  -  ResidentSetSize of job (KB)
...
006 (4421.015.000) 2021-09-18 00:53:52 Image size of job updated: 21148
	21  -  MemoryUsage of job (MB)
	21148  -  ResidentSetSize of job (KB)
...
006 (4421.017.000) 2021-09-18 00:53:52 Image size of job updated: 21112
	21  -  MemoryUsage of job (MB)
	21112  -  ResidentSetSize of job (KB)
...
006 (4421.018.000) 2021-09-18 00:53:53 Image size of job updated: 21152
	21  -  MemoryUsage of job (MB)
	21152  -  ResidentSetSize of job (KB)
...
006 (4421.019.000) 2021-09-18 00:53:53 Image size of job updated: 21164
	21  -  MemoryUsage of job (MB)
	21164  -  ResidentSetSize of job (KB)
...
006 (4421.016.000) 2021-09-18 00:58:50 Image size of job updated: 21360
	21  -  MemoryUsage of job (MB)
	21360  -  ResidentSetSize of job (KB)
...
006 (4421.018.000) 2021-09-18 00:58:51 Image size of job updated: 21364
	21  -  MemoryUsage of job (MB)
	21364  -  ResidentSetSize of job (KB)
...
006 (4421.017.000) 2021-09-18 00:58:51 Image size of job updated: 21352
	21  -  MemoryUsage of job (MB)
	21352  -  ResidentSetSize of job (KB)
...
006 (4421.015.000) 2021-09-18 00:58:51 Image size of job updated: 21348
	21  -  MemoryUsage of job (MB)
	21348  -  ResidentSetSize of job (KB)
...
006 (4421.014.000) 2021-09-18 00:58:52 Image size of job updated: 21372
	21  -  MemoryUsage of job (MB)
	21372  -  ResidentSetSize of job (KB)
...
006 (4421.019.000) 2021-09-18 00:58:53 Image size of job updated: 21360
	21  -  MemoryUsage of job (MB)
	21360  -  ResidentSetSize of job (KB)
...
006 (4421.017.000) 2021-09-18 01:03:51 Image size of job updated: 21360
	21  -  MemoryUsage of job (MB)
	21360  -  ResidentSetSize of job (KB)
...
006 (4421.015.000) 2021-09-18 01:03:52 Image size of job updated: 21352
	21  -  MemoryUsage of job (MB)
	21352  -  ResidentSetSize of job (KB)
...
006 (4421.019.000) 2021-09-18 01:03:53 Image size of job updated: 21364
	21  -  MemoryUsage of job (MB)
	21364  -  ResidentSetSize of job (KB)
...
006 (4421.016.000) 2021-09-18 01:08:51 Image size of job updated: 21368
	21  -  MemoryUsage of job (MB)
	21368  -  ResidentSetSize of job (KB)
...
006 (4421.017.000) 2021-09-18 01:08:52 Image size of job updated: 21368
	21  -  MemoryUsage of job (MB)
	21368  -  ResidentSetSize of job (KB)
...
006 (4421.016.000) 2021-09-18 02:03:56 Image size of job updated: 21896
	22  -  MemoryUsage of job (MB)
	21896  -  ResidentSetSize of job (KB)
...
006 (4421.018.000) 2021-09-18 02:03:56 Image size of job updated: 21892
	22  -  MemoryUsage of job (MB)
	21892  -  ResidentSetSize of job (KB)
...
006 (4421.017.000) 2021-09-18 02:03:57 Image size of job updated: 21904
	22  -  MemoryUsage of job (MB)
	21904  -  ResidentSetSize of job (KB)
...
006 (4421.015.000) 2021-09-18 02:03:59 Image size of job updated: 21884
	22  -  MemoryUsage of job (MB)
	21884  -  ResidentSetSize of job (KB)
...
006 (4421.019.000) 2021-09-18 02:03:59 Image size of job updated: 21900
	22  -  MemoryUsage of job (MB)
	21900  -  ResidentSetSize of job (KB)
...
006 (4421.014.000) 2021-09-18 02:03:59 Image size of job updated: 21900
	22  -  MemoryUsage of job (MB)
	21900  -  ResidentSetSize of job (KB)
...
006 (4421.016.000) 2021-09-18 03:29:05 Image size of job updated: 21912
	22  -  MemoryUsage of job (MB)
	21912  -  ResidentSetSize of job (KB)
...
006 (4421.018.000) 2021-09-18 03:29:05 Image size of job updated: 21908
	22  -  MemoryUsage of job (MB)
	21908  -  ResidentSetSize of job (KB)
...
006 (4421.017.000) 2021-09-18 03:29:06 Image size of job updated: 21920
	22  -  MemoryUsage of job (MB)
	21920  -  ResidentSetSize of job (KB)
...
006 (4421.015.000) 2021-09-18 03:29:08 Image size of job updated: 21900
	22  -  MemoryUsage of job (MB)
	21900  -  ResidentSetSize of job (KB)
...
006 (4421.019.000) 2021-09-18 03:29:08 Image size of job updated: 21912
	22  -  MemoryUsage of job (MB)
	21912  -  ResidentSetSize of job (KB)
...
006 (4421.014.000) 2021-09-18 03:29:09 Image size of job updated: 21912
	22  -  MemoryUsage of job (MB)
	21912  -  ResidentSetSize of job (KB)
...
006 (4421.019.000) 2021-09-18 05:19:15 Image size of job updated: 21916
	22  -  MemoryUsage of job (MB)
	21916  -  ResidentSetSize of job (KB)
...
006 (4421.014.000) 2021-09-18 05:19:20 Image size of job updated: 21916
	22  -  MemoryUsage of job (MB)
	21916  -  ResidentSetSize of job (KB)
...
006 (4421.015.000) 2021-09-19 00:16:07 Image size of job updated: 21916
	22  -  MemoryUsage of job (MB)
	21916  -  ResidentSetSize of job (KB)
...
006 (4421.018.000) 2021-09-19 00:16:22 Image size of job updated: 21924
	22  -  MemoryUsage of job (MB)
	21924  -  ResidentSetSize of job (KB)
...
006 (4421.016.000) 2021-09-19 03:31:11 Image size of job updated: 21916
	22  -  MemoryUsage of job (MB)
	21916  -  ResidentSetSize of job (KB)
...
006 (4421.015.000) 2021-09-19 03:31:32 Image size of job updated: 21920
	22  -  MemoryUsage of job (MB)
	21920  -  ResidentSetSize of job (KB)
...
006 (4421.014.000) 2021-09-19 03:31:33 Image size of job updated: 21920
	22  -  MemoryUsage of job (MB)
	21920  -  ResidentSetSize of job (KB)
...
006 (4421.019.000) 2021-09-19 03:31:34 Image size of job updated: 21920
	22  -  MemoryUsage of job (MB)
	21920  -  ResidentSetSize of job (KB)
...
006 (4421.018.000) 2021-09-19 06:57:04 Image size of job updated: 21928
	22  -  MemoryUsage of job (MB)
	21928  -  ResidentSetSize of job (KB)
...
006 (4421.017.000) 2021-09-19 08:47:13 Image size of job updated: 21924
	22  -  MemoryUsage of job (MB)
	21924  -  ResidentSetSize of job (KB)
...
