time,elapsed_seconds,message
10:26:45,7.87e-05,PEST++ performance logger started
10:26:45,0.0006039,starting to process control file
10:26:45,0.0069159,finished processing control file
10:26:45,0.0193967,loading parcov
10:26:45,0.0088977,beginning iteration 1
10:26:45,0.0007228,commencing to build jacobian parameter sets
10:26:45,0.0388355,jacobian parameter sets built, commencing model runs
12:12:42,6357.26,jacobian runs complete, processing runs
12:12:42,0.0394142,processing jacobian runs complete
12:12:42,6.43e-05,saving jacobian and sen files
12:12:42,0.0106722,commencing calculation of upgrade vector
12:12:42,0.0029584,forming JtQJ matrix
12:12:42,0.0077775,commencing to scale JtQJ matrix- first SVD...
12:12:42,7.18e-05,starting REDSVD
12:12:45,2.25598,retrieving REDSVD components
12:12:45,0.0022255,triming REDSVD components to 120elements
12:12:45,0.0013027,done REDSVD
12:12:45,0.016796,S info: rows = 317: cols = 317: size = 100489: nonzeros = 297
12:12:45,5.71e-05,JS
12:12:45,0.0003303,JS.transpose() * q_mat * JS + lambda * S.transpose() * S
12:12:45,0.0080925,S info: rows = 317: cols = 317: size = 100489: nonzeros = 297
12:12:45,5.47e-05,commencing SVD factorization of lambda-scaled JtQJ
12:12:45,1.58e-05,starting REDSVD
12:12:46,1.75242,retrieving REDSVD components
12:12:46,0.0030775,triming REDSVD components to 112elements
12:12:46,0.0013727,done REDSVD
12:12:46,0.0003529,SVD factorization complete
12:12:47,0.0296436,commencing linear algebra multiplication to compute ugrade
12:12:47,2.94e-05,S info: rows = 317: cols = 317: size = 100489: nonzeros = 297Vt info: rows = 112: cols = 317: size = 35504: nonzeros = 33264
12:12:47,1.37e-05,U info: rows = 317: cols = 112: size = 35504: nonzeros = 33264
12:12:47,1.19e-05,jac info: rows = 178: cols = 317: size = 56426: nonzeros = 7211
12:12:47,0.198626,linear algebra multiplication to compute ugrade complete
12:12:47,0.0009667,commencing check of parameter bounds and gradients
12:12:47,0.0022662,beginning upgrade vector calculations, lambda = 0.1
12:12:47,0.0001927,commencing calculation of upgrade vector
12:12:47,0.0028308,forming JtQJ matrix
12:12:47,0.0078643,commencing to scale JtQJ matrix- first SVD...
12:12:47,4.87e-05,starting REDSVD
12:12:48,1.17579,retrieving REDSVD components
12:12:48,0.0048968,triming REDSVD components to 120elements
12:12:48,0.0026529,done REDSVD
12:12:48,0.0374138,S info: rows = 317: cols = 317: size = 100489: nonzeros = 297
12:12:48,0.0001247,JS
12:12:48,0.0005255,JS.transpose() * q_mat * JS + lambda * S.transpose() * S
12:12:48,0.0146033,S info: rows = 317: cols = 317: size = 100489: nonzeros = 297
12:12:48,6.44e-05,commencing SVD factorization of lambda-scaled JtQJ
12:12:48,1.17e-05,starting REDSVD
12:12:50,1.9544,retrieving REDSVD components
12:12:50,0.0083064,triming REDSVD components to 164elements
12:12:50,0.0044141,done REDSVD
12:12:50,0.0005582,SVD factorization complete
12:12:50,0.09679,commencing linear algebra multiplication to compute ugrade
12:12:50,3.4e-05,S info: rows = 317: cols = 317: size = 100489: nonzeros = 297Vt info: rows = 164: cols = 317: size = 51988: nonzeros = 48708
12:12:50,1.48e-05,U info: rows = 317: cols = 164: size = 51988: nonzeros = 48708
12:12:50,1.32e-05,jac info: rows = 178: cols = 317: size = 56426: nonzeros = 7211
12:12:50,0.153269,linear algebra multiplication to compute ugrade complete
12:12:50,0.0010097,commencing check of parameter bounds and gradients
12:12:50,0.0001063,commencing calculation of upgrade vector
12:12:50,0.0028634,forming JtQJ matrix
12:12:50,0.0079359,commencing to scale JtQJ matrix- first SVD...
12:12:50,4.55e-05,starting REDSVD
12:12:51,0.864419,retrieving REDSVD components
12:12:51,0.0034548,triming REDSVD components to 120elements
12:12:51,0.002214,done REDSVD
12:12:51,0.026462,S info: rows = 317: cols = 317: size = 100489: nonzeros = 297
12:12:51,7.35e-05,JS
12:12:51,0.0004372,JS.transpose() * q_mat * JS + lambda * S.transpose() * S
12:12:51,0.0108748,S info: rows = 317: cols = 317: size = 100489: nonzeros = 297
12:12:51,0.0001658,commencing SVD factorization of lambda-scaled JtQJ
12:12:51,3.01e-05,starting REDSVD
12:12:53,1.75266,retrieving REDSVD components
12:12:53,0.006141,triming REDSVD components to 164elements
12:12:53,0.0033096,done REDSVD
12:12:53,0.0004092,SVD factorization complete
12:12:53,0.0687047,commencing linear algebra multiplication to compute ugrade
12:12:53,4.68e-05,S info: rows = 317: cols = 317: size = 100489: nonzeros = 297Vt info: rows = 164: cols = 317: size = 51988: nonzeros = 48708
12:12:53,1.84e-05,U info: rows = 317: cols = 164: size = 51988: nonzeros = 48708
12:12:53,1.66e-05,jac info: rows = 178: cols = 317: size = 56426: nonzeros = 7211
12:12:53,0.169978,linear algebra multiplication to compute ugrade complete
12:12:53,0.0011213,commencing check of parameter bounds
12:12:53,9.79e-05,limiting out of bounds pars
12:12:53,0.0001842,change limit/bound enforement for lambda 0.1: upper change limit,KS_193, scaling factor: 3.10139e-58
12:12:53,0.0008396,checking for denormal floating point values
12:12:53,4.28e-05,transforming upgrade pars to model pars
12:12:53,4.36e-05,writing upgrade vector to csv file
12:12:53,0.0022294,beginning upgrade vector calculations, lambda = 1
12:12:53,0.0001199,commencing calculation of upgrade vector
12:12:53,0.0027741,forming JtQJ matrix
12:12:53,0.0079474,commencing to scale JtQJ matrix- first SVD...
12:12:53,4.86e-05,starting REDSVD
12:12:54,0.939443,retrieving REDSVD components
12:12:54,0.0030761,triming REDSVD components to 120elements
12:12:54,0.0018898,done REDSVD
12:12:54,0.0316349,S info: rows = 317: cols = 317: size = 100489: nonzeros = 297
12:12:54,0.0001139,JS
12:12:54,0.0006263,JS.transpose() * q_mat * JS + lambda * S.transpose() * S
12:12:54,0.013037,S info: rows = 317: cols = 317: size = 100489: nonzeros = 297
12:12:54,9.97e-05,commencing SVD factorization of lambda-scaled JtQJ
12:12:54,2.34e-05,starting REDSVD
12:12:57,2.46433,retrieving REDSVD components
12:12:57,0.0051487,triming REDSVD components to 183elements
12:12:57,0.0025783,done REDSVD
12:12:57,0.000398,SVD factorization complete
12:12:57,0.0487496,commencing linear algebra multiplication to compute ugrade
12:12:57,3.18e-05,S info: rows = 317: cols = 317: size = 100489: nonzeros = 297Vt info: rows = 183: cols = 317: size = 58011: nonzeros = 54351
12:12:57,1.29e-05,U info: rows = 317: cols = 183: size = 58011: nonzeros = 54351
12:12:57,1.16e-05,jac info: rows = 178: cols = 317: size = 56426: nonzeros = 7211
12:12:57,0.191477,linear algebra multiplication to compute ugrade complete
12:12:57,0.0012011,commencing check of parameter bounds and gradients
12:12:57,0.0001145,commencing calculation of upgrade vector
12:12:57,0.0027367,forming JtQJ matrix
12:12:57,0.0077094,commencing to scale JtQJ matrix- first SVD...
12:12:57,4.17e-05,starting REDSVD
12:12:58,1.18099,retrieving REDSVD components
12:12:58,0.0043989,triming REDSVD components to 120elements
12:12:58,0.002665,done REDSVD
12:12:58,0.0374634,S info: rows = 317: cols = 317: size = 100489: nonzeros = 297
12:12:58,4.55e-05,JS
12:12:58,0.0003211,JS.transpose() * q_mat * JS + lambda * S.transpose() * S
12:12:58,0.0072492,S info: rows = 317: cols = 317: size = 100489: nonzeros = 297
12:12:58,4.49e-05,commencing SVD factorization of lambda-scaled JtQJ
12:12:58,1.26e-05,starting REDSVD
12:13:00,2.09898,retrieving REDSVD components
12:13:00,0.0047137,triming REDSVD components to 183elements
12:13:00,0.0024002,done REDSVD
12:13:00,0.000348,SVD factorization complete
12:13:00,0.0500568,commencing linear algebra multiplication to compute ugrade
12:13:00,3.56e-05,S info: rows = 317: cols = 317: size = 100489: nonzeros = 297Vt info: rows = 183: cols = 317: size = 58011: nonzeros = 54351
12:13:00,1.31e-05,U info: rows = 317: cols = 183: size = 58011: nonzeros = 54351
12:13:00,1.27e-05,jac info: rows = 178: cols = 317: size = 56426: nonzeros = 7211
12:13:00,0.160193,linear algebra multiplication to compute ugrade complete
12:13:00,0.0019244,commencing check of parameter bounds
12:13:00,0.0001971,limiting out of bounds pars
12:13:00,0.03313,change limit/bound enforement for lambda 1: upper change limit,KS_193, scaling factor: 2.40738e-08
12:13:00,0.0120849,checking for denormal floating point values
12:13:00,5.88e-05,transforming upgrade pars to model pars
12:13:00,5.04e-05,writing upgrade vector to csv file
12:13:00,0.0021235,beginning upgrade vector calculations, lambda = 10
12:13:00,0.0001229,commencing calculation of upgrade vector
12:13:00,0.0026968,forming JtQJ matrix
12:13:00,0.0072555,commencing to scale JtQJ matrix- first SVD...
12:13:00,3.64e-05,starting REDSVD
12:13:02,1.12026,retrieving REDSVD components
12:13:02,0.0033935,triming REDSVD components to 120elements
12:13:02,0.0022351,done REDSVD
12:13:02,0.0424958,S info: rows = 317: cols = 317: size = 100489: nonzeros = 297
12:13:02,9.21e-05,JS
12:13:02,0.0005845,JS.transpose() * q_mat * JS + lambda * S.transpose() * S
12:13:02,0.0166923,S info: rows = 317: cols = 317: size = 100489: nonzeros = 297
12:13:02,8.71e-05,commencing SVD factorization of lambda-scaled JtQJ
12:13:02,2.9e-05,starting REDSVD
12:13:03,1.30363,retrieving REDSVD components
12:13:03,0.0071519,triming REDSVD components to 191elements
12:13:03,0.0048313,done REDSVD
12:13:03,0.0005067,SVD factorization complete
12:13:03,0.0855206,commencing linear algebra multiplication to compute ugrade
12:13:03,5e-05,S info: rows = 317: cols = 317: size = 100489: nonzeros = 297Vt info: rows = 191: cols = 317: size = 60547: nonzeros = 56727
12:13:03,1.98e-05,U info: rows = 317: cols = 191: size = 60547: nonzeros = 56727
12:13:03,1.57e-05,jac info: rows = 178: cols = 317: size = 56426: nonzeros = 7211
12:13:03,0.0555243,linear algebra multiplication to compute ugrade complete
12:13:03,0.0013335,commencing check of parameter bounds and gradients
12:13:03,0.0001763,commencing calculation of upgrade vector
12:13:03,0.004128,forming JtQJ matrix
12:13:03,0.010734,commencing to scale JtQJ matrix- first SVD...
12:13:03,8.61e-05,starting REDSVD
12:13:04,0.469961,retrieving REDSVD components
12:13:04,0.0037678,triming REDSVD components to 120elements
12:13:04,0.0024285,done REDSVD
12:13:04,0.0380526,S info: rows = 317: cols = 317: size = 100489: nonzeros = 297
12:13:04,0.000121,JS
12:13:04,0.0006661,JS.transpose() * q_mat * JS + lambda * S.transpose() * S
12:13:04,0.0134298,S info: rows = 317: cols = 317: size = 100489: nonzeros = 297
12:13:04,0.0001231,commencing SVD factorization of lambda-scaled JtQJ
12:13:04,2.29e-05,starting REDSVD
12:13:05,1.26857,retrieving REDSVD components
12:13:05,0.005158,triming REDSVD components to 191elements
12:13:05,0.0026615,done REDSVD
12:13:05,0.0004125,SVD factorization complete
12:13:05,0.051448,commencing linear algebra multiplication to compute ugrade
12:13:05,3.3e-05,S info: rows = 317: cols = 317: size = 100489: nonzeros = 297Vt info: rows = 191: cols = 317: size = 60547: nonzeros = 56727
12:13:05,1.31e-05,U info: rows = 317: cols = 191: size = 60547: nonzeros = 56727
12:13:05,1.23e-05,jac info: rows = 178: cols = 317: size = 56426: nonzeros = 7211
12:13:05,0.173429,linear algebra multiplication to compute ugrade complete
12:13:05,0.0021603,commencing check of parameter bounds
12:13:05,0.000214,limiting out of bounds pars
12:13:05,0.0003418,change limit/bound enforement for lambda 10: upper change limit,KS_26, scaling factor: 0.000628215
12:13:05,0.0013091,checking for denormal floating point values
12:13:05,8.85e-05,transforming upgrade pars to model pars
12:13:05,8.81e-05,writing upgrade vector to csv file
12:13:05,0.0041172,beginning upgrade vector calculations, lambda = 100
12:13:05,0.0002218,commencing calculation of upgrade vector
12:13:05,0.0053385,forming JtQJ matrix
12:13:05,0.0271985,commencing to scale JtQJ matrix- first SVD...
12:13:05,8.91e-05,starting REDSVD
12:13:06,0.944656,retrieving REDSVD components
12:13:06,0.0044501,triming REDSVD components to 120elements
12:13:06,0.0027476,done REDSVD
12:13:06,0.0306534,S info: rows = 317: cols = 317: size = 100489: nonzeros = 297
12:13:06,6.67e-05,JS
12:13:06,0.000318,JS.transpose() * q_mat * JS + lambda * S.transpose() * S
12:13:06,0.0078299,S info: rows = 317: cols = 317: size = 100489: nonzeros = 297
12:13:06,7.74e-05,commencing SVD factorization of lambda-scaled JtQJ
12:13:06,1.29e-05,starting REDSVD
12:13:08,1.62545,retrieving REDSVD components
12:13:08,0.0080638,triming REDSVD components to 187elements
12:13:08,0.004644,done REDSVD
12:13:08,0.0005259,SVD factorization complete
12:13:08,0.0845649,commencing linear algebra multiplication to compute ugrade
12:13:08,3.2e-05,S info: rows = 317: cols = 317: size = 100489: nonzeros = 297Vt info: rows = 187: cols = 317: size = 59279: nonzeros = 55539
12:13:08,1.31e-05,U info: rows = 317: cols = 187: size = 59279: nonzeros = 55539
12:13:08,1.19e-05,jac info: rows = 178: cols = 317: size = 56426: nonzeros = 7211
12:13:08,0.119291,linear algebra multiplication to compute ugrade complete
12:13:08,0.0021045,commencing check of parameter bounds and gradients
12:13:08,0.0002137,commencing calculation of upgrade vector
12:13:08,0.0053574,forming JtQJ matrix
12:13:08,0.0133957,commencing to scale JtQJ matrix- first SVD...
12:13:08,8.02e-05,starting REDSVD
12:13:09,0.781802,retrieving REDSVD components
12:13:09,0.0035144,triming REDSVD components to 120elements
12:13:09,0.0027082,done REDSVD
12:13:09,0.0561913,S info: rows = 317: cols = 317: size = 100489: nonzeros = 297
12:13:09,7.4e-05,JS
12:13:09,0.0003287,JS.transpose() * q_mat * JS + lambda * S.transpose() * S
12:13:09,0.0076158,S info: rows = 317: cols = 317: size = 100489: nonzeros = 297
12:13:09,7.31e-05,commencing SVD factorization of lambda-scaled JtQJ
12:13:09,1.32e-05,starting REDSVD
12:13:11,1.79982,retrieving REDSVD components
12:13:11,0.0059487,triming REDSVD components to 187elements
12:13:11,0.0035999,done REDSVD
12:13:11,0.0004399,SVD factorization complete
12:13:11,0.10314,commencing linear algebra multiplication to compute ugrade
12:13:11,3.15e-05,S info: rows = 317: cols = 317: size = 100489: nonzeros = 297Vt info: rows = 187: cols = 317: size = 59279: nonzeros = 55539
12:13:11,1.32e-05,U info: rows = 317: cols = 187: size = 59279: nonzeros = 55539
12:13:11,1.18e-05,jac info: rows = 178: cols = 317: size = 56426: nonzeros = 7211
12:13:11,0.181341,linear algebra multiplication to compute ugrade complete
12:13:11,0.0008512,commencing check of parameter bounds
12:13:11,8.23e-05,limiting out of bounds pars
12:13:11,0.0001577,change limit/bound enforement for lambda 100: lower bound,SPILL_688, scaling factor: 0.00343651
12:13:11,0.0008085,checking for denormal floating point values
12:13:11,4.11e-05,transforming upgrade pars to model pars
12:13:11,3.9e-05,writing upgrade vector to csv file
12:13:11,0.0019408,beginning upgrade vector calculations, lambda = 1000
12:13:11,9.46e-05,commencing calculation of upgrade vector
12:13:11,0.0025588,forming JtQJ matrix
12:13:11,0.0063788,commencing to scale JtQJ matrix- first SVD...
12:13:11,3.76e-05,starting REDSVD
12:13:12,1.26892,retrieving REDSVD components
12:13:12,0.0026087,triming REDSVD components to 120elements
12:13:12,0.0013447,done REDSVD
12:13:12,0.0168796,S info: rows = 317: cols = 317: size = 100489: nonzeros = 297
12:13:12,7.66e-05,JS
12:13:12,0.0003296,JS.transpose() * q_mat * JS + lambda * S.transpose() * S
12:13:12,0.0077945,S info: rows = 317: cols = 317: size = 100489: nonzeros = 297
12:13:12,7.47e-05,commencing SVD factorization of lambda-scaled JtQJ
12:13:12,1.21e-05,starting REDSVD
12:13:14,1.37831,retrieving REDSVD components
12:13:14,0.0080726,triming REDSVD components to 179elements
12:13:14,0.0043783,done REDSVD
12:13:14,0.0006285,SVD factorization complete
12:13:14,0.10042,commencing linear algebra multiplication to compute ugrade
12:13:14,3.38e-05,S info: rows = 317: cols = 317: size = 100489: nonzeros = 297Vt info: rows = 179: cols = 317: size = 56743: nonzeros = 53163
12:13:14,1.37e-05,U info: rows = 317: cols = 179: size = 56743: nonzeros = 53163
12:13:14,1.21e-05,jac info: rows = 178: cols = 317: size = 56426: nonzeros = 7211
12:13:14,0.212355,linear algebra multiplication to compute ugrade complete
12:13:14,0.0012007,commencing check of parameter bounds and gradients
12:13:14,0.0001244,commencing calculation of upgrade vector
12:13:14,0.0028441,forming JtQJ matrix
12:13:14,0.007839,commencing to scale JtQJ matrix- first SVD...
12:13:14,6.12e-05,starting REDSVD
12:13:15,1.39592,retrieving REDSVD components
12:13:15,0.0041947,triming REDSVD components to 120elements
12:13:15,0.0026077,done REDSVD
12:13:15,0.0276161,S info: rows = 317: cols = 317: size = 100489: nonzeros = 297
12:13:15,8.38e-05,JS
12:13:15,0.0003584,JS.transpose() * q_mat * JS + lambda * S.transpose() * S
12:13:15,0.0091625,S info: rows = 317: cols = 317: size = 100489: nonzeros = 297
12:13:15,8.06e-05,commencing SVD factorization of lambda-scaled JtQJ
12:13:15,1.92e-05,starting REDSVD
12:13:17,1.62634,retrieving REDSVD components
12:13:17,0.0044203,triming REDSVD components to 179elements
12:13:17,0.002317,done REDSVD
12:13:17,0.0003524,SVD factorization complete
12:13:17,0.0479108,commencing linear algebra multiplication to compute ugrade
12:13:17,3.09e-05,S info: rows = 317: cols = 317: size = 100489: nonzeros = 297Vt info: rows = 179: cols = 317: size = 56743: nonzeros = 53163
12:13:17,1.29e-05,U info: rows = 317: cols = 179: size = 56743: nonzeros = 53163
12:13:17,1.18e-05,jac info: rows = 178: cols = 317: size = 56426: nonzeros = 7211
12:13:17,0.100203,linear algebra multiplication to compute ugrade complete
12:13:17,0.0012548,commencing check of parameter bounds
12:13:17,0.0001342,limiting out of bounds pars
12:13:17,0.0002431,change limit/bound enforement for lambda 1000: lower bound,SPILL_688, scaling factor: 0.0227519
12:13:17,2.81e-05,checking for denormal floating point values
12:13:17,5.81e-05,transforming upgrade pars to model pars
12:13:17,6.45e-05,writing upgrade vector to csv file
12:13:17,0.0045794,LinearAnalysis::glm_iter_fosm
12:13:17,6.44e-05,starting FOSM uncertainty analyses for iteration 0
12:13:17,0.0041771,loading obscov
12:13:17,9.81e-05,loading parcov
12:13:17,0.0002382,setting predictions
12:13:17,3.57e-05,set_predictions
12:13:17,0.0001068,extracting prediction BSFLO_10 from jacobian
12:13:17,0.0025362,Prediction BSFLO_10 has no non-zero entries in jacobian row/
12:13:17,0.0001211,extracting prediction BSFLO_11 from jacobian
12:13:17,0.0025606,Prediction BSFLO_11 has no non-zero entries in jacobian row/
12:13:17,8.48e-05,extracting prediction BSFLO_12 from jacobian
12:13:17,0.0025226,Prediction BSFLO_12 has no non-zero entries in jacobian row/
12:13:17,8.41e-05,extracting prediction BSFLO_14 from jacobian
12:13:17,0.0025166,Prediction BSFLO_14 has no non-zero entries in jacobian row/
12:13:17,7.79e-05,extracting prediction BSFLO_15 from jacobian
12:13:17,0.0025256,Prediction BSFLO_15 has no non-zero entries in jacobian row/
12:13:17,8.25e-05,extracting prediction BSFLO_17 from jacobian
12:13:17,0.0025209,Prediction BSFLO_17 has no non-zero entries in jacobian row/
12:13:17,6.94e-05,extracting prediction BSFLO_19 from jacobian
12:13:17,0.0026123,Prediction BSFLO_19 has no non-zero entries in jacobian row/
12:13:17,8.65e-05,extracting prediction BSFLO_20 from jacobian
12:13:17,0.0025261,extracting prediction BSFLO_3 from jacobian
12:13:17,0.0023781,Prediction BSFLO_3 has no non-zero entries in jacobian row/
12:13:17,6.66e-05,extracting prediction BSFLO_4 from jacobian
12:13:17,0.0023108,Prediction BSFLO_4 has no non-zero entries in jacobian row/
12:13:17,6.23e-05,extracting prediction BSFLO_7 from jacobian
12:13:17,0.0022987,Prediction BSFLO_7 has no non-zero entries in jacobian row/
12:13:17,6.64e-05,extracting prediction BSFLO_8 from jacobian
12:13:17,0.0023427,Prediction BSFLO_8 has no non-zero entries in jacobian row/
12:13:17,6.6e-05,extracting prediction BSFLO_9 from jacobian
12:13:17,0.0023182,Prediction BSFLO_9 has no non-zero entries in jacobian row/
12:13:17,6.69e-05,extracting prediction GFLO_1 from jacobian
12:13:17,0.0025086,extracting prediction GFLO_10 from jacobian
12:13:17,0.0024885,Prediction GFLO_10 has no non-zero entries in jacobian row/
12:13:17,7.26e-05,extracting prediction GFLO_11 from jacobian
12:13:17,0.0026167,Prediction GFLO_11 has no non-zero entries in jacobian row/
12:13:17,6.97e-05,extracting prediction GFLO_12 from jacobian
12:13:17,0.0024818,Prediction GFLO_12 has no non-zero entries in jacobian row/
12:13:17,6.13e-05,extracting prediction GFLO_13 from jacobian
12:13:17,0.002327,extracting prediction GFLO_14 from jacobian
12:13:17,0.0023386,Prediction GFLO_14 has no non-zero entries in jacobian row/
12:13:17,5.89e-05,extracting prediction GFLO_15 from jacobian
12:13:17,0.002607,extracting prediction GFLO_16 from jacobian
12:13:17,0.0014489,extracting prediction GFLO_17 from jacobian
12:13:17,0.0011871,Prediction GFLO_17 has no non-zero entries in jacobian row/
12:13:17,2.88e-05,extracting prediction GFLO_18 from jacobian
12:13:17,0.0012289,extracting prediction GFLO_19 from jacobian
12:13:17,0.0011232,Prediction GFLO_19 has no non-zero entries in jacobian row/
12:13:17,3.01e-05,extracting prediction GFLO_2 from jacobian
12:13:17,0.0011531,extracting prediction GFLO_20 from jacobian
12:13:17,0.0012094,extracting prediction GFLO_3 from jacobian
12:13:17,0.0011373,extracting prediction GFLO_4 from jacobian
12:13:17,0.0011564,Prediction GFLO_4 has no non-zero entries in jacobian row/
12:13:17,3.09e-05,extracting prediction GFLO_5 from jacobian
12:13:17,0.0010993,extracting prediction GFLO_6 from jacobian
12:13:17,0.0011433,extracting prediction GFLO_7 from jacobian
12:13:17,0.0010982,Prediction GFLO_7 has no non-zero entries in jacobian row/
12:13:17,2.49e-05,extracting prediction GFLO_8 from jacobian
12:13:17,0.0010955,Prediction GFLO_8 has no non-zero entries in jacobian row/
12:13:17,2.75e-05,extracting prediction GFLO_9 from jacobian
12:13:17,0.0010406,Prediction GFLO_9 has no non-zero entries in jacobian row/
12:13:17,2.94e-05,extracting prediction PMPCHG from jacobian
12:13:17,0.0010826,parameter fosm calcs
12:13:17,3.56e-05,LinearAnalysis::calc_posterior
12:13:17,1.1e-05,LinearAnalysis::align
12:13:17,0.0005035,LinearAnalysis::prior_prediction_variance()::invert obscov
12:13:17,1.51e-05,inverting diagonal matrix in place
12:13:17,1.95e-05,LinearAnalysis::calc_posterior() form JtQJ
12:13:17,0.0084463,LinearAnalysis::calc_posterior() invert prior parcov
12:13:17,0.0001193,LinearAnalysis::calc_posterior() form posterior parcov
12:13:17,0.0029034,LinearAnalysis::calc_posterior() invert posterior parcov
12:13:17,4.48e-05,inverting non-diagonal matrix in place
12:13:18,0.253182,forecast FOSM calcs
12:13:18,0.0005946,LinearAnalysis::prior_prediction_variance
12:13:18,0.0002469,LinearAnalysis::prior_prediction_variance
12:16:51,213.847,completed iteration 1
12:16:51,0.0391171,beginning iteration 2
12:16:51,0.0001554,commencing to build jacobian parameter sets
12:16:51,0.0421572,jacobian parameter sets built, commencing model runs
12:42:53,1561.47,jacobian runs complete, processing runs
12:42:53,0.0262287,processing jacobian runs complete
12:42:53,4.97e-05,saving jacobian and sen files
12:42:53,0.0049444,commencing calculation of upgrade vector
12:42:53,0.0005825,forming JtQJ matrix
12:42:53,5.93e-05,commencing to scale JtQJ matrix- first SVD...
12:42:53,1.16e-05,starting REDSVD
12:42:53,0.0003288,retrieving REDSVD components
12:42:53,2.24e-05,triming REDSVD components to 21elements
12:42:53,1.9e-05,done REDSVD
12:42:53,4.92e-05,S info: rows = 28: cols = 28: size = 784: nonzeros = 28
12:42:53,9.1e-06,JS
12:42:53,1.67e-05,JS.transpose() * q_mat * JS + lambda * S.transpose() * S
12:42:53,5.16e-05,S info: rows = 28: cols = 28: size = 784: nonzeros = 28
12:42:53,9.5e-06,commencing SVD factorization of lambda-scaled JtQJ
12:42:53,8.5e-06,starting REDSVD
12:42:53,0.0003893,retrieving REDSVD components
12:42:53,2.45e-05,triming REDSVD components to 20elements
12:42:53,1.67e-05,done REDSVD
12:42:53,9e-06,SVD factorization complete
12:42:53,0.0026752,commencing linear algebra multiplication to compute ugrade
12:42:53,1.67e-05,S info: rows = 28: cols = 28: size = 784: nonzeros = 28Vt info: rows = 20: cols = 28: size = 560: nonzeros = 560
12:42:53,1.47e-05,U info: rows = 28: cols = 20: size = 560: nonzeros = 560
12:42:53,1.22e-05,jac info: rows = 178: cols = 28: size = 4984: nonzeros = 469
12:42:53,8.15e-05,linear algebra multiplication to compute ugrade complete
12:42:53,0.0002378,commencing check of parameter bounds and gradients
12:42:53,0.0019991,beginning upgrade vector calculations, lambda = 0.1
12:42:53,0.0001555,commencing calculation of upgrade vector
12:42:53,0.0005837,forming JtQJ matrix
12:42:53,5.67e-05,commencing to scale JtQJ matrix- first SVD...
12:42:53,1.14e-05,starting REDSVD
12:42:53,0.0002703,retrieving REDSVD components
12:42:53,2.23e-05,triming REDSVD components to 19elements
12:42:53,1.8e-05,done REDSVD
12:42:53,4.68e-05,S info: rows = 27: cols = 27: size = 729: nonzeros = 27
12:42:53,9.3e-06,JS
12:42:53,1.61e-05,JS.transpose() * q_mat * JS + lambda * S.transpose() * S
12:42:53,4.94e-05,S info: rows = 27: cols = 27: size = 729: nonzeros = 27
12:42:53,9.3e-06,commencing SVD factorization of lambda-scaled JtQJ
12:42:53,8.5e-06,starting REDSVD
12:42:53,0.0004651,retrieving REDSVD components
12:42:53,2.3e-05,triming REDSVD components to 25elements
12:42:53,1.75e-05,done REDSVD
12:42:53,9.5e-06,SVD factorization complete
12:42:53,0.0027119,commencing linear algebra multiplication to compute ugrade
12:42:53,1.41e-05,S info: rows = 27: cols = 27: size = 729: nonzeros = 27Vt info: rows = 25: cols = 27: size = 675: nonzeros = 675
12:42:53,1.18e-05,U info: rows = 27: cols = 25: size = 675: nonzeros = 675
12:42:53,1.13e-05,jac info: rows = 178: cols = 27: size = 4806: nonzeros = 453
12:42:53,6.71e-05,linear algebra multiplication to compute ugrade complete
12:42:53,0.0002376,commencing check of parameter bounds and gradients
12:42:53,6.9e-05,commencing calculation of upgrade vector
12:42:53,0.0004992,forming JtQJ matrix
12:42:53,5.28e-05,commencing to scale JtQJ matrix- first SVD...
12:42:53,1.1e-05,starting REDSVD
12:42:53,0.0002632,retrieving REDSVD components
12:42:53,2.7e-05,triming REDSVD components to 19elements
12:42:53,1.76e-05,done REDSVD
12:42:53,4.41e-05,S info: rows = 27: cols = 27: size = 729: nonzeros = 27
12:42:53,9.3e-06,JS
12:42:53,1.61e-05,JS.transpose() * q_mat * JS + lambda * S.transpose() * S
12:42:53,4.97e-05,S info: rows = 27: cols = 27: size = 729: nonzeros = 27
12:42:53,9.4e-06,commencing SVD factorization of lambda-scaled JtQJ
12:42:53,8.4e-06,starting REDSVD
12:42:53,0.0004633,retrieving REDSVD components
12:42:53,2.23e-05,triming REDSVD components to 25elements
12:42:53,1.7e-05,done REDSVD
12:42:53,9.5e-06,SVD factorization complete
12:42:53,0.0025753,commencing linear algebra multiplication to compute ugrade
12:42:53,1.32e-05,S info: rows = 27: cols = 27: size = 729: nonzeros = 27Vt info: rows = 25: cols = 27: size = 675: nonzeros = 675
12:42:53,1.13e-05,U info: rows = 27: cols = 25: size = 675: nonzeros = 675
12:42:53,1.08e-05,jac info: rows = 178: cols = 27: size = 4806: nonzeros = 453
12:42:53,6.23e-05,linear algebra multiplication to compute ugrade complete
12:42:53,0.0002863,commencing check of parameter bounds
12:42:53,7.05e-05,limiting out of bounds pars
12:42:53,9.12e-05,change limit/bound enforement for lambda 0.1: upper change limit,KS_21, scaling factor: 7.67697e-07
12:42:53,0.0005289,checking for denormal floating point values
12:42:53,1.79e-05,transforming upgrade pars to model pars
12:42:53,3.64e-05,writing upgrade vector to csv file
12:42:53,0.0056177,beginning upgrade vector calculations, lambda = 1
12:42:53,0.0001074,commencing calculation of upgrade vector
12:42:53,0.0005205,forming JtQJ matrix
12:42:53,5.18e-05,commencing to scale JtQJ matrix- first SVD...
12:42:53,1.08e-05,starting REDSVD
12:42:53,0.0002727,retrieving REDSVD components
12:42:53,2.49e-05,triming REDSVD components to 19elements
12:42:53,1.77e-05,done REDSVD
12:42:53,4.33e-05,S info: rows = 27: cols = 27: size = 729: nonzeros = 27
12:42:53,9.3e-06,JS
12:42:53,1.89e-05,JS.transpose() * q_mat * JS + lambda * S.transpose() * S
12:42:53,4.93e-05,S info: rows = 27: cols = 27: size = 729: nonzeros = 27
12:42:53,9.5e-06,commencing SVD factorization of lambda-scaled JtQJ
12:42:53,8.6e-06,starting REDSVD
12:42:53,0.0004687,retrieving REDSVD components
12:42:53,2.12e-05,triming REDSVD components to 25elements
12:42:53,1.74e-05,done REDSVD
12:42:53,1e-05,SVD factorization complete
12:42:53,0.0025392,commencing linear algebra multiplication to compute ugrade
12:42:53,1.19e-05,S info: rows = 27: cols = 27: size = 729: nonzeros = 27Vt info: rows = 25: cols = 27: size = 675: nonzeros = 675
12:42:53,1.13e-05,U info: rows = 27: cols = 25: size = 675: nonzeros = 675
12:42:53,1.1e-05,jac info: rows = 178: cols = 27: size = 4806: nonzeros = 453
12:42:53,5.94e-05,linear algebra multiplication to compute ugrade complete
12:42:53,0.0002059,commencing check of parameter bounds and gradients
12:42:53,6.35e-05,commencing calculation of upgrade vector
12:42:53,0.0004875,forming JtQJ matrix
12:42:53,4.78e-05,commencing to scale JtQJ matrix- first SVD...
12:42:53,1e-05,starting REDSVD
12:42:53,0.0002604,retrieving REDSVD components
12:42:53,2.23e-05,triming REDSVD components to 19elements
12:42:53,1.71e-05,done REDSVD
12:42:53,4.19e-05,S info: rows = 27: cols = 27: size = 729: nonzeros = 27
12:42:53,9.1e-06,JS
12:42:53,1.59e-05,JS.transpose() * q_mat * JS + lambda * S.transpose() * S
12:42:53,4.65e-05,S info: rows = 27: cols = 27: size = 729: nonzeros = 27
12:42:53,9.3e-06,commencing SVD factorization of lambda-scaled JtQJ
12:42:53,8.5e-06,starting REDSVD
12:42:53,0.0004688,retrieving REDSVD components
12:42:53,2.13e-05,triming REDSVD components to 25elements
12:42:53,1.73e-05,done REDSVD
12:42:53,9.6e-06,SVD factorization complete
12:42:53,0.0026648,commencing linear algebra multiplication to compute ugrade
12:42:53,1.31e-05,S info: rows = 27: cols = 27: size = 729: nonzeros = 27Vt info: rows = 25: cols = 27: size = 675: nonzeros = 675
12:42:53,1.15e-05,U info: rows = 27: cols = 25: size = 675: nonzeros = 675
12:42:53,1.11e-05,jac info: rows = 178: cols = 27: size = 4806: nonzeros = 453
12:42:53,6.27e-05,linear algebra multiplication to compute ugrade complete
12:42:53,0.0002242,commencing check of parameter bounds
12:42:53,6.3e-05,limiting out of bounds pars
12:42:53,8.92e-05,change limit/bound enforement for lambda 1: lower bound,KS_190, scaling factor: 0.899937
12:42:53,3.28e-05,checking for denormal floating point values
12:42:53,1.22e-05,transforming upgrade pars to model pars
12:42:53,3.41e-05,writing upgrade vector to csv file
12:42:53,0.0054963,beginning upgrade vector calculations, lambda = 10
12:42:53,0.0001241,commencing calculation of upgrade vector
12:42:53,0.0005246,forming JtQJ matrix
12:42:53,5.33e-05,commencing to scale JtQJ matrix- first SVD...
12:42:53,1.16e-05,starting REDSVD
12:42:53,0.0002671,retrieving REDSVD components
12:42:53,2.42e-05,triming REDSVD components to 19elements
12:42:53,1.81e-05,done REDSVD
12:42:53,4.48e-05,S info: rows = 27: cols = 27: size = 729: nonzeros = 27
12:42:53,9.6e-06,JS
12:42:53,1.62e-05,JS.transpose() * q_mat * JS + lambda * S.transpose() * S
12:42:53,4.75e-05,S info: rows = 27: cols = 27: size = 729: nonzeros = 27
12:42:53,9.8e-06,commencing SVD factorization of lambda-scaled JtQJ
12:42:53,8.8e-06,starting REDSVD
12:42:53,0.000448,retrieving REDSVD components
12:42:53,2.18e-05,triming REDSVD components to 25elements
12:42:53,1.73e-05,done REDSVD
12:42:53,9.2e-06,SVD factorization complete
12:42:53,0.002546,commencing linear algebra multiplication to compute ugrade
12:42:53,1.22e-05,S info: rows = 27: cols = 27: size = 729: nonzeros = 27Vt info: rows = 25: cols = 27: size = 675: nonzeros = 675
12:42:53,1.13e-05,U info: rows = 27: cols = 25: size = 675: nonzeros = 675
12:42:53,1.1e-05,jac info: rows = 178: cols = 27: size = 4806: nonzeros = 453
12:42:53,6.2e-05,linear algebra multiplication to compute ugrade complete
12:42:53,0.0002048,commencing check of parameter bounds and gradients
12:42:53,0.0001311,commencing calculation of upgrade vector
12:42:53,0.0005038,forming JtQJ matrix
12:42:53,5.08e-05,commencing to scale JtQJ matrix- first SVD...
12:42:53,1.04e-05,starting REDSVD
12:42:53,0.0002625,retrieving REDSVD components
12:42:53,2.25e-05,triming REDSVD components to 19elements
12:42:53,1.73e-05,done REDSVD
12:42:53,4.27e-05,S info: rows = 27: cols = 27: size = 729: nonzeros = 27
12:42:53,9e-06,JS
12:42:53,1.6e-05,JS.transpose() * q_mat * JS + lambda * S.transpose() * S
12:42:53,4.81e-05,S info: rows = 27: cols = 27: size = 729: nonzeros = 27
12:42:53,9.6e-06,commencing SVD factorization of lambda-scaled JtQJ
12:42:53,8.5e-06,starting REDSVD
12:42:53,0.0004478,retrieving REDSVD components
12:42:53,2.13e-05,triming REDSVD components to 25elements
12:42:53,1.7e-05,done REDSVD
12:42:53,9.5e-06,SVD factorization complete
12:42:53,0.002528,commencing linear algebra multiplication to compute ugrade
12:42:53,1.22e-05,S info: rows = 27: cols = 27: size = 729: nonzeros = 27Vt info: rows = 25: cols = 27: size = 675: nonzeros = 675
12:42:53,1.15e-05,U info: rows = 27: cols = 25: size = 675: nonzeros = 675
12:42:53,1.12e-05,jac info: rows = 178: cols = 27: size = 4806: nonzeros = 453
12:42:53,5.93e-05,linear algebra multiplication to compute ugrade complete
12:42:53,0.0002204,commencing check of parameter bounds
12:42:53,6.29e-05,limiting out of bounds pars
12:42:53,8.95e-05,change limit/bound enforement for lambda 10: lower bound,KS_190, scaling factor: 0.899945
12:42:53,3.28e-05,checking for denormal floating point values
12:42:53,1.21e-05,transforming upgrade pars to model pars
12:42:53,3.38e-05,writing upgrade vector to csv file
12:42:53,0.0054579,beginning upgrade vector calculations, lambda = 100
12:42:53,0.0001213,commencing calculation of upgrade vector
12:42:53,0.0005189,forming JtQJ matrix
12:42:53,4.99e-05,commencing to scale JtQJ matrix- first SVD...
12:42:53,1.07e-05,starting REDSVD
12:42:53,0.0002651,retrieving REDSVD components
12:42:53,2.41e-05,triming REDSVD components to 19elements
12:42:53,1.76e-05,done REDSVD
12:42:53,4.31e-05,S info: rows = 27: cols = 27: size = 729: nonzeros = 27
12:42:53,9.1e-06,JS
12:42:53,1.6e-05,JS.transpose() * q_mat * JS + lambda * S.transpose() * S
12:42:53,4.82e-05,S info: rows = 27: cols = 27: size = 729: nonzeros = 27
12:42:53,9.5e-06,commencing SVD factorization of lambda-scaled JtQJ
12:42:53,8.5e-06,starting REDSVD
12:42:53,0.0004329,retrieving REDSVD components
12:42:53,2.14e-05,triming REDSVD components to 24elements
12:42:53,1.7e-05,done REDSVD
12:42:53,9.3e-06,SVD factorization complete
12:42:53,0.0026458,commencing linear algebra multiplication to compute ugrade
12:42:53,1.48e-05,S info: rows = 27: cols = 27: size = 729: nonzeros = 27Vt info: rows = 24: cols = 27: size = 648: nonzeros = 648
12:42:53,1.16e-05,U info: rows = 27: cols = 24: size = 648: nonzeros = 648
12:42:53,1.12e-05,jac info: rows = 178: cols = 27: size = 4806: nonzeros = 453
12:42:53,6.77e-05,linear algebra multiplication to compute ugrade complete
12:42:53,0.0002068,commencing check of parameter bounds and gradients
12:42:53,6.23e-05,commencing calculation of upgrade vector
12:42:53,0.0004974,forming JtQJ matrix
12:42:53,4.9e-05,commencing to scale JtQJ matrix- first SVD...
12:42:53,1.02e-05,starting REDSVD
12:42:53,0.0002623,retrieving REDSVD components
12:42:53,2.59e-05,triming REDSVD components to 19elements
12:42:53,1.76e-05,done REDSVD
12:42:53,4.33e-05,S info: rows = 27: cols = 27: size = 729: nonzeros = 27
12:42:53,9.2e-06,JS
12:42:53,1.59e-05,JS.transpose() * q_mat * JS + lambda * S.transpose() * S
12:42:53,4.79e-05,S info: rows = 27: cols = 27: size = 729: nonzeros = 27
12:42:53,9.7e-06,commencing SVD factorization of lambda-scaled JtQJ
12:42:53,8.6e-06,starting REDSVD
12:42:53,0.0004377,retrieving REDSVD components
12:42:53,2.19e-05,triming REDSVD components to 24elements
12:42:53,1.76e-05,done REDSVD
12:42:53,9.5e-06,SVD factorization complete
12:42:53,0.0025086,commencing linear algebra multiplication to compute ugrade
12:42:53,1.42e-05,S info: rows = 27: cols = 27: size = 729: nonzeros = 27Vt info: rows = 24: cols = 27: size = 648: nonzeros = 648
12:42:53,1.19e-05,U info: rows = 27: cols = 24: size = 648: nonzeros = 648
12:42:53,1.13e-05,jac info: rows = 178: cols = 27: size = 4806: nonzeros = 453
12:42:53,6.11e-05,linear algebra multiplication to compute ugrade complete
12:42:53,0.0002207,commencing check of parameter bounds
12:42:53,6.17e-05,limiting out of bounds pars
12:42:53,8.75e-05,change limit/bound enforement for lambda 100: ,, scaling factor: 1
12:42:53,3.26e-05,checking for denormal floating point values
12:42:53,1.21e-05,transforming upgrade pars to model pars
12:42:53,3.42e-05,writing upgrade vector to csv file
12:42:53,0.0055318,beginning upgrade vector calculations, lambda = 1000
12:42:53,0.0006182,commencing calculation of upgrade vector
12:42:53,0.0005188,forming JtQJ matrix
12:42:53,5.08e-05,commencing to scale JtQJ matrix- first SVD...
12:42:53,1.05e-05,starting REDSVD
12:42:53,0.000262,retrieving REDSVD components
12:42:53,2.23e-05,triming REDSVD components to 19elements
12:42:53,1.74e-05,done REDSVD
12:42:53,4.26e-05,S info: rows = 27: cols = 27: size = 729: nonzeros = 27
12:42:53,9.1e-06,JS
12:42:53,1.59e-05,JS.transpose() * q_mat * JS + lambda * S.transpose() * S
12:42:53,4.68e-05,S info: rows = 27: cols = 27: size = 729: nonzeros = 27
12:42:53,9.5e-06,commencing SVD factorization of lambda-scaled JtQJ
12:42:53,8.5e-06,starting REDSVD
12:42:53,0.0004304,retrieving REDSVD components
12:42:53,2.12e-05,triming REDSVD components to 23elements
12:42:53,1.75e-05,done REDSVD
12:42:53,9.2e-06,SVD factorization complete
12:42:53,0.0024837,commencing linear algebra multiplication to compute ugrade
12:42:53,1.25e-05,S info: rows = 27: cols = 27: size = 729: nonzeros = 27Vt info: rows = 23: cols = 27: size = 621: nonzeros = 621
12:42:53,1.13e-05,U info: rows = 27: cols = 23: size = 621: nonzeros = 621
12:42:53,1.09e-05,jac info: rows = 178: cols = 27: size = 4806: nonzeros = 453
12:42:53,5.93e-05,linear algebra multiplication to compute ugrade complete
12:42:53,0.0002019,commencing check of parameter bounds and gradients
12:42:53,5.99e-05,commencing calculation of upgrade vector
12:42:53,0.0004877,forming JtQJ matrix
12:42:53,4.78e-05,commencing to scale JtQJ matrix- first SVD...
12:42:53,1.02e-05,starting REDSVD
12:42:53,0.0002591,retrieving REDSVD components
12:42:53,2.19e-05,triming REDSVD components to 19elements
12:42:53,1.73e-05,done REDSVD
12:42:53,4.23e-05,S info: rows = 27: cols = 27: size = 729: nonzeros = 27
12:42:53,9.3e-06,JS
12:42:53,1.59e-05,JS.transpose() * q_mat * JS + lambda * S.transpose() * S
12:42:53,4.64e-05,S info: rows = 27: cols = 27: size = 729: nonzeros = 27
12:42:53,9.4e-06,commencing SVD factorization of lambda-scaled JtQJ
12:42:53,8.4e-06,starting REDSVD
12:42:53,0.0004298,retrieving REDSVD components
12:42:53,2.03e-05,triming REDSVD components to 23elements
12:42:53,1.72e-05,done REDSVD
12:42:53,1.23e-05,SVD factorization complete
12:42:53,0.0024804,commencing linear algebra multiplication to compute ugrade
12:42:53,1.21e-05,S info: rows = 27: cols = 27: size = 729: nonzeros = 27Vt info: rows = 23: cols = 27: size = 621: nonzeros = 621
12:42:53,1.15e-05,U info: rows = 27: cols = 23: size = 621: nonzeros = 621
12:42:53,1.12e-05,jac info: rows = 178: cols = 27: size = 4806: nonzeros = 453
12:42:53,5.87e-05,linear algebra multiplication to compute ugrade complete
12:42:53,0.0002225,commencing check of parameter bounds
12:42:53,5.95e-05,limiting out of bounds pars
12:42:53,8.81e-05,change limit/bound enforement for lambda 1000: ,, scaling factor: 1
12:42:53,3.27e-05,checking for denormal floating point values
12:42:53,1.2e-05,transforming upgrade pars to model pars
12:42:53,3.4e-05,writing upgrade vector to csv file
12:42:53,0.0068124,LinearAnalysis::glm_iter_fosm
12:42:53,3.12e-05,starting FOSM uncertainty analyses for iteration 1
12:42:53,0.0027709,loading obscov
12:42:53,6.54e-05,loading parcov
12:42:53,0.0001551,setting predictions
12:42:53,1.35e-05,set_predictions
12:42:53,5.66e-05,extracting prediction BSFLO_10 from jacobian
12:42:53,0.0002986,Prediction BSFLO_10 has no non-zero entries in jacobian row/
12:42:53,1.69e-05,extracting prediction BSFLO_11 from jacobian
12:42:53,0.0003235,Prediction BSFLO_11 has no non-zero entries in jacobian row/
12:42:53,1.69e-05,extracting prediction BSFLO_12 from jacobian
12:42:53,0.0003329,Prediction BSFLO_12 has no non-zero entries in jacobian row/
12:42:53,1.62e-05,extracting prediction BSFLO_14 from jacobian
12:42:53,0.0002695,Prediction BSFLO_14 has no non-zero entries in jacobian row/
12:42:53,1.54e-05,extracting prediction BSFLO_15 from jacobian
12:42:53,0.0002666,Prediction BSFLO_15 has no non-zero entries in jacobian row/
12:42:53,1.34e-05,extracting prediction BSFLO_17 from jacobian
12:42:53,0.0002651,Prediction BSFLO_17 has no non-zero entries in jacobian row/
12:42:53,1.31e-05,extracting prediction BSFLO_19 from jacobian
12:42:53,0.0002648,Prediction BSFLO_19 has no non-zero entries in jacobian row/
12:42:53,1.36e-05,extracting prediction BSFLO_20 from jacobian
12:42:53,0.0002626,Prediction BSFLO_20 has no non-zero entries in jacobian row/
12:42:53,1.61e-05,extracting prediction BSFLO_3 from jacobian
12:42:53,0.0002575,Prediction BSFLO_3 has no non-zero entries in jacobian row/
12:42:53,1.4e-05,extracting prediction BSFLO_4 from jacobian
12:42:53,0.000267,Prediction BSFLO_4 has no non-zero entries in jacobian row/
12:42:53,1.34e-05,extracting prediction BSFLO_7 from jacobian
12:42:53,0.0002592,Prediction BSFLO_7 has no non-zero entries in jacobian row/
12:42:53,1.31e-05,extracting prediction BSFLO_8 from jacobian
12:42:53,0.0002545,Prediction BSFLO_8 has no non-zero entries in jacobian row/
12:42:53,1.39e-05,extracting prediction BSFLO_9 from jacobian
12:42:53,0.0002598,Prediction BSFLO_9 has no non-zero entries in jacobian row/
12:42:53,1.33e-05,extracting prediction GFLO_1 from jacobian
12:42:53,0.0002653,extracting prediction GFLO_10 from jacobian
12:42:53,0.000255,Prediction GFLO_10 has no non-zero entries in jacobian row/
12:42:53,1.32e-05,extracting prediction GFLO_11 from jacobian
12:42:53,0.0002539,Prediction GFLO_11 has no non-zero entries in jacobian row/
12:42:53,1.31e-05,extracting prediction GFLO_12 from jacobian
12:42:53,0.0002516,Prediction GFLO_12 has no non-zero entries in jacobian row/
12:42:53,1.36e-05,extracting prediction GFLO_13 from jacobian
12:42:53,0.000283,Prediction GFLO_13 has no non-zero entries in jacobian row/
12:42:53,1.46e-05,extracting prediction GFLO_14 from jacobian
12:42:53,0.0003054,Prediction GFLO_14 has no non-zero entries in jacobian row/
12:42:53,1.42e-05,extracting prediction GFLO_15 from jacobian
12:42:53,0.0002536,extracting prediction GFLO_16 from jacobian
12:42:53,0.0002485,extracting prediction GFLO_17 from jacobian
12:42:53,0.0002455,Prediction GFLO_17 has no non-zero entries in jacobian row/
12:42:53,1.27e-05,extracting prediction GFLO_18 from jacobian
12:42:53,0.0002479,extracting prediction GFLO_19 from jacobian
12:42:53,0.0002418,Prediction GFLO_19 has no non-zero entries in jacobian row/
12:42:53,1.32e-05,extracting prediction GFLO_2 from jacobian
12:42:53,0.0002443,extracting prediction GFLO_20 from jacobian
12:42:53,0.0002391,Prediction GFLO_20 has no non-zero entries in jacobian row/
12:42:53,1.26e-05,extracting prediction GFLO_3 from jacobian
12:42:53,0.0002462,extracting prediction GFLO_4 from jacobian
12:42:53,0.000236,Prediction GFLO_4 has no non-zero entries in jacobian row/
12:42:53,1.3e-05,extracting prediction GFLO_5 from jacobian
12:42:53,0.000234,Prediction GFLO_5 has no non-zero entries in jacobian row/
12:42:53,1.4e-05,extracting prediction GFLO_6 from jacobian
12:42:53,0.0002379,Prediction GFLO_6 has no non-zero entries in jacobian row/
12:42:53,1.32e-05,extracting prediction GFLO_7 from jacobian
12:42:53,0.0002406,Prediction GFLO_7 has no non-zero entries in jacobian row/
12:42:53,1.41e-05,extracting prediction GFLO_8 from jacobian
12:42:53,0.0002362,Prediction GFLO_8 has no non-zero entries in jacobian row/
12:42:53,1.66e-05,extracting prediction GFLO_9 from jacobian
12:42:53,0.0002338,Prediction GFLO_9 has no non-zero entries in jacobian row/
12:42:53,1.46e-05,extracting prediction PMPCHG from jacobian
12:42:53,0.0002544,parameter fosm calcs
12:42:53,1.22e-05,LinearAnalysis::calc_posterior
12:42:53,9.2e-06,LinearAnalysis::align
12:42:53,0.0002738,LinearAnalysis::prior_prediction_variance()::invert obscov
12:42:53,1.24e-05,inverting diagonal matrix in place
12:42:53,1.71e-05,LinearAnalysis::calc_posterior() form JtQJ
12:42:53,6.29e-05,LinearAnalysis::calc_posterior() invert prior parcov
12:42:53,2.45e-05,LinearAnalysis::calc_posterior() form posterior parcov
12:42:53,1.73e-05,LinearAnalysis::calc_posterior() invert posterior parcov
12:42:53,8.8e-06,inverting non-diagonal matrix in place
12:42:53,0.0045922,forecast FOSM calcs
12:42:53,0.0004772,LinearAnalysis::prior_prediction_variance
12:42:53,7.72e-05,LinearAnalysis::prior_prediction_variance
12:47:35,282.376,completed iteration 2
12:47:36,0.0486167,beginning iteration 3
12:47:36,0.0001762,commencing to build jacobian parameter sets
12:47:36,0.196721,jacobian parameter sets built, commencing model runs
15:28:24,9647.82,jacobian runs complete, processing runs
15:28:24,0.268534,processing jacobian runs complete
15:28:24,8.84e-05,saving jacobian and sen files
15:28:24,0.0499289,commencing calculation of upgrade vector
15:28:24,0.0122052,forming JtQJ matrix
15:28:24,0.020625,commencing to scale JtQJ matrix- first SVD...
15:28:24,8.1e-05,starting REDSVD
15:28:25,1.24152,retrieving REDSVD components
15:28:25,0.0047392,triming REDSVD components to 121elements
15:28:25,0.0020656,done REDSVD
15:28:25,0.0415057,S info: rows = 323: cols = 323: size = 104329: nonzeros = 323
15:28:25,0.0001389,JS
15:28:25,0.0047491,JS.transpose() * q_mat * JS + lambda * S.transpose() * S
15:28:25,0.0317946,S info: rows = 323: cols = 323: size = 104329: nonzeros = 323
15:28:25,0.0001087,commencing SVD factorization of lambda-scaled JtQJ
15:28:25,7.4e-05,starting REDSVD
15:28:28,2.2892,retrieving REDSVD components
15:28:28,0.0049554,triming REDSVD components to 77elements
15:28:28,0.0011818,done REDSVD
15:28:28,0.0007627,SVD factorization complete
15:28:28,0.0434498,commencing linear algebra multiplication to compute ugrade
15:28:28,6.3e-05,S info: rows = 323: cols = 323: size = 104329: nonzeros = 323Vt info: rows = 77: cols = 323: size = 24871: nonzeros = 24871
15:28:28,6.36e-05,U info: rows = 323: cols = 77: size = 24871: nonzeros = 24871
15:28:28,6.51e-05,jac info: rows = 178: cols = 323: size = 57494: nonzeros = 51191
15:28:28,0.0036889,linear algebra multiplication to compute ugrade complete
15:28:28,0.0011815,commencing check of parameter bounds and gradients
15:28:28,0.0046979,beginning upgrade vector calculations, lambda = 0.1
15:28:28,0.0002883,commencing calculation of upgrade vector
15:28:28,0.0252891,forming JtQJ matrix
15:28:28,0.0788072,commencing to scale JtQJ matrix- first SVD...
15:28:28,0.0001289,starting REDSVD
15:28:30,2.03663,retrieving REDSVD components
15:28:30,0.00288,triming REDSVD components to 119elements
15:28:30,0.0007813,done REDSVD
15:28:30,0.0180465,S info: rows = 322: cols = 322: size = 103684: nonzeros = 322
15:28:30,8.73e-05,JS
15:28:30,0.0022422,JS.transpose() * q_mat * JS + lambda * S.transpose() * S
15:28:30,0.0184079,S info: rows = 322: cols = 322: size = 103684: nonzeros = 322
15:28:30,8.08e-05,commencing SVD factorization of lambda-scaled JtQJ
15:28:30,5.06e-05,starting REDSVD
15:28:32,1.89643,retrieving REDSVD components
15:28:32,0.0087658,triming REDSVD components to 116elements
15:28:32,0.0016997,done REDSVD
15:28:32,0.0011609,SVD factorization complete
15:28:32,0.0531751,commencing linear algebra multiplication to compute ugrade
15:28:32,5.2e-05,S info: rows = 322: cols = 322: size = 103684: nonzeros = 322Vt info: rows = 116: cols = 322: size = 37352: nonzeros = 37352
15:28:32,4.54e-05,U info: rows = 322: cols = 116: size = 37352: nonzeros = 37352
15:28:32,4.27e-05,jac info: rows = 178: cols = 322: size = 57316: nonzeros = 51013
15:28:32,0.0032421,linear algebra multiplication to compute ugrade complete
15:28:32,0.0015769,commencing check of parameter bounds and gradients
15:28:32,0.0002184,commencing calculation of upgrade vector
15:28:32,0.0255941,forming JtQJ matrix
15:28:32,0.0593207,commencing to scale JtQJ matrix- first SVD...
15:28:32,0.0001771,starting REDSVD
15:28:35,3.45214,retrieving REDSVD components
15:28:35,0.0043014,triming REDSVD components to 119elements
15:28:35,0.0018519,done REDSVD
15:28:35,0.0333729,S info: rows = 322: cols = 322: size = 103684: nonzeros = 322
15:28:35,0.0001334,JS
15:28:35,0.0048244,JS.transpose() * q_mat * JS + lambda * S.transpose() * S
15:28:35,0.0200051,S info: rows = 322: cols = 322: size = 103684: nonzeros = 322
15:28:35,8.24e-05,commencing SVD factorization of lambda-scaled JtQJ
15:28:35,4.72e-05,starting REDSVD
15:28:38,3.05988,retrieving REDSVD components
15:28:38,0.0050859,triming REDSVD components to 116elements
15:28:38,0.0008271,done REDSVD
15:28:38,0.0007694,SVD factorization complete
15:28:38,0.0385639,commencing linear algebra multiplication to compute ugrade
15:28:38,5.7e-05,S info: rows = 322: cols = 322: size = 103684: nonzeros = 322Vt info: rows = 116: cols = 322: size = 37352: nonzeros = 37352
15:28:38,4.48e-05,U info: rows = 322: cols = 116: size = 37352: nonzeros = 37352
15:28:38,2.87e-05,jac info: rows = 178: cols = 322: size = 57316: nonzeros = 51013
15:28:39,0.249703,linear algebra multiplication to compute ugrade complete
15:28:39,0.0013132,commencing check of parameter bounds
15:28:39,0.0001357,limiting out of bounds pars
15:28:39,0.0001962,change limit/bound enforement for lambda 0.1: upper change limit,KS_193, scaling factor: 7.77024e-56
15:28:39,0.0008922,checking for denormal floating point values
15:28:39,6.68e-05,transforming upgrade pars to model pars
15:28:39,5.77e-05,writing upgrade vector to csv file
15:28:39,0.0027057,beginning upgrade vector calculations, lambda = 1
15:28:39,0.0001277,commencing calculation of upgrade vector
15:28:39,0.0138205,forming JtQJ matrix
15:28:39,0.0195428,commencing to scale JtQJ matrix- first SVD...
15:28:39,9.74e-05,starting REDSVD
15:28:40,1.30689,retrieving REDSVD components
15:28:40,0.0047256,triming REDSVD components to 119elements
15:28:40,0.0020503,done REDSVD
15:28:40,0.0394496,S info: rows = 322: cols = 322: size = 103684: nonzeros = 322
15:28:40,0.0001786,JS
15:28:40,0.0057984,JS.transpose() * q_mat * JS + lambda * S.transpose() * S
15:28:40,0.0407663,S info: rows = 322: cols = 322: size = 103684: nonzeros = 322
15:28:40,0.0001639,commencing SVD factorization of lambda-scaled JtQJ
15:28:40,4.89e-05,starting REDSVD
15:28:43,3.30914,retrieving REDSVD components
15:28:43,0.0085312,triming REDSVD components to 157elements
15:28:43,0.0045509,done REDSVD
15:28:43,0.0005001,SVD factorization complete
15:28:44,0.0860521,commencing linear algebra multiplication to compute ugrade
15:28:44,5.48e-05,S info: rows = 322: cols = 322: size = 103684: nonzeros = 322Vt info: rows = 157: cols = 322: size = 50554: nonzeros = 50554
15:28:44,3.98e-05,U info: rows = 322: cols = 157: size = 50554: nonzeros = 50554
15:28:44,4.3e-05,jac info: rows = 178: cols = 322: size = 57316: nonzeros = 51013
15:28:44,0.0426943,linear algebra multiplication to compute ugrade complete
15:28:44,0.0019756,commencing check of parameter bounds and gradients
15:28:44,0.0002444,commencing calculation of upgrade vector
15:28:44,0.0189296,forming JtQJ matrix
15:28:44,0.0382201,commencing to scale JtQJ matrix- first SVD...
15:28:44,0.0001755,starting REDSVD
15:28:46,2.86305,retrieving REDSVD components
15:28:46,0.0021923,triming REDSVD components to 119elements
15:28:46,0.0013015,done REDSVD
15:28:47,0.0172615,S info: rows = 322: cols = 322: size = 103684: nonzeros = 322
15:28:47,8.56e-05,JS
15:28:47,0.0029195,JS.transpose() * q_mat * JS + lambda * S.transpose() * S
15:28:47,0.0191238,S info: rows = 322: cols = 322: size = 103684: nonzeros = 322
15:28:47,7.03e-05,commencing SVD factorization of lambda-scaled JtQJ
15:28:47,3.3e-05,starting REDSVD
15:28:49,2.09872,retrieving REDSVD components
15:28:49,0.0090349,triming REDSVD components to 157elements
15:28:49,0.0020549,done REDSVD
15:28:49,0.0015342,SVD factorization complete
15:28:49,0.0846405,commencing linear algebra multiplication to compute ugrade
15:28:49,5.71e-05,S info: rows = 322: cols = 322: size = 103684: nonzeros = 322Vt info: rows = 157: cols = 322: size = 50554: nonzeros = 50554
15:28:49,4.53e-05,U info: rows = 322: cols = 157: size = 50554: nonzeros = 50554
15:28:49,3.15e-05,jac info: rows = 178: cols = 322: size = 57316: nonzeros = 51013
15:28:49,0.166021,linear algebra multiplication to compute ugrade complete
15:28:49,0.0014344,commencing check of parameter bounds
15:28:49,0.0002471,limiting out of bounds pars
15:28:49,0.0003035,change limit/bound enforement for lambda 1: upper change limit,KS_193, scaling factor: 4.60693e-08
15:28:49,0.0012867,checking for denormal floating point values
15:28:49,9.39e-05,transforming upgrade pars to model pars
15:28:49,8.61e-05,writing upgrade vector to csv file
15:28:49,0.0037117,beginning upgrade vector calculations, lambda = 10
15:28:49,0.0002044,commencing calculation of upgrade vector
15:28:49,0.0256965,forming JtQJ matrix
15:28:49,0.0375644,commencing to scale JtQJ matrix- first SVD...
15:28:49,0.0001406,starting REDSVD
15:28:51,1.961,retrieving REDSVD components
15:28:51,0.0027845,triming REDSVD components to 119elements
15:28:51,0.0010501,done REDSVD
15:28:51,0.0170887,S info: rows = 322: cols = 322: size = 103684: nonzeros = 322
15:28:51,3.95e-05,JS
15:28:51,0.0033441,JS.transpose() * q_mat * JS + lambda * S.transpose() * S
15:28:51,0.0184339,S info: rows = 322: cols = 322: size = 103684: nonzeros = 322
15:28:51,4.69e-05,commencing SVD factorization of lambda-scaled JtQJ
15:28:51,1.19e-05,starting REDSVD
15:28:54,2.84788,retrieving REDSVD components
15:28:54,0.0051986,triming REDSVD components to 226elements
15:28:54,0.0015307,done REDSVD
15:28:54,0.0007708,SVD factorization complete
15:28:54,0.060494,commencing linear algebra multiplication to compute ugrade
15:28:54,3.15e-05,S info: rows = 322: cols = 322: size = 103684: nonzeros = 322Vt info: rows = 226: cols = 322: size = 72772: nonzeros = 72772
15:28:54,1.3e-05,U info: rows = 322: cols = 226: size = 72772: nonzeros = 72772
15:28:54,1.35e-05,jac info: rows = 178: cols = 322: size = 57316: nonzeros = 51013
15:28:54,0.273449,linear algebra multiplication to compute ugrade complete
15:28:54,0.001277,commencing check of parameter bounds and gradients
15:28:54,0.0001136,commencing calculation of upgrade vector
15:28:54,0.0125821,forming JtQJ matrix
15:28:54,0.0197743,commencing to scale JtQJ matrix- first SVD...
15:28:54,2.95e-05,starting REDSVD
15:28:56,1.46079,retrieving REDSVD components
15:28:56,0.0038243,triming REDSVD components to 119elements
15:28:56,0.0012918,done REDSVD
15:28:56,0.0418775,S info: rows = 322: cols = 322: size = 103684: nonzeros = 322
15:28:56,0.0001126,JS
15:28:56,0.0039325,JS.transpose() * q_mat * JS + lambda * S.transpose() * S
15:28:56,0.0281268,S info: rows = 322: cols = 322: size = 103684: nonzeros = 322
15:28:56,7.34e-05,commencing SVD factorization of lambda-scaled JtQJ
15:28:56,1.26e-05,starting REDSVD
15:28:57,1.63201,retrieving REDSVD components
15:28:57,0.0086718,triming REDSVD components to 226elements
15:28:57,0.0024842,done REDSVD
15:28:57,0.0014931,SVD factorization complete
15:28:57,0.111123,commencing linear algebra multiplication to compute ugrade
15:28:57,3.27e-05,S info: rows = 322: cols = 322: size = 103684: nonzeros = 322Vt info: rows = 226: cols = 322: size = 72772: nonzeros = 72772
15:28:57,1.44e-05,U info: rows = 322: cols = 226: size = 72772: nonzeros = 72772
15:28:57,1.3e-05,jac info: rows = 178: cols = 322: size = 57316: nonzeros = 51013
15:28:58,0.201085,linear algebra multiplication to compute ugrade complete
15:28:58,0.0024632,commencing check of parameter bounds
15:28:58,0.0001928,limiting out of bounds pars
15:28:58,0.0003551,change limit/bound enforement for lambda 10: upper bound,KS_87, scaling factor: 0.00014668
15:28:58,0.044504,checking for denormal floating point values
15:28:58,6.49e-05,transforming upgrade pars to model pars
15:28:58,4.67e-05,writing upgrade vector to csv file
15:28:58,0.0018676,beginning upgrade vector calculations, lambda = 100
15:28:58,9.81e-05,commencing calculation of upgrade vector
15:28:58,0.0129265,forming JtQJ matrix
15:28:58,0.0180692,commencing to scale JtQJ matrix- first SVD...
15:28:58,6.38e-05,starting REDSVD
15:29:01,3.01485,retrieving REDSVD components
15:29:01,0.0033817,triming REDSVD components to 119elements
15:29:01,0.0012227,done REDSVD
15:29:01,0.0405525,S info: rows = 322: cols = 322: size = 103684: nonzeros = 322
15:29:01,3.46e-05,JS
15:29:01,0.0022143,JS.transpose() * q_mat * JS + lambda * S.transpose() * S
15:29:01,0.0170882,S info: rows = 322: cols = 322: size = 103684: nonzeros = 322
15:29:01,2.56e-05,commencing SVD factorization of lambda-scaled JtQJ
15:29:01,1.26e-05,starting REDSVD
15:29:03,1.87363,retrieving REDSVD components
15:29:03,0.0089201,triming REDSVD components to 243elements
15:29:03,0.002825,done REDSVD
15:29:03,0.0014331,SVD factorization complete
15:29:03,0.100024,commencing linear algebra multiplication to compute ugrade
15:29:03,3.18e-05,S info: rows = 322: cols = 322: size = 103684: nonzeros = 322Vt info: rows = 243: cols = 322: size = 78246: nonzeros = 78246
15:29:03,1.52e-05,U info: rows = 322: cols = 243: size = 78246: nonzeros = 78246
15:29:03,1.39e-05,jac info: rows = 178: cols = 322: size = 57316: nonzeros = 51013
15:29:03,0.294248,linear algebra multiplication to compute ugrade complete
15:29:03,0.0024404,commencing check of parameter bounds and gradients
15:29:03,0.0002395,commencing calculation of upgrade vector
15:29:03,0.0260553,forming JtQJ matrix
15:29:03,0.0183858,commencing to scale JtQJ matrix- first SVD...
15:29:03,6.83e-05,starting REDSVD
15:29:05,1.76275,retrieving REDSVD components
15:29:05,0.004033,triming REDSVD components to 119elements
15:29:05,0.0018192,done REDSVD
15:29:05,0.0359738,S info: rows = 322: cols = 322: size = 103684: nonzeros = 322
15:29:05,5.05e-05,JS
15:29:05,0.0039551,JS.transpose() * q_mat * JS + lambda * S.transpose() * S
15:29:05,0.0389046,S info: rows = 322: cols = 322: size = 103684: nonzeros = 322
15:29:05,4.71e-05,commencing SVD factorization of lambda-scaled JtQJ
15:29:05,2.4e-05,starting REDSVD
15:29:07,1.83743,retrieving REDSVD components
15:29:07,0.0089964,triming REDSVD components to 243elements
15:29:07,0.0028532,done REDSVD
15:29:07,0.00112,SVD factorization complete
15:29:07,0.101627,commencing linear algebra multiplication to compute ugrade
15:29:07,3.38e-05,S info: rows = 322: cols = 322: size = 103684: nonzeros = 322Vt info: rows = 243: cols = 322: size = 78246: nonzeros = 78246
15:29:07,1.59e-05,U info: rows = 322: cols = 243: size = 78246: nonzeros = 78246
15:29:07,1.54e-05,jac info: rows = 178: cols = 322: size = 57316: nonzeros = 51013
15:29:07,0.1404,linear algebra multiplication to compute ugrade complete
15:29:07,0.0023941,commencing check of parameter bounds
15:29:07,0.0001838,limiting out of bounds pars
15:29:07,0.0003348,change limit/bound enforement for lambda 100: lower bound,SPILL_688, scaling factor: 0.00893633
15:29:07,0.0126764,checking for denormal floating point values
15:29:07,0.0001314,transforming upgrade pars to model pars
15:29:07,0.0001066,writing upgrade vector to csv file
15:29:07,0.0040704,beginning upgrade vector calculations, lambda = 1000
15:29:07,0.0002183,commencing calculation of upgrade vector
15:29:07,0.0532795,forming JtQJ matrix
15:29:07,0.0184706,commencing to scale JtQJ matrix- first SVD...
15:29:07,4.73e-05,starting REDSVD
15:29:10,2.86041,retrieving REDSVD components
15:29:10,0.0020156,triming REDSVD components to 119elements
15:29:10,0.0006592,done REDSVD
15:29:10,0.0161857,S info: rows = 322: cols = 322: size = 103684: nonzeros = 322
15:29:10,5.04e-05,JS
15:29:10,0.0020752,JS.transpose() * q_mat * JS + lambda * S.transpose() * S
15:29:10,0.0172822,S info: rows = 322: cols = 322: size = 103684: nonzeros = 322
15:29:10,4.06e-05,commencing SVD factorization of lambda-scaled JtQJ
15:29:10,1.75e-05,starting REDSVD
15:29:13,2.54069,retrieving REDSVD components
15:29:13,0.0063982,triming REDSVD components to 240elements
15:29:13,0.0022128,done REDSVD
15:29:13,0.0004443,SVD factorization complete
15:29:13,0.112402,commencing linear algebra multiplication to compute ugrade
15:29:13,3.11e-05,S info: rows = 322: cols = 322: size = 103684: nonzeros = 322Vt info: rows = 240: cols = 322: size = 77280: nonzeros = 77280
15:29:13,1.29e-05,U info: rows = 322: cols = 240: size = 77280: nonzeros = 77280
15:29:13,1.31e-05,jac info: rows = 178: cols = 322: size = 57316: nonzeros = 51013
15:29:13,0.360433,linear algebra multiplication to compute ugrade complete
15:29:13,0.0017795,commencing check of parameter bounds and gradients
15:29:13,0.0001796,commencing calculation of upgrade vector
15:29:13,0.0183328,forming JtQJ matrix
15:29:13,0.0187068,commencing to scale JtQJ matrix- first SVD...
15:29:13,6.41e-05,starting REDSVD
15:29:16,3.13912,retrieving REDSVD components
15:29:16,0.0035058,triming REDSVD components to 119elements
15:29:16,0.0012522,done REDSVD
15:29:16,0.039007,S info: rows = 322: cols = 322: size = 103684: nonzeros = 322
15:29:16,6.09e-05,JS
15:29:16,0.0038944,JS.transpose() * q_mat * JS + lambda * S.transpose() * S
15:29:16,0.0324352,S info: rows = 322: cols = 322: size = 103684: nonzeros = 322
15:29:16,3.63e-05,commencing SVD factorization of lambda-scaled JtQJ
15:29:16,1.29e-05,starting REDSVD
15:29:19,2.52521,retrieving REDSVD components
15:29:19,0.0067012,triming REDSVD components to 240elements
15:29:19,0.0016994,done REDSVD
15:29:19,0.0016785,SVD factorization complete
15:29:19,0.0884251,commencing linear algebra multiplication to compute ugrade
15:29:19,2.01e-05,S info: rows = 322: cols = 322: size = 103684: nonzeros = 322Vt info: rows = 240: cols = 322: size = 77280: nonzeros = 77280
15:29:19,1.32e-05,U info: rows = 322: cols = 240: size = 77280: nonzeros = 77280
15:29:19,1.2e-05,jac info: rows = 178: cols = 322: size = 57316: nonzeros = 51013
15:29:19,0.164762,linear algebra multiplication to compute ugrade complete
15:29:19,0.0018537,commencing check of parameter bounds
15:29:19,0.0001805,limiting out of bounds pars
15:29:19,0.0003139,change limit/bound enforement for lambda 1000: ,, scaling factor: 1
15:29:19,3.43e-05,checking for denormal floating point values
15:29:19,7.77e-05,transforming upgrade pars to model pars
15:29:19,8.34e-05,writing upgrade vector to csv file
15:29:19,0.0061278,LinearAnalysis::glm_iter_fosm
15:29:19,4.55e-05,starting FOSM uncertainty analyses for iteration 2
15:29:19,0.0053452,loading obscov
15:29:19,0.0001182,loading parcov
15:29:19,0.0002702,setting predictions
15:29:19,2.42e-05,set_predictions
15:29:19,0.0001396,extracting prediction BSFLO_10 from jacobian
15:29:19,0.0126844,extracting prediction BSFLO_11 from jacobian
15:29:19,0.010955,extracting prediction BSFLO_12 from jacobian
15:29:19,0.01109,extracting prediction BSFLO_14 from jacobian
15:29:19,0.0097195,extracting prediction BSFLO_15 from jacobian
15:29:19,0.0144058,extracting prediction BSFLO_17 from jacobian
15:29:19,0.0126877,extracting prediction BSFLO_19 from jacobian
15:29:19,0.010358,extracting prediction BSFLO_20 from jacobian
15:29:19,0.0129019,extracting prediction BSFLO_3 from jacobian
15:29:19,0.0063759,extracting prediction BSFLO_4 from jacobian
15:29:19,0.0056175,extracting prediction BSFLO_7 from jacobian
15:29:19,0.0064512,extracting prediction BSFLO_8 from jacobian
15:29:19,0.005799,extracting prediction BSFLO_9 from jacobian
15:29:19,0.0050987,extracting prediction GFLO_1 from jacobian
15:29:19,0.0058116,extracting prediction GFLO_10 from jacobian
15:29:19,0.004713,extracting prediction GFLO_11 from jacobian
15:29:19,0.0056814,extracting prediction GFLO_12 from jacobian
15:29:19,0.004853,extracting prediction GFLO_13 from jacobian
15:29:19,0.005599,extracting prediction GFLO_14 from jacobian
15:29:19,0.0050046,extracting prediction GFLO_15 from jacobian
15:29:19,0.0054023,extracting prediction GFLO_16 from jacobian
15:29:19,0.0040722,extracting prediction GFLO_17 from jacobian
15:29:19,0.0044696,extracting prediction GFLO_18 from jacobian
15:29:19,0.0052817,extracting prediction GFLO_19 from jacobian
15:29:19,0.0046615,extracting prediction GFLO_2 from jacobian
15:29:19,0.0055531,extracting prediction GFLO_20 from jacobian
15:29:19,0.0057473,extracting prediction GFLO_3 from jacobian
15:29:19,0.0055835,extracting prediction GFLO_4 from jacobian
15:29:19,0.0040256,extracting prediction GFLO_5 from jacobian
15:29:19,0.0047631,extracting prediction GFLO_6 from jacobian
15:29:19,0.0052812,extracting prediction GFLO_7 from jacobian
15:29:19,0.0039796,extracting prediction GFLO_8 from jacobian
15:29:19,0.0043331,extracting prediction GFLO_9 from jacobian
15:29:19,0.0052555,extracting prediction PMPCHG from jacobian
15:29:19,0.0043522,parameter fosm calcs
15:29:19,2.5e-05,LinearAnalysis::calc_posterior
15:29:19,1.04e-05,LinearAnalysis::align
15:29:19,0.0002845,LinearAnalysis::prior_prediction_variance()::invert obscov
15:29:19,1.31e-05,inverting diagonal matrix in place
15:29:19,1.8e-05,LinearAnalysis::calc_posterior() form JtQJ
15:29:19,0.0185516,LinearAnalysis::calc_posterior() invert prior parcov
15:29:19,0.0001266,LinearAnalysis::calc_posterior() form posterior parcov
15:29:19,0.0014075,LinearAnalysis::calc_posterior() invert posterior parcov
15:29:19,3.71e-05,inverting non-diagonal matrix in place
15:29:20,0.252483,forecast FOSM calcs
15:29:20,0.0004798,LinearAnalysis::prior_prediction_variance
15:29:20,0.0006423,LinearAnalysis::prior_prediction_variance
15:32:17,177.269,completed iteration 3
15:32:17,0.0731369,FOSM-based posterior unc calcs
15:32:17,0.0002882,starting FOSM uncertainty analyses for iteration -999
15:32:17,0.0027767,loading obscov
15:32:17,6.84e-05,loading parcov
15:32:17,0.0001689,setting predictions
15:32:17,1.23e-05,set_predictions
15:32:17,6.09e-05,extracting prediction BSFLO_10 from jacobian
15:32:17,0.0053999,extracting prediction BSFLO_11 from jacobian
15:32:17,0.0044979,extracting prediction BSFLO_12 from jacobian
15:32:17,0.004376,extracting prediction BSFLO_14 from jacobian
15:32:17,0.0043325,extracting prediction BSFLO_15 from jacobian
15:32:17,0.0052609,extracting prediction BSFLO_17 from jacobian
15:32:17,0.0059721,extracting prediction BSFLO_19 from jacobian
15:32:17,0.0049532,extracting prediction BSFLO_20 from jacobian
15:32:17,0.0059522,extracting prediction BSFLO_3 from jacobian
15:32:17,0.0042922,extracting prediction BSFLO_4 from jacobian
15:32:17,0.0053072,extracting prediction BSFLO_7 from jacobian
15:32:17,0.005753,extracting prediction BSFLO_8 from jacobian
15:32:17,0.0042166,extracting prediction BSFLO_9 from jacobian
15:32:17,0.0041332,extracting prediction GFLO_1 from jacobian
15:32:17,0.0041409,extracting prediction GFLO_10 from jacobian
15:32:17,0.0045982,extracting prediction GFLO_11 from jacobian
15:32:17,0.0054889,extracting prediction GFLO_12 from jacobian
15:32:17,0.0040864,extracting prediction GFLO_13 from jacobian
15:32:17,0.0044566,extracting prediction GFLO_14 from jacobian
15:32:17,0.0054746,extracting prediction GFLO_15 from jacobian
15:32:17,0.0044785,extracting prediction GFLO_16 from jacobian
15:32:17,0.005524,extracting prediction GFLO_17 from jacobian
15:32:17,0.0040135,extracting prediction GFLO_18 from jacobian
15:32:17,0.0039302,extracting prediction GFLO_19 from jacobian
15:32:17,0.0039053,extracting prediction GFLO_2 from jacobian
15:32:17,0.0038963,extracting prediction GFLO_20 from jacobian
15:32:17,0.0038737,extracting prediction GFLO_3 from jacobian
15:32:17,0.0038573,extracting prediction GFLO_4 from jacobian
15:32:17,0.0038307,extracting prediction GFLO_5 from jacobian
15:32:17,0.0042544,extracting prediction GFLO_6 from jacobian
15:32:17,0.0051248,extracting prediction GFLO_7 from jacobian
15:32:17,0.0046288,extracting prediction GFLO_8 from jacobian
15:32:17,0.0051092,extracting prediction GFLO_9 from jacobian
15:32:17,0.0042545,extracting prediction PMPCHG from jacobian
15:32:17,0.005288,parameter fosm calcs
15:32:17,2.57e-05,LinearAnalysis::calc_posterior
15:32:17,1.52e-05,LinearAnalysis::align
15:32:17,0.0002518,LinearAnalysis::prior_prediction_variance()::invert obscov
15:32:17,1.3e-05,inverting diagonal matrix in place
15:32:17,2.01e-05,LinearAnalysis::calc_posterior() form JtQJ
15:32:17,0.0186841,LinearAnalysis::calc_posterior() invert prior parcov
15:32:17,9.74e-05,LinearAnalysis::calc_posterior() form posterior parcov
15:32:17,0.0020609,LinearAnalysis::calc_posterior() invert posterior parcov
15:32:17,2.48e-05,inverting non-diagonal matrix in place
15:32:17,0.252683,forecast FOSM calcs
15:32:17,0.0004634,LinearAnalysis::prior_prediction_variance
15:32:17,0.0006424,LinearAnalysis::prior_prediction_variance
