001 (4591.001.000) 2021-11-30 21:23:12 Job executing on host: <192.168.137.8:9618?sock=startd_2144_f74a>
...
001 (4591.003.000) 2021-11-30 21:23:12 Job executing on host: <192.168.137.8:9618?sock=startd_2144_f74a>
...
001 (4591.005.000) 2021-11-30 21:23:13 Job executing on host: <192.168.137.8:9618?sock=startd_2144_f74a>
...
001 (4591.006.000) 2021-11-30 21:23:13 Job executing on host: <192.168.137.8:9618?sock=startd_2144_f74a>
...
001 (4591.007.000) 2021-11-30 21:23:13 Job executing on host: <192.168.137.8:9618?sock=startd_2144_f74a>
...
001 (4591.000.000) 2021-11-30 21:23:13 Job executing on host: <192.168.137.8:9618?sock=startd_2144_f74a>
...
001 (4591.002.000) 2021-11-30 21:23:13 Job executing on host: <192.168.137.8:9618?sock=startd_2144_f74a>
...
001 (4591.009.000) 2021-11-30 21:23:13 Job executing on host: <192.168.137.8:9618?sock=startd_2144_f74a>
...
001 (4591.010.000) 2021-11-30 21:23:13 Job executing on host: <192.168.137.8:9618?sock=startd_2144_f74a>
...
001 (4591.011.000) 2021-11-30 21:23:14 Job executing on host: <192.168.137.8:9618?sock=startd_2144_f74a>
...
001 (4591.013.000) 2021-11-30 21:23:14 Job executing on host: <192.168.137.8:9618?sock=startd_2144_f74a>
...
001 (4591.008.000) 2021-11-30 21:23:15 Job executing on host: <192.168.137.8:9618?sock=startd_2144_f74a>
...
001 (4591.012.000) 2021-11-30 21:23:15 Job executing on host: <192.168.137.8:9618?sock=startd_2144_f74a>
...
001 (4591.004.000) 2021-11-30 21:23:15 Job executing on host: <192.168.137.8:9618?sock=startd_2144_f74a>
...
006 (4591.001.000) 2021-11-30 21:23:20 Image size of job updated: 20732
	21  -  MemoryUsage of job (MB)
	20732  -  ResidentSetSize of job (KB)
...
006 (4591.003.000) 2021-11-30 21:23:22 Image size of job updated: 20728
	21  -  MemoryUsage of job (MB)
	20728  -  ResidentSetSize of job (KB)
...
006 (4591.011.000) 2021-11-30 21:23:22 Image size of job updated: 20752
	21  -  MemoryUsage of job (MB)
	20752  -  ResidentSetSize of job (KB)
...
006 (4591.010.000) 2021-11-30 21:23:22 Image size of job updated: 20764
	21  -  MemoryUsage of job (MB)
	20764  -  ResidentSetSize of job (KB)
...
006 (4591.005.000) 2021-11-30 21:23:22 Image size of job updated: 20736
	21  -  MemoryUsage of job (MB)
	20736  -  ResidentSetSize of job (KB)
...
006 (4591.007.000) 2021-11-30 21:23:22 Image size of job updated: 20736
	21  -  MemoryUsage of job (MB)
	20736  -  ResidentSetSize of job (KB)
...
006 (4591.006.000) 2021-11-30 21:23:22 Image size of job updated: 20720
	21  -  MemoryUsage of job (MB)
	20720  -  ResidentSetSize of job (KB)
...
006 (4591.000.000) 2021-11-30 21:23:22 Image size of job updated: 20732
	21  -  MemoryUsage of job (MB)
	20732  -  ResidentSetSize of job (KB)
...
006 (4591.002.000) 2021-11-30 21:23:22 Image size of job updated: 20740
	21  -  MemoryUsage of job (MB)
	20740  -  ResidentSetSize of job (KB)
...
006 (4591.009.000) 2021-11-30 21:23:22 Image size of job updated: 20736
	21  -  MemoryUsage of job (MB)
	20736  -  ResidentSetSize of job (KB)
...
006 (4591.008.000) 2021-11-30 21:23:23 Image size of job updated: 20732
	21  -  MemoryUsage of job (MB)
	20732  -  ResidentSetSize of job (KB)
...
006 (4591.013.000) 2021-11-30 21:23:24 Image size of job updated: 20756
	21  -  MemoryUsage of job (MB)
	20756  -  ResidentSetSize of job (KB)
...
006 (4591.004.000) 2021-11-30 21:23:24 Image size of job updated: 20744
	21  -  MemoryUsage of job (MB)
	20744  -  ResidentSetSize of job (KB)
...
006 (4591.012.000) 2021-11-30 21:23:24 Image size of job updated: 20740
	21  -  MemoryUsage of job (MB)
	20740  -  ResidentSetSize of job (KB)
...
006 (4591.001.000) 2021-11-30 21:28:20 Image size of job updated: 20896
	21  -  MemoryUsage of job (MB)
	20896  -  ResidentSetSize of job (KB)
...
006 (4591.003.000) 2021-11-30 21:28:22 Image size of job updated: 20888
	21  -  MemoryUsage of job (MB)
	20888  -  ResidentSetSize of job (KB)
...
006 (4591.011.000) 2021-11-30 21:28:22 Image size of job updated: 20900
	21  -  MemoryUsage of job (MB)
	20900  -  ResidentSetSize of job (KB)
...
006 (4591.010.000) 2021-11-30 21:28:22 Image size of job updated: 20912
	21  -  MemoryUsage of job (MB)
	20912  -  ResidentSetSize of job (KB)
...
006 (4591.009.000) 2021-11-30 21:28:23 Image size of job updated: 20876
	21  -  MemoryUsage of job (MB)
	20876  -  ResidentSetSize of job (KB)
...
006 (4591.008.000) 2021-11-30 21:28:23 Image size of job updated: 20900
	21  -  MemoryUsage of job (MB)
	20900  -  ResidentSetSize of job (KB)
...
006 (4591.005.000) 2021-11-30 21:28:24 Image size of job updated: 20888
	21  -  MemoryUsage of job (MB)
	20888  -  ResidentSetSize of job (KB)
...
006 (4591.007.000) 2021-11-30 21:28:24 Image size of job updated: 20892
	21  -  MemoryUsage of job (MB)
	20892  -  ResidentSetSize of job (KB)
...
006 (4591.006.000) 2021-11-30 21:28:24 Image size of job updated: 20884
	21  -  MemoryUsage of job (MB)
	20884  -  ResidentSetSize of job (KB)
...
006 (4591.002.000) 2021-11-30 21:28:24 Image size of job updated: 20896
	21  -  MemoryUsage of job (MB)
	20896  -  ResidentSetSize of job (KB)
...
006 (4591.000.000) 2021-11-30 21:28:24 Image size of job updated: 20896
	21  -  MemoryUsage of job (MB)
	20896  -  ResidentSetSize of job (KB)
...
006 (4591.004.000) 2021-11-30 21:28:25 Image size of job updated: 20904
	21  -  MemoryUsage of job (MB)
	20904  -  ResidentSetSize of job (KB)
...
006 (4591.013.000) 2021-11-30 21:28:25 Image size of job updated: 20904
	21  -  MemoryUsage of job (MB)
	20904  -  ResidentSetSize of job (KB)
...
006 (4591.012.000) 2021-11-30 21:28:25 Image size of job updated: 20884
	21  -  MemoryUsage of job (MB)
	20884  -  ResidentSetSize of job (KB)
...
006 (4591.001.000) 2021-11-30 21:33:20 Image size of job updated: 21032
	21  -  MemoryUsage of job (MB)
	21032  -  ResidentSetSize of job (KB)
...
006 (4591.003.000) 2021-11-30 21:33:22 Image size of job updated: 21028
	21  -  MemoryUsage of job (MB)
	21028  -  ResidentSetSize of job (KB)
...
006 (4591.011.000) 2021-11-30 21:33:23 Image size of job updated: 21076
	21  -  MemoryUsage of job (MB)
	21076  -  ResidentSetSize of job (KB)
...
006 (4591.010.000) 2021-11-30 21:33:23 Image size of job updated: 21088
	21  -  MemoryUsage of job (MB)
	21088  -  ResidentSetSize of job (KB)
...
006 (4591.009.000) 2021-11-30 21:33:23 Image size of job updated: 21028
	21  -  MemoryUsage of job (MB)
	21028  -  ResidentSetSize of job (KB)
...
006 (4591.005.000) 2021-11-30 21:33:24 Image size of job updated: 20996
	21  -  MemoryUsage of job (MB)
	20996  -  ResidentSetSize of job (KB)
...
006 (4591.007.000) 2021-11-30 21:33:25 Image size of job updated: 20996
	21  -  MemoryUsage of job (MB)
	20996  -  ResidentSetSize of job (KB)
...
006 (4591.002.000) 2021-11-30 21:33:26 Image size of job updated: 21000
	21  -  MemoryUsage of job (MB)
	21000  -  ResidentSetSize of job (KB)
...
006 (4591.006.000) 2021-11-30 21:33:27 Image size of job updated: 21028
	21  -  MemoryUsage of job (MB)
	21028  -  ResidentSetSize of job (KB)
...
006 (4591.000.000) 2021-11-30 21:33:27 Image size of job updated: 21032
	21  -  MemoryUsage of job (MB)
	21032  -  ResidentSetSize of job (KB)
...
006 (4591.004.000) 2021-11-30 21:33:27 Image size of job updated: 21040
	21  -  MemoryUsage of job (MB)
	21040  -  ResidentSetSize of job (KB)
...
006 (4591.013.000) 2021-11-30 21:33:27 Image size of job updated: 21048
	21  -  MemoryUsage of job (MB)
	21048  -  ResidentSetSize of job (KB)
...
006 (4591.008.000) 2021-11-30 21:33:27 Image size of job updated: 21080
	21  -  MemoryUsage of job (MB)
	21080  -  ResidentSetSize of job (KB)
...
006 (4591.012.000) 2021-11-30 21:33:28 Image size of job updated: 21008
	21  -  MemoryUsage of job (MB)
	21008  -  ResidentSetSize of job (KB)
...
006 (4591.001.000) 2021-11-30 21:38:21 Image size of job updated: 21188
	21  -  MemoryUsage of job (MB)
	21188  -  ResidentSetSize of job (KB)
...
006 (4591.010.000) 2021-11-30 21:38:23 Image size of job updated: 21208
	21  -  MemoryUsage of job (MB)
	21208  -  ResidentSetSize of job (KB)
...
006 (4591.009.000) 2021-11-30 21:38:23 Image size of job updated: 21180
	21  -  MemoryUsage of job (MB)
	21180  -  ResidentSetSize of job (KB)
...
006 (4591.003.000) 2021-11-30 21:38:23 Image size of job updated: 21184
	21  -  MemoryUsage of job (MB)
	21184  -  ResidentSetSize of job (KB)
...
006 (4591.011.000) 2021-11-30 21:38:24 Image size of job updated: 21200
	21  -  MemoryUsage of job (MB)
	21200  -  ResidentSetSize of job (KB)
...
006 (4591.005.000) 2021-11-30 21:38:25 Image size of job updated: 21140
	21  -  MemoryUsage of job (MB)
	21140  -  ResidentSetSize of job (KB)
...
006 (4591.006.000) 2021-11-30 21:38:28 Image size of job updated: 21172
	21  -  MemoryUsage of job (MB)
	21172  -  ResidentSetSize of job (KB)
...
006 (4591.002.000) 2021-11-30 21:38:28 Image size of job updated: 21148
	21  -  MemoryUsage of job (MB)
	21148  -  ResidentSetSize of job (KB)
...
006 (4591.004.000) 2021-11-30 21:38:28 Image size of job updated: 21196
	21  -  MemoryUsage of job (MB)
	21196  -  ResidentSetSize of job (KB)
...
006 (4591.000.000) 2021-11-30 21:38:28 Image size of job updated: 21184
	21  -  MemoryUsage of job (MB)
	21184  -  ResidentSetSize of job (KB)
...
006 (4591.013.000) 2021-11-30 21:38:28 Image size of job updated: 21200
	21  -  MemoryUsage of job (MB)
	21200  -  ResidentSetSize of job (KB)
...
006 (4591.008.000) 2021-11-30 21:38:29 Image size of job updated: 21188
	21  -  MemoryUsage of job (MB)
	21188  -  ResidentSetSize of job (KB)
...
006 (4591.007.000) 2021-11-30 21:38:29 Image size of job updated: 21160
	21  -  MemoryUsage of job (MB)
	21160  -  ResidentSetSize of job (KB)
...
006 (4591.012.000) 2021-11-30 21:38:30 Image size of job updated: 21172
	21  -  MemoryUsage of job (MB)
	21172  -  ResidentSetSize of job (KB)
...
006 (4591.001.000) 2021-11-30 21:43:21 Image size of job updated: 1317804
	1287  -  MemoryUsage of job (MB)
	1317804  -  ResidentSetSize of job (KB)
...
006 (4591.010.000) 2021-11-30 21:43:23 Image size of job updated: 1321428
	1289  -  MemoryUsage of job (MB)
	1319380  -  ResidentSetSize of job (KB)
...
006 (4591.009.000) 2021-11-30 21:43:23 Image size of job updated: 1321548
	1286  -  MemoryUsage of job (MB)
	1316368  -  ResidentSetSize of job (KB)
...
006 (4591.011.000) 2021-11-30 21:43:24 Image size of job updated: 1318796
	1285  -  MemoryUsage of job (MB)
	1315760  -  ResidentSetSize of job (KB)
...
006 (4591.003.000) 2021-11-30 21:43:24 Image size of job updated: 1319740
	1289  -  MemoryUsage of job (MB)
	1319168  -  ResidentSetSize of job (KB)
...
006 (4591.005.000) 2021-11-30 21:43:25 Image size of job updated: 1318532
	1288  -  MemoryUsage of job (MB)
	1318532  -  ResidentSetSize of job (KB)
...
006 (4591.013.000) 2021-11-30 21:43:25 Image size of job updated: 1317380
	1287  -  MemoryUsage of job (MB)
	1317380  -  ResidentSetSize of job (KB)
...
006 (4591.008.000) 2021-11-30 21:43:28 Image size of job updated: 1321212
	1287  -  MemoryUsage of job (MB)
	1317248  -  ResidentSetSize of job (KB)
...
006 (4591.002.000) 2021-11-30 21:43:29 Image size of job updated: 1319016
	1289  -  MemoryUsage of job (MB)
	1319016  -  ResidentSetSize of job (KB)
...
006 (4591.006.000) 2021-11-30 21:43:29 Image size of job updated: 1319908
	1289  -  MemoryUsage of job (MB)
	1319908  -  ResidentSetSize of job (KB)
...
006 (4591.000.000) 2021-11-30 21:43:29 Image size of job updated: 1321808
	1291  -  MemoryUsage of job (MB)
	1321808  -  ResidentSetSize of job (KB)
...
006 (4591.004.000) 2021-11-30 21:43:29 Image size of job updated: 1319552
	1288  -  MemoryUsage of job (MB)
	1318304  -  ResidentSetSize of job (KB)
...
006 (4591.007.000) 2021-11-30 21:43:30 Image size of job updated: 1319920
	1289  -  MemoryUsage of job (MB)
	1319920  -  ResidentSetSize of job (KB)
...
006 (4591.012.000) 2021-11-30 21:43:30 Image size of job updated: 1320632
	1286  -  MemoryUsage of job (MB)
	1316680  -  ResidentSetSize of job (KB)
...
006 (4591.011.000) 2021-11-30 21:48:24 Image size of job updated: 1320276
	1290  -  MemoryUsage of job (MB)
	1320276  -  ResidentSetSize of job (KB)
...
006 (4591.009.000) 2021-11-30 21:48:25 Image size of job updated: 1321548
	1287  -  MemoryUsage of job (MB)
	1317208  -  ResidentSetSize of job (KB)
...
006 (4591.013.000) 2021-11-30 21:48:28 Image size of job updated: 1317404
	1287  -  MemoryUsage of job (MB)
	1317404  -  ResidentSetSize of job (KB)
...
006 (4591.008.000) 2021-11-30 21:48:30 Image size of job updated: 1321212
	1287  -  MemoryUsage of job (MB)
	1317732  -  ResidentSetSize of job (KB)
...
006 (4591.000.000) 2021-11-30 21:48:30 Image size of job updated: 1321832
	1291  -  MemoryUsage of job (MB)
	1321832  -  ResidentSetSize of job (KB)
...
006 (4591.002.000) 2021-11-30 21:48:31 Image size of job updated: 1320256
	1289  -  MemoryUsage of job (MB)
	1319016  -  ResidentSetSize of job (KB)
...
006 (4591.006.000) 2021-11-30 21:48:31 Image size of job updated: 1320088
	1290  -  MemoryUsage of job (MB)
	1320088  -  ResidentSetSize of job (KB)
...
006 (4591.012.000) 2021-11-30 21:48:32 Image size of job updated: 1320632
	1289  -  MemoryUsage of job (MB)
	1319896  -  ResidentSetSize of job (KB)
...
006 (4591.001.000) 2021-11-30 21:53:22 Image size of job updated: 1318800
	1287  -  MemoryUsage of job (MB)
	1317804  -  ResidentSetSize of job (KB)
...
006 (4591.003.000) 2021-11-30 21:53:25 Image size of job updated: 1319956
	1289  -  MemoryUsage of job (MB)
	1319168  -  ResidentSetSize of job (KB)
...
006 (4591.009.000) 2021-11-30 21:53:25 Image size of job updated: 1321548
	1287  -  MemoryUsage of job (MB)
	1317728  -  ResidentSetSize of job (KB)
...
006 (4591.008.000) 2021-11-30 21:53:26 Image size of job updated: 1321212
	1288  -  MemoryUsage of job (MB)
	1317916  -  ResidentSetSize of job (KB)
...
006 (4591.005.000) 2021-11-30 21:53:30 Image size of job updated: 1319992
	1290  -  MemoryUsage of job (MB)
	1319992  -  ResidentSetSize of job (KB)
...
006 (4591.004.000) 2021-11-30 21:53:31 Image size of job updated: 1319552
	1289  -  MemoryUsage of job (MB)
	1318980  -  ResidentSetSize of job (KB)
...
006 (4591.012.000) 2021-11-30 21:53:31 Image size of job updated: 1320704
	1289  -  MemoryUsage of job (MB)
	1319896  -  ResidentSetSize of job (KB)
...
006 (4591.001.000) 2021-11-30 21:58:23 Image size of job updated: 1319024
	1288  -  MemoryUsage of job (MB)
	1318352  -  ResidentSetSize of job (KB)
...
006 (4591.011.000) 2021-11-30 21:58:24 Image size of job updated: 1320288
	1290  -  MemoryUsage of job (MB)
	1320276  -  ResidentSetSize of job (KB)
...
006 (4591.003.000) 2021-11-30 21:58:25 Image size of job updated: 1319972
	1290  -  MemoryUsage of job (MB)
	1319972  -  ResidentSetSize of job (KB)
...
006 (4591.009.000) 2021-11-30 21:58:26 Image size of job updated: 1321548
	1289  -  MemoryUsage of job (MB)
	1319096  -  ResidentSetSize of job (KB)
...
006 (4591.001.000) 2021-11-30 22:03:23 Image size of job updated: 1320516
	1290  -  MemoryUsage of job (MB)
	1320516  -  ResidentSetSize of job (KB)
...
006 (4591.011.000) 2021-11-30 22:03:25 Image size of job updated: 1320680
	1290  -  MemoryUsage of job (MB)
	1320680  -  ResidentSetSize of job (KB)
...
006 (4591.007.000) 2021-11-30 22:03:34 Image size of job updated: 1320544
	1290  -  MemoryUsage of job (MB)
	1320544  -  ResidentSetSize of job (KB)
...
006 (4591.013.000) 2021-11-30 22:08:27 Image size of job updated: 1317776
	1287  -  MemoryUsage of job (MB)
	1317404  -  ResidentSetSize of job (KB)
...
006 (4591.003.000) 2021-11-30 22:08:28 Image size of job updated: 1320572
	1290  -  MemoryUsage of job (MB)
	1319972  -  ResidentSetSize of job (KB)
...
006 (4591.005.000) 2021-11-30 22:08:31 Image size of job updated: 1320352
	1290  -  MemoryUsage of job (MB)
	1319992  -  ResidentSetSize of job (KB)
...
006 (4591.012.000) 2021-11-30 22:08:32 Image size of job updated: 1321840
	1289  -  MemoryUsage of job (MB)
	1319896  -  ResidentSetSize of job (KB)
...
006 (4591.013.000) 2021-11-30 22:13:28 Image size of job updated: 1320288
	1290  -  MemoryUsage of job (MB)
	1320228  -  ResidentSetSize of job (KB)
...
006 (4591.004.000) 2021-11-30 22:13:33 Image size of job updated: 1319664
	1289  -  MemoryUsage of job (MB)
	1319664  -  ResidentSetSize of job (KB)
...
006 (4591.010.000) 2021-11-30 22:18:26 Image size of job updated: 1321428
	1290  -  MemoryUsage of job (MB)
	1320360  -  ResidentSetSize of job (KB)
...
006 (4591.011.000) 2021-11-30 22:18:26 Image size of job updated: 1321596
	1290  -  MemoryUsage of job (MB)
	1320680  -  ResidentSetSize of job (KB)
...
006 (4591.009.000) 2021-11-30 22:18:28 Image size of job updated: 1321548
	1289  -  MemoryUsage of job (MB)
	1319400  -  ResidentSetSize of job (KB)
...
006 (4591.013.000) 2021-11-30 22:18:29 Image size of job updated: 1320372
	1290  -  MemoryUsage of job (MB)
	1320372  -  ResidentSetSize of job (KB)
...
006 (4591.005.000) 2021-11-30 22:18:33 Image size of job updated: 1320448
	1290  -  MemoryUsage of job (MB)
	1319992  -  ResidentSetSize of job (KB)
...
006 (4591.004.000) 2021-11-30 22:18:34 Image size of job updated: 1320992
	1289  -  MemoryUsage of job (MB)
	1319664  -  ResidentSetSize of job (KB)
...
006 (4591.008.000) 2021-11-30 22:23:30 Image size of job updated: 1321212
	1288  -  MemoryUsage of job (MB)
	1318780  -  ResidentSetSize of job (KB)
...
006 (4591.007.000) 2021-11-30 22:23:34 Image size of job updated: 1320996
	1291  -  MemoryUsage of job (MB)
	1320996  -  ResidentSetSize of job (KB)
...
006 (4591.009.000) 2021-11-30 22:28:30 Image size of job updated: 1321844
	1289  -  MemoryUsage of job (MB)
	1319528  -  ResidentSetSize of job (KB)
...
006 (4591.005.000) 2021-11-30 22:28:34 Image size of job updated: 1320484
	1290  -  MemoryUsage of job (MB)
	1320484  -  ResidentSetSize of job (KB)
...
006 (4591.006.000) 2021-11-30 22:28:35 Image size of job updated: 1320188
	1290  -  MemoryUsage of job (MB)
	1320188  -  ResidentSetSize of job (KB)
...
006 (4591.004.000) 2021-11-30 22:28:35 Image size of job updated: 1320992
	1289  -  MemoryUsage of job (MB)
	1319884  -  ResidentSetSize of job (KB)
...
006 (4591.002.000) 2021-11-30 22:28:37 Image size of job updated: 1320788
	1290  -  MemoryUsage of job (MB)
	1320788  -  ResidentSetSize of job (KB)
...
006 (4591.010.000) 2021-11-30 22:33:28 Image size of job updated: 1321428
	1290  -  MemoryUsage of job (MB)
	1320368  -  ResidentSetSize of job (KB)
...
006 (4591.009.000) 2021-11-30 22:33:30 Image size of job updated: 1321844
	1290  -  MemoryUsage of job (MB)
	1320516  -  ResidentSetSize of job (KB)
...
006 (4591.012.000) 2021-11-30 22:38:32 Image size of job updated: 1321840
	1290  -  MemoryUsage of job (MB)
	1320104  -  ResidentSetSize of job (KB)
...
006 (4591.009.000) 2021-11-30 22:43:32 Image size of job updated: 1321844
	1290  -  MemoryUsage of job (MB)
	1320568  -  ResidentSetSize of job (KB)
...
006 (4591.001.000) 2021-11-30 23:13:29 Image size of job updated: 1320580
	1290  -  MemoryUsage of job (MB)
	1320580  -  ResidentSetSize of job (KB)
...
006 (4591.005.000) 2021-11-30 23:13:35 Image size of job updated: 1320508
	1290  -  MemoryUsage of job (MB)
	1320508  -  ResidentSetSize of job (KB)
...
006 (4591.008.000) 2021-11-30 23:13:38 Image size of job updated: 1321212
	1290  -  MemoryUsage of job (MB)
	1320324  -  ResidentSetSize of job (KB)
...
006 (4591.013.000) 2021-11-30 23:23:36 Image size of job updated: 1321200
	1290  -  MemoryUsage of job (MB)
	1320372  -  ResidentSetSize of job (KB)
...
006 (4591.003.000) 2021-11-30 23:23:36 Image size of job updated: 1320572
	1290  -  MemoryUsage of job (MB)
	1320024  -  ResidentSetSize of job (KB)
...
006 (4591.005.000) 2021-11-30 23:38:36 Image size of job updated: 1320844
	1290  -  MemoryUsage of job (MB)
	1320844  -  ResidentSetSize of job (KB)
...
006 (4591.003.000) 2021-11-30 23:38:37 Image size of job updated: 1320572
	1290  -  MemoryUsage of job (MB)
	1320192  -  ResidentSetSize of job (KB)
...
006 (4591.011.000) 2021-11-30 23:43:33 Image size of job updated: 1321940
	1291  -  MemoryUsage of job (MB)
	1321940  -  ResidentSetSize of job (KB)
...
006 (4591.003.000) 2021-11-30 23:43:37 Image size of job updated: 1320964
	1291  -  MemoryUsage of job (MB)
	1320964  -  ResidentSetSize of job (KB)
...
006 (4591.011.000) 2021-11-30 23:53:35 Image size of job updated: 1323496
	1293  -  MemoryUsage of job (MB)
	1323496  -  ResidentSetSize of job (KB)
...
006 (4591.006.000) 2021-12-01 00:03:43 Image size of job updated: 1320908
	1290  -  MemoryUsage of job (MB)
	1320908  -  ResidentSetSize of job (KB)
...
006 (4591.010.000) 2021-12-01 00:08:37 Image size of job updated: 1321428
	1291  -  MemoryUsage of job (MB)
	1321356  -  ResidentSetSize of job (KB)
...
006 (4591.008.000) 2021-12-01 00:08:44 Image size of job updated: 1321212
	1291  -  MemoryUsage of job (MB)
	1321200  -  ResidentSetSize of job (KB)
...
006 (4591.001.000) 2021-12-01 00:13:35 Image size of job updated: 1320624
	1290  -  MemoryUsage of job (MB)
	1320580  -  ResidentSetSize of job (KB)
...
006 (4591.012.000) 2021-12-01 00:18:40 Image size of job updated: 1321840
	1290  -  MemoryUsage of job (MB)
	1320136  -  ResidentSetSize of job (KB)
...
006 (4591.008.000) 2021-12-01 00:18:43 Image size of job updated: 1321520
	1291  -  MemoryUsage of job (MB)
	1321520  -  ResidentSetSize of job (KB)
...
006 (4591.004.000) 2021-12-01 00:18:47 Image size of job updated: 1320992
	1289  -  MemoryUsage of job (MB)
	1319928  -  ResidentSetSize of job (KB)
...
006 (4591.012.000) 2021-12-01 00:23:41 Image size of job updated: 1321840
	1290  -  MemoryUsage of job (MB)
	1320772  -  ResidentSetSize of job (KB)
...
006 (4591.013.000) 2021-12-01 00:23:43 Image size of job updated: 1321200
	1290  -  MemoryUsage of job (MB)
	1320488  -  ResidentSetSize of job (KB)
...
006 (4591.004.000) 2021-12-01 00:23:46 Image size of job updated: 1320992
	1290  -  MemoryUsage of job (MB)
	1320628  -  ResidentSetSize of job (KB)
...
006 (4591.003.000) 2021-12-01 00:43:41 Image size of job updated: 1321556
	1291  -  MemoryUsage of job (MB)
	1320964  -  ResidentSetSize of job (KB)
...
006 (4591.008.000) 2021-12-01 00:43:44 Image size of job updated: 1321536
	1291  -  MemoryUsage of job (MB)
	1321520  -  ResidentSetSize of job (KB)
...
006 (4591.013.000) 2021-12-01 01:18:49 Image size of job updated: 1321776
	1290  -  MemoryUsage of job (MB)
	1320488  -  ResidentSetSize of job (KB)
...
006 (4591.001.000) 2021-12-01 01:23:45 Image size of job updated: 1323588
	1290  -  MemoryUsage of job (MB)
	1320580  -  ResidentSetSize of job (KB)
...
006 (4591.012.000) 2021-12-01 01:28:50 Image size of job updated: 1321840
	1291  -  MemoryUsage of job (MB)
	1321604  -  ResidentSetSize of job (KB)
...
006 (4591.007.000) 2021-12-01 01:33:57 Image size of job updated: 1321188
	1291  -  MemoryUsage of job (MB)
	1321188  -  ResidentSetSize of job (KB)
...
006 (4591.005.000) 2021-12-01 01:38:54 Image size of job updated: 1321308
	1291  -  MemoryUsage of job (MB)
	1321308  -  ResidentSetSize of job (KB)
...
006 (4591.001.000) 2021-12-01 01:43:46 Image size of job updated: 1323588
	1292  -  MemoryUsage of job (MB)
	1322464  -  ResidentSetSize of job (KB)
...
006 (4591.004.000) 2021-12-01 02:38:54 Image size of job updated: 1321092
	1290  -  MemoryUsage of job (MB)
	1320628  -  ResidentSetSize of job (KB)
...
006 (4591.009.000) 2021-12-01 03:38:59 Image size of job updated: 1321844
	1291  -  MemoryUsage of job (MB)
	1321704  -  ResidentSetSize of job (KB)
...
006 (4591.009.000) 2021-12-01 03:44:00 Image size of job updated: 1322400
	1292  -  MemoryUsage of job (MB)
	1322400  -  ResidentSetSize of job (KB)
...
006 (4591.009.000) 2021-12-01 03:49:01 Image size of job updated: 1322416
	1292  -  MemoryUsage of job (MB)
	1322416  -  ResidentSetSize of job (KB)
...
006 (4591.010.000) 2021-12-01 03:54:05 Image size of job updated: 1321508
	1291  -  MemoryUsage of job (MB)
	1321356  -  ResidentSetSize of job (KB)
...
006 (4591.010.000) 2021-12-01 03:59:05 Image size of job updated: 1321788
	1291  -  MemoryUsage of job (MB)
	1321788  -  ResidentSetSize of job (KB)
...
006 (4591.006.000) 2021-12-01 04:24:09 Image size of job updated: 1321176
	1291  -  MemoryUsage of job (MB)
	1321176  -  ResidentSetSize of job (KB)
...
006 (4591.013.000) 2021-12-01 04:54:12 Image size of job updated: 1321776
	1290  -  MemoryUsage of job (MB)
	1320856  -  ResidentSetSize of job (KB)
...
006 (4591.013.000) 2021-12-01 04:59:16 Image size of job updated: 1321776
	1291  -  MemoryUsage of job (MB)
	1321600  -  ResidentSetSize of job (KB)
...
006 (4591.009.000) 2021-12-01 05:04:12 Image size of job updated: 1322728
	1292  -  MemoryUsage of job (MB)
	1322728  -  ResidentSetSize of job (KB)
...
006 (4591.004.000) 2021-12-01 05:14:12 Image size of job updated: 1321940
	1290  -  MemoryUsage of job (MB)
	1320628  -  ResidentSetSize of job (KB)
...
006 (4591.010.000) 2021-12-01 05:29:13 Image size of job updated: 1322716
	1291  -  MemoryUsage of job (MB)
	1321788  -  ResidentSetSize of job (KB)
...
006 (4591.004.000) 2021-12-01 05:59:18 Image size of job updated: 1321940
	1290  -  MemoryUsage of job (MB)
	1320956  -  ResidentSetSize of job (KB)
...
006 (4591.004.000) 2021-12-01 06:04:18 Image size of job updated: 1321940
	1290  -  MemoryUsage of job (MB)
	1320960  -  ResidentSetSize of job (KB)
...
006 (4591.003.000) 2021-12-01 06:19:17 Image size of job updated: 1321756
	1291  -  MemoryUsage of job (MB)
	1320964  -  ResidentSetSize of job (KB)
...
006 (4591.008.000) 2021-12-01 06:54:21 Image size of job updated: 1322280
	1292  -  MemoryUsage of job (MB)
	1322280  -  ResidentSetSize of job (KB)
...
006 (4591.004.000) 2021-12-01 07:34:26 Image size of job updated: 1321940
	1291  -  MemoryUsage of job (MB)
	1321716  -  ResidentSetSize of job (KB)
...
006 (4591.004.000) 2021-12-01 07:39:26 Image size of job updated: 1322712
	1292  -  MemoryUsage of job (MB)
	1322712  -  ResidentSetSize of job (KB)
...
006 (4591.000.000) 2021-12-01 08:09:28 Image size of job updated: 1322952
	1292  -  MemoryUsage of job (MB)
	1322952  -  ResidentSetSize of job (KB)
...
006 (4591.007.000) 2021-12-01 08:54:43 Image size of job updated: 1321348
	1291  -  MemoryUsage of job (MB)
	1321348  -  ResidentSetSize of job (KB)
...
006 (4591.006.000) 2021-12-01 09:04:39 Image size of job updated: 1321952
	1291  -  MemoryUsage of job (MB)
	1321176  -  ResidentSetSize of job (KB)
...
006 (4591.003.000) 2021-12-01 09:29:37 Image size of job updated: 1321756
	1291  -  MemoryUsage of job (MB)
	1320988  -  ResidentSetSize of job (KB)
...
006 (4591.012.000) 2021-12-01 09:34:34 Image size of job updated: 1321840
	1291  -  MemoryUsage of job (MB)
	1321684  -  ResidentSetSize of job (KB)
...
006 (4591.010.000) 2021-12-01 09:34:35 Image size of job updated: 1322716
	1291  -  MemoryUsage of job (MB)
	1321820  -  ResidentSetSize of job (KB)
...
006 (4591.005.000) 2021-12-01 09:34:39 Image size of job updated: 1321968
	1291  -  MemoryUsage of job (MB)
	1321308  -  ResidentSetSize of job (KB)
...
006 (4591.005.000) 2021-12-01 09:54:42 Image size of job updated: 1321968
	1291  -  MemoryUsage of job (MB)
	1321780  -  ResidentSetSize of job (KB)
...
006 (4591.006.000) 2021-12-01 09:59:44 Image size of job updated: 1321952
	1291  -  MemoryUsage of job (MB)
	1321316  -  ResidentSetSize of job (KB)
...
006 (4591.005.000) 2021-12-01 10:09:43 Image size of job updated: 1322596
	1291  -  MemoryUsage of job (MB)
	1321780  -  ResidentSetSize of job (KB)
...
006 (4591.007.000) 2021-12-01 10:24:50 Image size of job updated: 1322260
	1292  -  MemoryUsage of job (MB)
	1322260  -  ResidentSetSize of job (KB)
...
006 (4591.008.000) 2021-12-01 10:39:41 Image size of job updated: 1322384
	1292  -  MemoryUsage of job (MB)
	1322280  -  ResidentSetSize of job (KB)
...
006 (4591.006.000) 2021-12-01 10:39:49 Image size of job updated: 1321952
	1291  -  MemoryUsage of job (MB)
	1321808  -  ResidentSetSize of job (KB)
...
006 (4591.013.000) 2021-12-01 10:39:53 Image size of job updated: 1322048
	1291  -  MemoryUsage of job (MB)
	1321600  -  ResidentSetSize of job (KB)
...
005 (4591.005.000) 2021-12-01 10:56:34 Job terminated.
	(1) Normal termination (return value 0)
		Usr 0 11:37:03, Sys 0 00:13:40  -  Run Remote Usage
		Usr 0 00:00:00, Sys 0 00:00:00  -  Run Local Usage
		Usr 0 11:37:03, Sys 0 00:13:40  -  Total Remote Usage
		Usr 0 00:00:00, Sys 0 00:00:00  -  Total Local Usage
	0  -  Run Bytes Sent By Job
	661240448  -  Run Bytes Received By Job
	0  -  Total Bytes Sent By Job
	661240448  -  Total Bytes Received By Job
	Partitionable Resources :    Usage  Request Allocated 
	   Cpus                 :        0        2         2 
	   Disk (KB)            :  2674564   750000   1251935 
	   Memory (MB)          :     1291     1500      1536 

	Job terminated of its own accord at 2021-12-01T18:56:23Z with exit-code 0.
...
005 (4591.003.000) 2021-12-01 10:56:35 Job terminated.
	(1) Normal termination (return value 0)
		Usr 0 11:35:52, Sys 0 00:14:07  -  Run Remote Usage
		Usr 0 00:00:00, Sys 0 00:00:00  -  Run Local Usage
		Usr 0 11:35:52, Sys 0 00:14:07  -  Total Remote Usage
		Usr 0 00:00:00, Sys 0 00:00:00  -  Total Local Usage
	0  -  Run Bytes Sent By Job
	661240448  -  Run Bytes Received By Job
	0  -  Total Bytes Sent By Job
	661240448  -  Total Bytes Received By Job
	Partitionable Resources :      Usage  Request Allocated 
	   Cpus                 :       1.59        2         2 
	   Disk (KB)            : 2676232      750000   1251935 
	   Memory (MB)          :    1291        1500      1536 

	Job terminated of its own accord at 2021-12-01T18:56:23Z with exit-code 0.
...
005 (4591.009.000) 2021-12-01 10:56:35 Job terminated.
	(1) Normal termination (return value 0)
		Usr 0 11:36:17, Sys 0 00:13:50  -  Run Remote Usage
		Usr 0 00:00:00, Sys 0 00:00:00  -  Run Local Usage
		Usr 0 11:36:17, Sys 0 00:13:50  -  Total Remote Usage
		Usr 0 00:00:00, Sys 0 00:00:00  -  Total Local Usage
	0  -  Run Bytes Sent By Job
	661240448  -  Run Bytes Received By Job
	0  -  Total Bytes Sent By Job
	661240448  -  Total Bytes Received By Job
	Partitionable Resources :      Usage  Request Allocated 
	   Cpus                 :       1.60        2         2 
	   Disk (KB)            : 2668073      750000   1251935 
	   Memory (MB)          :    1292        1500      1536 

	Job terminated of its own accord at 2021-12-01T18:56:23Z with exit-code 0.
...
005 (4591.006.000) 2021-12-01 10:56:35 Job terminated.
	(1) Normal termination (return value 0)
		Usr 0 11:26:56, Sys 0 00:13:31  -  Run Remote Usage
		Usr 0 00:00:00, Sys 0 00:00:00  -  Run Local Usage
		Usr 0 11:26:56, Sys 0 00:13:31  -  Total Remote Usage
		Usr 0 00:00:00, Sys 0 00:00:00  -  Total Local Usage
	0  -  Run Bytes Sent By Job
	661240448  -  Run Bytes Received By Job
	0  -  Total Bytes Sent By Job
	661240448  -  Total Bytes Received By Job
	Partitionable Resources :      Usage  Request Allocated 
	   Cpus                 :       1.58        2         2 
	   Disk (KB)            : 2667644      750000   1251935 
	   Memory (MB)          :    1291        1500      1536 

	Job terminated of its own accord at 2021-12-01T18:56:23Z with exit-code 0.
...
005 (4591.000.000) 2021-12-01 10:56:35 Job terminated.
	(1) Normal termination (return value 0)
		Usr 0 11:43:05, Sys 0 00:13:12  -  Run Remote Usage
		Usr 0 00:00:00, Sys 0 00:00:00  -  Run Local Usage
		Usr 0 11:43:05, Sys 0 00:13:12  -  Total Remote Usage
		Usr 0 00:00:00, Sys 0 00:00:00  -  Total Local Usage
	0  -  Run Bytes Sent By Job
	661240448  -  Run Bytes Received By Job
	0  -  Total Bytes Sent By Job
	661240448  -  Total Bytes Received By Job
	Partitionable Resources :      Usage  Request Allocated 
	   Cpus                 :       1.59        2         2 
	   Disk (KB)            : 2674011      750000   1251935 
	   Memory (MB)          :    1292        1500      1536 

	Job terminated of its own accord at 2021-12-01T18:56:23Z with exit-code 0.
...
005 (4591.011.000) 2021-12-01 10:56:35 Job terminated.
	(1) Normal termination (return value 0)
		Usr 0 11:21:06, Sys 0 00:13:16  -  Run Remote Usage
		Usr 0 00:00:00, Sys 0 00:00:00  -  Run Local Usage
		Usr 0 11:21:06, Sys 0 00:13:16  -  Total Remote Usage
		Usr 0 00:00:00, Sys 0 00:00:00  -  Total Local Usage
	0  -  Run Bytes Sent By Job
	661240448  -  Run Bytes Received By Job
	0  -  Total Bytes Sent By Job
	661240448  -  Total Bytes Received By Job
	Partitionable Resources :    Usage  Request Allocated 
	   Cpus                 :        0        2         2 
	   Disk (KB)            :  2669021   750000   1251935 
	   Memory (MB)          :     1293     1500      1536 

	Job terminated of its own accord at 2021-12-01T18:56:23Z with exit-code 0.
...
005 (4591.001.000) 2021-12-01 10:56:35 Job terminated.
	(1) Normal termination (return value 0)
		Usr 0 11:28:35, Sys 0 00:13:37  -  Run Remote Usage
		Usr 0 00:00:00, Sys 0 00:00:00  -  Run Local Usage
		Usr 0 11:28:35, Sys 0 00:13:37  -  Total Remote Usage
		Usr 0 00:00:00, Sys 0 00:00:00  -  Total Local Usage
	0  -  Run Bytes Sent By Job
	661240448  -  Run Bytes Received By Job
	0  -  Total Bytes Sent By Job
	661240448  -  Total Bytes Received By Job
	Partitionable Resources :      Usage  Request Allocated 
	   Cpus                 :       1.59        2         2 
	   Disk (KB)            : 2667766      750000   1251935 
	   Memory (MB)          :    1292        1500      1536 

	Job terminated of its own accord at 2021-12-01T18:56:23Z with exit-code 0.
...
005 (4591.012.000) 2021-12-01 10:56:35 Job terminated.
	(1) Normal termination (return value 0)
		Usr 0 11:25:12, Sys 0 00:13:45  -  Run Remote Usage
		Usr 0 00:00:00, Sys 0 00:00:00  -  Run Local Usage
		Usr 0 11:25:12, Sys 0 00:13:45  -  Total Remote Usage
		Usr 0 00:00:00, Sys 0 00:00:00  -  Total Local Usage
	0  -  Run Bytes Sent By Job
	661240448  -  Run Bytes Received By Job
	0  -  Total Bytes Sent By Job
	661240448  -  Total Bytes Received By Job
	Partitionable Resources :      Usage  Request Allocated 
	   Cpus                 :       2.05        2         2 
	   Disk (KB)            : 2668068      750000   1251935 
	   Memory (MB)          :    1291        1500      1536 

	Job terminated of its own accord at 2021-12-01T18:56:23Z with exit-code 0.
...
005 (4591.007.000) 2021-12-01 10:56:35 Job terminated.
	(1) Normal termination (return value 0)
		Usr 0 10:59:12, Sys 0 00:12:49  -  Run Remote Usage
		Usr 0 00:00:00, Sys 0 00:00:00  -  Run Local Usage
		Usr 0 10:59:12, Sys 0 00:12:49  -  Total Remote Usage
		Usr 0 00:00:00, Sys 0 00:00:00  -  Total Local Usage
	0  -  Run Bytes Sent By Job
	661240448  -  Run Bytes Received By Job
	0  -  Total Bytes Sent By Job
	661240448  -  Total Bytes Received By Job
	Partitionable Resources :    Usage  Request Allocated 
	   Cpus                 :        0        2         2 
	   Disk (KB)            :  2668073   750000   1251935 
	   Memory (MB)          :     1292     1500      1536 

	Job terminated of its own accord at 2021-12-01T18:56:23Z with exit-code 0.
...
005 (4591.008.000) 2021-12-01 10:56:35 Job terminated.
	(1) Normal termination (return value 0)
		Usr 0 11:11:16, Sys 0 00:13:16  -  Run Remote Usage
		Usr 0 00:00:00, Sys 0 00:00:00  -  Run Local Usage
		Usr 0 11:11:16, Sys 0 00:13:16  -  Total Remote Usage
		Usr 0 00:00:00, Sys 0 00:00:00  -  Total Local Usage
	0  -  Run Bytes Sent By Job
	661240448  -  Run Bytes Received By Job
	0  -  Total Bytes Sent By Job
	661240448  -  Total Bytes Received By Job
	Partitionable Resources :      Usage  Request Allocated 
	   Cpus                 :       1.59        2         2 
	   Disk (KB)            : 2668008      750000   1251935 
	   Memory (MB)          :    1292        1500      1536 

	Job terminated of its own accord at 2021-12-01T18:56:23Z with exit-code 0.
...
005 (4591.004.000) 2021-12-01 10:56:35 Job terminated.
	(1) Normal termination (return value 0)
		Usr 0 11:20:26, Sys 0 00:13:42  -  Run Remote Usage
		Usr 0 00:00:00, Sys 0 00:00:00  -  Run Local Usage
		Usr 0 11:20:26, Sys 0 00:13:42  -  Total Remote Usage
		Usr 0 00:00:00, Sys 0 00:00:00  -  Total Local Usage
	0  -  Run Bytes Sent By Job
	661240448  -  Run Bytes Received By Job
	0  -  Total Bytes Sent By Job
	661240448  -  Total Bytes Received By Job
	Partitionable Resources :      Usage  Request Allocated 
	   Cpus                 :       1.59        2         2 
	   Disk (KB)            : 2674010      750000   1251935 
	   Memory (MB)          :    1292        1500      1536 

	Job terminated of its own accord at 2021-12-01T18:56:23Z with exit-code 0.
...
005 (4591.002.000) 2021-12-01 10:56:35 Job terminated.
	(1) Normal termination (return value 0)
		Usr 0 01:11:10, Sys 0 00:01:20  -  Run Remote Usage
		Usr 0 00:00:00, Sys 0 00:00:00  -  Run Local Usage
		Usr 0 01:11:10, Sys 0 00:01:20  -  Total Remote Usage
		Usr 0 00:00:00, Sys 0 00:00:00  -  Total Local Usage
	0  -  Run Bytes Sent By Job
	661240448  -  Run Bytes Received By Job
	0  -  Total Bytes Sent By Job
	661240448  -  Total Bytes Received By Job
	Partitionable Resources :    Usage  Request Allocated 
	   Cpus                 :        0        2         2 
	   Disk (KB)            :  2676007   750000   1251935 
	   Memory (MB)          :     1290     1500      1536 

	Job terminated of its own accord at 2021-12-01T18:56:23Z with exit-code 0.
...
005 (4591.013.000) 2021-12-01 10:56:36 Job terminated.
	(1) Normal termination (return value -1)
		Usr 0 11:18:59, Sys 0 00:14:01  -  Run Remote Usage
		Usr 0 00:00:00, Sys 0 00:00:00  -  Run Local Usage
		Usr 0 11:18:59, Sys 0 00:14:01  -  Total Remote Usage
		Usr 0 00:00:00, Sys 0 00:00:00  -  Total Local Usage
	0  -  Run Bytes Sent By Job
	661240448  -  Run Bytes Received By Job
	0  -  Total Bytes Sent By Job
	661240448  -  Total Bytes Received By Job
	Partitionable Resources :      Usage  Request Allocated 
	   Cpus                 :       1.59        2         2 
	   Disk (KB)            : 2674190      750000   1251935 
	   Memory (MB)          :    1291        1500      1536 

	Job terminated of its own accord at 2021-12-01T18:56:34Z with exit-code -1.
...
005 (4591.010.000) 2021-12-01 10:56:36 Job terminated.
	(1) Normal termination (return value -1)
		Usr 0 11:37:13, Sys 0 00:14:43  -  Run Remote Usage
		Usr 0 00:00:00, Sys 0 00:00:00  -  Run Local Usage
		Usr 0 11:37:13, Sys 0 00:14:43  -  Total Remote Usage
		Usr 0 00:00:00, Sys 0 00:00:00  -  Total Local Usage
	0  -  Run Bytes Sent By Job
	661240448  -  Run Bytes Received By Job
	0  -  Total Bytes Sent By Job
	661240448  -  Total Bytes Received By Job
	Partitionable Resources :      Usage  Request Allocated 
	   Cpus                 :       1.59        2         2 
	   Disk (KB)            : 2669596      750000   1251935 
	   Memory (MB)          :    1291        1500      1536 

	Job terminated of its own accord at 2021-12-01T18:56:34Z with exit-code -1.
...
001 (4591.016.000) 2021-12-01 10:57:42 Job executing on host: <192.168.137.8:9618?sock=startd_2144_f74a>
...
001 (4591.015.000) 2021-12-01 10:57:42 Job executing on host: <192.168.137.8:9618?sock=startd_2144_f74a>
...
001 (4591.018.000) 2021-12-01 10:57:42 Job executing on host: <192.168.137.8:9618?sock=startd_2144_f74a>
...
001 (4591.019.000) 2021-12-01 10:57:42 Job executing on host: <192.168.137.8:9618?sock=startd_2144_f74a>
...
001 (4591.017.000) 2021-12-01 10:57:42 Job executing on host: <192.168.137.8:9618?sock=startd_2144_f74a>
...
001 (4591.014.000) 2021-12-01 10:57:42 Job executing on host: <192.168.137.8:9618?sock=startd_2144_f74a>
...
006 (4591.016.000) 2021-12-01 10:57:50 Image size of job updated: 20736
	21  -  MemoryUsage of job (MB)
	20736  -  ResidentSetSize of job (KB)
...
006 (4591.015.000) 2021-12-01 10:57:50 Image size of job updated: 20756
	21  -  MemoryUsage of job (MB)
	20756  -  ResidentSetSize of job (KB)
...
006 (4591.017.000) 2021-12-01 10:57:50 Image size of job updated: 20736
	21  -  MemoryUsage of job (MB)
	20736  -  ResidentSetSize of job (KB)
...
006 (4591.018.000) 2021-12-01 10:57:50 Image size of job updated: 20876
	21  -  MemoryUsage of job (MB)
	20876  -  ResidentSetSize of job (KB)
...
006 (4591.019.000) 2021-12-01 10:57:50 Image size of job updated: 20732
	21  -  MemoryUsage of job (MB)
	20732  -  ResidentSetSize of job (KB)
...
006 (4591.014.000) 2021-12-01 10:57:50 Image size of job updated: 20732
	21  -  MemoryUsage of job (MB)
	20732  -  ResidentSetSize of job (KB)
...
006 (4591.016.000) 2021-12-01 11:02:52 Image size of job updated: 21108
	21  -  MemoryUsage of job (MB)
	21108  -  ResidentSetSize of job (KB)
...
006 (4591.015.000) 2021-12-01 11:02:52 Image size of job updated: 21128
	21  -  MemoryUsage of job (MB)
	21128  -  ResidentSetSize of job (KB)
...
006 (4591.018.000) 2021-12-01 11:02:52 Image size of job updated: 21212
	21  -  MemoryUsage of job (MB)
	21212  -  ResidentSetSize of job (KB)
...
006 (4591.019.000) 2021-12-01 11:02:52 Image size of job updated: 21052
	21  -  MemoryUsage of job (MB)
	21052  -  ResidentSetSize of job (KB)
...
006 (4591.017.000) 2021-12-01 11:02:52 Image size of job updated: 21120
	21  -  MemoryUsage of job (MB)
	21120  -  ResidentSetSize of job (KB)
...
006 (4591.014.000) 2021-12-01 11:02:52 Image size of job updated: 21104
	21  -  MemoryUsage of job (MB)
	21104  -  ResidentSetSize of job (KB)
...
006 (4591.019.000) 2021-12-01 11:07:50 Image size of job updated: 21284
	21  -  MemoryUsage of job (MB)
	21284  -  ResidentSetSize of job (KB)
...
006 (4591.018.000) 2021-12-01 11:07:51 Image size of job updated: 21340
	21  -  MemoryUsage of job (MB)
	21304  -  ResidentSetSize of job (KB)
...
006 (4591.016.000) 2021-12-01 11:07:53 Image size of job updated: 21276
	21  -  MemoryUsage of job (MB)
	21276  -  ResidentSetSize of job (KB)
...
006 (4591.014.000) 2021-12-01 11:07:53 Image size of job updated: 21280
	21  -  MemoryUsage of job (MB)
	21280  -  ResidentSetSize of job (KB)
...
006 (4591.017.000) 2021-12-01 11:07:53 Image size of job updated: 21284
	21  -  MemoryUsage of job (MB)
	21284  -  ResidentSetSize of job (KB)
...
006 (4591.015.000) 2021-12-01 11:07:53 Image size of job updated: 21300
	21  -  MemoryUsage of job (MB)
	21300  -  ResidentSetSize of job (KB)
...
006 (4591.014.000) 2021-12-01 12:42:59 Image size of job updated: 21288
	21  -  MemoryUsage of job (MB)
	21288  -  ResidentSetSize of job (KB)
...
