001 (4596.001.000) 2021-12-07 10:27:23 Job executing on host: <192.168.137.8:9618?sock=startd_11424_7866>
...
001 (4596.002.000) 2021-12-07 10:27:23 Job executing on host: <192.168.137.8:9618?sock=startd_11424_7866>
...
001 (4596.000.000) 2021-12-07 10:27:23 Job executing on host: <192.168.137.8:9618?sock=startd_11424_7866>
...
001 (4596.003.000) 2021-12-07 10:27:23 Job executing on host: <192.168.137.8:9618?sock=startd_11424_7866>
...
001 (4596.005.000) 2021-12-07 10:27:26 Job executing on host: <192.168.137.8:9618?sock=startd_11424_7866>
...
001 (4596.007.000) 2021-12-07 10:27:26 Job executing on host: <192.168.137.8:9618?sock=startd_11424_7866>
...
001 (4596.004.000) 2021-12-07 10:27:26 Job executing on host: <192.168.137.8:9618?sock=startd_11424_7866>
...
001 (4596.006.000) 2021-12-07 10:27:26 Job executing on host: <192.168.137.8:9618?sock=startd_11424_7866>
...
001 (4596.008.000) 2021-12-07 10:27:29 Job executing on host: <192.168.137.8:9618?sock=startd_11424_7866>
...
001 (4596.009.000) 2021-12-07 10:27:29 Job executing on host: <192.168.137.8:9618?sock=startd_11424_7866>
...
001 (4596.010.000) 2021-12-07 10:27:29 Job executing on host: <192.168.137.8:9618?sock=startd_11424_7866>
...
001 (4596.011.000) 2021-12-07 10:27:29 Job executing on host: <192.168.137.8:9618?sock=startd_11424_7866>
...
006 (4596.001.000) 2021-12-07 10:27:31 Image size of job updated: 20744
	21  -  MemoryUsage of job (MB)
	20744  -  ResidentSetSize of job (KB)
...
006 (4596.002.000) 2021-12-07 10:27:31 Image size of job updated: 20740
	21  -  MemoryUsage of job (MB)
	20740  -  ResidentSetSize of job (KB)
...
006 (4596.000.000) 2021-12-07 10:27:31 Image size of job updated: 20736
	21  -  MemoryUsage of job (MB)
	20736  -  ResidentSetSize of job (KB)
...
006 (4596.003.000) 2021-12-07 10:27:31 Image size of job updated: 20748
	21  -  MemoryUsage of job (MB)
	20748  -  ResidentSetSize of job (KB)
...
001 (4596.012.000) 2021-12-07 10:27:32 Job executing on host: <192.168.137.8:9618?sock=startd_11424_7866>
...
001 (4596.013.000) 2021-12-07 10:27:32 Job executing on host: <192.168.137.8:9618?sock=startd_11424_7866>
...
006 (4596.005.000) 2021-12-07 10:27:34 Image size of job updated: 20736
	21  -  MemoryUsage of job (MB)
	20736  -  ResidentSetSize of job (KB)
...
006 (4596.007.000) 2021-12-07 10:27:34 Image size of job updated: 20856
	21  -  MemoryUsage of job (MB)
	20856  -  ResidentSetSize of job (KB)
...
006 (4596.006.000) 2021-12-07 10:27:35 Image size of job updated: 20736
	21  -  MemoryUsage of job (MB)
	20736  -  ResidentSetSize of job (KB)
...
006 (4596.004.000) 2021-12-07 10:27:35 Image size of job updated: 20748
	21  -  MemoryUsage of job (MB)
	20748  -  ResidentSetSize of job (KB)
...
006 (4596.008.000) 2021-12-07 10:27:37 Image size of job updated: 20744
	21  -  MemoryUsage of job (MB)
	20744  -  ResidentSetSize of job (KB)
...
006 (4596.009.000) 2021-12-07 10:27:38 Image size of job updated: 20756
	21  -  MemoryUsage of job (MB)
	20756  -  ResidentSetSize of job (KB)
...
006 (4596.010.000) 2021-12-07 10:27:38 Image size of job updated: 20744
	21  -  MemoryUsage of job (MB)
	20744  -  ResidentSetSize of job (KB)
...
006 (4596.011.000) 2021-12-07 10:27:39 Image size of job updated: 20748
	21  -  MemoryUsage of job (MB)
	20748  -  ResidentSetSize of job (KB)
...
006 (4596.012.000) 2021-12-07 10:27:40 Image size of job updated: 20716
	21  -  MemoryUsage of job (MB)
	20716  -  ResidentSetSize of job (KB)
...
006 (4596.013.000) 2021-12-07 10:27:41 Image size of job updated: 20728
	21  -  MemoryUsage of job (MB)
	20728  -  ResidentSetSize of job (KB)
...
006 (4596.001.000) 2021-12-07 10:32:31 Image size of job updated: 20936
	21  -  MemoryUsage of job (MB)
	20936  -  ResidentSetSize of job (KB)
...
006 (4596.002.000) 2021-12-07 10:32:31 Image size of job updated: 20924
	21  -  MemoryUsage of job (MB)
	20924  -  ResidentSetSize of job (KB)
...
006 (4596.000.000) 2021-12-07 10:32:31 Image size of job updated: 20928
	21  -  MemoryUsage of job (MB)
	20928  -  ResidentSetSize of job (KB)
...
006 (4596.003.000) 2021-12-07 10:32:31 Image size of job updated: 20952
	21  -  MemoryUsage of job (MB)
	20952  -  ResidentSetSize of job (KB)
...
006 (4596.005.000) 2021-12-07 10:32:34 Image size of job updated: 20944
	21  -  MemoryUsage of job (MB)
	20944  -  ResidentSetSize of job (KB)
...
006 (4596.007.000) 2021-12-07 10:32:35 Image size of job updated: 21048
	21  -  MemoryUsage of job (MB)
	21048  -  ResidentSetSize of job (KB)
...
006 (4596.006.000) 2021-12-07 10:32:36 Image size of job updated: 20948
	21  -  MemoryUsage of job (MB)
	20948  -  ResidentSetSize of job (KB)
...
006 (4596.004.000) 2021-12-07 10:32:36 Image size of job updated: 20952
	21  -  MemoryUsage of job (MB)
	20952  -  ResidentSetSize of job (KB)
...
006 (4596.008.000) 2021-12-07 10:32:37 Image size of job updated: 20960
	21  -  MemoryUsage of job (MB)
	20960  -  ResidentSetSize of job (KB)
...
006 (4596.010.000) 2021-12-07 10:32:39 Image size of job updated: 20936
	21  -  MemoryUsage of job (MB)
	20936  -  ResidentSetSize of job (KB)
...
006 (4596.011.000) 2021-12-07 10:32:39 Image size of job updated: 20948
	21  -  MemoryUsage of job (MB)
	20948  -  ResidentSetSize of job (KB)
...
006 (4596.009.000) 2021-12-07 10:32:39 Image size of job updated: 20968
	21  -  MemoryUsage of job (MB)
	20968  -  ResidentSetSize of job (KB)
...
006 (4596.012.000) 2021-12-07 10:32:41 Image size of job updated: 20920
	21  -  MemoryUsage of job (MB)
	20920  -  ResidentSetSize of job (KB)
...
006 (4596.013.000) 2021-12-07 10:32:42 Image size of job updated: 20932
	21  -  MemoryUsage of job (MB)
	20932  -  ResidentSetSize of job (KB)
...
006 (4596.001.000) 2021-12-07 10:37:31 Image size of job updated: 21124
	21  -  MemoryUsage of job (MB)
	21124  -  ResidentSetSize of job (KB)
...
006 (4596.002.000) 2021-12-07 10:37:32 Image size of job updated: 21064
	21  -  MemoryUsage of job (MB)
	21064  -  ResidentSetSize of job (KB)
...
006 (4596.000.000) 2021-12-07 10:37:32 Image size of job updated: 21100
	21  -  MemoryUsage of job (MB)
	21100  -  ResidentSetSize of job (KB)
...
006 (4596.003.000) 2021-12-07 10:37:32 Image size of job updated: 21152
	21  -  MemoryUsage of job (MB)
	21152  -  ResidentSetSize of job (KB)
...
006 (4596.005.000) 2021-12-07 10:37:34 Image size of job updated: 21108
	21  -  MemoryUsage of job (MB)
	21108  -  ResidentSetSize of job (KB)
...
006 (4596.007.000) 2021-12-07 10:37:37 Image size of job updated: 21168
	21  -  MemoryUsage of job (MB)
	21168  -  ResidentSetSize of job (KB)
...
006 (4596.006.000) 2021-12-07 10:37:37 Image size of job updated: 21128
	21  -  MemoryUsage of job (MB)
	21128  -  ResidentSetSize of job (KB)
...
006 (4596.004.000) 2021-12-07 10:37:37 Image size of job updated: 21124
	21  -  MemoryUsage of job (MB)
	21124  -  ResidentSetSize of job (KB)
...
006 (4596.008.000) 2021-12-07 10:37:39 Image size of job updated: 21136
	21  -  MemoryUsage of job (MB)
	21136  -  ResidentSetSize of job (KB)
...
006 (4596.010.000) 2021-12-07 10:37:39 Image size of job updated: 21092
	21  -  MemoryUsage of job (MB)
	21092  -  ResidentSetSize of job (KB)
...
006 (4596.011.000) 2021-12-07 10:37:39 Image size of job updated: 21128
	21  -  MemoryUsage of job (MB)
	21128  -  ResidentSetSize of job (KB)
...
006 (4596.009.000) 2021-12-07 10:37:40 Image size of job updated: 21140
	21  -  MemoryUsage of job (MB)
	21140  -  ResidentSetSize of job (KB)
...
006 (4596.012.000) 2021-12-07 10:37:43 Image size of job updated: 21100
	21  -  MemoryUsage of job (MB)
	21100  -  ResidentSetSize of job (KB)
...
006 (4596.013.000) 2021-12-07 10:37:43 Image size of job updated: 21112
	21  -  MemoryUsage of job (MB)
	21112  -  ResidentSetSize of job (KB)
...
006 (4596.003.000) 2021-12-07 10:42:32 Image size of job updated: 1318776
	1288  -  MemoryUsage of job (MB)
	1318776  -  ResidentSetSize of job (KB)
...
006 (4596.001.000) 2021-12-07 10:42:32 Image size of job updated: 569044
	556  -  MemoryUsage of job (MB)
	569044  -  ResidentSetSize of job (KB)
...
006 (4596.000.000) 2021-12-07 10:42:33 Image size of job updated: 21196
	21  -  MemoryUsage of job (MB)
	21100  -  ResidentSetSize of job (KB)
...
006 (4596.002.000) 2021-12-07 10:42:33 Image size of job updated: 21200
	21  -  MemoryUsage of job (MB)
	21200  -  ResidentSetSize of job (KB)
...
006 (4596.005.000) 2021-12-07 10:42:35 Image size of job updated: 21212
	21  -  MemoryUsage of job (MB)
	21116  -  ResidentSetSize of job (KB)
...
006 (4596.007.000) 2021-12-07 10:42:37 Image size of job updated: 21316
	21  -  MemoryUsage of job (MB)
	21316  -  ResidentSetSize of job (KB)
...
006 (4596.006.000) 2021-12-07 10:42:38 Image size of job updated: 21212
	21  -  MemoryUsage of job (MB)
	21128  -  ResidentSetSize of job (KB)
...
006 (4596.004.000) 2021-12-07 10:42:38 Image size of job updated: 21212
	21  -  MemoryUsage of job (MB)
	21124  -  ResidentSetSize of job (KB)
...
006 (4596.008.000) 2021-12-07 10:42:39 Image size of job updated: 21228
	21  -  MemoryUsage of job (MB)
	21136  -  ResidentSetSize of job (KB)
...
006 (4596.010.000) 2021-12-07 10:42:40 Image size of job updated: 21200
	21  -  MemoryUsage of job (MB)
	21200  -  ResidentSetSize of job (KB)
...
006 (4596.011.000) 2021-12-07 10:42:40 Image size of job updated: 21220
	21  -  MemoryUsage of job (MB)
	21128  -  ResidentSetSize of job (KB)
...
006 (4596.009.000) 2021-12-07 10:42:40 Image size of job updated: 21232
	21  -  MemoryUsage of job (MB)
	21140  -  ResidentSetSize of job (KB)
...
006 (4596.012.000) 2021-12-07 10:42:43 Image size of job updated: 21196
	21  -  MemoryUsage of job (MB)
	21100  -  ResidentSetSize of job (KB)
...
006 (4596.013.000) 2021-12-07 10:42:44 Image size of job updated: 21208
	21  -  MemoryUsage of job (MB)
	21208  -  ResidentSetSize of job (KB)
...
006 (4596.001.000) 2021-12-07 10:47:33 Image size of job updated: 1318876
	1287  -  MemoryUsage of job (MB)
	1316992  -  ResidentSetSize of job (KB)
...
006 (4596.002.000) 2021-12-07 10:47:34 Image size of job updated: 1322276
	1290  -  MemoryUsage of job (MB)
	1320396  -  ResidentSetSize of job (KB)
...
006 (4596.000.000) 2021-12-07 10:47:34 Image size of job updated: 1321900
	1291  -  MemoryUsage of job (MB)
	1321124  -  ResidentSetSize of job (KB)
...
006 (4596.005.000) 2021-12-07 10:47:35 Image size of job updated: 1318512
	1287  -  MemoryUsage of job (MB)
	1317512  -  ResidentSetSize of job (KB)
...
006 (4596.007.000) 2021-12-07 10:47:37 Image size of job updated: 1321348
	1291  -  MemoryUsage of job (MB)
	1321348  -  ResidentSetSize of job (KB)
...
006 (4596.006.000) 2021-12-07 10:47:38 Image size of job updated: 1320556
	1290  -  MemoryUsage of job (MB)
	1320556  -  ResidentSetSize of job (KB)
...
006 (4596.004.000) 2021-12-07 10:47:38 Image size of job updated: 1321992
	1287  -  MemoryUsage of job (MB)
	1317460  -  ResidentSetSize of job (KB)
...
006 (4596.008.000) 2021-12-07 10:47:39 Image size of job updated: 1321092
	1290  -  MemoryUsage of job (MB)
	1320844  -  ResidentSetSize of job (KB)
...
006 (4596.011.000) 2021-12-07 10:47:40 Image size of job updated: 1319236
	1288  -  MemoryUsage of job (MB)
	1318664  -  ResidentSetSize of job (KB)
...
006 (4596.010.000) 2021-12-07 10:47:41 Image size of job updated: 1319304
	1288  -  MemoryUsage of job (MB)
	1318592  -  ResidentSetSize of job (KB)
...
006 (4596.009.000) 2021-12-07 10:47:42 Image size of job updated: 1321196
	1291  -  MemoryUsage of job (MB)
	1321196  -  ResidentSetSize of job (KB)
...
006 (4596.012.000) 2021-12-07 10:47:43 Image size of job updated: 1321220
	1290  -  MemoryUsage of job (MB)
	1320192  -  ResidentSetSize of job (KB)
...
006 (4596.013.000) 2021-12-07 10:47:44 Image size of job updated: 1320952
	1290  -  MemoryUsage of job (MB)
	1320952  -  ResidentSetSize of job (KB)
...
006 (4596.004.000) 2021-12-07 10:52:39 Image size of job updated: 1321992
	1291  -  MemoryUsage of job (MB)
	1320972  -  ResidentSetSize of job (KB)
...
006 (4596.011.000) 2021-12-07 10:52:40 Image size of job updated: 1319236
	1289  -  MemoryUsage of job (MB)
	1319032  -  ResidentSetSize of job (KB)
...
006 (4596.003.000) 2021-12-07 10:57:34 Image size of job updated: 1320304
	1290  -  MemoryUsage of job (MB)
	1320304  -  ResidentSetSize of job (KB)
...
006 (4596.001.000) 2021-12-07 10:57:35 Image size of job updated: 1318876
	1288  -  MemoryUsage of job (MB)
	1317968  -  ResidentSetSize of job (KB)
...
006 (4596.011.000) 2021-12-07 10:57:40 Image size of job updated: 1320780
	1290  -  MemoryUsage of job (MB)
	1320780  -  ResidentSetSize of job (KB)
...
006 (4596.010.000) 2021-12-07 10:57:41 Image size of job updated: 1320768
	1290  -  MemoryUsage of job (MB)
	1320768  -  ResidentSetSize of job (KB)
...
006 (4596.001.000) 2021-12-07 11:02:35 Image size of job updated: 1318964
	1289  -  MemoryUsage of job (MB)
	1318964  -  ResidentSetSize of job (KB)
...
006 (4596.005.000) 2021-12-07 11:02:37 Image size of job updated: 1321180
	1291  -  MemoryUsage of job (MB)
	1321180  -  ResidentSetSize of job (KB)
...
006 (4596.013.000) 2021-12-07 11:02:45 Image size of job updated: 1321712
	1290  -  MemoryUsage of job (MB)
	1320952  -  ResidentSetSize of job (KB)
...
006 (4596.002.000) 2021-12-07 11:07:36 Image size of job updated: 1322276
	1290  -  MemoryUsage of job (MB)
	1320684  -  ResidentSetSize of job (KB)
...
006 (4596.003.000) 2021-12-07 11:17:34 Image size of job updated: 1320348
	1290  -  MemoryUsage of job (MB)
	1320304  -  ResidentSetSize of job (KB)
...
006 (4596.010.000) 2021-12-07 11:17:43 Image size of job updated: 1322232
	1290  -  MemoryUsage of job (MB)
	1320768  -  ResidentSetSize of job (KB)
...
006 (4596.006.000) 2021-12-07 11:17:44 Image size of job updated: 1320924
	1290  -  MemoryUsage of job (MB)
	1320924  -  ResidentSetSize of job (KB)
...
006 (4596.006.000) 2021-12-07 11:22:44 Image size of job updated: 1321140
	1291  -  MemoryUsage of job (MB)
	1321140  -  ResidentSetSize of job (KB)
...
006 (4596.003.000) 2021-12-07 11:32:34 Image size of job updated: 1320984
	1290  -  MemoryUsage of job (MB)
	1320356  -  ResidentSetSize of job (KB)
...
006 (4596.001.000) 2021-12-07 11:32:36 Image size of job updated: 1321128
	1291  -  MemoryUsage of job (MB)
	1321128  -  ResidentSetSize of job (KB)
...
006 (4596.006.000) 2021-12-07 11:32:44 Image size of job updated: 1321196
	1291  -  MemoryUsage of job (MB)
	1321196  -  ResidentSetSize of job (KB)
...
006 (4596.012.000) 2021-12-07 11:32:46 Image size of job updated: 1321220
	1290  -  MemoryUsage of job (MB)
	1320736  -  ResidentSetSize of job (KB)
...
006 (4596.012.000) 2021-12-07 11:37:46 Image size of job updated: 1322848
	1292  -  MemoryUsage of job (MB)
	1322848  -  ResidentSetSize of job (KB)
...
006 (4596.008.000) 2021-12-07 11:47:43 Image size of job updated: 1321732
	1291  -  MemoryUsage of job (MB)
	1321732  -  ResidentSetSize of job (KB)
...
006 (4596.010.000) 2021-12-07 11:47:44 Image size of job updated: 1322232
	1292  -  MemoryUsage of job (MB)
	1321988  -  ResidentSetSize of job (KB)
...
006 (4596.013.000) 2021-12-07 11:47:48 Image size of job updated: 1321924
	1291  -  MemoryUsage of job (MB)
	1321924  -  ResidentSetSize of job (KB)
...
006 (4596.003.000) 2021-12-07 11:52:37 Image size of job updated: 1321584
	1290  -  MemoryUsage of job (MB)
	1320356  -  ResidentSetSize of job (KB)
...
006 (4596.008.000) 2021-12-07 11:52:44 Image size of job updated: 1321736
	1291  -  MemoryUsage of job (MB)
	1321732  -  ResidentSetSize of job (KB)
...
006 (4596.002.000) 2021-12-07 11:57:41 Image size of job updated: 1322276
	1290  -  MemoryUsage of job (MB)
	1320892  -  ResidentSetSize of job (KB)
...
006 (4596.007.000) 2021-12-07 11:57:42 Image size of job updated: 1321448
	1291  -  MemoryUsage of job (MB)
	1321448  -  ResidentSetSize of job (KB)
...
006 (4596.004.000) 2021-12-07 12:02:48 Image size of job updated: 1322852
	1292  -  MemoryUsage of job (MB)
	1322852  -  ResidentSetSize of job (KB)
...
006 (4596.009.000) 2021-12-07 12:02:50 Image size of job updated: 1322036
	1292  -  MemoryUsage of job (MB)
	1322036  -  ResidentSetSize of job (KB)
...
006 (4596.011.000) 2021-12-07 12:07:46 Image size of job updated: 1322088
	1290  -  MemoryUsage of job (MB)
	1320780  -  ResidentSetSize of job (KB)
...
006 (4596.007.000) 2021-12-07 12:22:44 Image size of job updated: 1322360
	1291  -  MemoryUsage of job (MB)
	1321448  -  ResidentSetSize of job (KB)
...
006 (4596.012.000) 2021-12-07 12:27:51 Image size of job updated: 1323776
	1292  -  MemoryUsage of job (MB)
	1322848  -  ResidentSetSize of job (KB)
...
006 (4596.003.000) 2021-12-07 12:32:42 Image size of job updated: 1321868
	1291  -  MemoryUsage of job (MB)
	1321868  -  ResidentSetSize of job (KB)
...
006 (4596.013.000) 2021-12-07 12:32:51 Image size of job updated: 1322324
	1292  -  MemoryUsage of job (MB)
	1322324  -  ResidentSetSize of job (KB)
...
006 (4596.007.000) 2021-12-07 12:37:46 Image size of job updated: 1322648
	1291  -  MemoryUsage of job (MB)
	1321448  -  ResidentSetSize of job (KB)
...
006 (4596.000.000) 2021-12-07 12:42:44 Image size of job updated: 1322252
	1291  -  MemoryUsage of job (MB)
	1321124  -  ResidentSetSize of job (KB)
...
006 (4596.006.000) 2021-12-07 12:42:53 Image size of job updated: 1322556
	1291  -  MemoryUsage of job (MB)
	1321196  -  ResidentSetSize of job (KB)
...
006 (4596.013.000) 2021-12-07 12:47:52 Image size of job updated: 1323052
	1292  -  MemoryUsage of job (MB)
	1322324  -  ResidentSetSize of job (KB)
...
006 (4596.008.000) 2021-12-07 13:58:00 Image size of job updated: 1322300
	1291  -  MemoryUsage of job (MB)
	1321732  -  ResidentSetSize of job (KB)
...
006 (4596.003.000) 2021-12-07 14:27:54 Image size of job updated: 1322604
	1291  -  MemoryUsage of job (MB)
	1321868  -  ResidentSetSize of job (KB)
...
006 (4596.011.000) 2021-12-07 14:37:59 Image size of job updated: 1322088
	1291  -  MemoryUsage of job (MB)
	1321496  -  ResidentSetSize of job (KB)
...
006 (4596.001.000) 2021-12-07 14:47:54 Image size of job updated: 1321636
	1291  -  MemoryUsage of job (MB)
	1321128  -  ResidentSetSize of job (KB)
...
006 (4596.005.000) 2021-12-07 14:57:58 Image size of job updated: 1321328
	1291  -  MemoryUsage of job (MB)
	1321328  -  ResidentSetSize of job (KB)
...
006 (4596.005.000) 2021-12-07 15:07:59 Image size of job updated: 1321332
	1291  -  MemoryUsage of job (MB)
	1321328  -  ResidentSetSize of job (KB)
...
005 (4596.000.000) 2021-12-07 15:32:32 Job terminated.
	(1) Normal termination (return value 0)
		Usr 0 04:02:22, Sys 0 00:04:50  -  Run Remote Usage
		Usr 0 00:00:00, Sys 0 00:00:00  -  Run Local Usage
		Usr 0 04:02:22, Sys 0 00:04:50  -  Total Remote Usage
		Usr 0 00:00:00, Sys 0 00:00:00  -  Total Local Usage
	0  -  Run Bytes Sent By Job
	661244288  -  Run Bytes Received By Job
	0  -  Total Bytes Sent By Job
	661244288  -  Total Bytes Received By Job
	Partitionable Resources :    Usage  Request Allocated 
	   Cpus                 :        0        2         2 
	   Disk (KB)            :  2668140   750000   2099316 
	   Memory (MB)          :     1291     1500      1536 

	Job terminated of its own accord at 2021-12-07T23:32:20Z with exit-code 0.
...
005 (4596.002.000) 2021-12-07 15:32:32 Job terminated.
	(1) Normal termination (return value 0)
		Usr 0 03:48:29, Sys 0 00:04:49  -  Run Remote Usage
		Usr 0 00:00:00, Sys 0 00:00:00  -  Run Local Usage
		Usr 0 03:48:29, Sys 0 00:04:49  -  Total Remote Usage
		Usr 0 00:00:00, Sys 0 00:00:00  -  Total Local Usage
	0  -  Run Bytes Sent By Job
	661244288  -  Run Bytes Received By Job
	0  -  Total Bytes Sent By Job
	661244288  -  Total Bytes Received By Job
	Partitionable Resources :    Usage  Request Allocated 
	   Cpus                 :        0        2         2 
	   Disk (KB)            :  2667561   750000   2099316 
	   Memory (MB)          :     1290     1500      1536 

	Job terminated of its own accord at 2021-12-07T23:32:20Z with exit-code 0.
...
005 (4596.012.000) 2021-12-07 15:32:32 Job terminated.
	(1) Normal termination (return value 0)
		Usr 0 03:50:04, Sys 0 00:05:14  -  Run Remote Usage
		Usr 0 00:00:00, Sys 0 00:00:00  -  Run Local Usage
		Usr 0 03:50:04, Sys 0 00:05:14  -  Total Remote Usage
		Usr 0 00:00:00, Sys 0 00:00:00  -  Total Local Usage
	0  -  Run Bytes Sent By Job
	661244288  -  Run Bytes Received By Job
	0  -  Total Bytes Sent By Job
	661244288  -  Total Bytes Received By Job
	Partitionable Resources :    Usage  Request Allocated 
	   Cpus                 :        0        2         2 
	   Disk (KB)            :  2668022   750000   2099316 
	   Memory (MB)          :     1292     1500      1536 

	Job terminated of its own accord at 2021-12-07T23:32:20Z with exit-code 0.
...
005 (4596.006.000) 2021-12-07 15:32:32 Job terminated.
	(1) Normal termination (return value 0)
		Usr 0 03:54:13, Sys 0 00:05:15  -  Run Remote Usage
		Usr 0 00:00:00, Sys 0 00:00:00  -  Run Local Usage
		Usr 0 03:54:13, Sys 0 00:05:15  -  Total Remote Usage
		Usr 0 00:00:00, Sys 0 00:00:00  -  Total Local Usage
	0  -  Run Bytes Sent By Job
	661244288  -  Run Bytes Received By Job
	0  -  Total Bytes Sent By Job
	661244288  -  Total Bytes Received By Job
	Partitionable Resources :      Usage  Request Allocated 
	   Cpus                 :       0.03        2         2 
	   Disk (KB)            : 2672725      750000   2099316 
	   Memory (MB)          :    1291        1500      1536 

	Job terminated of its own accord at 2021-12-07T23:32:20Z with exit-code 0.
...
005 (4596.011.000) 2021-12-07 15:32:32 Job terminated.
	(1) Normal termination (return value 0)
		Usr 0 03:56:40, Sys 0 00:05:02  -  Run Remote Usage
		Usr 0 00:00:00, Sys 0 00:00:00  -  Run Local Usage
		Usr 0 03:56:40, Sys 0 00:05:02  -  Total Remote Usage
		Usr 0 00:00:00, Sys 0 00:00:00  -  Total Local Usage
	0  -  Run Bytes Sent By Job
	661244288  -  Run Bytes Received By Job
	0  -  Total Bytes Sent By Job
	661244288  -  Total Bytes Received By Job
	Partitionable Resources :    Usage  Request Allocated 
	   Cpus                 :        0        2         2 
	   Disk (KB)            :  2668033   750000   2099316 
	   Memory (MB)          :     1291     1500      1536 

	Job terminated of its own accord at 2021-12-07T23:32:20Z with exit-code 0.
...
005 (4596.008.000) 2021-12-07 15:32:32 Job terminated.
	(1) Normal termination (return value 0)
		Usr 0 04:11:12, Sys 0 00:05:37  -  Run Remote Usage
		Usr 0 00:00:00, Sys 0 00:00:00  -  Run Local Usage
		Usr 0 04:11:12, Sys 0 00:05:37  -  Total Remote Usage
		Usr 0 00:00:00, Sys 0 00:00:00  -  Total Local Usage
	0  -  Run Bytes Sent By Job
	661244288  -  Run Bytes Received By Job
	0  -  Total Bytes Sent By Job
	661244288  -  Total Bytes Received By Job
	Partitionable Resources :      Usage  Request Allocated 
	   Cpus                 :       0.03        2         2 
	   Disk (KB)            : 2667558      750000   2099316 
	   Memory (MB)          :    1291        1500      1536 

	Job terminated of its own accord at 2021-12-07T23:32:20Z with exit-code 0.
...
005 (4596.004.000) 2021-12-07 15:32:32 Job terminated.
	(1) Normal termination (return value 0)
		Usr 0 03:58:31, Sys 0 00:05:04  -  Run Remote Usage
		Usr 0 00:00:00, Sys 0 00:00:00  -  Run Local Usage
		Usr 0 03:58:31, Sys 0 00:05:04  -  Total Remote Usage
		Usr 0 00:00:00, Sys 0 00:00:00  -  Total Local Usage
	0  -  Run Bytes Sent By Job
	661244288  -  Run Bytes Received By Job
	0  -  Total Bytes Sent By Job
	661244288  -  Total Bytes Received By Job
	Partitionable Resources :    Usage  Request Allocated 
	   Cpus                 :        0        2         2 
	   Disk (KB)            :  2668140   750000   2099316 
	   Memory (MB)          :     1292     1500      1536 

	Job terminated of its own accord at 2021-12-07T23:32:20Z with exit-code 0.
...
005 (4596.010.000) 2021-12-07 15:32:32 Job terminated.
	(1) Normal termination (return value 0)
		Usr 0 01:19:31, Sys 0 00:01:40  -  Run Remote Usage
		Usr 0 00:00:00, Sys 0 00:00:00  -  Run Local Usage
		Usr 0 01:19:31, Sys 0 00:01:40  -  Total Remote Usage
		Usr 0 00:00:00, Sys 0 00:00:00  -  Total Local Usage
	0  -  Run Bytes Sent By Job
	661244288  -  Run Bytes Received By Job
	0  -  Total Bytes Sent By Job
	661244288  -  Total Bytes Received By Job
	Partitionable Resources :    Usage  Request Allocated 
	   Cpus                 :        0        2         2 
	   Disk (KB)            :  2667552   750000   2099316 
	   Memory (MB)          :     1292     1500      1536 

	Job terminated of its own accord at 2021-12-07T23:32:20Z with exit-code 0.
...
005 (4596.005.000) 2021-12-07 15:32:32 Job terminated.
	(1) Normal termination (return value 0)
		Usr 0 03:53:04, Sys 0 00:05:26  -  Run Remote Usage
		Usr 0 00:00:00, Sys 0 00:00:00  -  Run Local Usage
		Usr 0 03:53:04, Sys 0 00:05:26  -  Total Remote Usage
		Usr 0 00:00:00, Sys 0 00:00:00  -  Total Local Usage
	0  -  Run Bytes Sent By Job
	661244288  -  Run Bytes Received By Job
	0  -  Total Bytes Sent By Job
	661244288  -  Total Bytes Received By Job
	Partitionable Resources :    Usage  Request Allocated 
	   Cpus                 :        0        2         2 
	   Disk (KB)            :  2668033   750000   2099316 
	   Memory (MB)          :     1291     1500      1536 

	Job terminated of its own accord at 2021-12-07T23:32:20Z with exit-code 0.
...
005 (4596.003.000) 2021-12-07 15:32:32 Job terminated.
	(1) Normal termination (return value 0)
		Usr 0 04:04:27, Sys 0 00:05:33  -  Run Remote Usage
		Usr 0 00:00:00, Sys 0 00:00:00  -  Run Local Usage
		Usr 0 04:04:27, Sys 0 00:05:33  -  Total Remote Usage
		Usr 0 00:00:00, Sys 0 00:00:00  -  Total Local Usage
	0  -  Run Bytes Sent By Job
	661244288  -  Run Bytes Received By Job
	0  -  Total Bytes Sent By Job
	661244288  -  Total Bytes Received By Job
	Partitionable Resources :    Usage  Request Allocated 
	   Cpus                 :        0        2         2 
	   Disk (KB)            :  2667476   750000   2099316 
	   Memory (MB)          :     1291     1500      1536 

	Job terminated of its own accord at 2021-12-07T23:32:20Z with exit-code 0.
...
005 (4596.009.000) 2021-12-07 15:32:32 Job terminated.
	(1) Normal termination (return value 0)
		Usr 0 01:23:08, Sys 0 00:01:32  -  Run Remote Usage
		Usr 0 00:00:00, Sys 0 00:00:00  -  Run Local Usage
		Usr 0 01:23:08, Sys 0 00:01:32  -  Total Remote Usage
		Usr 0 00:00:00, Sys 0 00:00:00  -  Total Local Usage
	0  -  Run Bytes Sent By Job
	661244288  -  Run Bytes Received By Job
	0  -  Total Bytes Sent By Job
	661244288  -  Total Bytes Received By Job
	Partitionable Resources :      Usage  Request Allocated 
	   Cpus                 :       0.03        2         2 
	   Disk (KB)            : 2667624      750000   2099316 
	   Memory (MB)          :    1292        1500      1536 

	Job terminated of its own accord at 2021-12-07T23:32:20Z with exit-code 0.
...
005 (4596.007.000) 2021-12-07 15:32:32 Job terminated.
	(1) Normal termination (return value 0)
		Usr 0 03:47:10, Sys 0 00:05:07  -  Run Remote Usage
		Usr 0 00:00:00, Sys 0 00:00:00  -  Run Local Usage
		Usr 0 03:47:10, Sys 0 00:05:07  -  Total Remote Usage
		Usr 0 00:00:00, Sys 0 00:00:00  -  Total Local Usage
	0  -  Run Bytes Sent By Job
	661244288  -  Run Bytes Received By Job
	0  -  Total Bytes Sent By Job
	661244288  -  Total Bytes Received By Job
	Partitionable Resources :    Usage  Request Allocated 
	   Cpus                 :        0        2         2 
	   Disk (KB)            :  2668267   750000   2099316 
	   Memory (MB)          :     1291     1500      1536 

	Job terminated of its own accord at 2021-12-07T23:32:20Z with exit-code 0.
...
005 (4596.001.000) 2021-12-07 15:32:32 Job terminated.
	(1) Normal termination (return value 0)
		Usr 0 04:12:44, Sys 0 00:05:16  -  Run Remote Usage
		Usr 0 00:00:00, Sys 0 00:00:00  -  Run Local Usage
		Usr 0 04:12:44, Sys 0 00:05:16  -  Total Remote Usage
		Usr 0 00:00:00, Sys 0 00:00:00  -  Total Local Usage
	0  -  Run Bytes Sent By Job
	661244288  -  Run Bytes Received By Job
	0  -  Total Bytes Sent By Job
	661244288  -  Total Bytes Received By Job
	Partitionable Resources :    Usage  Request Allocated 
	   Cpus                 :        0        2         2 
	   Disk (KB)            :  2669430   750000   2099316 
	   Memory (MB)          :     1291     1500      1536 

	Job terminated of its own accord at 2021-12-07T23:32:20Z with exit-code 0.
...
005 (4596.013.000) 2021-12-07 15:32:32 Job terminated.
	(1) Normal termination (return value 0)
		Usr 0 03:52:06, Sys 0 00:05:22  -  Run Remote Usage
		Usr 0 00:00:00, Sys 0 00:00:00  -  Run Local Usage
		Usr 0 03:52:06, Sys 0 00:05:22  -  Total Remote Usage
		Usr 0 00:00:00, Sys 0 00:00:00  -  Total Local Usage
	0  -  Run Bytes Sent By Job
	661244288  -  Run Bytes Received By Job
	0  -  Total Bytes Sent By Job
	661244288  -  Total Bytes Received By Job
	Partitionable Resources :    Usage  Request Allocated 
	   Cpus                 :        0        2         2 
	   Disk (KB)            :  2673937   750000   2099316 
	   Memory (MB)          :     1292     1500      1536 

	Job terminated of its own accord at 2021-12-07T23:32:20Z with exit-code 0.
...
001 (4596.015.000) 2021-12-07 15:34:01 Job executing on host: <192.168.137.8:9618?sock=startd_11424_7866>
...
001 (4596.017.000) 2021-12-07 15:34:01 Job executing on host: <192.168.137.8:9618?sock=startd_11424_7866>
...
001 (4596.014.000) 2021-12-07 15:34:01 Job executing on host: <192.168.137.8:9618?sock=startd_11424_7866>
...
001 (4596.016.000) 2021-12-07 15:34:02 Job executing on host: <192.168.137.8:9618?sock=startd_11424_7866>
...
001 (4596.019.000) 2021-12-07 15:34:04 Job executing on host: <192.168.137.8:9618?sock=startd_11424_7866>
...
001 (4596.018.000) 2021-12-07 15:34:09 Job executing on host: <192.168.137.8:9618?sock=startd_11424_7866>
...
006 (4596.014.000) 2021-12-07 15:34:10 Image size of job updated: 20740
	21  -  MemoryUsage of job (MB)
	20740  -  ResidentSetSize of job (KB)
...
006 (4596.017.000) 2021-12-07 15:34:10 Image size of job updated: 20744
	21  -  MemoryUsage of job (MB)
	20744  -  ResidentSetSize of job (KB)
...
006 (4596.015.000) 2021-12-07 15:34:10 Image size of job updated: 20732
	21  -  MemoryUsage of job (MB)
	20732  -  ResidentSetSize of job (KB)
...
006 (4596.016.000) 2021-12-07 15:34:11 Image size of job updated: 20736
	21  -  MemoryUsage of job (MB)
	20736  -  ResidentSetSize of job (KB)
...
006 (4596.019.000) 2021-12-07 15:34:12 Image size of job updated: 20736
	21  -  MemoryUsage of job (MB)
	20736  -  ResidentSetSize of job (KB)
...
006 (4596.018.000) 2021-12-07 15:34:17 Image size of job updated: 20736
	21  -  MemoryUsage of job (MB)
	20736  -  ResidentSetSize of job (KB)
...
006 (4596.014.000) 2021-12-07 15:39:10 Image size of job updated: 21088
	21  -  MemoryUsage of job (MB)
	21088  -  ResidentSetSize of job (KB)
...
006 (4596.017.000) 2021-12-07 15:39:12 Image size of job updated: 21064
	21  -  MemoryUsage of job (MB)
	21064  -  ResidentSetSize of job (KB)
...
006 (4596.015.000) 2021-12-07 15:39:12 Image size of job updated: 21080
	21  -  MemoryUsage of job (MB)
	21080  -  ResidentSetSize of job (KB)
...
006 (4596.019.000) 2021-12-07 15:39:12 Image size of job updated: 21096
	21  -  MemoryUsage of job (MB)
	21096  -  ResidentSetSize of job (KB)
...
006 (4596.016.000) 2021-12-07 15:39:13 Image size of job updated: 21108
	21  -  MemoryUsage of job (MB)
	21108  -  ResidentSetSize of job (KB)
...
006 (4596.018.000) 2021-12-07 15:39:17 Image size of job updated: 21108
	21  -  MemoryUsage of job (MB)
	21108  -  ResidentSetSize of job (KB)
...
006 (4596.014.000) 2021-12-07 15:44:11 Image size of job updated: 21168
	21  -  MemoryUsage of job (MB)
	21088  -  ResidentSetSize of job (KB)
...
006 (4596.015.000) 2021-12-07 15:44:12 Image size of job updated: 21164
	21  -  MemoryUsage of job (MB)
	21080  -  ResidentSetSize of job (KB)
...
006 (4596.017.000) 2021-12-07 15:44:12 Image size of job updated: 21168
	21  -  MemoryUsage of job (MB)
	21068  -  ResidentSetSize of job (KB)
...
006 (4596.016.000) 2021-12-07 15:44:14 Image size of job updated: 21176
	21  -  MemoryUsage of job (MB)
	21108  -  ResidentSetSize of job (KB)
...
006 (4596.019.000) 2021-12-07 15:44:14 Image size of job updated: 21176
	21  -  MemoryUsage of job (MB)
	21096  -  ResidentSetSize of job (KB)
...
006 (4596.018.000) 2021-12-07 15:44:18 Image size of job updated: 21176
	21  -  MemoryUsage of job (MB)
	21108  -  ResidentSetSize of job (KB)
...
006 (4596.017.000) 2021-12-07 15:49:13 Image size of job updated: 21168
	21  -  MemoryUsage of job (MB)
	21072  -  ResidentSetSize of job (KB)
...
