time,elapsed_seconds,message
11:06:25,7.13e-05,PEST++ performance logger started
11:06:25,0.0007939,starting to process control file
11:06:25,0.497537,finished processing control file
11:06:26,0.0482905,loading parcov
11:06:26,0.208463,beginning iteration 1
11:06:26,0.0004922,commencing to build jacobian parameter sets
11:06:26,0.434803,jacobian parameter sets built, commencing model runs
20:16:52,33025.7,jacobian runs complete, processing runs
20:16:58,6.54655,processing jacobian runs complete
20:16:58,0.0001105,saving jacobian and sen files
20:17:22,23.1925,commencing calculation of upgrade vector
20:17:33,11.3121,forming JtQJ matrix
20:17:37,3.60595,commencing to scale JtQJ matrix- first SVD...
20:17:37,0.0020089,starting REDSVD
20:17:38,1.33225,retrieving REDSVD components
20:17:38,0.0031836,triming REDSVD components to 368elements
20:17:38,0.0059438,done REDSVD
20:17:38,0.0343101,S info: rows = 368: cols = 368: size = 135424: nonzeros = 307
20:17:38,3.38e-05,JS
20:17:38,0.210428,JS.transpose() * q_mat * JS + lambda * S.transpose() * S
20:17:42,3.71323,S info: rows = 368: cols = 368: size = 135424: nonzeros = 307
20:17:42,6.28e-05,commencing SVD factorization of lambda-scaled JtQJ
20:17:42,1.21e-05,starting REDSVD
20:17:42,0.562322,retrieving REDSVD components
20:17:42,0.00298,triming REDSVD components to 295elements
20:17:42,0.0009314,done REDSVD
20:17:42,0.0002408,SVD factorization complete
20:17:42,0.0858402,commencing linear algebra multiplication to compute ugrade
20:17:42,1.86e-05,S info: rows = 368: cols = 368: size = 135424: nonzeros = 307Vt info: rows = 295: cols = 368: size = 108560: nonzeros = 90565
20:17:42,1.15e-05,U info: rows = 368: cols = 295: size = 108560: nonzeros = 90565
20:17:42,1.2e-05,jac info: rows = 40347: cols = 368: size = 14847696: nonzeros = 9641121
20:17:43,0.155048,linear algebra multiplication to compute ugrade complete
20:17:43,0.0118406,commencing check of parameter bounds and gradients
20:17:43,0.118821,beginning upgrade vector calculations, lambda = 0.1
20:17:43,0.0001696,commencing calculation of upgrade vector
20:17:54,11.1587,forming JtQJ matrix
20:17:58,3.59531,commencing to scale JtQJ matrix- first SVD...
20:17:58,7.18e-05,starting REDSVD
20:17:59,1.32578,retrieving REDSVD components
20:17:59,0.0032835,triming REDSVD components to 368elements
20:17:59,0.0023592,done REDSVD
20:17:59,0.0357364,S info: rows = 368: cols = 368: size = 135424: nonzeros = 307
20:17:59,4.69e-05,JS
20:17:59,0.208171,JS.transpose() * q_mat * JS + lambda * S.transpose() * S
20:18:03,3.71369,S info: rows = 368: cols = 368: size = 135424: nonzeros = 307
20:18:03,6.39e-05,commencing SVD factorization of lambda-scaled JtQJ
20:18:03,1.22e-05,starting REDSVD
20:18:03,0.553199,retrieving REDSVD components
20:18:03,0.0029231,triming REDSVD components to 295elements
20:18:03,0.0008976,done REDSVD
20:18:03,0.0001795,SVD factorization complete
20:18:03,0.0842363,commencing linear algebra multiplication to compute ugrade
20:18:03,2.45e-05,S info: rows = 368: cols = 368: size = 135424: nonzeros = 307Vt info: rows = 295: cols = 368: size = 108560: nonzeros = 90565
20:18:03,1.17e-05,U info: rows = 368: cols = 295: size = 108560: nonzeros = 90565
20:18:03,1.12e-05,jac info: rows = 40347: cols = 368: size = 14847696: nonzeros = 9641121
20:18:04,0.155144,linear algebra multiplication to compute ugrade complete
20:18:04,0.0113078,commencing check of parameter bounds and gradients
20:18:04,0.000654,commencing calculation of upgrade vector
20:18:15,11.3163,forming JtQJ matrix
20:18:19,3.59961,commencing to scale JtQJ matrix- first SVD...
20:18:19,7.3e-05,starting REDSVD
20:18:20,1.32964,retrieving REDSVD components
20:18:20,0.0030633,triming REDSVD components to 368elements
20:18:20,0.0025079,done REDSVD
20:18:20,0.0337985,S info: rows = 368: cols = 368: size = 135424: nonzeros = 307
20:18:20,2.58e-05,JS
20:18:20,0.209555,JS.transpose() * q_mat * JS + lambda * S.transpose() * S
20:18:24,3.71279,S info: rows = 368: cols = 368: size = 135424: nonzeros = 307
20:18:24,6.36e-05,commencing SVD factorization of lambda-scaled JtQJ
20:18:24,8.31e-05,starting REDSVD
20:18:24,0.553812,retrieving REDSVD components
20:18:24,0.003049,triming REDSVD components to 295elements
20:18:24,0.0010043,done REDSVD
20:18:24,0.0002413,SVD factorization complete
20:18:24,0.0838919,commencing linear algebra multiplication to compute ugrade
20:18:24,2.08e-05,S info: rows = 368: cols = 368: size = 135424: nonzeros = 307Vt info: rows = 295: cols = 368: size = 108560: nonzeros = 90565
20:18:24,1.21e-05,U info: rows = 368: cols = 295: size = 108560: nonzeros = 90565
20:18:24,1.12e-05,jac info: rows = 40347: cols = 368: size = 14847696: nonzeros = 9641121
20:18:25,0.153103,linear algebra multiplication to compute ugrade complete
20:18:25,0.0118197,commencing check of parameter bounds
20:18:25,0.0002039,limiting out of bounds pars
20:18:25,0.0022067,change limit/bound enforement for lambda 0.1: upper change limit,KS_100, scaling factor: 1.83851e-05
20:18:25,0.0007576,checking for denormal floating point values
20:18:25,6.68e-05,transforming upgrade pars to model pars
20:18:25,0.0003423,writing upgrade vector to csv file
20:18:25,0.0133467,beginning upgrade vector calculations, lambda = 1
20:18:25,0.0001069,commencing calculation of upgrade vector
20:18:36,11.3324,forming JtQJ matrix
20:18:40,3.60646,commencing to scale JtQJ matrix- first SVD...
20:18:40,5.62e-05,starting REDSVD
20:18:41,1.32883,retrieving REDSVD components
20:18:41,0.0031219,triming REDSVD components to 368elements
20:18:41,0.0022884,done REDSVD
20:18:41,0.0338418,S info: rows = 368: cols = 368: size = 135424: nonzeros = 307
20:18:41,2.99e-05,JS
20:18:41,0.209061,JS.transpose() * q_mat * JS + lambda * S.transpose() * S
20:18:45,3.70875,S info: rows = 368: cols = 368: size = 135424: nonzeros = 307
20:18:45,5.59e-05,commencing SVD factorization of lambda-scaled JtQJ
20:18:45,1.27e-05,starting REDSVD
20:18:45,0.55665,retrieving REDSVD components
20:18:45,0.0031368,triming REDSVD components to 295elements
20:18:45,0.0009523,done REDSVD
20:18:45,0.0003002,SVD factorization complete
20:18:46,0.0843542,commencing linear algebra multiplication to compute ugrade
20:18:46,1.92e-05,S info: rows = 368: cols = 368: size = 135424: nonzeros = 307Vt info: rows = 295: cols = 368: size = 108560: nonzeros = 90565
20:18:46,1.19e-05,U info: rows = 368: cols = 295: size = 108560: nonzeros = 90565
20:18:46,1.15e-05,jac info: rows = 40347: cols = 368: size = 14847696: nonzeros = 9641121
20:18:46,0.167332,linear algebra multiplication to compute ugrade complete
20:18:46,0.0215875,commencing check of parameter bounds and gradients
20:18:46,0.0002658,commencing calculation of upgrade vector
20:18:58,12.0162,forming JtQJ matrix
20:19:01,3.65996,commencing to scale JtQJ matrix- first SVD...
20:19:01,6.35e-05,starting REDSVD
20:19:03,1.3361,retrieving REDSVD components
20:19:03,0.0034452,triming REDSVD components to 368elements
20:19:03,0.0025726,done REDSVD
20:19:03,0.0344496,S info: rows = 368: cols = 368: size = 135424: nonzeros = 307
20:19:03,2.85e-05,JS
20:19:03,0.228646,JS.transpose() * q_mat * JS + lambda * S.transpose() * S
20:19:07,3.77801,S info: rows = 368: cols = 368: size = 135424: nonzeros = 307
20:19:07,6.99e-05,commencing SVD factorization of lambda-scaled JtQJ
20:19:07,1.23e-05,starting REDSVD
20:19:07,0.558203,retrieving REDSVD components
20:19:07,0.0029923,triming REDSVD components to 295elements
20:19:07,0.0010126,done REDSVD
20:19:07,0.0002089,SVD factorization complete
20:19:07,0.0841909,commencing linear algebra multiplication to compute ugrade
20:19:07,1.8e-05,S info: rows = 368: cols = 368: size = 135424: nonzeros = 307Vt info: rows = 295: cols = 368: size = 108560: nonzeros = 90565
20:19:07,1.13e-05,U info: rows = 368: cols = 295: size = 108560: nonzeros = 90565
20:19:07,1.11e-05,jac info: rows = 40347: cols = 368: size = 14847696: nonzeros = 9641121
20:19:08,0.165178,linear algebra multiplication to compute ugrade complete
20:19:08,0.0138983,commencing check of parameter bounds
20:19:08,0.000194,limiting out of bounds pars
20:19:08,0.0004173,change limit/bound enforement for lambda 1: upper change limit,KS_100, scaling factor: 1.91793e-05
20:19:08,0.0006999,checking for denormal floating point values
20:19:08,6.41e-05,transforming upgrade pars to model pars
20:19:08,0.0003499,writing upgrade vector to csv file
20:19:08,0.0124498,beginning upgrade vector calculations, lambda = 10
20:19:08,0.0001161,commencing calculation of upgrade vector
20:19:20,12.7691,forming JtQJ matrix
20:19:24,3.68509,commencing to scale JtQJ matrix- first SVD...
20:19:24,7.6e-05,starting REDSVD
20:19:25,1.33445,retrieving REDSVD components
20:19:25,0.0032906,triming REDSVD components to 368elements
20:19:25,0.0023077,done REDSVD
20:19:25,0.0346063,S info: rows = 368: cols = 368: size = 135424: nonzeros = 307
20:19:25,4.28e-05,JS
20:19:26,0.202888,JS.transpose() * q_mat * JS + lambda * S.transpose() * S
20:19:29,3.76055,S info: rows = 368: cols = 368: size = 135424: nonzeros = 307
20:19:29,6.27e-05,commencing SVD factorization of lambda-scaled JtQJ
20:19:29,1.42e-05,starting REDSVD
20:19:30,0.554685,retrieving REDSVD components
20:19:30,0.002956,triming REDSVD components to 296elements
20:19:30,0.0009254,done REDSVD
20:19:30,0.0001995,SVD factorization complete
20:19:30,0.0847861,commencing linear algebra multiplication to compute ugrade
20:19:30,2.67e-05,S info: rows = 368: cols = 368: size = 135424: nonzeros = 307Vt info: rows = 296: cols = 368: size = 108928: nonzeros = 90872
20:19:30,1.24e-05,U info: rows = 368: cols = 296: size = 108928: nonzeros = 90872
20:19:30,1.23e-05,jac info: rows = 40347: cols = 368: size = 14847696: nonzeros = 9641121
20:19:30,0.152384,linear algebra multiplication to compute ugrade complete
20:19:30,0.009683,commencing check of parameter bounds and gradients
20:19:30,0.0002493,commencing calculation of upgrade vector
20:19:42,11.8827,forming JtQJ matrix
20:19:46,3.70714,commencing to scale JtQJ matrix- first SVD...
20:19:46,7.51e-05,starting REDSVD
20:19:47,1.34065,retrieving REDSVD components
20:19:47,0.0040623,triming REDSVD components to 368elements
20:19:47,0.0027264,done REDSVD
20:19:47,0.0352439,S info: rows = 368: cols = 368: size = 135424: nonzeros = 307
20:19:47,4.41e-05,JS
20:19:47,0.269589,JS.transpose() * q_mat * JS + lambda * S.transpose() * S
20:19:51,3.82874,S info: rows = 368: cols = 368: size = 135424: nonzeros = 307
20:19:51,6.66e-05,commencing SVD factorization of lambda-scaled JtQJ
20:19:51,1.25e-05,starting REDSVD
20:19:52,0.558286,retrieving REDSVD components
20:19:52,0.0033482,triming REDSVD components to 296elements
20:19:52,0.0009307,done REDSVD
20:19:52,0.0002464,SVD factorization complete
20:19:52,0.0848255,commencing linear algebra multiplication to compute ugrade
20:19:52,2.13e-05,S info: rows = 368: cols = 368: size = 135424: nonzeros = 307Vt info: rows = 296: cols = 368: size = 108928: nonzeros = 90872
20:19:52,1.15e-05,U info: rows = 368: cols = 296: size = 108928: nonzeros = 90872
20:19:52,1.18e-05,jac info: rows = 40347: cols = 368: size = 14847696: nonzeros = 9641121
20:19:52,0.172724,linear algebra multiplication to compute ugrade complete
20:19:52,0.0131175,commencing check of parameter bounds
20:19:52,0.0001989,limiting out of bounds pars
20:19:52,0.0003165,change limit/bound enforement for lambda 10: upper change limit,KS_100, scaling factor: 2.72862e-05
20:19:52,0.0009709,checking for denormal floating point values
20:19:52,8.54e-05,transforming upgrade pars to model pars
20:19:52,0.0003658,writing upgrade vector to csv file
20:19:52,0.0125847,beginning upgrade vector calculations, lambda = 100
20:19:52,0.0001129,commencing calculation of upgrade vector
20:20:05,12.7979,forming JtQJ matrix
20:20:09,3.67854,commencing to scale JtQJ matrix- first SVD...
20:20:09,7.06e-05,starting REDSVD
20:20:10,1.33535,retrieving REDSVD components
20:20:10,0.003336,triming REDSVD components to 368elements
20:20:10,0.002288,done REDSVD
20:20:10,0.0345813,S info: rows = 368: cols = 368: size = 135424: nonzeros = 307
20:20:10,4.69e-05,JS
20:20:10,0.199951,JS.transpose() * q_mat * JS + lambda * S.transpose() * S
20:20:14,3.71576,S info: rows = 368: cols = 368: size = 135424: nonzeros = 307
20:20:14,5.55e-05,commencing SVD factorization of lambda-scaled JtQJ
20:20:14,1.29e-05,starting REDSVD
20:20:14,0.555662,retrieving REDSVD components
20:20:14,0.0030859,triming REDSVD components to 299elements
20:20:14,0.0009526,done REDSVD
20:20:14,0.0002,SVD factorization complete
20:20:15,0.0866644,commencing linear algebra multiplication to compute ugrade
20:20:15,1.74e-05,S info: rows = 368: cols = 368: size = 135424: nonzeros = 307Vt info: rows = 299: cols = 368: size = 110032: nonzeros = 91793
20:20:15,1.17e-05,U info: rows = 368: cols = 299: size = 110032: nonzeros = 91793
20:20:15,1.18e-05,jac info: rows = 40347: cols = 368: size = 14847696: nonzeros = 9641121
20:20:15,0.155954,linear algebra multiplication to compute ugrade complete
20:20:15,0.0095669,commencing check of parameter bounds and gradients
20:20:15,0.0002631,commencing calculation of upgrade vector
20:20:26,11.4922,forming JtQJ matrix
20:20:30,3.69423,commencing to scale JtQJ matrix- first SVD...
20:20:30,7.19e-05,starting REDSVD
20:20:31,1.33009,retrieving REDSVD components
20:20:31,0.0034515,triming REDSVD components to 368elements
20:20:31,0.003248,done REDSVD
20:20:31,0.0356026,S info: rows = 368: cols = 368: size = 135424: nonzeros = 307
20:20:31,4.03e-05,JS
20:20:32,0.25292,JS.transpose() * q_mat * JS + lambda * S.transpose() * S
20:20:35,3.76713,S info: rows = 368: cols = 368: size = 135424: nonzeros = 307
20:20:35,6.56e-05,commencing SVD factorization of lambda-scaled JtQJ
20:20:35,1.2e-05,starting REDSVD
20:20:36,0.561455,retrieving REDSVD components
20:20:36,0.0030846,triming REDSVD components to 299elements
20:20:36,0.0010182,done REDSVD
20:20:36,0.0002683,SVD factorization complete
20:20:36,0.0866004,commencing linear algebra multiplication to compute ugrade
20:20:36,2.44e-05,S info: rows = 368: cols = 368: size = 135424: nonzeros = 307Vt info: rows = 299: cols = 368: size = 110032: nonzeros = 91793
20:20:36,1.22e-05,U info: rows = 368: cols = 299: size = 110032: nonzeros = 91793
20:20:36,1.18e-05,jac info: rows = 40347: cols = 368: size = 14847696: nonzeros = 9641121
20:20:36,0.166066,linear algebra multiplication to compute ugrade complete
20:20:36,0.0148982,commencing check of parameter bounds
20:20:36,0.0002065,limiting out of bounds pars
20:20:36,0.0003184,change limit/bound enforement for lambda 100: upper bound,SY_043, scaling factor: 0.00213692
20:20:36,0.0009977,checking for denormal floating point values
20:20:36,6.76e-05,transforming upgrade pars to model pars
20:20:36,0.0003529,writing upgrade vector to csv file
20:20:36,0.0131292,beginning upgrade vector calculations, lambda = 1000
20:20:36,0.000134,commencing calculation of upgrade vector
20:20:48,11.7925,forming JtQJ matrix
20:20:52,3.6081,commencing to scale JtQJ matrix- first SVD...
20:20:52,6.55e-05,starting REDSVD
20:20:53,1.32603,retrieving REDSVD components
20:20:53,0.0031168,triming REDSVD components to 368elements
20:20:53,0.002418,done REDSVD
20:20:53,0.0337133,S info: rows = 368: cols = 368: size = 135424: nonzeros = 307
20:20:53,2.64e-05,JS
20:20:53,0.212126,JS.transpose() * q_mat * JS + lambda * S.transpose() * S
20:20:57,3.71976,S info: rows = 368: cols = 368: size = 135424: nonzeros = 307
20:20:57,5.47e-05,commencing SVD factorization of lambda-scaled JtQJ
20:20:57,1.31e-05,starting REDSVD
20:20:57,0.566592,retrieving REDSVD components
20:20:57,0.0029578,triming REDSVD components to 303elements
20:20:57,0.000929,done REDSVD
20:20:57,0.0001918,SVD factorization complete
20:20:57,0.0862931,commencing linear algebra multiplication to compute ugrade
20:20:57,2.78e-05,S info: rows = 368: cols = 368: size = 135424: nonzeros = 307Vt info: rows = 303: cols = 368: size = 111504: nonzeros = 93021
20:20:57,1.17e-05,U info: rows = 368: cols = 303: size = 111504: nonzeros = 93021
20:20:57,1.18e-05,jac info: rows = 40347: cols = 368: size = 14847696: nonzeros = 9641121
20:20:58,0.159703,linear algebra multiplication to compute ugrade complete
20:20:58,0.0139906,commencing check of parameter bounds and gradients
20:20:58,0.0002259,commencing calculation of upgrade vector
20:21:09,11.6277,forming JtQJ matrix
20:21:13,3.60468,commencing to scale JtQJ matrix- first SVD...
20:21:13,6.54e-05,starting REDSVD
20:21:14,1.32556,retrieving REDSVD components
20:21:14,0.0030701,triming REDSVD components to 368elements
20:21:14,0.0023976,done REDSVD
20:21:14,0.0337864,S info: rows = 368: cols = 368: size = 135424: nonzeros = 307
20:21:14,3.07e-05,JS
20:21:14,0.213458,JS.transpose() * q_mat * JS + lambda * S.transpose() * S
20:21:18,3.7,S info: rows = 368: cols = 368: size = 135424: nonzeros = 307
20:21:18,6.6e-05,commencing SVD factorization of lambda-scaled JtQJ
20:21:18,1.28e-05,starting REDSVD
20:21:19,0.564981,retrieving REDSVD components
20:21:19,0.0028881,triming REDSVD components to 303elements
20:21:19,0.000941,done REDSVD
20:21:19,0.0001973,SVD factorization complete
20:21:19,0.0861845,commencing linear algebra multiplication to compute ugrade
20:21:19,1.86e-05,S info: rows = 368: cols = 368: size = 135424: nonzeros = 307Vt info: rows = 303: cols = 368: size = 111504: nonzeros = 93021
20:21:19,1.18e-05,U info: rows = 368: cols = 303: size = 111504: nonzeros = 93021
20:21:19,1.14e-05,jac info: rows = 40347: cols = 368: size = 14847696: nonzeros = 9641121
20:21:19,0.160126,linear algebra multiplication to compute ugrade complete
20:21:19,0.0137497,commencing check of parameter bounds
20:21:19,0.0002075,limiting out of bounds pars
20:21:19,0.0003032,change limit/bound enforement for lambda 1000: upper bound,SY_043, scaling factor: 0.00149471
20:21:19,0.0007763,checking for denormal floating point values
20:21:19,6.74e-05,transforming upgrade pars to model pars
20:21:19,0.0003446,writing upgrade vector to csv file
00:47:44,15984.6,completed iteration 1
00:48:01,17.5438,beginning iteration 2
00:48:01,0.0004222,commencing to build jacobian parameter sets
00:48:02,0.482965,jacobian parameter sets built, commencing model runs
13:11:34,44612.4,jacobian runs complete, processing runs
13:11:40,6.34156,processing jacobian runs complete
13:11:40,8.13e-05,saving jacobian and sen files
13:12:03,22.9895,commencing calculation of upgrade vector
13:12:15,11.1296,forming JtQJ matrix
13:12:18,3.60613,commencing to scale JtQJ matrix- first SVD...
13:12:18,6.79e-05,starting REDSVD
13:12:19,1.25195,retrieving REDSVD components
13:12:19,0.0031239,triming REDSVD components to 368elements
13:12:19,0.0023244,done REDSVD
13:12:19,0.0338035,S info: rows = 368: cols = 368: size = 135424: nonzeros = 307
13:12:19,2.52e-05,JS
13:12:20,0.210907,JS.transpose() * q_mat * JS + lambda * S.transpose() * S
13:12:23,3.72445,S info: rows = 368: cols = 368: size = 135424: nonzeros = 307
13:12:23,6.33e-05,commencing SVD factorization of lambda-scaled JtQJ
13:12:23,1.23e-05,starting REDSVD
13:12:24,0.548156,retrieving REDSVD components
13:12:24,0.0028706,triming REDSVD components to 285elements
13:12:24,0.0008773,done REDSVD
13:12:24,0.0001777,SVD factorization complete
13:12:24,0.0817491,commencing linear algebra multiplication to compute ugrade
13:12:24,1.74e-05,S info: rows = 368: cols = 368: size = 135424: nonzeros = 307Vt info: rows = 285: cols = 368: size = 104880: nonzeros = 87495
13:12:24,1.2e-05,U info: rows = 368: cols = 285: size = 104880: nonzeros = 87495
13:12:24,1.25e-05,jac info: rows = 40347: cols = 368: size = 14847696: nonzeros = 9721517
13:12:24,0.155967,linear algebra multiplication to compute ugrade complete
13:12:24,0.0126659,commencing check of parameter bounds and gradients
13:12:24,0.119187,beginning upgrade vector calculations, lambda = 0.1
13:12:24,0.0001871,commencing calculation of upgrade vector
13:12:37,12.9819,forming JtQJ matrix
13:12:41,3.58463,commencing to scale JtQJ matrix- first SVD...
13:12:41,6.71e-05,starting REDSVD
13:12:42,1.23924,retrieving REDSVD components
13:12:42,0.0035952,triming REDSVD components to 367elements
13:12:42,0.0021779,done REDSVD
13:12:42,0.0332196,S info: rows = 367: cols = 367: size = 134689: nonzeros = 306
13:12:42,2.34e-05,JS
13:12:42,0.209238,JS.transpose() * q_mat * JS + lambda * S.transpose() * S
13:12:46,3.69475,S info: rows = 367: cols = 367: size = 134689: nonzeros = 306
13:12:46,6.67e-05,commencing SVD factorization of lambda-scaled JtQJ
13:12:46,1.22e-05,starting REDSVD
13:12:47,0.520827,retrieving REDSVD components
13:12:47,0.0026711,triming REDSVD components to 285elements
13:12:47,0.0009321,done REDSVD
13:12:47,0.0001794,SVD factorization complete
13:12:47,0.0812436,commencing linear algebra multiplication to compute ugrade
13:12:47,1.6e-05,S info: rows = 367: cols = 367: size = 134689: nonzeros = 306Vt info: rows = 285: cols = 367: size = 104595: nonzeros = 87210
13:12:47,1.13e-05,U info: rows = 367: cols = 285: size = 104595: nonzeros = 87210
13:12:47,1.19e-05,jac info: rows = 40347: cols = 367: size = 14807349: nonzeros = 9684780
13:12:47,0.155395,linear algebra multiplication to compute ugrade complete
13:12:47,0.012581,commencing check of parameter bounds and gradients
13:12:47,0.0002275,commencing calculation of upgrade vector
13:13:00,12.9248,forming JtQJ matrix
13:13:03,3.57151,commencing to scale JtQJ matrix- first SVD...
13:13:03,7.57e-05,starting REDSVD
13:13:05,1.23689,retrieving REDSVD components
13:13:05,0.0036087,triming REDSVD components to 367elements
13:13:05,0.0021044,done REDSVD
13:13:05,0.0331235,S info: rows = 367: cols = 367: size = 134689: nonzeros = 306
13:13:05,2.31e-05,JS
13:13:05,0.209486,JS.transpose() * q_mat * JS + lambda * S.transpose() * S
13:13:09,3.68781,S info: rows = 367: cols = 367: size = 134689: nonzeros = 306
13:13:09,6.48e-05,commencing SVD factorization of lambda-scaled JtQJ
13:13:09,1.26e-05,starting REDSVD
13:13:09,0.520796,retrieving REDSVD components
13:13:09,0.0028013,triming REDSVD components to 285elements
13:13:09,0.0008733,done REDSVD
13:13:09,0.000183,SVD factorization complete
13:13:09,0.0811634,commencing linear algebra multiplication to compute ugrade
13:13:09,1.61e-05,S info: rows = 367: cols = 367: size = 134689: nonzeros = 306Vt info: rows = 285: cols = 367: size = 104595: nonzeros = 87210
13:13:09,1.17e-05,U info: rows = 367: cols = 285: size = 104595: nonzeros = 87210
13:13:09,1.11e-05,jac info: rows = 40347: cols = 367: size = 14807349: nonzeros = 9684780
13:13:09,0.155863,linear algebra multiplication to compute ugrade complete
13:13:09,0.0121679,commencing check of parameter bounds
13:13:09,0.0001876,limiting out of bounds pars
13:13:09,0.0003104,change limit/bound enforement for lambda 0.1: upper bound,SY_060, scaling factor: 0.00133457
13:13:09,0.0007798,checking for denormal floating point values
13:13:09,5.5e-05,transforming upgrade pars to model pars
13:13:09,0.000341,writing upgrade vector to csv file
13:13:09,0.0114789,beginning upgrade vector calculations, lambda = 1
13:13:09,0.0001062,commencing calculation of upgrade vector
13:13:22,12.9784,forming JtQJ matrix
13:13:26,3.58784,commencing to scale JtQJ matrix- first SVD...
13:13:26,7.08e-05,starting REDSVD
13:13:27,1.23743,retrieving REDSVD components
13:13:27,0.0031354,triming REDSVD components to 367elements
13:13:27,0.0023609,done REDSVD
13:13:27,0.0333736,S info: rows = 367: cols = 367: size = 134689: nonzeros = 306
13:13:27,2.3e-05,JS
13:13:27,0.208884,JS.transpose() * q_mat * JS + lambda * S.transpose() * S
13:13:31,3.70748,S info: rows = 367: cols = 367: size = 134689: nonzeros = 306
13:13:31,5.93e-05,commencing SVD factorization of lambda-scaled JtQJ
13:13:31,1.27e-05,starting REDSVD
13:13:32,0.531524,retrieving REDSVD components
13:13:32,0.0027236,triming REDSVD components to 286elements
13:13:32,0.0008906,done REDSVD
13:13:32,0.0001826,SVD factorization complete
13:13:32,0.0815621,commencing linear algebra multiplication to compute ugrade
13:13:32,1.68e-05,S info: rows = 367: cols = 367: size = 134689: nonzeros = 306Vt info: rows = 286: cols = 367: size = 104962: nonzeros = 87516
13:13:32,1.29e-05,U info: rows = 367: cols = 286: size = 104962: nonzeros = 87516
13:13:32,1.26e-05,jac info: rows = 40347: cols = 367: size = 14807349: nonzeros = 9684780
13:13:32,0.157053,linear algebra multiplication to compute ugrade complete
13:13:32,0.0126521,commencing check of parameter bounds and gradients
13:13:32,0.0002447,commencing calculation of upgrade vector
13:13:45,13.0905,forming JtQJ matrix
13:13:49,3.57579,commencing to scale JtQJ matrix- first SVD...
13:13:49,6.27e-05,starting REDSVD
13:13:50,1.23769,retrieving REDSVD components
13:13:50,0.0036279,triming REDSVD components to 367elements
13:13:50,0.002154,done REDSVD
13:13:50,0.0332652,S info: rows = 367: cols = 367: size = 134689: nonzeros = 306
13:13:50,2.34e-05,JS
13:13:50,0.208703,JS.transpose() * q_mat * JS + lambda * S.transpose() * S
13:13:54,3.69095,S info: rows = 367: cols = 367: size = 134689: nonzeros = 306
13:13:54,6.7e-05,commencing SVD factorization of lambda-scaled JtQJ
13:13:54,1.31e-05,starting REDSVD
13:13:54,0.532028,retrieving REDSVD components
13:13:54,0.0027035,triming REDSVD components to 286elements
13:13:54,0.0009223,done REDSVD
13:13:54,0.0001733,SVD factorization complete
13:13:54,0.0810957,commencing linear algebra multiplication to compute ugrade
13:13:54,2.03e-05,S info: rows = 367: cols = 367: size = 134689: nonzeros = 306Vt info: rows = 286: cols = 367: size = 104962: nonzeros = 87516
13:13:54,1.18e-05,U info: rows = 367: cols = 286: size = 104962: nonzeros = 87516
13:13:54,1.15e-05,jac info: rows = 40347: cols = 367: size = 14807349: nonzeros = 9684780
13:13:54,0.155989,linear algebra multiplication to compute ugrade complete
13:13:54,0.0125649,commencing check of parameter bounds
13:13:54,0.0001908,limiting out of bounds pars
13:13:54,0.0003029,change limit/bound enforement for lambda 1: upper bound,SY_060, scaling factor: 0.00120309
13:13:54,0.000757,checking for denormal floating point values
13:13:54,7.39e-05,transforming upgrade pars to model pars
13:13:54,0.0003658,writing upgrade vector to csv file
13:13:54,0.0122997,beginning upgrade vector calculations, lambda = 10
13:13:54,0.0001057,commencing calculation of upgrade vector
13:14:07,12.9937,forming JtQJ matrix
13:14:11,3.58581,commencing to scale JtQJ matrix- first SVD...
13:14:11,7.41e-05,starting REDSVD
13:14:12,1.2366,retrieving REDSVD components
13:14:12,0.0035018,triming REDSVD components to 367elements
13:14:12,0.0021188,done REDSVD
13:14:12,0.0333562,S info: rows = 367: cols = 367: size = 134689: nonzeros = 306
13:14:12,2.23e-05,JS
13:14:13,0.209041,JS.transpose() * q_mat * JS + lambda * S.transpose() * S
13:14:16,3.68444,S info: rows = 367: cols = 367: size = 134689: nonzeros = 306
13:14:16,6.56e-05,commencing SVD factorization of lambda-scaled JtQJ
13:14:16,1.26e-05,starting REDSVD
13:14:17,0.515232,retrieving REDSVD components
13:14:17,0.0027639,triming REDSVD components to 287elements
13:14:17,0.0008829,done REDSVD
13:14:17,0.0001716,SVD factorization complete
13:14:17,0.0816407,commencing linear algebra multiplication to compute ugrade
13:14:17,1.6e-05,S info: rows = 367: cols = 367: size = 134689: nonzeros = 306Vt info: rows = 287: cols = 367: size = 105329: nonzeros = 87822
13:14:17,1.17e-05,U info: rows = 367: cols = 287: size = 105329: nonzeros = 87822
13:14:17,1.17e-05,jac info: rows = 40347: cols = 367: size = 14807349: nonzeros = 9684780
13:14:17,0.155464,linear algebra multiplication to compute ugrade complete
13:14:17,0.012566,commencing check of parameter bounds and gradients
13:14:17,0.0002326,commencing calculation of upgrade vector
13:14:30,12.9845,forming JtQJ matrix
13:14:34,3.57261,commencing to scale JtQJ matrix- first SVD...
13:14:34,7.12e-05,starting REDSVD
13:14:35,1.22101,retrieving REDSVD components
13:14:35,0.0029773,triming REDSVD components to 367elements
13:14:35,0.0022394,done REDSVD
13:14:35,0.033565,S info: rows = 367: cols = 367: size = 134689: nonzeros = 306
13:14:35,3.47e-05,JS
13:14:35,0.210758,JS.transpose() * q_mat * JS + lambda * S.transpose() * S
13:14:39,3.68827,S info: rows = 367: cols = 367: size = 134689: nonzeros = 306
13:14:39,7.44e-05,commencing SVD factorization of lambda-scaled JtQJ
13:14:39,1.29e-05,starting REDSVD
13:14:39,0.52045,retrieving REDSVD components
13:14:39,0.0028093,triming REDSVD components to 287elements
13:14:39,0.0008869,done REDSVD
13:14:39,0.0001758,SVD factorization complete
13:14:39,0.0815631,commencing linear algebra multiplication to compute ugrade
13:14:39,1.61e-05,S info: rows = 367: cols = 367: size = 134689: nonzeros = 306Vt info: rows = 287: cols = 367: size = 105329: nonzeros = 87822
13:14:39,1.15e-05,U info: rows = 367: cols = 287: size = 105329: nonzeros = 87822
13:14:39,1.11e-05,jac info: rows = 40347: cols = 367: size = 14807349: nonzeros = 9684780
13:14:39,0.155434,linear algebra multiplication to compute ugrade complete
13:14:39,0.0125421,commencing check of parameter bounds
13:14:39,0.0001891,limiting out of bounds pars
13:14:39,0.0003028,change limit/bound enforement for lambda 10: upper bound,SY_060, scaling factor: 0.0011806
13:14:40,0.0007482,checking for denormal floating point values
13:14:40,5.67e-05,transforming upgrade pars to model pars
13:14:40,0.000342,writing upgrade vector to csv file
13:14:40,0.0122948,beginning upgrade vector calculations, lambda = 100
13:14:40,0.0001054,commencing calculation of upgrade vector
13:14:52,12.9552,forming JtQJ matrix
13:14:56,3.58752,commencing to scale JtQJ matrix- first SVD...
13:14:56,7.19e-05,starting REDSVD
13:14:57,1.2376,retrieving REDSVD components
13:14:57,0.0030478,triming REDSVD components to 367elements
13:14:57,0.00238,done REDSVD
13:14:57,0.0335252,S info: rows = 367: cols = 367: size = 134689: nonzeros = 306
13:14:57,2.54e-05,JS
13:14:58,0.209148,JS.transpose() * q_mat * JS + lambda * S.transpose() * S
13:15:01,3.70329,S info: rows = 367: cols = 367: size = 134689: nonzeros = 306
13:15:01,6.77e-05,commencing SVD factorization of lambda-scaled JtQJ
13:15:01,1.29e-05,starting REDSVD
13:15:02,0.522055,retrieving REDSVD components
13:15:02,0.0027496,triming REDSVD components to 291elements
13:15:02,0.0008902,done REDSVD
13:15:02,0.0001719,SVD factorization complete
13:15:02,0.0826823,commencing linear algebra multiplication to compute ugrade
13:15:02,1.59e-05,S info: rows = 367: cols = 367: size = 134689: nonzeros = 306Vt info: rows = 291: cols = 367: size = 106797: nonzeros = 89046
13:15:02,1.14e-05,U info: rows = 367: cols = 291: size = 106797: nonzeros = 89046
13:15:02,1.17e-05,jac info: rows = 40347: cols = 367: size = 14807349: nonzeros = 9684780
13:15:02,0.154375,linear algebra multiplication to compute ugrade complete
13:15:02,0.0125655,commencing check of parameter bounds and gradients
13:15:02,0.0002355,commencing calculation of upgrade vector
13:15:15,12.9296,forming JtQJ matrix
13:15:19,3.6116,commencing to scale JtQJ matrix- first SVD...
13:15:19,6.96e-05,starting REDSVD
13:15:20,1.24078,retrieving REDSVD components
13:15:20,0.0034859,triming REDSVD components to 367elements
13:15:20,0.0021974,done REDSVD
13:15:20,0.0334538,S info: rows = 367: cols = 367: size = 134689: nonzeros = 306
13:15:20,2.34e-05,JS
13:15:20,0.21021,JS.transpose() * q_mat * JS + lambda * S.transpose() * S
13:15:24,3.69105,S info: rows = 367: cols = 367: size = 134689: nonzeros = 306
13:15:24,6.97e-05,commencing SVD factorization of lambda-scaled JtQJ
13:15:24,1.32e-05,starting REDSVD
13:15:24,0.522576,retrieving REDSVD components
13:15:24,0.0028189,triming REDSVD components to 291elements
13:15:24,0.0008868,done REDSVD
13:15:24,0.0001829,SVD factorization complete
13:15:24,0.0829174,commencing linear algebra multiplication to compute ugrade
13:15:24,1.65e-05,S info: rows = 367: cols = 367: size = 134689: nonzeros = 306Vt info: rows = 291: cols = 367: size = 106797: nonzeros = 89046
13:15:24,1.12e-05,U info: rows = 367: cols = 291: size = 106797: nonzeros = 89046
13:15:24,1.11e-05,jac info: rows = 40347: cols = 367: size = 14807349: nonzeros = 9684780
13:15:25,0.154897,linear algebra multiplication to compute ugrade complete
13:15:25,0.0125397,commencing check of parameter bounds
13:15:25,0.0001889,limiting out of bounds pars
13:15:25,0.0003015,change limit/bound enforement for lambda 100: upper bound,SY_060, scaling factor: 0.00143008
13:15:25,0.0008173,checking for denormal floating point values
13:15:25,5.69e-05,transforming upgrade pars to model pars
13:15:25,0.0003421,writing upgrade vector to csv file
13:15:25,0.0121917,beginning upgrade vector calculations, lambda = 1000
13:15:25,0.0001098,commencing calculation of upgrade vector
13:15:38,12.9917,forming JtQJ matrix
13:15:41,3.60871,commencing to scale JtQJ matrix- first SVD...
13:15:41,7.64e-05,starting REDSVD
13:15:42,1.24774,retrieving REDSVD components
13:15:42,0.0035228,triming REDSVD components to 367elements
13:15:42,0.0021935,done REDSVD
13:15:42,0.0334558,S info: rows = 367: cols = 367: size = 134689: nonzeros = 306
13:15:42,2.5e-05,JS
13:15:43,0.210988,JS.transpose() * q_mat * JS + lambda * S.transpose() * S
13:15:46,3.70713,S info: rows = 367: cols = 367: size = 134689: nonzeros = 306
13:15:46,6.69e-05,commencing SVD factorization of lambda-scaled JtQJ
13:15:46,1.25e-05,starting REDSVD
13:15:47,0.523436,retrieving REDSVD components
13:15:47,0.0027014,triming REDSVD components to 298elements
13:15:47,0.0009146,done REDSVD
13:15:47,0.0001757,SVD factorization complete
13:15:47,0.0846941,commencing linear algebra multiplication to compute ugrade
13:15:47,1.66e-05,S info: rows = 367: cols = 367: size = 134689: nonzeros = 306Vt info: rows = 298: cols = 367: size = 109366: nonzeros = 91188
13:15:47,1.19e-05,U info: rows = 367: cols = 298: size = 109366: nonzeros = 91188
13:15:47,1.14e-05,jac info: rows = 40347: cols = 367: size = 14807349: nonzeros = 9684780
13:15:47,0.155619,linear algebra multiplication to compute ugrade complete
13:15:47,0.0125881,commencing check of parameter bounds and gradients
13:15:47,0.0002284,commencing calculation of upgrade vector
13:16:00,12.9713,forming JtQJ matrix
13:16:04,3.58335,commencing to scale JtQJ matrix- first SVD...
13:16:04,7.38e-05,starting REDSVD
13:16:05,1.2371,retrieving REDSVD components
13:16:05,0.0032751,triming REDSVD components to 367elements
13:16:05,0.0020156,done REDSVD
13:16:05,0.0336087,S info: rows = 367: cols = 367: size = 134689: nonzeros = 306
13:16:05,2.45e-05,JS
13:16:05,0.208205,JS.transpose() * q_mat * JS + lambda * S.transpose() * S
13:16:09,3.68333,S info: rows = 367: cols = 367: size = 134689: nonzeros = 306
13:16:09,6.8e-05,commencing SVD factorization of lambda-scaled JtQJ
13:16:09,1.19e-05,starting REDSVD
13:16:09,0.522932,retrieving REDSVD components
13:16:09,0.0027562,triming REDSVD components to 298elements
13:16:09,0.0009124,done REDSVD
13:16:09,0.0001744,SVD factorization complete
13:16:09,0.0846925,commencing linear algebra multiplication to compute ugrade
13:16:09,1.61e-05,S info: rows = 367: cols = 367: size = 134689: nonzeros = 306Vt info: rows = 298: cols = 367: size = 109366: nonzeros = 91188
13:16:09,1.14e-05,U info: rows = 367: cols = 298: size = 109366: nonzeros = 91188
13:16:09,1.12e-05,jac info: rows = 40347: cols = 367: size = 14807349: nonzeros = 9684780
13:16:10,0.155043,linear algebra multiplication to compute ugrade complete
13:16:10,0.0125082,commencing check of parameter bounds
13:16:10,0.0001881,limiting out of bounds pars
13:16:10,0.0002984,change limit/bound enforement for lambda 1000: upper bound,SY_060, scaling factor: 0.00257599
13:16:10,0.0008172,checking for denormal floating point values
13:16:10,5.89e-05,transforming upgrade pars to model pars
13:16:10,0.0003509,writing upgrade vector to csv file
13:10:58,86088.4,completed iteration 2
13:11:31,32.5516,beginning iteration 3
13:11:31,0.0004446,commencing to build jacobian parameter sets
13:11:31,0.775444,jacobian parameter sets built, commencing model runs
11:06:30,78898.9,jacobian runs complete, processing runs
11:07:57,86.4286,processing jacobian runs complete
11:07:57,5.81e-05,saving jacobian and sen files
11:08:24,27.2935,commencing calculation of upgrade vector
11:08:38,13.483,forming JtQJ matrix
11:08:43,5.33487,commencing to scale JtQJ matrix- first SVD...
11:08:43,7.17e-05,starting REDSVD
11:08:44,1.24042,retrieving REDSVD components
11:08:44,0.0036812,triming REDSVD components to 368elements
11:08:44,0.0024639,done REDSVD
11:08:44,0.0489051,S info: rows = 368: cols = 368: size = 135424: nonzeros = 368
11:08:44,3.44e-05,JS
11:08:44,0.310181,JS.transpose() * q_mat * JS + lambda * S.transpose() * S
11:08:50,5.48454,S info: rows = 368: cols = 368: size = 135424: nonzeros = 368
11:08:50,6.43e-05,commencing SVD factorization of lambda-scaled JtQJ
11:08:50,1.2e-05,starting REDSVD
11:08:50,0.519604,retrieving REDSVD components
11:08:50,0.0033506,triming REDSVD components to 103elements
11:08:50,0.0003934,done REDSVD
11:08:50,0.0001881,SVD factorization complete
11:08:51,0.0308953,commencing linear algebra multiplication to compute ugrade
11:08:51,1.78e-05,S info: rows = 368: cols = 368: size = 135424: nonzeros = 368Vt info: rows = 103: cols = 368: size = 37904: nonzeros = 37904
11:08:51,1.12e-05,U info: rows = 368: cols = 103: size = 37904: nonzeros = 37904
11:08:51,1.24e-05,jac info: rows = 40347: cols = 368: size = 14847696: nonzeros = 12182469
11:08:51,0.19541,linear algebra multiplication to compute ugrade complete
11:08:51,0.0167025,commencing check of parameter bounds and gradients
11:08:51,0.118148,beginning upgrade vector calculations, lambda = 0.1
11:08:51,0.0001749,commencing calculation of upgrade vector
11:09:04,13.4367,forming JtQJ matrix
11:09:10,5.31727,commencing to scale JtQJ matrix- first SVD...
11:09:10,7e-05,starting REDSVD
11:09:11,1.23694,retrieving REDSVD components
11:09:11,0.0037038,triming REDSVD components to 368elements
11:09:11,0.0023611,done REDSVD
11:09:11,0.048685,S info: rows = 368: cols = 368: size = 135424: nonzeros = 368
11:09:11,2.35e-05,JS
11:09:11,0.309805,JS.transpose() * q_mat * JS + lambda * S.transpose() * S
11:09:17,5.47994,S info: rows = 368: cols = 368: size = 135424: nonzeros = 368
11:09:17,6.36e-05,commencing SVD factorization of lambda-scaled JtQJ
11:09:17,1.16e-05,starting REDSVD
11:09:17,0.517833,retrieving REDSVD components
11:09:17,0.0039115,triming REDSVD components to 103elements
11:09:17,0.0003894,done REDSVD
11:09:17,0.0001848,SVD factorization complete
11:09:17,0.0306675,commencing linear algebra multiplication to compute ugrade
11:09:17,1.56e-05,S info: rows = 368: cols = 368: size = 135424: nonzeros = 368Vt info: rows = 103: cols = 368: size = 37904: nonzeros = 37904
11:09:17,1.14e-05,U info: rows = 368: cols = 103: size = 37904: nonzeros = 37904
11:09:17,1.11e-05,jac info: rows = 40347: cols = 368: size = 14847696: nonzeros = 12182469
11:09:17,0.194633,linear algebra multiplication to compute ugrade complete
11:09:17,0.0166934,commencing check of parameter bounds and gradients
11:09:17,0.000233,commencing calculation of upgrade vector
11:09:31,13.4396,forming JtQJ matrix
11:09:36,5.31294,commencing to scale JtQJ matrix- first SVD...
11:09:36,6.06e-05,starting REDSVD
11:09:37,1.2379,retrieving REDSVD components
11:09:37,0.0036502,triming REDSVD components to 368elements
11:09:37,0.002312,done REDSVD
11:09:37,0.048573,S info: rows = 368: cols = 368: size = 135424: nonzeros = 368
11:09:37,2.67e-05,JS
11:09:38,0.310107,JS.transpose() * q_mat * JS + lambda * S.transpose() * S
11:09:43,5.47856,S info: rows = 368: cols = 368: size = 135424: nonzeros = 368
11:09:43,5.79e-05,commencing SVD factorization of lambda-scaled JtQJ
11:09:43,1.28e-05,starting REDSVD
11:09:44,0.518544,retrieving REDSVD components
11:09:44,0.0037751,triming REDSVD components to 103elements
11:09:44,0.0003871,done REDSVD
11:09:44,0.0001876,SVD factorization complete
11:09:44,0.0307278,commencing linear algebra multiplication to compute ugrade
11:09:44,1.76e-05,S info: rows = 368: cols = 368: size = 135424: nonzeros = 368Vt info: rows = 103: cols = 368: size = 37904: nonzeros = 37904
11:09:44,1.27e-05,U info: rows = 368: cols = 103: size = 37904: nonzeros = 37904
11:09:44,1.22e-05,jac info: rows = 40347: cols = 368: size = 14847696: nonzeros = 12182469
11:09:44,0.195924,linear algebra multiplication to compute ugrade complete
11:09:44,0.0168437,commencing check of parameter bounds
11:09:44,0.0001867,limiting out of bounds pars
11:09:44,0.0003135,change limit/bound enforement for lambda 0.1: upper bound,SY_042, scaling factor: 0.0128782
11:09:44,2.44e-05,checking for denormal floating point values
11:09:44,5.7e-05,transforming upgrade pars to model pars
11:09:44,0.0003529,writing upgrade vector to csv file
11:09:44,0.0114918,beginning upgrade vector calculations, lambda = 1
11:09:44,0.0001492,commencing calculation of upgrade vector
11:09:57,13.4004,forming JtQJ matrix
11:10:03,5.32437,commencing to scale JtQJ matrix- first SVD...
11:10:03,6.27e-05,starting REDSVD
11:10:04,1.23857,retrieving REDSVD components
11:10:04,0.0037674,triming REDSVD components to 368elements
11:10:04,0.0023154,done REDSVD
11:10:04,0.0486032,S info: rows = 368: cols = 368: size = 135424: nonzeros = 368
11:10:04,2.32e-05,JS
11:10:04,0.310975,JS.transpose() * q_mat * JS + lambda * S.transpose() * S
11:10:10,5.49169,S info: rows = 368: cols = 368: size = 135424: nonzeros = 368
11:10:10,6.52e-05,commencing SVD factorization of lambda-scaled JtQJ
11:10:10,1.17e-05,starting REDSVD
11:10:10,0.522285,retrieving REDSVD components
11:10:10,0.0037848,triming REDSVD components to 103elements
11:10:10,0.0003825,done REDSVD
11:10:10,0.0001887,SVD factorization complete
11:10:10,0.030659,commencing linear algebra multiplication to compute ugrade
11:10:10,1.59e-05,S info: rows = 368: cols = 368: size = 135424: nonzeros = 368Vt info: rows = 103: cols = 368: size = 37904: nonzeros = 37904
11:10:10,1.15e-05,U info: rows = 368: cols = 103: size = 37904: nonzeros = 37904
11:10:10,1.14e-05,jac info: rows = 40347: cols = 368: size = 14847696: nonzeros = 12182469
11:10:11,0.197031,linear algebra multiplication to compute ugrade complete
11:10:11,0.0171371,commencing check of parameter bounds and gradients
11:10:11,0.000237,commencing calculation of upgrade vector
11:10:24,13.4727,forming JtQJ matrix
11:10:29,5.30418,commencing to scale JtQJ matrix- first SVD...
11:10:29,7.3e-05,starting REDSVD
11:10:31,1.23046,retrieving REDSVD components
11:10:31,0.0037071,triming REDSVD components to 368elements
11:10:31,0.0023309,done REDSVD
11:10:31,0.0485357,S info: rows = 368: cols = 368: size = 135424: nonzeros = 368
11:10:31,2.35e-05,JS
11:10:31,0.309834,JS.transpose() * q_mat * JS + lambda * S.transpose() * S
11:10:36,5.45329,S info: rows = 368: cols = 368: size = 135424: nonzeros = 368
11:10:36,6.58e-05,commencing SVD factorization of lambda-scaled JtQJ
11:10:36,1.4e-05,starting REDSVD
11:10:37,0.519523,retrieving REDSVD components
11:10:37,0.0038891,triming REDSVD components to 103elements
11:10:37,0.0004197,done REDSVD
11:10:37,0.0001782,SVD factorization complete
11:10:37,0.0307979,commencing linear algebra multiplication to compute ugrade
11:10:37,1.76e-05,S info: rows = 368: cols = 368: size = 135424: nonzeros = 368Vt info: rows = 103: cols = 368: size = 37904: nonzeros = 37904
11:10:37,1.25e-05,U info: rows = 368: cols = 103: size = 37904: nonzeros = 37904
11:10:37,1.25e-05,jac info: rows = 40347: cols = 368: size = 14847696: nonzeros = 12182469
11:10:37,0.194919,linear algebra multiplication to compute ugrade complete
11:10:37,0.0167749,commencing check of parameter bounds
11:10:37,0.000186,limiting out of bounds pars
11:10:37,0.000315,change limit/bound enforement for lambda 1: upper bound,SY_042, scaling factor: 0.0129846
11:10:37,2.95e-05,checking for denormal floating point values
11:10:37,5.66e-05,transforming upgrade pars to model pars
11:10:37,0.0003529,writing upgrade vector to csv file
11:10:37,0.0121877,beginning upgrade vector calculations, lambda = 10
11:10:37,0.0001531,commencing calculation of upgrade vector
11:10:51,13.4292,forming JtQJ matrix
11:10:56,5.33422,commencing to scale JtQJ matrix- first SVD...
11:10:56,6.71e-05,starting REDSVD
11:10:57,1.23741,retrieving REDSVD components
11:10:57,0.003821,triming REDSVD components to 368elements
11:10:57,0.0023177,done REDSVD
11:10:57,0.0487419,S info: rows = 368: cols = 368: size = 135424: nonzeros = 368
11:10:57,2.24e-05,JS
11:10:58,0.309979,JS.transpose() * q_mat * JS + lambda * S.transpose() * S
11:11:03,5.4845,S info: rows = 368: cols = 368: size = 135424: nonzeros = 368
11:11:03,6.46e-05,commencing SVD factorization of lambda-scaled JtQJ
11:11:03,1.18e-05,starting REDSVD
11:11:04,0.521514,retrieving REDSVD components
11:11:04,0.0038616,triming REDSVD components to 103elements
11:11:04,0.0004016,done REDSVD
11:11:04,0.0001885,SVD factorization complete
11:11:04,0.0309132,commencing linear algebra multiplication to compute ugrade
11:11:04,1.56e-05,S info: rows = 368: cols = 368: size = 135424: nonzeros = 368Vt info: rows = 103: cols = 368: size = 37904: nonzeros = 37904
11:11:04,1.13e-05,U info: rows = 368: cols = 103: size = 37904: nonzeros = 37904
11:11:04,1.1e-05,jac info: rows = 40347: cols = 368: size = 14847696: nonzeros = 12182469
11:11:04,0.195908,linear algebra multiplication to compute ugrade complete
11:11:04,0.0168297,commencing check of parameter bounds and gradients
11:11:04,0.0002322,commencing calculation of upgrade vector
11:11:17,13.4755,forming JtQJ matrix
11:11:23,5.30356,commencing to scale JtQJ matrix- first SVD...
11:11:23,6.93e-05,starting REDSVD
11:11:24,1.23847,retrieving REDSVD components
11:11:24,0.0037076,triming REDSVD components to 368elements
11:11:24,0.0022101,done REDSVD
11:11:24,0.0485083,S info: rows = 368: cols = 368: size = 135424: nonzeros = 368
11:11:24,2.58e-05,JS
11:11:24,0.309883,JS.transpose() * q_mat * JS + lambda * S.transpose() * S
11:11:30,5.4767,S info: rows = 368: cols = 368: size = 135424: nonzeros = 368
11:11:30,6.94e-05,commencing SVD factorization of lambda-scaled JtQJ
11:11:30,1.4e-05,starting REDSVD
11:11:30,0.523266,retrieving REDSVD components
11:11:30,0.0035263,triming REDSVD components to 103elements
11:11:30,0.0004007,done REDSVD
11:11:30,0.0001864,SVD factorization complete
11:11:30,0.0307349,commencing linear algebra multiplication to compute ugrade
11:11:30,1.74e-05,S info: rows = 368: cols = 368: size = 135424: nonzeros = 368Vt info: rows = 103: cols = 368: size = 37904: nonzeros = 37904
11:11:30,1.26e-05,U info: rows = 368: cols = 103: size = 37904: nonzeros = 37904
11:11:30,1.2e-05,jac info: rows = 40347: cols = 368: size = 14847696: nonzeros = 12182469
11:11:30,0.196719,linear algebra multiplication to compute ugrade complete
11:11:31,0.0169394,commencing check of parameter bounds
11:11:31,0.0001888,limiting out of bounds pars
11:11:31,0.0003138,change limit/bound enforement for lambda 10: upper bound,SY_042, scaling factor: 0.0142243
11:11:31,3.07e-05,checking for denormal floating point values
11:11:31,5.78e-05,transforming upgrade pars to model pars
11:11:31,0.0003493,writing upgrade vector to csv file
11:11:31,0.0122265,beginning upgrade vector calculations, lambda = 100
11:11:31,0.0001638,commencing calculation of upgrade vector
11:11:44,13.3842,forming JtQJ matrix
11:11:49,5.33227,commencing to scale JtQJ matrix- first SVD...
11:11:49,7.03e-05,starting REDSVD
11:11:50,1.23174,retrieving REDSVD components
11:11:50,0.0037956,triming REDSVD components to 368elements
11:11:50,0.002305,done REDSVD
11:11:51,0.0485311,S info: rows = 368: cols = 368: size = 135424: nonzeros = 368
11:11:51,2.41e-05,JS
11:11:51,0.309539,JS.transpose() * q_mat * JS + lambda * S.transpose() * S
11:11:56,5.46774,S info: rows = 368: cols = 368: size = 135424: nonzeros = 368
11:11:56,6.64e-05,commencing SVD factorization of lambda-scaled JtQJ
11:11:56,1.32e-05,starting REDSVD
11:11:57,0.528137,retrieving REDSVD components
11:11:57,0.0031993,triming REDSVD components to 105elements
11:11:57,0.0003801,done REDSVD
11:11:57,0.0001818,SVD factorization complete
11:11:57,0.0313623,commencing linear algebra multiplication to compute ugrade
11:11:57,1.73e-05,S info: rows = 368: cols = 368: size = 135424: nonzeros = 368Vt info: rows = 105: cols = 368: size = 38640: nonzeros = 38640
11:11:57,1.38e-05,U info: rows = 368: cols = 105: size = 38640: nonzeros = 38640
11:11:57,1.3e-05,jac info: rows = 40347: cols = 368: size = 14847696: nonzeros = 12182469
11:11:57,0.194942,linear algebra multiplication to compute ugrade complete
11:11:57,0.0168859,commencing check of parameter bounds and gradients
11:11:57,0.0002305,commencing calculation of upgrade vector
11:12:11,13.4234,forming JtQJ matrix
11:12:16,5.32493,commencing to scale JtQJ matrix- first SVD...
11:12:16,7.53e-05,starting REDSVD
11:12:17,1.2429,retrieving REDSVD components
11:12:17,0.003922,triming REDSVD components to 368elements
11:12:17,0.0023287,done REDSVD
11:12:17,0.0487476,S info: rows = 368: cols = 368: size = 135424: nonzeros = 368
11:12:17,2.41e-05,JS
11:12:17,0.31169,JS.transpose() * q_mat * JS + lambda * S.transpose() * S
11:12:23,5.50879,S info: rows = 368: cols = 368: size = 135424: nonzeros = 368
11:12:23,6.55e-05,commencing SVD factorization of lambda-scaled JtQJ
11:12:23,1.27e-05,starting REDSVD
11:12:23,0.528625,retrieving REDSVD components
11:12:23,0.0038862,triming REDSVD components to 105elements
11:12:23,0.0003779,done REDSVD
11:12:23,0.0001857,SVD factorization complete
11:12:24,0.0313712,commencing linear algebra multiplication to compute ugrade
11:12:24,1.6e-05,S info: rows = 368: cols = 368: size = 135424: nonzeros = 368Vt info: rows = 105: cols = 368: size = 38640: nonzeros = 38640
11:12:24,1.15e-05,U info: rows = 368: cols = 105: size = 38640: nonzeros = 38640
11:12:24,1.16e-05,jac info: rows = 40347: cols = 368: size = 14847696: nonzeros = 12182469
11:12:24,0.196102,linear algebra multiplication to compute ugrade complete
11:12:24,0.0167927,commencing check of parameter bounds
11:12:24,0.0001891,limiting out of bounds pars
11:12:24,0.0003122,change limit/bound enforement for lambda 100: upper bound,SY_012, scaling factor: 0.0366778
11:12:24,3.1e-05,checking for denormal floating point values
11:12:24,5.55e-05,transforming upgrade pars to model pars
11:12:24,0.0003466,writing upgrade vector to csv file
11:12:24,0.0121259,beginning upgrade vector calculations, lambda = 1000
11:12:24,0.0001574,commencing calculation of upgrade vector
11:12:37,13.3907,forming JtQJ matrix
11:12:42,5.31437,commencing to scale JtQJ matrix- first SVD...
11:12:42,7.15e-05,starting REDSVD
11:12:44,1.23795,retrieving REDSVD components
11:12:44,0.0038235,triming REDSVD components to 368elements
11:12:44,0.0023221,done REDSVD
11:12:44,0.048717,S info: rows = 368: cols = 368: size = 135424: nonzeros = 368
11:12:44,2.51e-05,JS
11:12:44,0.312326,JS.transpose() * q_mat * JS + lambda * S.transpose() * S
11:12:50,5.48062,S info: rows = 368: cols = 368: size = 135424: nonzeros = 368
11:12:50,6.49e-05,commencing SVD factorization of lambda-scaled JtQJ
11:12:50,1.32e-05,starting REDSVD
11:12:50,0.53462,retrieving REDSVD components
11:12:50,0.0036592,triming REDSVD components to 123elements
11:12:50,0.000442,done REDSVD
11:12:50,0.0001922,SVD factorization complete
11:12:50,0.0366597,commencing linear algebra multiplication to compute ugrade
11:12:50,1.74e-05,S info: rows = 368: cols = 368: size = 135424: nonzeros = 368Vt info: rows = 123: cols = 368: size = 45264: nonzeros = 45264
11:12:50,1.31e-05,U info: rows = 368: cols = 123: size = 45264: nonzeros = 45264
11:12:50,1.27e-05,jac info: rows = 40347: cols = 368: size = 14847696: nonzeros = 12182469
11:12:50,0.196036,linear algebra multiplication to compute ugrade complete
11:12:50,0.0169199,commencing check of parameter bounds and gradients
11:12:50,0.0002408,commencing calculation of upgrade vector
11:13:04,13.444,forming JtQJ matrix
11:13:09,5.30846,commencing to scale JtQJ matrix- first SVD...
11:13:09,6.62e-05,starting REDSVD
11:13:10,1.23719,retrieving REDSVD components
11:13:10,0.0037492,triming REDSVD components to 368elements
11:13:10,0.0022303,done REDSVD
11:13:10,0.0485516,S info: rows = 368: cols = 368: size = 135424: nonzeros = 368
11:13:10,2.36e-05,JS
11:13:11,0.309784,JS.transpose() * q_mat * JS + lambda * S.transpose() * S
11:13:16,5.47382,S info: rows = 368: cols = 368: size = 135424: nonzeros = 368
11:13:16,6.49e-05,commencing SVD factorization of lambda-scaled JtQJ
11:13:16,1.21e-05,starting REDSVD
11:13:17,0.534251,retrieving REDSVD components
11:13:17,0.0033747,triming REDSVD components to 123elements
11:13:17,0.000462,done REDSVD
11:13:17,0.0001873,SVD factorization complete
11:13:17,0.0367465,commencing linear algebra multiplication to compute ugrade
11:13:17,1.58e-05,S info: rows = 368: cols = 368: size = 135424: nonzeros = 368Vt info: rows = 123: cols = 368: size = 45264: nonzeros = 45264
11:13:17,1.12e-05,U info: rows = 368: cols = 123: size = 45264: nonzeros = 45264
11:13:17,1.13e-05,jac info: rows = 40347: cols = 368: size = 14847696: nonzeros = 12182469
11:13:17,0.196485,linear algebra multiplication to compute ugrade complete
11:13:17,0.0168826,commencing check of parameter bounds
11:13:17,0.0001912,limiting out of bounds pars
11:13:17,0.0003152,change limit/bound enforement for lambda 1000: upper bound,SY_042, scaling factor: 0.00310713
11:13:17,0.000808,checking for denormal floating point values
11:13:17,6.14e-05,transforming upgrade pars to model pars
11:13:17,0.0003571,writing upgrade vector to csv file
15:41:48,16111.2,completed iteration 3
15:42:26,37.7589,beginning iteration 4
15:42:26,0.000434,commencing to build jacobian parameter sets
15:42:27,0.868473,jacobian parameter sets built, commencing model runs
09:41:22,64735.4,jacobian runs complete, processing runs
09:42:48,85.5912,processing jacobian runs complete
09:42:48,7.19e-05,saving jacobian and sen files
09:43:14,26.623,commencing calculation of upgrade vector
09:43:27,13.0845,forming JtQJ matrix
09:43:33,5.06451,commencing to scale JtQJ matrix- first SVD...
09:43:33,6.45e-05,starting REDSVD
09:43:34,1.22934,retrieving REDSVD components
09:43:34,0.0038599,triming REDSVD components to 368elements
09:43:34,0.0023916,done REDSVD
09:43:34,0.0486076,S info: rows = 368: cols = 368: size = 135424: nonzeros = 368
09:43:34,2.25e-05,JS
09:43:34,0.305592,JS.transpose() * q_mat * JS + lambda * S.transpose() * S
09:43:39,5.21151,S info: rows = 368: cols = 368: size = 135424: nonzeros = 368
09:43:39,6.44e-05,commencing SVD factorization of lambda-scaled JtQJ
09:43:39,1.15e-05,starting REDSVD
09:43:40,0.55389,retrieving REDSVD components
09:43:40,0.0034995,triming REDSVD components to 286elements
09:43:40,0.0026846,done REDSVD
09:43:40,0.0001831,SVD factorization complete
09:43:40,0.0848669,commencing linear algebra multiplication to compute ugrade
09:43:40,1.86e-05,S info: rows = 368: cols = 368: size = 135424: nonzeros = 368Vt info: rows = 286: cols = 368: size = 105248: nonzeros = 105248
09:43:40,1.25e-05,U info: rows = 368: cols = 286: size = 105248: nonzeros = 105248
09:43:40,1.19e-05,jac info: rows = 40347: cols = 368: size = 14847696: nonzeros = 11757319
09:43:40,0.192568,linear algebra multiplication to compute ugrade complete
09:43:40,0.016165,commencing check of parameter bounds and gradients
09:43:40,0.118036,beginning upgrade vector calculations, lambda = 0.1
09:43:40,0.0001762,commencing calculation of upgrade vector
09:43:56,15.1846,forming JtQJ matrix
09:44:01,5.05054,commencing to scale JtQJ matrix- first SVD...
09:44:01,7.08e-05,starting REDSVD
09:44:02,1.23343,retrieving REDSVD components
09:44:02,0.0038269,triming REDSVD components to 367elements
09:44:02,0.0024598,done REDSVD
09:44:02,0.0483523,S info: rows = 367: cols = 367: size = 134689: nonzeros = 367
09:44:02,2.25e-05,JS
09:44:02,0.30526,JS.transpose() * q_mat * JS + lambda * S.transpose() * S
09:44:07,5.17867,S info: rows = 367: cols = 367: size = 134689: nonzeros = 367
09:44:07,6.08e-05,commencing SVD factorization of lambda-scaled JtQJ
09:44:07,1.2e-05,starting REDSVD
09:44:08,0.520465,retrieving REDSVD components
09:44:08,0.0033737,triming REDSVD components to 285elements
09:44:08,0.0020387,done REDSVD
09:44:08,0.0001779,SVD factorization complete
09:44:08,0.0848649,commencing linear algebra multiplication to compute ugrade
09:44:08,1.72e-05,S info: rows = 367: cols = 367: size = 134689: nonzeros = 367Vt info: rows = 285: cols = 367: size = 104595: nonzeros = 104595
09:44:08,1.25e-05,U info: rows = 367: cols = 285: size = 104595: nonzeros = 104595
09:44:08,1.15e-05,jac info: rows = 40347: cols = 367: size = 14807349: nonzeros = 11729698
09:44:08,0.190291,linear algebra multiplication to compute ugrade complete
09:44:08,0.0159512,commencing check of parameter bounds and gradients
09:44:08,0.0002297,commencing calculation of upgrade vector
09:44:23,15.2342,forming JtQJ matrix
09:44:28,5.02228,commencing to scale JtQJ matrix- first SVD...
09:44:28,7.28e-05,starting REDSVD
09:44:30,1.23248,retrieving REDSVD components
09:44:30,0.003806,triming REDSVD components to 367elements
09:44:30,0.0023752,done REDSVD
09:44:30,0.0485311,S info: rows = 367: cols = 367: size = 134689: nonzeros = 367
09:44:30,2.76e-05,JS
09:44:30,0.305554,JS.transpose() * q_mat * JS + lambda * S.transpose() * S
09:44:35,5.18232,S info: rows = 367: cols = 367: size = 134689: nonzeros = 367
09:44:35,6.65e-05,commencing SVD factorization of lambda-scaled JtQJ
09:44:35,1.16e-05,starting REDSVD
09:44:36,0.520441,retrieving REDSVD components
09:44:36,0.0035396,triming REDSVD components to 285elements
09:44:36,0.0025362,done REDSVD
09:44:36,0.00021,SVD factorization complete
09:44:36,0.0843603,commencing linear algebra multiplication to compute ugrade
09:44:36,1.67e-05,S info: rows = 367: cols = 367: size = 134689: nonzeros = 367Vt info: rows = 285: cols = 367: size = 104595: nonzeros = 104595
09:44:36,1.19e-05,U info: rows = 367: cols = 285: size = 104595: nonzeros = 104595
09:44:36,1.08e-05,jac info: rows = 40347: cols = 367: size = 14807349: nonzeros = 11729698
09:44:36,0.191935,linear algebra multiplication to compute ugrade complete
09:44:36,0.0159579,commencing check of parameter bounds
09:44:36,0.0001942,limiting out of bounds pars
09:44:36,0.0002901,change limit/bound enforement for lambda 0.1: upper bound,SY_042, scaling factor: 0.000551201
09:44:36,0.0007897,checking for denormal floating point values
09:44:36,5.69e-05,transforming upgrade pars to model pars
09:44:36,0.0003557,writing upgrade vector to csv file
09:44:36,0.0115403,beginning upgrade vector calculations, lambda = 1
09:44:36,9.75e-05,commencing calculation of upgrade vector
09:44:51,15.1928,forming JtQJ matrix
09:44:56,5.04743,commencing to scale JtQJ matrix- first SVD...
09:44:56,7.06e-05,starting REDSVD
09:44:57,1.23415,retrieving REDSVD components
09:44:57,0.003977,triming REDSVD components to 367elements
09:44:57,0.0023802,done REDSVD
09:44:58,0.0483157,S info: rows = 367: cols = 367: size = 134689: nonzeros = 367
09:44:58,2.28e-05,JS
09:44:58,0.304559,JS.transpose() * q_mat * JS + lambda * S.transpose() * S
09:45:04,6.41128,S info: rows = 367: cols = 367: size = 134689: nonzeros = 367
09:45:04,6.4e-05,commencing SVD factorization of lambda-scaled JtQJ
09:45:04,1.24e-05,starting REDSVD
09:45:05,0.52483,retrieving REDSVD components
09:45:05,0.0036793,triming REDSVD components to 285elements
09:45:05,0.0021557,done REDSVD
09:45:05,0.0001794,SVD factorization complete
09:45:05,0.0842211,commencing linear algebra multiplication to compute ugrade
09:45:05,1.7e-05,S info: rows = 367: cols = 367: size = 134689: nonzeros = 367Vt info: rows = 285: cols = 367: size = 104595: nonzeros = 104595
09:45:05,1.16e-05,U info: rows = 367: cols = 285: size = 104595: nonzeros = 104595
09:45:05,1.12e-05,jac info: rows = 40347: cols = 367: size = 14807349: nonzeros = 11729698
09:45:05,0.191086,linear algebra multiplication to compute ugrade complete
09:45:05,0.0160995,commencing check of parameter bounds and gradients
09:45:05,0.0002396,commencing calculation of upgrade vector
09:45:20,15.2521,forming JtQJ matrix
09:45:25,5.02696,commencing to scale JtQJ matrix- first SVD...
09:45:25,6.88e-05,starting REDSVD
09:45:27,1.23299,retrieving REDSVD components
09:45:27,0.0038316,triming REDSVD components to 367elements
09:45:27,0.0023423,done REDSVD
09:45:27,0.0483596,S info: rows = 367: cols = 367: size = 134689: nonzeros = 367
09:45:27,2.46e-05,JS
09:45:27,0.30626,JS.transpose() * q_mat * JS + lambda * S.transpose() * S
09:45:32,5.19003,S info: rows = 367: cols = 367: size = 134689: nonzeros = 367
09:45:32,6.17e-05,commencing SVD factorization of lambda-scaled JtQJ
09:45:32,1.14e-05,starting REDSVD
09:45:33,0.522975,retrieving REDSVD components
09:45:33,0.0036269,triming REDSVD components to 285elements
09:45:33,0.0020174,done REDSVD
09:45:33,0.0001783,SVD factorization complete
09:45:33,0.0841473,commencing linear algebra multiplication to compute ugrade
09:45:33,1.62e-05,S info: rows = 367: cols = 367: size = 134689: nonzeros = 367Vt info: rows = 285: cols = 367: size = 104595: nonzeros = 104595
09:45:33,1.15e-05,U info: rows = 367: cols = 285: size = 104595: nonzeros = 104595
09:45:33,1.09e-05,jac info: rows = 40347: cols = 367: size = 14807349: nonzeros = 11729698
09:45:33,0.192818,linear algebra multiplication to compute ugrade complete
09:45:33,0.0159498,commencing check of parameter bounds
09:45:33,0.0001881,limiting out of bounds pars
09:45:33,0.0003056,change limit/bound enforement for lambda 1: upper bound,SY_042, scaling factor: 0.000560447
09:45:33,0.0007321,checking for denormal floating point values
09:45:33,6.08e-05,transforming upgrade pars to model pars
09:45:33,0.0003498,writing upgrade vector to csv file
09:45:33,0.0122681,beginning upgrade vector calculations, lambda = 10
09:45:33,0.0001051,commencing calculation of upgrade vector
09:45:48,15.2355,forming JtQJ matrix
09:45:53,5.0509,commencing to scale JtQJ matrix- first SVD...
09:45:53,6.33e-05,starting REDSVD
09:45:54,1.23309,retrieving REDSVD components
09:45:54,0.003883,triming REDSVD components to 367elements
09:45:54,0.0022804,done REDSVD
09:45:55,0.0484025,S info: rows = 367: cols = 367: size = 134689: nonzeros = 367
09:45:55,2.33e-05,JS
09:45:55,0.304901,JS.transpose() * q_mat * JS + lambda * S.transpose() * S
09:46:00,5.19507,S info: rows = 367: cols = 367: size = 134689: nonzeros = 367
09:46:00,6.42e-05,commencing SVD factorization of lambda-scaled JtQJ
09:46:00,1.2e-05,starting REDSVD
09:46:01,0.528465,retrieving REDSVD components
09:46:01,0.0035732,triming REDSVD components to 287elements
09:46:01,0.0018569,done REDSVD
09:46:01,0.0001813,SVD factorization complete
09:46:01,0.0848298,commencing linear algebra multiplication to compute ugrade
09:46:01,1.67e-05,S info: rows = 367: cols = 367: size = 134689: nonzeros = 367Vt info: rows = 287: cols = 367: size = 105329: nonzeros = 105329
09:46:01,1.21e-05,U info: rows = 367: cols = 287: size = 105329: nonzeros = 105329
09:46:01,1.13e-05,jac info: rows = 40347: cols = 367: size = 14807349: nonzeros = 11729698
09:46:01,0.192164,linear algebra multiplication to compute ugrade complete
09:46:01,0.0161566,commencing check of parameter bounds and gradients
09:46:01,0.0002322,commencing calculation of upgrade vector
09:46:16,15.2751,forming JtQJ matrix
09:46:21,5.02871,commencing to scale JtQJ matrix- first SVD...
09:46:21,6.96e-05,starting REDSVD
09:46:22,1.23259,retrieving REDSVD components
09:46:22,0.0038224,triming REDSVD components to 367elements
09:46:22,0.0023094,done REDSVD
09:46:22,0.0482985,S info: rows = 367: cols = 367: size = 134689: nonzeros = 367
09:46:22,2.33e-05,JS
09:46:23,0.305198,JS.transpose() * q_mat * JS + lambda * S.transpose() * S
09:46:28,5.193,S info: rows = 367: cols = 367: size = 134689: nonzeros = 367
09:46:28,5.94e-05,commencing SVD factorization of lambda-scaled JtQJ
09:46:28,1.17e-05,starting REDSVD
09:46:28,0.52847,retrieving REDSVD components
09:46:28,0.0036402,triming REDSVD components to 287elements
09:46:28,0.0018653,done REDSVD
09:46:28,0.0001804,SVD factorization complete
09:46:29,0.0848866,commencing linear algebra multiplication to compute ugrade
09:46:29,1.64e-05,S info: rows = 367: cols = 367: size = 134689: nonzeros = 367Vt info: rows = 287: cols = 367: size = 105329: nonzeros = 105329
09:46:29,1.18e-05,U info: rows = 367: cols = 287: size = 105329: nonzeros = 105329
09:46:29,3.6e-05,jac info: rows = 40347: cols = 367: size = 14807349: nonzeros = 11729698
09:46:29,0.192293,linear algebra multiplication to compute ugrade complete
09:46:29,0.0159368,commencing check of parameter bounds
09:46:29,0.0001891,limiting out of bounds pars
09:46:29,0.0003091,change limit/bound enforement for lambda 10: upper bound,SY_042, scaling factor: 0.000515675
09:46:29,0.0007564,checking for denormal floating point values
09:46:29,5.82e-05,transforming upgrade pars to model pars
09:46:29,0.0003396,writing upgrade vector to csv file
09:46:29,0.012203,beginning upgrade vector calculations, lambda = 100
09:46:29,0.0001049,commencing calculation of upgrade vector
09:46:44,15.2432,forming JtQJ matrix
09:46:49,5.05291,commencing to scale JtQJ matrix- first SVD...
09:46:49,6.55e-05,starting REDSVD
09:46:50,1.23159,retrieving REDSVD components
09:46:50,0.0038493,triming REDSVD components to 367elements
09:46:50,0.0023057,done REDSVD
09:46:50,0.0483291,S info: rows = 367: cols = 367: size = 134689: nonzeros = 367
09:46:50,2.3e-05,JS
09:46:51,0.304991,JS.transpose() * q_mat * JS + lambda * S.transpose() * S
09:46:56,5.18876,S info: rows = 367: cols = 367: size = 134689: nonzeros = 367
09:46:56,6.43e-05,commencing SVD factorization of lambda-scaled JtQJ
09:46:56,1.15e-05,starting REDSVD
09:46:56,0.532745,retrieving REDSVD components
09:46:56,0.0035672,triming REDSVD components to 293elements
09:46:56,0.00188,done REDSVD
09:46:56,0.0001787,SVD factorization complete
09:46:57,0.0866959,commencing linear algebra multiplication to compute ugrade
09:46:57,1.61e-05,S info: rows = 367: cols = 367: size = 134689: nonzeros = 367Vt info: rows = 293: cols = 367: size = 107531: nonzeros = 107531
09:46:57,1.21e-05,U info: rows = 367: cols = 293: size = 107531: nonzeros = 107531
09:46:57,1.11e-05,jac info: rows = 40347: cols = 367: size = 14807349: nonzeros = 11729698
09:46:57,0.191011,linear algebra multiplication to compute ugrade complete
09:46:57,0.0160838,commencing check of parameter bounds and gradients
09:46:57,0.0002533,commencing calculation of upgrade vector
09:47:12,15.2374,forming JtQJ matrix
09:47:17,5.02544,commencing to scale JtQJ matrix- first SVD...
09:47:17,6.63e-05,starting REDSVD
09:47:18,1.23171,retrieving REDSVD components
09:47:18,0.0038832,triming REDSVD components to 367elements
09:47:18,0.0023662,done REDSVD
09:47:18,0.0483964,S info: rows = 367: cols = 367: size = 134689: nonzeros = 367
09:47:18,2.42e-05,JS
09:47:19,0.305229,JS.transpose() * q_mat * JS + lambda * S.transpose() * S
09:47:24,5.18662,S info: rows = 367: cols = 367: size = 134689: nonzeros = 367
09:47:24,5.44e-05,commencing SVD factorization of lambda-scaled JtQJ
09:47:24,1.25e-05,starting REDSVD
09:47:24,0.535851,retrieving REDSVD components
09:47:24,0.0035753,triming REDSVD components to 293elements
09:47:24,0.0018764,done REDSVD
09:47:24,0.0001791,SVD factorization complete
09:47:24,0.0868553,commencing linear algebra multiplication to compute ugrade
09:47:24,1.96e-05,S info: rows = 367: cols = 367: size = 134689: nonzeros = 367Vt info: rows = 293: cols = 367: size = 107531: nonzeros = 107531
09:47:24,1.2e-05,U info: rows = 367: cols = 293: size = 107531: nonzeros = 107531
09:47:24,1.13e-05,jac info: rows = 40347: cols = 367: size = 14807349: nonzeros = 11729698
09:47:25,0.19242,linear algebra multiplication to compute ugrade complete
09:47:25,0.0160181,commencing check of parameter bounds
09:47:25,0.0001835,limiting out of bounds pars
09:47:25,0.0002998,change limit/bound enforement for lambda 100: upper bound,SY_042, scaling factor: 0.000994486
09:47:25,0.0008199,checking for denormal floating point values
09:47:25,5.73e-05,transforming upgrade pars to model pars
09:47:25,0.0003449,writing upgrade vector to csv file
09:47:25,0.0120895,beginning upgrade vector calculations, lambda = 1000
09:47:25,0.0001019,commencing calculation of upgrade vector
09:47:40,15.1978,forming JtQJ matrix
09:47:45,5.04884,commencing to scale JtQJ matrix- first SVD...
09:47:45,0.0001273,starting REDSVD
09:47:46,1.23245,retrieving REDSVD components
09:47:46,0.0038118,triming REDSVD components to 367elements
09:47:46,0.0022914,done REDSVD
09:47:46,0.0483454,S info: rows = 367: cols = 367: size = 134689: nonzeros = 367
09:47:46,2.29e-05,JS
09:47:46,0.304993,JS.transpose() * q_mat * JS + lambda * S.transpose() * S
09:47:52,5.18557,S info: rows = 367: cols = 367: size = 134689: nonzeros = 367
09:47:52,6.39e-05,commencing SVD factorization of lambda-scaled JtQJ
09:47:52,1.14e-05,starting REDSVD
09:47:52,0.535699,retrieving REDSVD components
09:47:52,0.0036355,triming REDSVD components to 301elements
09:47:52,0.0019235,done REDSVD
09:47:52,0.0001812,SVD factorization complete
09:47:52,0.0897818,commencing linear algebra multiplication to compute ugrade
09:47:52,2.39e-05,S info: rows = 367: cols = 367: size = 134689: nonzeros = 367Vt info: rows = 301: cols = 367: size = 110467: nonzeros = 110467
09:47:52,1.28e-05,U info: rows = 367: cols = 301: size = 110467: nonzeros = 110467
09:47:52,1.19e-05,jac info: rows = 40347: cols = 367: size = 14807349: nonzeros = 11729698
09:47:52,0.193121,linear algebra multiplication to compute ugrade complete
09:47:52,0.0159853,commencing check of parameter bounds and gradients
09:47:52,0.0002406,commencing calculation of upgrade vector
09:48:08,15.2497,forming JtQJ matrix
09:48:13,5.03319,commencing to scale JtQJ matrix- first SVD...
09:48:13,7.05e-05,starting REDSVD
09:48:14,1.23117,retrieving REDSVD components
09:48:14,0.0038482,triming REDSVD components to 367elements
09:48:14,0.0023186,done REDSVD
09:48:14,0.0483673,S info: rows = 367: cols = 367: size = 134689: nonzeros = 367
09:48:14,2.27e-05,JS
09:48:14,0.306376,JS.transpose() * q_mat * JS + lambda * S.transpose() * S
09:48:20,5.18158,S info: rows = 367: cols = 367: size = 134689: nonzeros = 367
09:48:20,5.94e-05,commencing SVD factorization of lambda-scaled JtQJ
09:48:20,1.17e-05,starting REDSVD
09:48:20,0.535748,retrieving REDSVD components
09:48:20,0.0036163,triming REDSVD components to 301elements
09:48:20,0.0019349,done REDSVD
09:48:20,0.0001778,SVD factorization complete
09:48:20,0.089496,commencing linear algebra multiplication to compute ugrade
09:48:20,1.75e-05,S info: rows = 367: cols = 367: size = 134689: nonzeros = 367Vt info: rows = 301: cols = 367: size = 110467: nonzeros = 110467
09:48:20,1.2e-05,U info: rows = 367: cols = 301: size = 110467: nonzeros = 110467
09:48:20,1.13e-05,jac info: rows = 40347: cols = 367: size = 14807349: nonzeros = 11729698
09:48:20,0.191926,linear algebra multiplication to compute ugrade complete
09:48:20,0.015982,commencing check of parameter bounds
09:48:20,0.0002038,limiting out of bounds pars
09:48:20,0.0003082,change limit/bound enforement for lambda 1000: upper bound,SY_042, scaling factor: 0.0129589
09:48:20,2.36e-05,checking for denormal floating point values
09:48:20,5.97e-05,transforming upgrade pars to model pars
09:48:20,0.0003385,writing upgrade vector to csv file
14:13:28,15907.8,completed iteration 4
14:14:05,37.1411,beginning iteration 5
14:14:05,0.0004686,commencing to build jacobian parameter sets
14:14:06,0.900238,jacobian parameter sets built, commencing model runs
09:18:05,68639.2,jacobian runs complete, processing runs
09:19:32,86.6191,processing jacobian runs complete
09:19:32,6.74e-05,saving jacobian and sen files
09:20:00,27.8269,commencing calculation of upgrade vector
09:20:13,13.5927,forming JtQJ matrix
09:20:19,5.24205,commencing to scale JtQJ matrix- first SVD...
09:20:19,7.38e-05,starting REDSVD
09:20:20,1.13703,retrieving REDSVD components
09:20:20,0.0036819,triming REDSVD components to 368elements
09:20:20,0.0028077,done REDSVD
09:20:20,0.049167,S info: rows = 368: cols = 368: size = 135424: nonzeros = 368
09:20:20,2.55e-05,JS
09:20:20,0.30912,JS.transpose() * q_mat * JS + lambda * S.transpose() * S
09:20:26,5.39173,S info: rows = 368: cols = 368: size = 135424: nonzeros = 368
09:20:26,6.3e-05,commencing SVD factorization of lambda-scaled JtQJ
09:20:26,8.42e-05,starting REDSVD
09:20:26,0.551674,retrieving REDSVD components
09:20:26,0.003478,triming REDSVD components to 293elements
09:20:26,0.0018944,done REDSVD
09:20:26,0.000183,SVD factorization complete
09:20:26,0.0872045,commencing linear algebra multiplication to compute ugrade
09:20:26,1.94e-05,S info: rows = 368: cols = 368: size = 135424: nonzeros = 368Vt info: rows = 293: cols = 368: size = 107824: nonzeros = 107824
09:20:26,1.26e-05,U info: rows = 368: cols = 293: size = 107824: nonzeros = 107824
09:20:26,1.25e-05,jac info: rows = 40347: cols = 368: size = 14847696: nonzeros = 12042621
09:20:26,0.193959,linear algebra multiplication to compute ugrade complete
09:20:26,0.0159227,commencing check of parameter bounds and gradients
09:20:27,0.119504,beginning upgrade vector calculations, lambda = 0.1
09:20:27,0.0001786,commencing calculation of upgrade vector
09:20:42,15.7598,forming JtQJ matrix
09:20:48,5.22009,commencing to scale JtQJ matrix- first SVD...
09:20:48,6.26e-05,starting REDSVD
09:20:49,1.08326,retrieving REDSVD components
09:20:49,0.0038233,triming REDSVD components to 367elements
09:20:49,0.0022765,done REDSVD
09:20:49,0.0485699,S info: rows = 367: cols = 367: size = 134689: nonzeros = 367
09:20:49,2.59e-05,JS
09:20:49,0.308902,JS.transpose() * q_mat * JS + lambda * S.transpose() * S
09:20:54,5.35784,S info: rows = 367: cols = 367: size = 134689: nonzeros = 367
09:20:54,6.03e-05,commencing SVD factorization of lambda-scaled JtQJ
09:20:54,1.22e-05,starting REDSVD
09:20:55,0.530017,retrieving REDSVD components
09:20:55,0.0037828,triming REDSVD components to 291elements
09:20:55,0.0018666,done REDSVD
09:20:55,0.0001714,SVD factorization complete
09:20:55,0.0864406,commencing linear algebra multiplication to compute ugrade
09:20:55,1.74e-05,S info: rows = 367: cols = 367: size = 134689: nonzeros = 367Vt info: rows = 291: cols = 367: size = 106797: nonzeros = 106797
09:20:55,1.28e-05,U info: rows = 367: cols = 291: size = 106797: nonzeros = 106797
09:20:55,1.16e-05,jac info: rows = 40347: cols = 367: size = 14807349: nonzeros = 12006518
09:20:55,0.194347,linear algebra multiplication to compute ugrade complete
09:20:55,0.0156644,commencing check of parameter bounds and gradients
09:20:55,0.0002334,commencing calculation of upgrade vector
09:21:11,15.9301,forming JtQJ matrix
09:21:16,5.21824,commencing to scale JtQJ matrix- first SVD...
09:21:16,7.29e-05,starting REDSVD
09:21:17,1.08252,retrieving REDSVD components
09:21:17,0.004006,triming REDSVD components to 367elements
09:21:17,0.0023893,done REDSVD
09:21:17,0.0484217,S info: rows = 367: cols = 367: size = 134689: nonzeros = 367
09:21:17,3.97e-05,JS
09:21:18,0.309338,JS.transpose() * q_mat * JS + lambda * S.transpose() * S
09:21:23,5.35622,S info: rows = 367: cols = 367: size = 134689: nonzeros = 367
09:21:23,6.4e-05,commencing SVD factorization of lambda-scaled JtQJ
09:21:23,1.28e-05,starting REDSVD
09:21:24,0.5367,retrieving REDSVD components
09:21:24,0.0036384,triming REDSVD components to 291elements
09:21:24,0.0019576,done REDSVD
09:21:24,0.0001976,SVD factorization complete
09:21:24,0.086106,commencing linear algebra multiplication to compute ugrade
09:21:24,1.86e-05,S info: rows = 367: cols = 367: size = 134689: nonzeros = 367Vt info: rows = 291: cols = 367: size = 106797: nonzeros = 106797
09:21:24,1.16e-05,U info: rows = 367: cols = 291: size = 106797: nonzeros = 106797
09:21:24,1.14e-05,jac info: rows = 40347: cols = 367: size = 14807349: nonzeros = 12006518
09:21:24,0.196159,linear algebra multiplication to compute ugrade complete
09:21:24,0.0157548,commencing check of parameter bounds
09:21:24,0.0001984,limiting out of bounds pars
09:21:24,0.0003154,change limit/bound enforement for lambda 0.1: upper bound,SY_013, scaling factor: 0.00740121
09:21:24,0.000818,checking for denormal floating point values
09:21:24,7.39e-05,transforming upgrade pars to model pars
09:21:24,0.0003668,writing upgrade vector to csv file
09:21:24,0.0133449,beginning upgrade vector calculations, lambda = 1
09:21:24,0.0001065,commencing calculation of upgrade vector
09:21:40,15.851,forming JtQJ matrix
09:21:45,5.22086,commencing to scale JtQJ matrix- first SVD...
09:21:45,7.09e-05,starting REDSVD
09:21:46,1.08266,retrieving REDSVD components
09:21:46,0.0038626,triming REDSVD components to 367elements
09:21:46,0.0023884,done REDSVD
09:21:46,0.048722,S info: rows = 367: cols = 367: size = 134689: nonzeros = 367
09:21:46,3.9e-05,JS
09:21:47,0.308344,JS.transpose() * q_mat * JS + lambda * S.transpose() * S
09:21:52,5.37666,S info: rows = 367: cols = 367: size = 134689: nonzeros = 367
09:21:52,6.59e-05,commencing SVD factorization of lambda-scaled JtQJ
09:21:52,1.21e-05,starting REDSVD
09:21:52,0.533932,retrieving REDSVD components
09:21:52,0.0035775,triming REDSVD components to 291elements
09:21:52,0.0018766,done REDSVD
09:21:52,0.0001866,SVD factorization complete
09:21:53,0.0858077,commencing linear algebra multiplication to compute ugrade
09:21:53,1.8e-05,S info: rows = 367: cols = 367: size = 134689: nonzeros = 367Vt info: rows = 291: cols = 367: size = 106797: nonzeros = 106797
09:21:53,1.21e-05,U info: rows = 367: cols = 291: size = 106797: nonzeros = 106797
09:21:53,1.14e-05,jac info: rows = 40347: cols = 367: size = 14807349: nonzeros = 12006518
09:21:53,0.193852,linear algebra multiplication to compute ugrade complete
09:21:53,0.0155317,commencing check of parameter bounds and gradients
09:21:53,0.000247,commencing calculation of upgrade vector
09:22:09,15.9079,forming JtQJ matrix
09:22:14,5.21156,commencing to scale JtQJ matrix- first SVD...
09:22:14,7.39e-05,starting REDSVD
09:22:15,1.08249,retrieving REDSVD components
09:22:15,0.003847,triming REDSVD components to 367elements
09:22:15,0.0022132,done REDSVD
09:22:15,0.0483803,S info: rows = 367: cols = 367: size = 134689: nonzeros = 367
09:22:15,2.83e-05,JS
09:22:15,0.308036,JS.transpose() * q_mat * JS + lambda * S.transpose() * S
09:22:21,5.36465,S info: rows = 367: cols = 367: size = 134689: nonzeros = 367
09:22:21,6.09e-05,commencing SVD factorization of lambda-scaled JtQJ
09:22:21,1.31e-05,starting REDSVD
09:22:21,0.534106,retrieving REDSVD components
09:22:21,0.0036761,triming REDSVD components to 291elements
09:22:21,0.0018822,done REDSVD
09:22:21,0.0001986,SVD factorization complete
09:22:21,0.0866258,commencing linear algebra multiplication to compute ugrade
09:22:21,1.83e-05,S info: rows = 367: cols = 367: size = 134689: nonzeros = 367Vt info: rows = 291: cols = 367: size = 106797: nonzeros = 106797
09:22:21,1.25e-05,U info: rows = 367: cols = 291: size = 106797: nonzeros = 106797
09:22:21,1.13e-05,jac info: rows = 40347: cols = 367: size = 14807349: nonzeros = 12006518
09:22:21,0.194005,linear algebra multiplication to compute ugrade complete
09:22:21,0.0157265,commencing check of parameter bounds
09:22:21,0.0001941,limiting out of bounds pars
09:22:21,0.0003148,change limit/bound enforement for lambda 1: upper bound,SY_013, scaling factor: 0.00740266
09:22:21,0.0007829,checking for denormal floating point values
09:22:21,7.64e-05,transforming upgrade pars to model pars
09:22:21,0.000354,writing upgrade vector to csv file
09:22:21,0.0122764,beginning upgrade vector calculations, lambda = 10
09:22:21,0.0001059,commencing calculation of upgrade vector
09:22:37,15.9395,forming JtQJ matrix
09:22:43,5.23351,commencing to scale JtQJ matrix- first SVD...
09:22:43,6.82e-05,starting REDSVD
09:22:44,1.09227,retrieving REDSVD components
09:22:44,0.0038847,triming REDSVD components to 367elements
09:22:44,0.0022162,done REDSVD
09:22:44,0.0487244,S info: rows = 367: cols = 367: size = 134689: nonzeros = 367
09:22:44,3.64e-05,JS
09:22:44,0.313592,JS.transpose() * q_mat * JS + lambda * S.transpose() * S
09:22:50,5.38355,S info: rows = 367: cols = 367: size = 134689: nonzeros = 367
09:22:50,6.4e-05,commencing SVD factorization of lambda-scaled JtQJ
09:22:50,1.22e-05,starting REDSVD
09:22:50,0.530184,retrieving REDSVD components
09:22:50,0.0035171,triming REDSVD components to 291elements
09:22:50,0.0018863,done REDSVD
09:22:50,0.0001808,SVD factorization complete
09:22:50,0.0867677,commencing linear algebra multiplication to compute ugrade
09:22:50,1.7e-05,S info: rows = 367: cols = 367: size = 134689: nonzeros = 367Vt info: rows = 291: cols = 367: size = 106797: nonzeros = 106797
09:22:50,1.19e-05,U info: rows = 367: cols = 291: size = 106797: nonzeros = 106797
09:22:50,1.14e-05,jac info: rows = 40347: cols = 367: size = 14807349: nonzeros = 12006518
09:22:50,0.194878,linear algebra multiplication to compute ugrade complete
09:22:50,0.0156305,commencing check of parameter bounds and gradients
09:22:50,0.0002528,commencing calculation of upgrade vector
09:23:06,16.0087,forming JtQJ matrix
09:23:12,5.21151,commencing to scale JtQJ matrix- first SVD...
09:23:12,7.12e-05,starting REDSVD
09:23:13,1.08396,retrieving REDSVD components
09:23:13,0.003824,triming REDSVD components to 367elements
09:23:13,0.0021822,done REDSVD
09:23:13,0.048461,S info: rows = 367: cols = 367: size = 134689: nonzeros = 367
09:23:13,2.71e-05,JS
09:23:13,0.309178,JS.transpose() * q_mat * JS + lambda * S.transpose() * S
09:23:18,5.36468,S info: rows = 367: cols = 367: size = 134689: nonzeros = 367
09:23:18,6.65e-05,commencing SVD factorization of lambda-scaled JtQJ
09:23:18,1.22e-05,starting REDSVD
09:23:19,0.531357,retrieving REDSVD components
09:23:19,0.0034693,triming REDSVD components to 291elements
09:23:19,0.0018868,done REDSVD
09:23:19,0.0001769,SVD factorization complete
09:23:19,0.0865431,commencing linear algebra multiplication to compute ugrade
09:23:19,1.74e-05,S info: rows = 367: cols = 367: size = 134689: nonzeros = 367Vt info: rows = 291: cols = 367: size = 106797: nonzeros = 106797
09:23:19,1.23e-05,U info: rows = 367: cols = 291: size = 106797: nonzeros = 106797
09:23:19,1.13e-05,jac info: rows = 40347: cols = 367: size = 14807349: nonzeros = 12006518
09:23:19,0.193804,linear algebra multiplication to compute ugrade complete
09:23:19,0.0156302,commencing check of parameter bounds
09:23:19,0.0001896,limiting out of bounds pars
09:23:19,0.0003127,change limit/bound enforement for lambda 10: upper bound,SY_013, scaling factor: 0.00741832
09:23:19,0.0028153,checking for denormal floating point values
09:23:19,6.21e-05,transforming upgrade pars to model pars
09:23:19,0.0003442,writing upgrade vector to csv file
09:23:19,0.0121983,beginning upgrade vector calculations, lambda = 100
09:23:19,0.0001137,commencing calculation of upgrade vector
09:23:35,15.8609,forming JtQJ matrix
09:23:40,5.22856,commencing to scale JtQJ matrix- first SVD...
09:23:40,6.63e-05,starting REDSVD
09:23:41,1.0843,retrieving REDSVD components
09:23:41,0.003895,triming REDSVD components to 367elements
09:23:41,0.0022172,done REDSVD
09:23:41,0.0488582,S info: rows = 367: cols = 367: size = 134689: nonzeros = 367
09:23:41,4.69e-05,JS
09:23:42,0.308605,JS.transpose() * q_mat * JS + lambda * S.transpose() * S
09:23:47,5.38899,S info: rows = 367: cols = 367: size = 134689: nonzeros = 367
09:23:47,7.14e-05,commencing SVD factorization of lambda-scaled JtQJ
09:23:47,1.3e-05,starting REDSVD
09:23:48,0.541318,retrieving REDSVD components
09:23:48,0.0035232,triming REDSVD components to 294elements
09:23:48,0.0019923,done REDSVD
09:23:48,0.000192,SVD factorization complete
09:23:48,0.0876827,commencing linear algebra multiplication to compute ugrade
09:23:48,2.03e-05,S info: rows = 367: cols = 367: size = 134689: nonzeros = 367Vt info: rows = 294: cols = 367: size = 107898: nonzeros = 107898
09:23:48,1.28e-05,U info: rows = 367: cols = 294: size = 107898: nonzeros = 107898
09:23:48,1.14e-05,jac info: rows = 40347: cols = 367: size = 14807349: nonzeros = 12006518
09:23:48,0.194055,linear algebra multiplication to compute ugrade complete
09:23:48,0.0156442,commencing check of parameter bounds and gradients
09:23:48,0.0002479,commencing calculation of upgrade vector
09:24:04,15.8234,forming JtQJ matrix
09:24:09,5.19714,commencing to scale JtQJ matrix- first SVD...
09:24:09,6.79e-05,starting REDSVD
09:24:10,1.08752,retrieving REDSVD components
09:24:10,0.0038413,triming REDSVD components to 367elements
09:24:10,0.0022049,done REDSVD
09:24:10,0.0484003,S info: rows = 367: cols = 367: size = 134689: nonzeros = 367
09:24:10,2.52e-05,JS
09:24:10,0.307919,JS.transpose() * q_mat * JS + lambda * S.transpose() * S
09:24:16,5.36817,S info: rows = 367: cols = 367: size = 134689: nonzeros = 367
09:24:16,7e-05,commencing SVD factorization of lambda-scaled JtQJ
09:24:16,1.18e-05,starting REDSVD
09:24:16,0.535827,retrieving REDSVD components
09:24:16,0.0035336,triming REDSVD components to 294elements
09:24:16,0.0019034,done REDSVD
09:24:16,0.000218,SVD factorization complete
09:24:16,0.0879753,commencing linear algebra multiplication to compute ugrade
09:24:16,2.5e-05,S info: rows = 367: cols = 367: size = 134689: nonzeros = 367Vt info: rows = 294: cols = 367: size = 107898: nonzeros = 107898
09:24:16,1.26e-05,U info: rows = 367: cols = 294: size = 107898: nonzeros = 107898
09:24:16,1.17e-05,jac info: rows = 40347: cols = 367: size = 14807349: nonzeros = 12006518
09:24:17,0.194496,linear algebra multiplication to compute ugrade complete
09:24:17,0.015665,commencing check of parameter bounds
09:24:17,0.0001904,limiting out of bounds pars
09:24:17,0.0003175,change limit/bound enforement for lambda 100: upper bound,SY_013, scaling factor: 0.00766348
09:24:17,0.0008438,checking for denormal floating point values
09:24:17,5.96e-05,transforming upgrade pars to model pars
09:24:17,0.0003357,writing upgrade vector to csv file
09:24:17,0.0121184,beginning upgrade vector calculations, lambda = 1000
09:24:17,0.0001128,commencing calculation of upgrade vector
09:24:32,15.7853,forming JtQJ matrix
09:24:38,5.21819,commencing to scale JtQJ matrix- first SVD...
09:24:38,6.23e-05,starting REDSVD
09:24:39,1.0828,retrieving REDSVD components
09:24:39,0.0038864,triming REDSVD components to 367elements
09:24:39,0.0023744,done REDSVD
09:24:39,0.0486636,S info: rows = 367: cols = 367: size = 134689: nonzeros = 367
09:24:39,3.64e-05,JS
09:24:39,0.308315,JS.transpose() * q_mat * JS + lambda * S.transpose() * S
09:24:44,5.35836,S info: rows = 367: cols = 367: size = 134689: nonzeros = 367
09:24:44,7.01e-05,commencing SVD factorization of lambda-scaled JtQJ
09:24:44,1.27e-05,starting REDSVD
09:24:45,0.534806,retrieving REDSVD components
09:24:45,0.0036132,triming REDSVD components to 301elements
09:24:45,0.001916,done REDSVD
09:24:45,0.0001812,SVD factorization complete
09:24:45,0.088911,commencing linear algebra multiplication to compute ugrade
09:24:45,1.75e-05,S info: rows = 367: cols = 367: size = 134689: nonzeros = 367Vt info: rows = 301: cols = 367: size = 110467: nonzeros = 110467
09:24:45,1.22e-05,U info: rows = 367: cols = 301: size = 110467: nonzeros = 110467
09:24:45,1.17e-05,jac info: rows = 40347: cols = 367: size = 14807349: nonzeros = 12006518
09:24:45,0.193669,linear algebra multiplication to compute ugrade complete
09:24:45,0.015609,commencing check of parameter bounds and gradients
09:24:45,0.0002437,commencing calculation of upgrade vector
09:25:01,15.7415,forming JtQJ matrix
09:25:06,5.19206,commencing to scale JtQJ matrix- first SVD...
09:25:06,6.85e-05,starting REDSVD
09:25:07,1.08575,retrieving REDSVD components
09:25:07,0.0038385,triming REDSVD components to 367elements
09:25:07,0.0024688,done REDSVD
09:25:07,0.0482937,S info: rows = 367: cols = 367: size = 134689: nonzeros = 367
09:25:07,2.42e-05,JS
09:25:08,0.309451,JS.transpose() * q_mat * JS + lambda * S.transpose() * S
09:25:13,5.37471,S info: rows = 367: cols = 367: size = 134689: nonzeros = 367
09:25:13,5.93e-05,commencing SVD factorization of lambda-scaled JtQJ
09:25:13,1.29e-05,starting REDSVD
09:25:14,0.535833,retrieving REDSVD components
09:25:14,0.0035562,triming REDSVD components to 301elements
09:25:14,0.001927,done REDSVD
09:25:14,0.0001781,SVD factorization complete
09:25:14,0.0892387,commencing linear algebra multiplication to compute ugrade
09:25:14,1.67e-05,S info: rows = 367: cols = 367: size = 134689: nonzeros = 367Vt info: rows = 301: cols = 367: size = 110467: nonzeros = 110467
09:25:14,1.28e-05,U info: rows = 367: cols = 301: size = 110467: nonzeros = 110467
09:25:14,1.18e-05,jac info: rows = 40347: cols = 367: size = 14807349: nonzeros = 12006518
09:25:14,0.194193,linear algebra multiplication to compute ugrade complete
09:25:14,0.0156698,commencing check of parameter bounds
09:25:14,0.0001931,limiting out of bounds pars
09:25:14,0.0003143,change limit/bound enforement for lambda 1000: upper bound,SY_013, scaling factor: 0.00935699
09:25:14,0.0008289,checking for denormal floating point values
09:25:14,5.55e-05,transforming upgrade pars to model pars
09:25:14,0.000333,writing upgrade vector to csv file
