001 (4600.003.000) 2021-12-22 15:06:45 Job executing on host: <192.168.137.8:9618?sock=startd_11424_7866>
...
001 (4600.000.000) 2021-12-22 15:06:45 Job executing on host: <192.168.137.8:9618?sock=startd_11424_7866>
...
001 (4600.002.000) 2021-12-22 15:06:45 Job executing on host: <192.168.137.8:9618?sock=startd_11424_7866>
...
001 (4600.008.000) 2021-12-22 15:06:46 Job executing on host: <192.168.137.8:9618?sock=startd_11424_7866>
...
001 (4600.001.000) 2021-12-22 15:06:46 Job executing on host: <192.168.137.8:9618?sock=startd_11424_7866>
...
001 (4600.005.000) 2021-12-22 15:06:46 Job executing on host: <192.168.137.8:9618?sock=startd_11424_7866>
...
001 (4600.004.000) 2021-12-22 15:06:46 Job executing on host: <192.168.137.8:9618?sock=startd_11424_7866>
...
001 (4600.006.000) 2021-12-22 15:06:46 Job executing on host: <192.168.137.8:9618?sock=startd_11424_7866>
...
001 (4600.007.000) 2021-12-22 15:06:52 Job executing on host: <192.168.137.8:9618?sock=startd_11424_7866>
...
006 (4600.000.000) 2021-12-22 15:06:53 Image size of job updated: 20740
	21  -  MemoryUsage of job (MB)
	20740  -  ResidentSetSize of job (KB)
...
006 (4600.002.000) 2021-12-22 15:06:53 Image size of job updated: 20748
	21  -  MemoryUsage of job (MB)
	20748  -  ResidentSetSize of job (KB)
...
006 (4600.003.000) 2021-12-22 15:06:53 Image size of job updated: 20740
	21  -  MemoryUsage of job (MB)
	20740  -  ResidentSetSize of job (KB)
...
006 (4600.005.000) 2021-12-22 15:06:54 Image size of job updated: 20732
	21  -  MemoryUsage of job (MB)
	20732  -  ResidentSetSize of job (KB)
...
006 (4600.004.000) 2021-12-22 15:06:54 Image size of job updated: 20752
	21  -  MemoryUsage of job (MB)
	20752  -  ResidentSetSize of job (KB)
...
006 (4600.001.000) 2021-12-22 15:06:54 Image size of job updated: 20744
	21  -  MemoryUsage of job (MB)
	20744  -  ResidentSetSize of job (KB)
...
006 (4600.008.000) 2021-12-22 15:06:54 Image size of job updated: 20740
	21  -  MemoryUsage of job (MB)
	20740  -  ResidentSetSize of job (KB)
...
006 (4600.006.000) 2021-12-22 15:06:55 Image size of job updated: 20748
	21  -  MemoryUsage of job (MB)
	20748  -  ResidentSetSize of job (KB)
...
001 (4600.010.000) 2021-12-22 15:07:01 Job executing on host: <192.168.137.8:9618?sock=startd_11424_7866>
...
001 (4600.009.000) 2021-12-22 15:07:01 Job executing on host: <192.168.137.8:9618?sock=startd_11424_7866>
...
001 (4600.013.000) 2021-12-22 15:07:01 Job executing on host: <192.168.137.8:9618?sock=startd_11424_7866>
...
001 (4600.012.000) 2021-12-22 15:07:01 Job executing on host: <192.168.137.8:9618?sock=startd_11424_7866>
...
001 (4600.011.000) 2021-12-22 15:07:01 Job executing on host: <192.168.137.8:9618?sock=startd_11424_7866>
...
006 (4600.007.000) 2021-12-22 15:07:01 Image size of job updated: 20720
	21  -  MemoryUsage of job (MB)
	20720  -  ResidentSetSize of job (KB)
...
006 (4600.011.000) 2021-12-22 15:07:10 Image size of job updated: 1304
	2  -  MemoryUsage of job (MB)
	1304  -  ResidentSetSize of job (KB)
...
006 (4600.012.000) 2021-12-22 15:07:10 Image size of job updated: 20732
	21  -  MemoryUsage of job (MB)
	20732  -  ResidentSetSize of job (KB)
...
006 (4600.010.000) 2021-12-22 15:07:10 Image size of job updated: 20744
	21  -  MemoryUsage of job (MB)
	20744  -  ResidentSetSize of job (KB)
...
006 (4600.013.000) 2021-12-22 15:07:10 Image size of job updated: 20748
	21  -  MemoryUsage of job (MB)
	20748  -  ResidentSetSize of job (KB)
...
006 (4600.009.000) 2021-12-22 15:07:10 Image size of job updated: 20740
	21  -  MemoryUsage of job (MB)
	20740  -  ResidentSetSize of job (KB)
...
006 (4600.005.000) 2021-12-22 15:11:54 Image size of job updated: 20896
	21  -  MemoryUsage of job (MB)
	20896  -  ResidentSetSize of job (KB)
...
006 (4600.004.000) 2021-12-22 15:11:54 Image size of job updated: 20916
	21  -  MemoryUsage of job (MB)
	20916  -  ResidentSetSize of job (KB)
...
006 (4600.001.000) 2021-12-22 15:11:55 Image size of job updated: 20908
	21  -  MemoryUsage of job (MB)
	20908  -  ResidentSetSize of job (KB)
...
006 (4600.008.000) 2021-12-22 15:11:55 Image size of job updated: 20920
	21  -  MemoryUsage of job (MB)
	20920  -  ResidentSetSize of job (KB)
...
006 (4600.000.000) 2021-12-22 15:11:55 Image size of job updated: 20908
	21  -  MemoryUsage of job (MB)
	20908  -  ResidentSetSize of job (KB)
...
006 (4600.002.000) 2021-12-22 15:11:55 Image size of job updated: 20932
	21  -  MemoryUsage of job (MB)
	20932  -  ResidentSetSize of job (KB)
...
006 (4600.003.000) 2021-12-22 15:11:55 Image size of job updated: 20920
	21  -  MemoryUsage of job (MB)
	20920  -  ResidentSetSize of job (KB)
...
006 (4600.006.000) 2021-12-22 15:11:56 Image size of job updated: 20928
	21  -  MemoryUsage of job (MB)
	20928  -  ResidentSetSize of job (KB)
...
006 (4600.007.000) 2021-12-22 15:12:02 Image size of job updated: 20904
	21  -  MemoryUsage of job (MB)
	20904  -  ResidentSetSize of job (KB)
...
006 (4600.013.000) 2021-12-22 15:12:10 Image size of job updated: 20900
	21  -  MemoryUsage of job (MB)
	20900  -  ResidentSetSize of job (KB)
...
006 (4600.011.000) 2021-12-22 15:12:10 Image size of job updated: 20892
	21  -  MemoryUsage of job (MB)
	20892  -  ResidentSetSize of job (KB)
...
006 (4600.012.000) 2021-12-22 15:12:11 Image size of job updated: 20900
	21  -  MemoryUsage of job (MB)
	20900  -  ResidentSetSize of job (KB)
...
006 (4600.009.000) 2021-12-22 15:12:11 Image size of job updated: 20908
	21  -  MemoryUsage of job (MB)
	20908  -  ResidentSetSize of job (KB)
...
006 (4600.010.000) 2021-12-22 15:12:11 Image size of job updated: 20896
	21  -  MemoryUsage of job (MB)
	20896  -  ResidentSetSize of job (KB)
...
006 (4600.005.000) 2021-12-22 15:16:54 Image size of job updated: 21012
	21  -  MemoryUsage of job (MB)
	21012  -  ResidentSetSize of job (KB)
...
006 (4600.004.000) 2021-12-22 15:16:54 Image size of job updated: 21032
	21  -  MemoryUsage of job (MB)
	21032  -  ResidentSetSize of job (KB)
...
006 (4600.000.000) 2021-12-22 15:16:55 Image size of job updated: 20996
	21  -  MemoryUsage of job (MB)
	20996  -  ResidentSetSize of job (KB)
...
006 (4600.003.000) 2021-12-22 15:16:55 Image size of job updated: 21040
	21  -  MemoryUsage of job (MB)
	21040  -  ResidentSetSize of job (KB)
...
006 (4600.002.000) 2021-12-22 15:16:55 Image size of job updated: 21068
	21  -  MemoryUsage of job (MB)
	21068  -  ResidentSetSize of job (KB)
...
006 (4600.001.000) 2021-12-22 15:16:56 Image size of job updated: 21000
	21  -  MemoryUsage of job (MB)
	21000  -  ResidentSetSize of job (KB)
...
006 (4600.008.000) 2021-12-22 15:16:56 Image size of job updated: 21068
	21  -  MemoryUsage of job (MB)
	21068  -  ResidentSetSize of job (KB)
...
006 (4600.006.000) 2021-12-22 15:16:57 Image size of job updated: 21040
	21  -  MemoryUsage of job (MB)
	21040  -  ResidentSetSize of job (KB)
...
006 (4600.007.000) 2021-12-22 15:17:02 Image size of job updated: 21000
	21  -  MemoryUsage of job (MB)
	21000  -  ResidentSetSize of job (KB)
...
006 (4600.013.000) 2021-12-22 15:17:10 Image size of job updated: 20992
	21  -  MemoryUsage of job (MB)
	20992  -  ResidentSetSize of job (KB)
...
006 (4600.011.000) 2021-12-22 15:17:10 Image size of job updated: 20992
	21  -  MemoryUsage of job (MB)
	20992  -  ResidentSetSize of job (KB)
...
006 (4600.012.000) 2021-12-22 15:17:11 Image size of job updated: 21052
	21  -  MemoryUsage of job (MB)
	21052  -  ResidentSetSize of job (KB)
...
006 (4600.009.000) 2021-12-22 15:17:11 Image size of job updated: 21052
	21  -  MemoryUsage of job (MB)
	21052  -  ResidentSetSize of job (KB)
...
006 (4600.010.000) 2021-12-22 15:17:11 Image size of job updated: 20996
	21  -  MemoryUsage of job (MB)
	20996  -  ResidentSetSize of job (KB)
...
006 (4600.005.000) 2021-12-22 15:21:56 Image size of job updated: 21176
	21  -  MemoryUsage of job (MB)
	21176  -  ResidentSetSize of job (KB)
...
006 (4600.000.000) 2021-12-22 15:21:56 Image size of job updated: 21164
	21  -  MemoryUsage of job (MB)
	21164  -  ResidentSetSize of job (KB)
...
006 (4600.004.000) 2021-12-22 15:21:57 Image size of job updated: 21196
	21  -  MemoryUsage of job (MB)
	21196  -  ResidentSetSize of job (KB)
...
006 (4600.003.000) 2021-12-22 15:21:58 Image size of job updated: 21188
	21  -  MemoryUsage of job (MB)
	21188  -  ResidentSetSize of job (KB)
...
006 (4600.002.000) 2021-12-22 15:21:59 Image size of job updated: 21192
	21  -  MemoryUsage of job (MB)
	21192  -  ResidentSetSize of job (KB)
...
006 (4600.001.000) 2021-12-22 15:22:00 Image size of job updated: 21160
	21  -  MemoryUsage of job (MB)
	21160  -  ResidentSetSize of job (KB)
...
006 (4600.006.000) 2021-12-22 15:22:00 Image size of job updated: 21192
	21  -  MemoryUsage of job (MB)
	21192  -  ResidentSetSize of job (KB)
...
006 (4600.008.000) 2021-12-22 15:22:00 Image size of job updated: 21188
	21  -  MemoryUsage of job (MB)
	21188  -  ResidentSetSize of job (KB)
...
006 (4600.007.000) 2021-12-22 15:22:03 Image size of job updated: 21172
	21  -  MemoryUsage of job (MB)
	21172  -  ResidentSetSize of job (KB)
...
006 (4600.013.000) 2021-12-22 15:22:11 Image size of job updated: 21168
	21  -  MemoryUsage of job (MB)
	21168  -  ResidentSetSize of job (KB)
...
006 (4600.010.000) 2021-12-22 15:22:12 Image size of job updated: 21148
	21  -  MemoryUsage of job (MB)
	21148  -  ResidentSetSize of job (KB)
...
006 (4600.011.000) 2021-12-22 15:22:12 Image size of job updated: 21152
	21  -  MemoryUsage of job (MB)
	21152  -  ResidentSetSize of job (KB)
...
006 (4600.009.000) 2021-12-22 15:22:12 Image size of job updated: 21180
	21  -  MemoryUsage of job (MB)
	21180  -  ResidentSetSize of job (KB)
...
006 (4600.012.000) 2021-12-22 15:22:13 Image size of job updated: 21172
	21  -  MemoryUsage of job (MB)
	21172  -  ResidentSetSize of job (KB)
...
006 (4600.005.000) 2021-12-22 15:26:56 Image size of job updated: 1317496
	1287  -  MemoryUsage of job (MB)
	1317496  -  ResidentSetSize of job (KB)
...
006 (4600.004.000) 2021-12-22 15:26:58 Image size of job updated: 1317780
	1287  -  MemoryUsage of job (MB)
	1317624  -  ResidentSetSize of job (KB)
...
006 (4600.000.000) 2021-12-22 15:26:58 Image size of job updated: 1319860
	1289  -  MemoryUsage of job (MB)
	1319860  -  ResidentSetSize of job (KB)
...
006 (4600.003.000) 2021-12-22 15:26:58 Image size of job updated: 1321656
	1288  -  MemoryUsage of job (MB)
	1318520  -  ResidentSetSize of job (KB)
...
006 (4600.002.000) 2021-12-22 15:27:00 Image size of job updated: 1319496
	557  -  MemoryUsage of job (MB)
	570112  -  ResidentSetSize of job (KB)
...
006 (4600.001.000) 2021-12-22 15:27:00 Image size of job updated: 1319828
	1288  -  MemoryUsage of job (MB)
	1318520  -  ResidentSetSize of job (KB)
...
006 (4600.006.000) 2021-12-22 15:27:01 Image size of job updated: 1319904
	1287  -  MemoryUsage of job (MB)
	1317744  -  ResidentSetSize of job (KB)
...
006 (4600.008.000) 2021-12-22 15:27:02 Image size of job updated: 1319332
	1289  -  MemoryUsage of job (MB)
	1319332  -  ResidentSetSize of job (KB)
...
006 (4600.007.000) 2021-12-22 15:27:04 Image size of job updated: 1318020
	556  -  MemoryUsage of job (MB)
	568548  -  ResidentSetSize of job (KB)
...
006 (4600.009.000) 2021-12-22 15:27:11 Image size of job updated: 1317056
	1287  -  MemoryUsage of job (MB)
	1317056  -  ResidentSetSize of job (KB)
...
006 (4600.010.000) 2021-12-22 15:27:11 Image size of job updated: 1316316
	1286  -  MemoryUsage of job (MB)
	1316316  -  ResidentSetSize of job (KB)
...
006 (4600.011.000) 2021-12-22 15:27:12 Image size of job updated: 1317908
	1288  -  MemoryUsage of job (MB)
	1317908  -  ResidentSetSize of job (KB)
...
006 (4600.013.000) 2021-12-22 15:27:12 Image size of job updated: 1319308
	1286  -  MemoryUsage of job (MB)
	1316816  -  ResidentSetSize of job (KB)
...
006 (4600.012.000) 2021-12-22 15:27:13 Image size of job updated: 1318144
	1288  -  MemoryUsage of job (MB)
	1318144  -  ResidentSetSize of job (KB)
...
006 (4600.005.000) 2021-12-22 15:31:55 Image size of job updated: 1318676
	1287  -  MemoryUsage of job (MB)
	1317496  -  ResidentSetSize of job (KB)
...
006 (4600.003.000) 2021-12-22 15:31:57 Image size of job updated: 1321656
	1288  -  MemoryUsage of job (MB)
	1318664  -  ResidentSetSize of job (KB)
...
006 (4600.001.000) 2021-12-22 15:31:58 Image size of job updated: 1319828
	1289  -  MemoryUsage of job (MB)
	1319184  -  ResidentSetSize of job (KB)
...
006 (4600.004.000) 2021-12-22 15:32:00 Image size of job updated: 1320472
	1287  -  MemoryUsage of job (MB)
	1317624  -  ResidentSetSize of job (KB)
...
006 (4600.002.000) 2021-12-22 15:32:00 Image size of job updated: 1319496
	1288  -  MemoryUsage of job (MB)
	1318616  -  ResidentSetSize of job (KB)
...
006 (4600.006.000) 2021-12-22 15:32:01 Image size of job updated: 1319904
	1289  -  MemoryUsage of job (MB)
	1319492  -  ResidentSetSize of job (KB)
...
006 (4600.007.000) 2021-12-22 15:32:05 Image size of job updated: 1320308
	1290  -  MemoryUsage of job (MB)
	1320308  -  ResidentSetSize of job (KB)
...
006 (4600.009.000) 2021-12-22 15:32:11 Image size of job updated: 1318660
	1288  -  MemoryUsage of job (MB)
	1318660  -  ResidentSetSize of job (KB)
...
006 (4600.010.000) 2021-12-22 15:32:12 Image size of job updated: 1321008
	1291  -  MemoryUsage of job (MB)
	1321008  -  ResidentSetSize of job (KB)
...
006 (4600.013.000) 2021-12-22 15:32:12 Image size of job updated: 1319952
	1290  -  MemoryUsage of job (MB)
	1319952  -  ResidentSetSize of job (KB)
...
006 (4600.011.000) 2021-12-22 15:32:12 Image size of job updated: 1320952
	1290  -  MemoryUsage of job (MB)
	1320952  -  ResidentSetSize of job (KB)
...
006 (4600.012.000) 2021-12-22 15:32:13 Image size of job updated: 1319532
	1289  -  MemoryUsage of job (MB)
	1319532  -  ResidentSetSize of job (KB)
...
006 (4600.005.000) 2021-12-22 15:36:56 Image size of job updated: 1320580
	1287  -  MemoryUsage of job (MB)
	1317496  -  ResidentSetSize of job (KB)
...
006 (4600.003.000) 2021-12-22 15:36:56 Image size of job updated: 1321656
	1288  -  MemoryUsage of job (MB)
	1318740  -  ResidentSetSize of job (KB)
...
006 (4600.001.000) 2021-12-22 15:36:58 Image size of job updated: 1319828
	1289  -  MemoryUsage of job (MB)
	1319204  -  ResidentSetSize of job (KB)
...
006 (4600.002.000) 2021-12-22 15:36:58 Image size of job updated: 1319804
	1289  -  MemoryUsage of job (MB)
	1319804  -  ResidentSetSize of job (KB)
...
006 (4600.004.000) 2021-12-22 15:36:58 Image size of job updated: 1320472
	1287  -  MemoryUsage of job (MB)
	1317792  -  ResidentSetSize of job (KB)
...
006 (4600.009.000) 2021-12-22 15:37:11 Image size of job updated: 1320140
	1288  -  MemoryUsage of job (MB)
	1318660  -  ResidentSetSize of job (KB)
...
006 (4600.003.000) 2021-12-22 15:41:56 Image size of job updated: 1321656
	1288  -  MemoryUsage of job (MB)
	1318756  -  ResidentSetSize of job (KB)
...
006 (4600.001.000) 2021-12-22 15:41:57 Image size of job updated: 1319828
	1289  -  MemoryUsage of job (MB)
	1319212  -  ResidentSetSize of job (KB)
...
006 (4600.008.000) 2021-12-22 15:41:58 Image size of job updated: 1319372
	1289  -  MemoryUsage of job (MB)
	1319332  -  ResidentSetSize of job (KB)
...
006 (4600.005.000) 2021-12-22 15:46:57 Image size of job updated: 1320580
	1288  -  MemoryUsage of job (MB)
	1318764  -  ResidentSetSize of job (KB)
...
006 (4600.002.000) 2021-12-22 15:46:58 Image size of job updated: 1320460
	1289  -  MemoryUsage of job (MB)
	1319804  -  ResidentSetSize of job (KB)
...
006 (4600.008.000) 2021-12-22 15:47:00 Image size of job updated: 1321656
	1289  -  MemoryUsage of job (MB)
	1319440  -  ResidentSetSize of job (KB)
...
006 (4600.007.000) 2021-12-22 15:47:05 Image size of job updated: 1321668
	1290  -  MemoryUsage of job (MB)
	1320308  -  ResidentSetSize of job (KB)
...
006 (4600.009.000) 2021-12-22 15:47:12 Image size of job updated: 1321156
	1288  -  MemoryUsage of job (MB)
	1318660  -  ResidentSetSize of job (KB)
...
006 (4600.013.000) 2021-12-22 15:47:13 Image size of job updated: 1321552
	1290  -  MemoryUsage of job (MB)
	1319952  -  ResidentSetSize of job (KB)
...
006 (4600.012.000) 2021-12-22 15:47:16 Image size of job updated: 1319536
	1289  -  MemoryUsage of job (MB)
	1319536  -  ResidentSetSize of job (KB)
...
006 (4600.002.000) 2021-12-22 15:52:00 Image size of job updated: 1320472
	1289  -  MemoryUsage of job (MB)
	1319804  -  ResidentSetSize of job (KB)
...
006 (4600.004.000) 2021-12-22 15:52:03 Image size of job updated: 1321024
	1287  -  MemoryUsage of job (MB)
	1317792  -  ResidentSetSize of job (KB)
...
006 (4600.001.000) 2021-12-22 15:52:03 Image size of job updated: 1319872
	1289  -  MemoryUsage of job (MB)
	1319288  -  ResidentSetSize of job (KB)
...
006 (4600.007.000) 2021-12-22 15:52:05 Image size of job updated: 1321668
	1291  -  MemoryUsage of job (MB)
	1321256  -  ResidentSetSize of job (KB)
...
006 (4600.005.000) 2021-12-22 15:57:02 Image size of job updated: 1320580
	1288  -  MemoryUsage of job (MB)
	1318832  -  ResidentSetSize of job (KB)
...
006 (4600.001.000) 2021-12-22 15:57:03 Image size of job updated: 1319872
	1289  -  MemoryUsage of job (MB)
	1319440  -  ResidentSetSize of job (KB)
...
006 (4600.009.000) 2021-12-22 15:57:14 Image size of job updated: 1321156
	1289  -  MemoryUsage of job (MB)
	1318996  -  ResidentSetSize of job (KB)
...
006 (4600.003.000) 2021-12-22 16:01:58 Image size of job updated: 1321656
	1289  -  MemoryUsage of job (MB)
	1319452  -  ResidentSetSize of job (KB)
...
006 (4600.002.000) 2021-12-22 16:02:00 Image size of job updated: 1320652
	1289  -  MemoryUsage of job (MB)
	1319804  -  ResidentSetSize of job (KB)
...
006 (4600.008.000) 2021-12-22 16:02:03 Image size of job updated: 1321656
	1289  -  MemoryUsage of job (MB)
	1319836  -  ResidentSetSize of job (KB)
...
006 (4600.001.000) 2021-12-22 16:02:04 Image size of job updated: 1320360
	1289  -  MemoryUsage of job (MB)
	1319440  -  ResidentSetSize of job (KB)
...
006 (4600.007.000) 2021-12-22 16:02:07 Image size of job updated: 1321668
	1291  -  MemoryUsage of job (MB)
	1321272  -  ResidentSetSize of job (KB)
...
006 (4600.004.000) 2021-12-22 16:12:03 Image size of job updated: 1321024
	1290  -  MemoryUsage of job (MB)
	1320348  -  ResidentSetSize of job (KB)
...
006 (4600.001.000) 2021-12-22 16:12:04 Image size of job updated: 1320360
	1289  -  MemoryUsage of job (MB)
	1319764  -  ResidentSetSize of job (KB)
...
006 (4600.013.000) 2021-12-22 16:12:14 Image size of job updated: 1321552
	1290  -  MemoryUsage of job (MB)
	1320508  -  ResidentSetSize of job (KB)
...
006 (4600.009.000) 2021-12-22 16:12:16 Image size of job updated: 1321156
	1290  -  MemoryUsage of job (MB)
	1320768  -  ResidentSetSize of job (KB)
...
006 (4600.010.000) 2021-12-22 16:12:17 Image size of job updated: 1321256
	1291  -  MemoryUsage of job (MB)
	1321008  -  ResidentSetSize of job (KB)
...
006 (4600.008.000) 2021-12-22 16:17:00 Image size of job updated: 1321656
	1290  -  MemoryUsage of job (MB)
	1320032  -  ResidentSetSize of job (KB)
...
006 (4600.002.000) 2021-12-22 16:21:59 Image size of job updated: 1321036
	1291  -  MemoryUsage of job (MB)
	1321036  -  ResidentSetSize of job (KB)
...
006 (4600.005.000) 2021-12-22 16:22:01 Image size of job updated: 1320744
	1288  -  MemoryUsage of job (MB)
	1318832  -  ResidentSetSize of job (KB)
...
006 (4600.012.000) 2021-12-22 16:22:18 Image size of job updated: 1319628
	1289  -  MemoryUsage of job (MB)
	1319536  -  ResidentSetSize of job (KB)
...
006 (4600.000.000) 2021-12-22 16:27:02 Image size of job updated: 1320000
	1290  -  MemoryUsage of job (MB)
	1320000  -  ResidentSetSize of job (KB)
...
006 (4600.013.000) 2021-12-22 16:27:18 Image size of job updated: 1321552
	1291  -  MemoryUsage of job (MB)
	1321288  -  ResidentSetSize of job (KB)
...
006 (4600.009.000) 2021-12-22 16:32:19 Image size of job updated: 1322932
	1290  -  MemoryUsage of job (MB)
	1320768  -  ResidentSetSize of job (KB)
...
006 (4600.012.000) 2021-12-22 16:32:20 Image size of job updated: 1320244
	1289  -  MemoryUsage of job (MB)
	1319536  -  ResidentSetSize of job (KB)
...
006 (4600.003.000) 2021-12-22 16:42:03 Image size of job updated: 1321656
	1289  -  MemoryUsage of job (MB)
	1319752  -  ResidentSetSize of job (KB)
...
006 (4600.000.000) 2021-12-22 16:42:04 Image size of job updated: 1320592
	1290  -  MemoryUsage of job (MB)
	1320592  -  ResidentSetSize of job (KB)
...
006 (4600.012.000) 2021-12-22 16:42:21 Image size of job updated: 1320244
	1290  -  MemoryUsage of job (MB)
	1320064  -  ResidentSetSize of job (KB)
...
006 (4600.005.000) 2021-12-22 16:47:04 Image size of job updated: 1320744
	1289  -  MemoryUsage of job (MB)
	1319284  -  ResidentSetSize of job (KB)
...
006 (4600.000.000) 2021-12-22 16:57:08 Image size of job updated: 1320672
	1290  -  MemoryUsage of job (MB)
	1320672  -  ResidentSetSize of job (KB)
...
006 (4600.012.000) 2021-12-22 16:57:24 Image size of job updated: 1320244
	1290  -  MemoryUsage of job (MB)
	1320188  -  ResidentSetSize of job (KB)
...
006 (4600.001.000) 2021-12-22 17:02:07 Image size of job updated: 1321864
	1289  -  MemoryUsage of job (MB)
	1319764  -  ResidentSetSize of job (KB)
...
006 (4600.005.000) 2021-12-22 17:12:06 Image size of job updated: 1320744
	1289  -  MemoryUsage of job (MB)
	1319440  -  ResidentSetSize of job (KB)
...
006 (4600.001.000) 2021-12-22 17:22:08 Image size of job updated: 1321864
	1290  -  MemoryUsage of job (MB)
	1320612  -  ResidentSetSize of job (KB)
...
006 (4600.011.000) 2021-12-22 17:27:26 Image size of job updated: 1321952
	1291  -  MemoryUsage of job (MB)
	1321952  -  ResidentSetSize of job (KB)
...
006 (4600.003.000) 2021-12-22 17:32:10 Image size of job updated: 1321656
	1290  -  MemoryUsage of job (MB)
	1320372  -  ResidentSetSize of job (KB)
...
006 (4600.003.000) 2021-12-22 17:37:12 Image size of job updated: 1321656
	1290  -  MemoryUsage of job (MB)
	1320604  -  ResidentSetSize of job (KB)
...
006 (4600.012.000) 2021-12-22 17:37:25 Image size of job updated: 1321412
	1290  -  MemoryUsage of job (MB)
	1320188  -  ResidentSetSize of job (KB)
...
006 (4600.006.000) 2021-12-22 17:42:09 Image size of job updated: 1319904
	1289  -  MemoryUsage of job (MB)
	1319796  -  ResidentSetSize of job (KB)
...
006 (4600.006.000) 2021-12-22 18:02:10 Image size of job updated: 1320784
	1289  -  MemoryUsage of job (MB)
	1319796  -  ResidentSetSize of job (KB)
...
006 (4600.004.000) 2021-12-22 18:02:12 Image size of job updated: 1321024
	1290  -  MemoryUsage of job (MB)
	1320444  -  ResidentSetSize of job (KB)
...
006 (4600.004.000) 2021-12-22 18:07:13 Image size of job updated: 1321584
	1290  -  MemoryUsage of job (MB)
	1320444  -  ResidentSetSize of job (KB)
...
006 (4600.004.000) 2021-12-22 18:17:14 Image size of job updated: 1321584
	1291  -  MemoryUsage of job (MB)
	1321420  -  ResidentSetSize of job (KB)
...
006 (4600.001.000) 2021-12-22 18:27:16 Image size of job updated: 1321864
	1290  -  MemoryUsage of job (MB)
	1320812  -  ResidentSetSize of job (KB)
...
006 (4600.006.000) 2021-12-22 18:37:14 Image size of job updated: 1320836
	1290  -  MemoryUsage of job (MB)
	1320836  -  ResidentSetSize of job (KB)
...
006 (4600.002.000) 2021-12-22 18:37:20 Image size of job updated: 1321628
	1291  -  MemoryUsage of job (MB)
	1321036  -  ResidentSetSize of job (KB)
...
006 (4600.005.000) 2021-12-22 18:47:17 Image size of job updated: 1320744
	1289  -  MemoryUsage of job (MB)
	1319644  -  ResidentSetSize of job (KB)
...
006 (4600.004.000) 2021-12-22 18:47:19 Image size of job updated: 1322084
	1292  -  MemoryUsage of job (MB)
	1322084  -  ResidentSetSize of job (KB)
...
006 (4600.006.000) 2021-12-22 18:52:17 Image size of job updated: 1322204
	1290  -  MemoryUsage of job (MB)
	1320836  -  ResidentSetSize of job (KB)
...
006 (4600.009.000) 2021-12-22 18:52:36 Image size of job updated: 1322932
	1291  -  MemoryUsage of job (MB)
	1321364  -  ResidentSetSize of job (KB)
...
006 (4600.005.000) 2021-12-22 19:12:19 Image size of job updated: 1320744
	1290  -  MemoryUsage of job (MB)
	1320216  -  ResidentSetSize of job (KB)
...
006 (4600.013.000) 2021-12-22 19:12:33 Image size of job updated: 1322076
	1291  -  MemoryUsage of job (MB)
	1321496  -  ResidentSetSize of job (KB)
...
006 (4600.008.000) 2021-12-22 19:32:21 Image size of job updated: 1321656
	1290  -  MemoryUsage of job (MB)
	1320364  -  ResidentSetSize of job (KB)
...
006 (4600.005.000) 2021-12-22 19:42:23 Image size of job updated: 1321164
	1291  -  MemoryUsage of job (MB)
	1321164  -  ResidentSetSize of job (KB)
...
006 (4600.007.000) 2021-12-22 19:52:32 Image size of job updated: 1322008
	1291  -  MemoryUsage of job (MB)
	1321272  -  ResidentSetSize of job (KB)
...
006 (4600.008.000) 2021-12-22 19:57:23 Image size of job updated: 1321656
	1290  -  MemoryUsage of job (MB)
	1320440  -  ResidentSetSize of job (KB)
...
006 (4600.000.000) 2021-12-22 20:02:25 Image size of job updated: 1320680
	1290  -  MemoryUsage of job (MB)
	1320672  -  ResidentSetSize of job (KB)
...
006 (4600.006.000) 2021-12-22 20:37:29 Image size of job updated: 1322204
	1291  -  MemoryUsage of job (MB)
	1321344  -  ResidentSetSize of job (KB)
...
006 (4600.002.000) 2021-12-22 21:02:33 Image size of job updated: 1322136
	1292  -  MemoryUsage of job (MB)
	1322136  -  ResidentSetSize of job (KB)
...
006 (4600.000.000) 2021-12-22 21:17:33 Image size of job updated: 1320736
	1290  -  MemoryUsage of job (MB)
	1320672  -  ResidentSetSize of job (KB)
...
006 (4600.008.000) 2021-12-22 21:42:33 Image size of job updated: 1321656
	1290  -  MemoryUsage of job (MB)
	1320588  -  ResidentSetSize of job (KB)
...
006 (4600.000.000) 2021-12-22 21:42:35 Image size of job updated: 1320900
	1290  -  MemoryUsage of job (MB)
	1320900  -  ResidentSetSize of job (KB)
...
006 (4600.000.000) 2021-12-22 21:57:37 Image size of job updated: 1321124
	1291  -  MemoryUsage of job (MB)
	1321124  -  ResidentSetSize of job (KB)
...
006 (4600.001.000) 2021-12-22 22:02:40 Image size of job updated: 1321864
	1290  -  MemoryUsage of job (MB)
	1320824  -  ResidentSetSize of job (KB)
...
006 (4600.000.000) 2021-12-22 22:07:40 Image size of job updated: 1321508
	1291  -  MemoryUsage of job (MB)
	1321508  -  ResidentSetSize of job (KB)
...
006 (4600.013.000) 2021-12-22 22:12:46 Image size of job updated: 1322076
	1291  -  MemoryUsage of job (MB)
	1321616  -  ResidentSetSize of job (KB)
...
006 (4600.009.000) 2021-12-22 22:12:53 Image size of job updated: 1322932
	1291  -  MemoryUsage of job (MB)
	1321608  -  ResidentSetSize of job (KB)
...
006 (4600.012.000) 2021-12-22 22:18:00 Image size of job updated: 1321412
	1291  -  MemoryUsage of job (MB)
	1321148  -  ResidentSetSize of job (KB)
...
006 (4600.005.000) 2021-12-22 23:07:44 Image size of job updated: 1321636
	1291  -  MemoryUsage of job (MB)
	1321636  -  ResidentSetSize of job (KB)
...
006 (4600.008.000) 2021-12-22 23:32:44 Image size of job updated: 1321656
	1290  -  MemoryUsage of job (MB)
	1320876  -  ResidentSetSize of job (KB)
...
006 (4600.008.000) 2021-12-22 23:52:48 Image size of job updated: 1321656
	1291  -  MemoryUsage of job (MB)
	1321180  -  ResidentSetSize of job (KB)
...
006 (4600.008.000) 2021-12-23 00:07:50 Image size of job updated: 1321824
	1291  -  MemoryUsage of job (MB)
	1321824  -  ResidentSetSize of job (KB)
...
006 (4600.012.000) 2021-12-23 00:08:09 Image size of job updated: 1321412
	1291  -  MemoryUsage of job (MB)
	1321196  -  ResidentSetSize of job (KB)
...
006 (4600.013.000) 2021-12-23 00:18:00 Image size of job updated: 1322344
	1291  -  MemoryUsage of job (MB)
	1321616  -  ResidentSetSize of job (KB)
...
006 (4600.012.000) 2021-12-23 00:28:11 Image size of job updated: 1321516
	1291  -  MemoryUsage of job (MB)
	1321196  -  ResidentSetSize of job (KB)
...
006 (4600.004.000) 2021-12-23 01:12:56 Image size of job updated: 1322564
	1292  -  MemoryUsage of job (MB)
	1322564  -  ResidentSetSize of job (KB)
...
006 (4600.012.000) 2021-12-23 01:28:16 Image size of job updated: 1321516
	1291  -  MemoryUsage of job (MB)
	1321204  -  ResidentSetSize of job (KB)
...
006 (4600.007.000) 2021-12-23 01:38:01 Image size of job updated: 1322212
	1292  -  MemoryUsage of job (MB)
	1322212  -  ResidentSetSize of job (KB)
...
006 (4600.005.000) 2021-12-23 02:43:04 Image size of job updated: 1322064
	1291  -  MemoryUsage of job (MB)
	1321636  -  ResidentSetSize of job (KB)
...
006 (4600.001.000) 2021-12-23 02:43:11 Image size of job updated: 1322172
	1292  -  MemoryUsage of job (MB)
	1322172  -  ResidentSetSize of job (KB)
...
006 (4600.012.000) 2021-12-23 02:58:26 Image size of job updated: 1321516
	1291  -  MemoryUsage of job (MB)
	1321216  -  ResidentSetSize of job (KB)
...
006 (4600.012.000) 2021-12-23 03:28:31 Image size of job updated: 1321580
	1291  -  MemoryUsage of job (MB)
	1321580  -  ResidentSetSize of job (KB)
...
006 (4600.007.000) 2021-12-23 03:58:16 Image size of job updated: 1322244
	1292  -  MemoryUsage of job (MB)
	1322244  -  ResidentSetSize of job (KB)
...
006 (4600.012.000) 2021-12-23 04:38:39 Image size of job updated: 1322256
	1292  -  MemoryUsage of job (MB)
	1322256  -  ResidentSetSize of job (KB)
...
006 (4600.006.000) 2021-12-23 04:43:23 Image size of job updated: 1322204
	1292  -  MemoryUsage of job (MB)
	1321992  -  ResidentSetSize of job (KB)
...
006 (4600.008.000) 2021-12-23 04:58:15 Image size of job updated: 1321900
	1291  -  MemoryUsage of job (MB)
	1321900  -  ResidentSetSize of job (KB)
...
006 (4600.011.000) 2021-12-23 04:58:31 Image size of job updated: 1322924
	1292  -  MemoryUsage of job (MB)
	1322924  -  ResidentSetSize of job (KB)
...
006 (4600.000.000) 2021-12-23 05:03:21 Image size of job updated: 1322040
	1292  -  MemoryUsage of job (MB)
	1322040  -  ResidentSetSize of job (KB)
...
006 (4600.013.000) 2021-12-23 05:43:36 Image size of job updated: 1322948
	1292  -  MemoryUsage of job (MB)
	1322196  -  ResidentSetSize of job (KB)
...
006 (4600.009.000) 2021-12-23 05:48:41 Image size of job updated: 1322932
	1292  -  MemoryUsage of job (MB)
	1322892  -  ResidentSetSize of job (KB)
...
006 (4600.000.000) 2021-12-23 05:53:24 Image size of job updated: 1323608
	1293  -  MemoryUsage of job (MB)
	1323608  -  ResidentSetSize of job (KB)
...
006 (4600.005.000) 2021-12-23 05:58:22 Image size of job updated: 1322064
	1291  -  MemoryUsage of job (MB)
	1321672  -  ResidentSetSize of job (KB)
...
006 (4600.013.000) 2021-12-23 06:48:44 Image size of job updated: 1322948
	1292  -  MemoryUsage of job (MB)
	1322844  -  ResidentSetSize of job (KB)
...
006 (4600.001.000) 2021-12-23 07:08:38 Image size of job updated: 1322288
	1292  -  MemoryUsage of job (MB)
	1322288  -  ResidentSetSize of job (KB)
...
006 (4600.005.000) 2021-12-23 07:33:32 Image size of job updated: 1323144
	1293  -  MemoryUsage of job (MB)
	1323144  -  ResidentSetSize of job (KB)
...
006 (4600.007.000) 2021-12-23 08:18:42 Image size of job updated: 1323264
	1292  -  MemoryUsage of job (MB)
	1322244  -  ResidentSetSize of job (KB)
...
006 (4600.008.000) 2021-12-23 08:23:40 Image size of job updated: 1322248
	1292  -  MemoryUsage of job (MB)
	1322248  -  ResidentSetSize of job (KB)
...
006 (4600.009.000) 2021-12-23 09:39:10 Image size of job updated: 1323220
	1293  -  MemoryUsage of job (MB)
	1323220  -  ResidentSetSize of job (KB)
...
006 (4600.006.000) 2021-12-23 10:28:57 Image size of job updated: 1322780
	1292  -  MemoryUsage of job (MB)
	1322780  -  ResidentSetSize of job (KB)
...
006 (4600.008.000) 2021-12-23 11:08:58 Image size of job updated: 1322460
	1292  -  MemoryUsage of job (MB)
	1322460  -  ResidentSetSize of job (KB)
...
006 (4600.002.000) 2021-12-23 11:09:05 Image size of job updated: 1323024
	1292  -  MemoryUsage of job (MB)
	1322136  -  ResidentSetSize of job (KB)
...
006 (4600.012.000) 2021-12-23 11:09:19 Image size of job updated: 1322592
	1292  -  MemoryUsage of job (MB)
	1322256  -  ResidentSetSize of job (KB)
...
006 (4600.012.000) 2021-12-23 11:14:20 Image size of job updated: 1322600
	1292  -  MemoryUsage of job (MB)
	1322600  -  ResidentSetSize of job (KB)
...
006 (4600.008.000) 2021-12-23 11:23:59 Image size of job updated: 1322464
	1292  -  MemoryUsage of job (MB)
	1322464  -  ResidentSetSize of job (KB)
...
006 (4600.012.000) 2021-12-23 11:44:23 Image size of job updated: 1322652
	1292  -  MemoryUsage of job (MB)
	1322652  -  ResidentSetSize of job (KB)
...
006 (4600.005.000) 2021-12-23 12:14:02 Image size of job updated: 1323664
	1293  -  MemoryUsage of job (MB)
	1323144  -  ResidentSetSize of job (KB)
...
006 (4600.004.000) 2021-12-23 12:34:09 Image size of job updated: 1322844
	1292  -  MemoryUsage of job (MB)
	1322844  -  ResidentSetSize of job (KB)
...
006 (4600.002.000) 2021-12-23 14:54:29 Image size of job updated: 1323024
	1292  -  MemoryUsage of job (MB)
	1322340  -  ResidentSetSize of job (KB)
...
006 (4600.013.000) 2021-12-23 15:14:35 Image size of job updated: 1324144
	1294  -  MemoryUsage of job (MB)
	1324144  -  ResidentSetSize of job (KB)
...
006 (4600.002.000) 2021-12-23 15:19:31 Image size of job updated: 1323024
	1292  -  MemoryUsage of job (MB)
	1322480  -  ResidentSetSize of job (KB)
...
006 (4600.009.000) 2021-12-23 16:14:45 Image size of job updated: 1323340
	1293  -  MemoryUsage of job (MB)
	1323220  -  ResidentSetSize of job (KB)
...
006 (4600.008.000) 2021-12-23 17:39:29 Image size of job updated: 1324512
	1294  -  MemoryUsage of job (MB)
	1324512  -  ResidentSetSize of job (KB)
...
006 (4600.001.000) 2021-12-23 18:04:43 Image size of job updated: 1323820
	1292  -  MemoryUsage of job (MB)
	1322288  -  ResidentSetSize of job (KB)
...
005 (4600.009.000) 2021-12-23 18:18:54 Job terminated.
	(1) Normal termination (return value 0)
		Usr 1 00:05:08, Sys 0 00:36:03  -  Run Remote Usage
		Usr 0 00:00:00, Sys 0 00:00:00  -  Run Local Usage
		Usr 1 00:05:08, Sys 0 00:36:03  -  Total Remote Usage
		Usr 0 00:00:00, Sys 0 00:00:00  -  Total Local Usage
	0  -  Run Bytes Sent By Job
	661243904  -  Run Bytes Received By Job
	0  -  Total Bytes Sent By Job
	661243904  -  Total Bytes Received By Job
	Partitionable Resources :      Usage  Request Allocated 
	   Cpus                 :       2.24        2         2 
	   Disk (KB)            : 2669928      750000   2099316 
	   Memory (MB)          :    1293        1500      1536 

	Job terminated of its own accord at 2021-12-24T02:18:42Z with exit-code 0.
...
005 (4600.007.000) 2021-12-23 18:18:54 Job terminated.
	(1) Normal termination (return value 0)
		Usr 0 23:33:04, Sys 0 00:34:09  -  Run Remote Usage
		Usr 0 00:00:00, Sys 0 00:00:00  -  Run Local Usage
		Usr 0 23:33:04, Sys 0 00:34:09  -  Total Remote Usage
		Usr 0 00:00:00, Sys 0 00:00:00  -  Total Local Usage
	0  -  Run Bytes Sent By Job
	661243904  -  Run Bytes Received By Job
	0  -  Total Bytes Sent By Job
	661243904  -  Total Bytes Received By Job
	Partitionable Resources :      Usage  Request Allocated 
	   Cpus                 :       1.05        2         2 
	   Disk (KB)            : 2669461      750000   2099316 
	   Memory (MB)          :    1292        1500      1536 

	Job terminated of its own accord at 2021-12-24T02:18:42Z with exit-code 0.
...
005 (4600.005.000) 2021-12-23 18:18:55 Job terminated.
	(1) Normal termination (return value 0)
		Usr 1 00:05:58, Sys 0 00:34:18  -  Run Remote Usage
		Usr 0 00:00:00, Sys 0 00:00:00  -  Run Local Usage
		Usr 1 00:05:58, Sys 0 00:34:18  -  Total Remote Usage
		Usr 0 00:00:00, Sys 0 00:00:00  -  Total Local Usage
	0  -  Run Bytes Sent By Job
	661243904  -  Run Bytes Received By Job
	0  -  Total Bytes Sent By Job
	661243904  -  Total Bytes Received By Job
	Partitionable Resources :      Usage  Request Allocated 
	   Cpus                 :       2.24        2         2 
	   Disk (KB)            : 2671113      750000   2099316 
	   Memory (MB)          :    1293        1500      1536 

	Job terminated of its own accord at 2021-12-24T02:18:42Z with exit-code 0.
...
005 (4600.000.000) 2021-12-23 18:18:55 Job terminated.
	(1) Normal termination (return value 0)
		Usr 0 23:49:29, Sys 0 00:34:17  -  Run Remote Usage
		Usr 0 00:00:00, Sys 0 00:00:00  -  Run Local Usage
		Usr 0 23:49:29, Sys 0 00:34:17  -  Total Remote Usage
		Usr 0 00:00:00, Sys 0 00:00:00  -  Total Local Usage
	0  -  Run Bytes Sent By Job
	661243904  -  Run Bytes Received By Job
	0  -  Total Bytes Sent By Job
	661243904  -  Total Bytes Received By Job
	Partitionable Resources :      Usage  Request Allocated 
	   Cpus                 :       1.05        2         2 
	   Disk (KB)            : 2670185      750000   2099316 
	   Memory (MB)          :    1293        1500      1536 

	Job terminated of its own accord at 2021-12-24T02:18:42Z with exit-code 0.
...
005 (4600.012.000) 2021-12-23 18:18:55 Job terminated.
	(1) Normal termination (return value 0)
		Usr 0 23:36:47, Sys 0 00:35:04  -  Run Remote Usage
		Usr 0 00:00:00, Sys 0 00:00:00  -  Run Local Usage
		Usr 0 23:36:47, Sys 0 00:35:04  -  Total Remote Usage
		Usr 0 00:00:00, Sys 0 00:00:00  -  Total Local Usage
	0  -  Run Bytes Sent By Job
	661243904  -  Run Bytes Received By Job
	0  -  Total Bytes Sent By Job
	661243904  -  Total Bytes Received By Job
	Partitionable Resources :      Usage  Request Allocated 
	   Cpus                 :       0.00        2         2 
	   Disk (KB)            : 2668745      750000   2099316 
	   Memory (MB)          :    1292        1500      1536 

	Job terminated of its own accord at 2021-12-24T02:18:42Z with exit-code 0.
...
005 (4600.001.000) 2021-12-23 18:18:55 Job terminated.
	(1) Normal termination (return value 0)
		Usr 1 00:03:16, Sys 0 00:33:46  -  Run Remote Usage
		Usr 0 00:00:00, Sys 0 00:00:00  -  Run Local Usage
		Usr 1 00:03:16, Sys 0 00:33:46  -  Total Remote Usage
		Usr 0 00:00:00, Sys 0 00:00:00  -  Total Local Usage
	0  -  Run Bytes Sent By Job
	661243904  -  Run Bytes Received By Job
	0  -  Total Bytes Sent By Job
	661243904  -  Total Bytes Received By Job
	Partitionable Resources :      Usage  Request Allocated 
	   Cpus                 :       2.28        2         2 
	   Disk (KB)            : 2676593      750000   2099316 
	   Memory (MB)          :    1292        1500      1536 

	Job terminated of its own accord at 2021-12-24T02:18:42Z with exit-code 0.
...
005 (4600.011.000) 2021-12-23 18:18:55 Job terminated.
	(1) Normal termination (return value 0)
		Usr 0 23:40:11, Sys 0 00:35:00  -  Run Remote Usage
		Usr 0 00:00:00, Sys 0 00:00:00  -  Run Local Usage
		Usr 0 23:40:11, Sys 0 00:35:00  -  Total Remote Usage
		Usr 0 00:00:00, Sys 0 00:00:00  -  Total Local Usage
	0  -  Run Bytes Sent By Job
	661243904  -  Run Bytes Received By Job
	0  -  Total Bytes Sent By Job
	661243904  -  Total Bytes Received By Job
	Partitionable Resources :      Usage  Request Allocated 
	   Cpus                 :       0.00        2         2 
	   Disk (KB)            : 2676728      750000   2099316 
	   Memory (MB)          :    1292        1500      1536 

	Job terminated of its own accord at 2021-12-24T02:18:42Z with exit-code 0.
...
005 (4600.002.000) 2021-12-23 18:18:55 Job terminated.
	(1) Normal termination (return value 0)
		Usr 0 23:56:23, Sys 0 00:34:04  -  Run Remote Usage
		Usr 0 00:00:00, Sys 0 00:00:00  -  Run Local Usage
		Usr 0 23:56:23, Sys 0 00:34:04  -  Total Remote Usage
		Usr 0 00:00:00, Sys 0 00:00:00  -  Total Local Usage
	0  -  Run Bytes Sent By Job
	661243904  -  Run Bytes Received By Job
	0  -  Total Bytes Sent By Job
	661243904  -  Total Bytes Received By Job
	Partitionable Resources :      Usage  Request Allocated 
	   Cpus                 :       0.00        2         2 
	   Disk (KB)            : 2670079      750000   2099316 
	   Memory (MB)          :    1292        1500      1536 

	Job terminated of its own accord at 2021-12-24T02:18:42Z with exit-code 0.
...
005 (4600.013.000) 2021-12-23 18:18:55 Job terminated.
	(1) Normal termination (return value 0)
		Usr 0 23:16:28, Sys 0 00:33:46  -  Run Remote Usage
		Usr 0 00:00:00, Sys 0 00:00:00  -  Run Local Usage
		Usr 0 23:16:28, Sys 0 00:33:46  -  Total Remote Usage
		Usr 0 00:00:00, Sys 0 00:00:00  -  Total Local Usage
	0  -  Run Bytes Sent By Job
	661243904  -  Run Bytes Received By Job
	0  -  Total Bytes Sent By Job
	661243904  -  Total Bytes Received By Job
	Partitionable Resources :      Usage  Request Allocated 
	   Cpus                 :       0.00        2         2 
	   Disk (KB)            : 2675994      750000   2099316 
	   Memory (MB)          :    1294        1500      1536 

	Job terminated of its own accord at 2021-12-24T02:18:42Z with exit-code 0.
...
005 (4600.004.000) 2021-12-23 18:18:55 Job terminated.
	(1) Normal termination (return value 0)
		Usr 0 23:49:07, Sys 0 00:34:51  -  Run Remote Usage
		Usr 0 00:00:00, Sys 0 00:00:00  -  Run Local Usage
		Usr 0 23:49:07, Sys 0 00:34:51  -  Total Remote Usage
		Usr 0 00:00:00, Sys 0 00:00:00  -  Total Local Usage
	0  -  Run Bytes Sent By Job
	661243904  -  Run Bytes Received By Job
	0  -  Total Bytes Sent By Job
	661243904  -  Total Bytes Received By Job
	Partitionable Resources :      Usage  Request Allocated 
	   Cpus                 :       2.30        2         2 
	   Disk (KB)            : 2668899      750000   2099316 
	   Memory (MB)          :    1292        1500      1536 

	Job terminated of its own accord at 2021-12-24T02:18:42Z with exit-code 0.
...
005 (4600.006.000) 2021-12-23 18:18:55 Job terminated.
	(1) Normal termination (return value 0)
		Usr 0 22:40:09, Sys 0 00:32:28  -  Run Remote Usage
		Usr 0 00:00:00, Sys 0 00:00:00  -  Run Local Usage
		Usr 0 22:40:09, Sys 0 00:32:28  -  Total Remote Usage
		Usr 0 00:00:00, Sys 0 00:00:00  -  Total Local Usage
	0  -  Run Bytes Sent By Job
	661243904  -  Run Bytes Received By Job
	0  -  Total Bytes Sent By Job
	661243904  -  Total Bytes Received By Job
	Partitionable Resources :      Usage  Request Allocated 
	   Cpus                 :       0.00        2         2 
	   Disk (KB)            : 2669158      750000   2099316 
	   Memory (MB)          :    1292        1500      1536 

	Job terminated of its own accord at 2021-12-24T02:18:42Z with exit-code 0.
...
005 (4600.003.000) 2021-12-23 18:18:55 Job terminated.
	(1) Normal termination (return value 0)
		Usr 0 02:11:00, Sys 0 00:03:02  -  Run Remote Usage
		Usr 0 00:00:00, Sys 0 00:00:00  -  Run Local Usage
		Usr 0 02:11:00, Sys 0 00:03:02  -  Total Remote Usage
		Usr 0 00:00:00, Sys 0 00:00:00  -  Total Local Usage
	0  -  Run Bytes Sent By Job
	661243904  -  Run Bytes Received By Job
	0  -  Total Bytes Sent By Job
	661243904  -  Total Bytes Received By Job
	Partitionable Resources :      Usage  Request Allocated 
	   Cpus                 :       0.00        2         2 
	   Disk (KB)            : 2667607      750000   2099316 
	   Memory (MB)          :    1290        1500      1536 

	Job terminated of its own accord at 2021-12-24T02:18:42Z with exit-code 0.
...
005 (4600.010.000) 2021-12-23 18:18:55 Job terminated.
	(1) Normal termination (return value 0)
		Usr 0 02:05:57, Sys 0 00:03:07  -  Run Remote Usage
		Usr 0 00:00:00, Sys 0 00:00:00  -  Run Local Usage
		Usr 0 02:05:57, Sys 0 00:03:07  -  Total Remote Usage
		Usr 0 00:00:00, Sys 0 00:00:00  -  Total Local Usage
	0  -  Run Bytes Sent By Job
	661243904  -  Run Bytes Received By Job
	0  -  Total Bytes Sent By Job
	661243904  -  Total Bytes Received By Job
	Partitionable Resources :      Usage  Request Allocated 
	   Cpus                 :       0.00        2         2 
	   Disk (KB)            : 2669370      750000   2099316 
	   Memory (MB)          :    1291        1500      1536 

	Job terminated of its own accord at 2021-12-24T02:18:42Z with exit-code 0.
...
005 (4600.008.000) 2021-12-23 18:18:56 Job terminated.
	(1) Normal termination (return value -1)
		Usr 1 00:08:43, Sys 0 00:34:45  -  Run Remote Usage
		Usr 0 00:00:00, Sys 0 00:00:00  -  Run Local Usage
		Usr 1 00:08:43, Sys 0 00:34:45  -  Total Remote Usage
		Usr 0 00:00:00, Sys 0 00:00:00  -  Total Local Usage
	0  -  Run Bytes Sent By Job
	661243904  -  Run Bytes Received By Job
	0  -  Total Bytes Sent By Job
	661243904  -  Total Bytes Received By Job
	Partitionable Resources :      Usage  Request Allocated 
	   Cpus                 :       2.28        2         2 
	   Disk (KB)            : 2671405      750000   2099316 
	   Memory (MB)          :    1294        1500      1536 

	Job terminated of its own accord at 2021-12-24T02:18:52Z with exit-code -1.
...
001 (4600.017.000) 2021-12-23 18:20:27 Job executing on host: <192.168.137.8:9618?sock=startd_11424_7866>
...
001 (4600.015.000) 2021-12-23 18:20:27 Job executing on host: <192.168.137.8:9618?sock=startd_11424_7866>
...
001 (4600.016.000) 2021-12-23 18:20:27 Job executing on host: <192.168.137.8:9618?sock=startd_11424_7866>
...
001 (4600.019.000) 2021-12-23 18:20:27 Job executing on host: <192.168.137.8:9618?sock=startd_11424_7866>
...
001 (4600.018.000) 2021-12-23 18:20:27 Job executing on host: <192.168.137.8:9618?sock=startd_11424_7866>
...
001 (4600.014.000) 2021-12-23 18:20:27 Job executing on host: <192.168.137.8:9618?sock=startd_11424_7866>
...
006 (4600.017.000) 2021-12-23 18:20:35 Image size of job updated: 20728
	21  -  MemoryUsage of job (MB)
	20728  -  ResidentSetSize of job (KB)
...
006 (4600.015.000) 2021-12-23 18:20:35 Image size of job updated: 20748
	21  -  MemoryUsage of job (MB)
	20748  -  ResidentSetSize of job (KB)
...
006 (4600.019.000) 2021-12-23 18:20:35 Image size of job updated: 20744
	21  -  MemoryUsage of job (MB)
	20744  -  ResidentSetSize of job (KB)
...
006 (4600.016.000) 2021-12-23 18:20:35 Image size of job updated: 20736
	21  -  MemoryUsage of job (MB)
	20736  -  ResidentSetSize of job (KB)
...
006 (4600.018.000) 2021-12-23 18:20:35 Image size of job updated: 20732
	21  -  MemoryUsage of job (MB)
	20732  -  ResidentSetSize of job (KB)
...
006 (4600.014.000) 2021-12-23 18:20:35 Image size of job updated: 20744
	21  -  MemoryUsage of job (MB)
	20744  -  ResidentSetSize of job (KB)
...
006 (4600.017.000) 2021-12-23 18:25:36 Image size of job updated: 21088
	21  -  MemoryUsage of job (MB)
	21088  -  ResidentSetSize of job (KB)
...
006 (4600.015.000) 2021-12-23 18:25:37 Image size of job updated: 21108
	21  -  MemoryUsage of job (MB)
	21108  -  ResidentSetSize of job (KB)
...
006 (4600.019.000) 2021-12-23 18:25:37 Image size of job updated: 21092
	21  -  MemoryUsage of job (MB)
	21092  -  ResidentSetSize of job (KB)
...
006 (4600.016.000) 2021-12-23 18:25:37 Image size of job updated: 21088
	21  -  MemoryUsage of job (MB)
	21088  -  ResidentSetSize of job (KB)
...
006 (4600.014.000) 2021-12-23 18:25:37 Image size of job updated: 21128
	21  -  MemoryUsage of job (MB)
	21128  -  ResidentSetSize of job (KB)
...
006 (4600.018.000) 2021-12-23 18:25:37 Image size of job updated: 21124
	21  -  MemoryUsage of job (MB)
	21124  -  ResidentSetSize of job (KB)
...
006 (4600.017.000) 2021-12-23 18:30:35 Image size of job updated: 21268
	21  -  MemoryUsage of job (MB)
	21268  -  ResidentSetSize of job (KB)
...
006 (4600.019.000) 2021-12-23 18:30:37 Image size of job updated: 21280
	21  -  MemoryUsage of job (MB)
	21280  -  ResidentSetSize of job (KB)
...
006 (4600.016.000) 2021-12-23 18:30:38 Image size of job updated: 21192
	21  -  MemoryUsage of job (MB)
	21192  -  ResidentSetSize of job (KB)
...
006 (4600.015.000) 2021-12-23 18:30:38 Image size of job updated: 21280
	21  -  MemoryUsage of job (MB)
	21280  -  ResidentSetSize of job (KB)
...
006 (4600.014.000) 2021-12-23 18:30:38 Image size of job updated: 21284
	21  -  MemoryUsage of job (MB)
	21284  -  ResidentSetSize of job (KB)
...
006 (4600.018.000) 2021-12-23 18:30:38 Image size of job updated: 21272
	21  -  MemoryUsage of job (MB)
	21272  -  ResidentSetSize of job (KB)
...
006 (4600.014.000) 2021-12-23 18:35:35 Image size of job updated: 21292
	21  -  MemoryUsage of job (MB)
	21292  -  ResidentSetSize of job (KB)
...
006 (4600.017.000) 2021-12-23 18:35:37 Image size of job updated: 21276
	21  -  MemoryUsage of job (MB)
	21276  -  ResidentSetSize of job (KB)
...
006 (4600.016.000) 2021-12-24 04:01:27 Image size of job updated: 21748
	22  -  MemoryUsage of job (MB)
	21748  -  ResidentSetSize of job (KB)
...
006 (4600.019.000) 2021-12-24 04:01:30 Image size of job updated: 21828
	22  -  MemoryUsage of job (MB)
	21828  -  ResidentSetSize of job (KB)
...
006 (4600.014.000) 2021-12-24 04:01:32 Image size of job updated: 21844
	22  -  MemoryUsage of job (MB)
	21844  -  ResidentSetSize of job (KB)
...
006 (4600.018.000) 2021-12-24 04:01:33 Image size of job updated: 21820
	22  -  MemoryUsage of job (MB)
	21820  -  ResidentSetSize of job (KB)
...
006 (4600.017.000) 2021-12-24 04:01:35 Image size of job updated: 21820
	22  -  MemoryUsage of job (MB)
	21820  -  ResidentSetSize of job (KB)
...
006 (4600.015.000) 2021-12-24 04:01:40 Image size of job updated: 21824
	22  -  MemoryUsage of job (MB)
	21824  -  ResidentSetSize of job (KB)
...
006 (4600.017.000) 2021-12-24 05:46:45 Image size of job updated: 21824
	22  -  MemoryUsage of job (MB)
	21824  -  ResidentSetSize of job (KB)
...
006 (4600.018.000) 2021-12-24 09:07:00 Image size of job updated: 21824
	22  -  MemoryUsage of job (MB)
	21824  -  ResidentSetSize of job (KB)
...
006 (4600.015.000) 2021-12-24 12:22:31 Image size of job updated: 21828
	22  -  MemoryUsage of job (MB)
	21828  -  ResidentSetSize of job (KB)
...
006 (4600.016.000) 2021-12-24 17:27:52 Image size of job updated: 21760
	22  -  MemoryUsage of job (MB)
	21760  -  ResidentSetSize of job (KB)
...
006 (4600.014.000) 2021-12-24 17:27:54 Image size of job updated: 21856
	22  -  MemoryUsage of job (MB)
	21856  -  ResidentSetSize of job (KB)
...
006 (4600.017.000) 2021-12-24 17:27:55 Image size of job updated: 21836
	22  -  MemoryUsage of job (MB)
	21836  -  ResidentSetSize of job (KB)
...
006 (4600.019.000) 2021-12-24 17:28:00 Image size of job updated: 21844
	22  -  MemoryUsage of job (MB)
	21844  -  ResidentSetSize of job (KB)
...
006 (4600.015.000) 2021-12-24 17:28:07 Image size of job updated: 21844
	22  -  MemoryUsage of job (MB)
	21844  -  ResidentSetSize of job (KB)
...
006 (4600.017.000) 2021-12-24 19:23:09 Image size of job updated: 21840
	22  -  MemoryUsage of job (MB)
	21840  -  ResidentSetSize of job (KB)
...
006 (4600.016.000) 2021-12-24 21:23:19 Image size of job updated: 21764
	22  -  MemoryUsage of job (MB)
	21764  -  ResidentSetSize of job (KB)
...
006 (4600.014.000) 2021-12-24 21:23:21 Image size of job updated: 21860
	22  -  MemoryUsage of job (MB)
	21860  -  ResidentSetSize of job (KB)
...
006 (4600.019.000) 2021-12-25 13:45:15 Image size of job updated: 21856
	22  -  MemoryUsage of job (MB)
	21856  -  ResidentSetSize of job (KB)
...
